#
# There is insufficient memory for the Java Runtime Environment to continue.
# Native memory allocation (mmap) failed to map 379060224 bytes for committing reserved memory.
# Possible reasons:
#   The system is out of physical RAM or swap space
#   The process is running with CompressedOops enabled, and the Java Heap may be blocking the growth of the native heap
# Possible solutions:
#   Reduce memory load on the system
#   Increase physical memory or swap space
#   Check if swap backing store is full
#   Decrease Java heap size (-Xmx/-Xms)
#   Decrease number of Java threads
#   Decrease Java thread stack sizes (-Xss)
#   Set larger code cache with -XX:ReservedCodeCacheSize=
#   JVM is running with Zero Based Compressed Oops mode in which the Java heap is
#     placed in the first 32GB address space. The Java Heap base address is the
#     maximum limit for the native heap growth. Please use -XX:HeapBaseMinAddress
#     to set the Java Heap base and to place the Java Heap above 32GB virtual address.
# This output file may be truncated or incomplete.
#
#  Out of Memory Error (os_linux.cpp:2749), pid=3458, tid=0x00007f622c8a1700
#
# JRE version: Java(TM) SE Runtime Environment (8.0_241-b07) (build 1.8.0_241-b07)
# Java VM: Java HotSpot(TM) 64-Bit Server VM (25.241-b07 mixed mode linux-amd64 compressed oops)
# Failed to write core dump. Core dumps have been disabled. To enable core dumping, try "ulimit -c unlimited" before starting Java again
#

---------------  T H R E A D  ---------------

Current thread (0x00007f624407a000):  VMThread [stack: 0x00007f622c7a2000,0x00007f622c8a2000] [id=3471]

Stack: [0x00007f622c7a2000,0x00007f622c8a2000],  sp=0x00007f622c8a03d0,  free space=1016k
Native frames: (J=compiled Java code, j=interpreted, Vv=VM code, C=native code)
V  [libjvm.so+0xad9025]  VMError::report_and_die()+0x2e5
V  [libjvm.so+0x4e1457]  report_vm_out_of_memory(char const*, int, unsigned long, VMErrorType, char const*)+0x67
V  [libjvm.so+0x911f10]  os::pd_commit_memory(char*, unsigned long, unsigned long, bool)+0x100
V  [libjvm.so+0x90953f]  os::commit_memory(char*, unsigned long, unsigned long, bool)+0x1f
V  [libjvm.so+0x98e346]  PSVirtualSpace::expand_by(unsigned long)+0x56
V  [libjvm.so+0x97d61b]  PSOldGen::expand_by(unsigned long) [clone .part.28]+0x1b
V  [libjvm.so+0x97d7d8]  PSOldGen::expand(unsigned long) [clone .part.29]+0xa8
V  [libjvm.so+0x97e381]  PSOldGen::resize(unsigned long)+0xe1
V  [libjvm.so+0x9844bc]  PSParallelCompact::invoke_no_policy(bool) [clone .part.118]+0xa2c
V  [libjvm.so+0x98c2d5]  PSScavenge::invoke()+0x215
V  [libjvm.so+0x93be58]  ParallelScavengeHeap::failed_mem_allocate(unsigned long)+0x68
V  [libjvm.so+0xadab73]  VM_ParallelGCFailedAllocation::doit()+0x93
V  [libjvm.so+0xadfdc6]  VM_Operation::evaluate()+0x46
V  [libjvm.so+0xade0fd]  VMThread::evaluate_operation(VM_Operation*) [clone .constprop.44]+0xcd
V  [libjvm.so+0xade6e3]  VMThread::loop()+0x3a3
V  [libjvm.so+0xadeab8]  VMThread::run()+0x78
V  [libjvm.so+0x90f542]  java_start(Thread*)+0x102

VM_Operation (0x00007f624b8b32d0): ParallelGCFailedAllocation, mode: safepoint, requested by thread 0x00007f624400b800


---------------  P R O C E S S  ---------------

Java Threads: ( => current thread )
  0x00007f62443ab800 JavaThread "pool-1-thread-2" [_thread_blocked, id=3482, stack(0x00007f62272c6000,0x00007f62273c7000)]
  0x00007f62443a9000 JavaThread "pool-1-thread-1" [_thread_blocked, id=3481, stack(0x00007f62273c7000,0x00007f62274c8000)]
  0x00007f62443a7000 JavaThread "nioEventLoopGroup-2-1" [_thread_blocked, id=3480, stack(0x00007f62274c8000,0x00007f62275c9000)]
  0x00007f62440c3800 JavaThread "Service Thread" daemon [_thread_blocked, id=3478, stack(0x00007f6227cfd000,0x00007f6227dfe000)]
  0x00007f62440c0800 JavaThread "C1 CompilerThread2" daemon [_thread_blocked, id=3477, stack(0x00007f6227dff000,0x00007f6227eff000)]
  0x00007f62440be800 JavaThread "C2 CompilerThread1" daemon [_thread_blocked, id=3476, stack(0x00007f6227f00000,0x00007f6228000000)]
  0x00007f62440bc000 JavaThread "C2 CompilerThread0" daemon [_thread_blocked, id=3475, stack(0x00007f622c0bf000,0x00007f622c1bf000)]
  0x00007f62440ba800 JavaThread "Signal Dispatcher" daemon [_thread_blocked, id=3474, stack(0x00007f622c1bf000,0x00007f622c2c0000)]
  0x00007f6244088000 JavaThread "Finalizer" daemon [_thread_blocked, id=3473, stack(0x00007f622c59f000,0x00007f622c6a0000)]
  0x00007f6244083800 JavaThread "Reference Handler" daemon [_thread_blocked, id=3472, stack(0x00007f622c6a0000,0x00007f622c7a1000)]
  0x00007f624400b800 JavaThread "main" [_thread_blocked, id=3465, stack(0x00007f624b7b5000,0x00007f624b8b5000)]

Other Threads:
=>0x00007f624407a000 VMThread [stack: 0x00007f622c7a2000,0x00007f622c8a2000] [id=3471]
  0x00007f62440c6000 WatcherThread [stack: 0x00007f6227bfd000,0x00007f6227cfd000] [id=3479]

VM state:at safepoint (normal execution)

VM Mutex/Monitor currently owned by a thread:  ([mutex/lock_event])
[0x00007f6244007b50] ExpandHeap_lock - owner thread: 0x00007f624407a000
[0x00007f62440081d0] Threads_lock - owner thread: 0x00007f624407a000
[0x00007f62440086d0] Heap_lock - owner thread: 0x00007f624400b800

heap address: 0x0000000704400000, size: 3004 MB, Compressed Oops mode: Zero based, Oop shift amount: 3
Narrow klass base: 0x0000000000000000, Narrow klass shift: 3
Compressed class space size: 1073741824 Address: 0x00000007c0000000

Heap:
 PSYoungGen      total 529920K, used 181861K [0x0000000781700000, 0x00000007bc880000, 0x00000007c0000000)
  eden space 230912K, 0% used [0x0000000781700000,0x0000000781700000,0x000000078f880000)
  from space 299008K, 60% used [0x00000007a4600000,0x00000007af799518,0x00000007b6a00000)
  to   space 341504K, 0% used [0x000000078f880000,0x000000078f880000,0x00000007a4600000)
 ParOldGen       total 742912K, used 742650K [0x0000000704400000, 0x0000000731980000, 0x0000000781700000)
  object space 742912K, 99% used [0x0000000704400000,0x000000073193eab8,0x0000000731980000)
 Metaspace       used 9161K, capacity 9298K, committed 9344K, reserved 1056768K
  class space    used 1087K, capacity 1145K, committed 1152K, reserved 1048576K

Card table byte_map: [0x00007f6234a21000,0x00007f6235000000] byte_map_base: 0x00007f62311ff000

Marking Bits: (ParMarkBitMap*) 0x00007f624ac6be60
 Begin Bits: [0x00007f622e83d000, 0x00007f623172d000)
 End Bits:   [0x00007f623172d000, 0x00007f623461d000)

Polling page: 0x00007f624b8db000

CodeCache: size=245760Kb used=3137Kb max_used=3151Kb free=242622Kb
 bounds [0x00007f6235000000, 0x00007f6235320000, 0x00007f6244000000]
 total_blobs=970 nmethods=660 adapters=225
 compilation: enabled

Compilation events (10 events):
Event: 2,408 Thread 0x00007f62440be800 nmethod 656 0x00007f62353018d0 code [0x00007f6235301a40, 0x00007f6235301e38]
Event: 2,408 Thread 0x00007f62440bc000 nmethod 655 0x00007f6235312110 code [0x00007f6235312280, 0x00007f6235312698]
Event: 2,437 Thread 0x00007f62440bc000  657       4       com.sun.org.apache.xerces.internal.impl.XMLScanner::checkEntityLimit (343 bytes)
Event: 2,442 Thread 0x00007f62440bc000 nmethod 657 0x00007f6235311490 code [0x00007f6235311640, 0x00007f6235311aa8]
Event: 2,469 Thread 0x00007f62440be800  658       4       com.sun.org.apache.xerces.internal.impl.XMLEntityScanner::load (200 bytes)
Event: 2,471 Thread 0x00007f62440bc000  659       4       com.sun.org.apache.xerces.internal.impl.XMLEntityScanner::invokeListeners (37 bytes)
Event: 2,483 Thread 0x00007f62440bc000 nmethod 659 0x00007f6235314590 code [0x00007f6235314720, 0x00007f6235314cf8]
Event: 2,483 Thread 0x00007f62440bc000  660  s    4       java.io.BufferedInputStream::read (113 bytes)
Event: 2,483 Thread 0x00007f62440be800 nmethod 658 0x00007f6235302950 code [0x00007f6235302b20, 0x00007f62353032c8]
Event: 2,490 Thread 0x00007f62440bc000 nmethod 660 0x00007f6235315350 code [0x00007f6235315540, 0x00007f6235315f88]

GC Heap History (10 events):
Event: 2,722 GC heap after
Heap after GC invocations=7 (full 2):
 PSYoungGen      total 159232K, used 7680K [0x0000000781700000, 0x00000007a2d80000, 0x00000007c0000000)
  eden space 151552K, 0% used [0x0000000781700000,0x0000000781700000,0x000000078ab00000)
  from space 7680K, 100% used [0x000000078ab00000,0x000000078b280000,0x000000078b280000)
  to   space 172544K, 0% used [0x0000000798500000,0x0000000798500000,0x00000007a2d80000)
 ParOldGen       total 417280K, used 417271K [0x0000000704400000, 0x000000071db80000, 0x0000000781700000)
  object space 417280K, 99% used [0x0000000704400000,0x000000071db7dc50,0x000000071db80000)
 Metaspace       used 9161K, capacity 9298K, committed 9344K, reserved 1056768K
  class space    used 1087K, capacity 1145K, committed 1152K, reserved 1048576K
}
Event: 2,722 GC heap before
{Heap before GC invocations=8 (full 3):
 PSYoungGen      total 159232K, used 7680K [0x0000000781700000, 0x00000007a2d80000, 0x00000007c0000000)
  eden space 151552K, 0% used [0x0000000781700000,0x0000000781700000,0x000000078ab00000)
  from space 7680K, 100% used [0x000000078ab00000,0x000000078b280000,0x000000078b280000)
  to   space 172544K, 0% used [0x0000000798500000,0x0000000798500000,0x00000007a2d80000)
 ParOldGen       total 417280K, used 417271K [0x0000000704400000, 0x000000071db80000, 0x0000000781700000)
  object space 417280K, 99% used [0x0000000704400000,0x000000071db7dc50,0x000000071db80000)
 Metaspace       used 9161K, capacity 9298K, committed 9344K, reserved 1056768K
  class space    used 1087K, capacity 1145K, committed 1152K, reserved 1048576K
Event: 3,192 GC heap after
Heap after GC invocations=8 (full 3):
 PSYoungGen      total 159232K, used 0K [0x0000000781700000, 0x00000007a2d80000, 0x00000007c0000000)
  eden space 151552K, 0% used [0x0000000781700000,0x0000000781700000,0x000000078ab00000)
  from space 7680K, 0% used [0x000000078ab00000,0x000000078ab00000,0x000000078b280000)
  to   space 172544K, 0% used [0x0000000798500000,0x0000000798500000,0x00000007a2d80000)
 ParOldGen       total 742912K, used 413796K [0x0000000704400000, 0x0000000731980000, 0x0000000781700000)
  object space 742912K, 55% used [0x0000000704400000,0x000000071d8191e8,0x0000000731980000)
 Metaspace       used 9161K, capacity 9298K, committed 9344K, reserved 1056768K
  class space    used 1087K, capacity 1145K, committed 1152K, reserved 1048576K
}
Event: 3,435 GC heap before
{Heap before GC invocations=9 (full 3):
 PSYoungGen      total 159232K, used 151552K [0x0000000781700000, 0x00000007a2d80000, 0x00000007c0000000)
  eden space 151552K, 100% used [0x0000000781700000,0x000000078ab00000,0x000000078ab00000)
  from space 7680K, 0% used [0x000000078ab00000,0x000000078ab00000,0x000000078b280000)
  to   space 172544K, 0% used [0x0000000798500000,0x0000000798500000,0x00000007a2d80000)
 ParOldGen       total 742912K, used 413796K [0x0000000704400000, 0x0000000731980000, 0x0000000781700000)
  object space 742912K, 55% used [0x0000000704400000,0x000000071d8191e8,0x0000000731980000)
 Metaspace       used 9161K, capacity 9298K, committed 9344K, reserved 1056768K
  class space    used 1087K, capacity 1145K, committed 1152K, reserved 1048576K
Event: 3,666 GC heap after
Heap after GC invocations=9 (full 3):
 PSYoungGen      total 352768K, used 152416K [0x0000000781700000, 0x00000007a6400000, 0x00000007c0000000)
  eden space 180224K, 0% used [0x0000000781700000,0x0000000781700000,0x000000078c700000)
  from space 172544K, 88% used [0x0000000798500000,0x00000007a19d8000,0x00000007a2d80000)
  to   space 194560K, 0% used [0x000000078c700000,0x000000078c700000,0x0000000798500000)
 ParOldGen       total 742912K, used 413796K [0x0000000704400000, 0x0000000731980000, 0x0000000781700000)
  object space 742912K, 55% used [0x0000000704400000,0x000000071d8191e8,0x0000000731980000)
 Metaspace       used 9161K, capacity 9298K, committed 9344K, reserved 1056768K
  class space    used 1087K, capacity 1145K, committed 1152K, reserved 1048576K
}
Event: 3,954 GC heap before
{Heap before GC invocations=10 (full 3):
 PSYoungGen      total 352768K, used 332640K [0x0000000781700000, 0x00000007a6400000, 0x00000007c0000000)
  eden space 180224K, 100% used [0x0000000781700000,0x000000078c700000,0x000000078c700000)
  from space 172544K, 88% used [0x0000000798500000,0x00000007a19d8000,0x00000007a2d80000)
  to   space 194560K, 0% used [0x000000078c700000,0x000000078c700000,0x0000000798500000)
 ParOldGen       total 742912K, used 413796K [0x0000000704400000, 0x0000000731980000, 0x0000000781700000)
  object space 742912K, 55% used [0x0000000704400000,0x000000071d8191e8,0x0000000731980000)
 Metaspace       used 9161K, capacity 9298K, committed 9344K, reserved 1056768K
  class space    used 1087K, capacity 1145K, committed 1152K, reserved 1048576K
Event: 4,315 GC heap after
Heap after GC invocations=10 (full 3):
 PSYoungGen      total 374784K, used 194528K [0x0000000781700000, 0x00000007b6a00000, 0x00000007c0000000)
  eden space 180224K, 0% used [0x0000000781700000,0x0000000781700000,0x000000078c700000)
  from space 194560K, 99% used [0x000000078c700000,0x00000007984f8080,0x0000000798500000)
  to   space 299008K, 0% used [0x00000007a4600000,0x00000007a4600000,0x00000007b6a00000)
 ParOldGen       total 742912K, used 554444K [0x0000000704400000, 0x0000000731980000, 0x0000000781700000)
  object space 742912K, 74% used [0x0000000704400000,0x00000007261731e8,0x0000000731980000)
 Metaspace       used 9161K, capacity 9298K, committed 9344K, reserved 1056768K
  class space    used 1087K, capacity 1145K, committed 1152K, reserved 1048576K
}
Event: 4,636 GC heap before
{Heap before GC invocations=11 (full 3):
 PSYoungGen      total 374784K, used 374752K [0x0000000781700000, 0x00000007b6a00000, 0x00000007c0000000)
  eden space 180224K, 100% used [0x0000000781700000,0x000000078c700000,0x000000078c700000)
  from space 194560K, 99% used [0x000000078c700000,0x00000007984f8080,0x0000000798500000)
  to   space 299008K, 0% used [0x00000007a4600000,0x00000007a4600000,0x00000007b6a00000)
 ParOldGen       total 742912K, used 554444K [0x0000000704400000, 0x0000000731980000, 0x0000000781700000)
  object space 742912K, 74% used [0x0000000704400000,0x00000007261731e8,0x0000000731980000)
 Metaspace       used 9161K, capacity 9298K, committed 9344K, reserved 1056768K
  class space    used 1087K, capacity 1145K, committed 1152K, reserved 1048576K
Event: 5,190 GC heap after
Heap after GC invocations=11 (full 3):
 PSYoungGen      total 529920K, used 298976K [0x0000000781700000, 0x00000007bc880000, 0x00000007c0000000)
  eden space 230912K, 0% used [0x0000000781700000,0x0000000781700000,0x000000078f880000)
  from space 299008K, 99% used [0x00000007a4600000,0x00000007b69f8080,0x00000007b6a00000)
  to   space 341504K, 0% used [0x000000078f880000,0x000000078f880000,0x00000007a4600000)
 ParOldGen       total 742912K, used 632140K [0x0000000704400000, 0x0000000731980000, 0x0000000781700000)
  object space 742912K, 85% used [0x0000000704400000,0x000000072ad531e8,0x0000000731980000)
 Metaspace       used 9161K, capacity 9298K, committed 9344K, reserved 1056768K
  class space    used 1087K, capacity 1145K, committed 1152K, reserved 1048576K
}
Event: 5,190 GC heap before
{Heap before GC invocations=12 (full 4):
 PSYoungGen      total 529920K, used 298976K [0x0000000781700000, 0x00000007bc880000, 0x00000007c0000000)
  eden space 230912K, 0% used [0x0000000781700000,0x0000000781700000,0x000000078f880000)
  from space 299008K, 99% used [0x00000007a4600000,0x00000007b69f8080,0x00000007b6a00000)
  to   space 341504K, 0% used [0x000000078f880000,0x000000078f880000,0x00000007a4600000)
 ParOldGen       total 742912K, used 632140K [0x0000000704400000, 0x0000000731980000, 0x0000000781700000)
  object space 742912K, 85% used [0x0000000704400000,0x000000072ad531e8,0x0000000731980000)
 Metaspace       used 9161K, capacity 9298K, committed 9344K, reserved 1056768K
  class space    used 1087K, capacity 1145K, committed 1152K, reserved 1048576K

Deoptimization events (6 events):
Event: 0,392 Thread 0x00007f624400b800 Uncommon trap: reason=unstable_if action=reinterpret pc=0x00007f623513e894 method=java.lang.String.indexOf(II)I @ 49
Event: 0,722 Thread 0x00007f624400b800 Uncommon trap: reason=unstable_if action=reinterpret pc=0x00007f6235253014 method=com.sun.org.apache.xerces.internal.impl.XMLEntityScanner.checkBeforeLoad(Lcom/sun/xml/internal/stream/Entity$ScannedEntity;II)I @ 18
Event: 0,747 Thread 0x00007f624400b800 Uncommon trap: reason=unstable_if action=reinterpret pc=0x00007f62352500c0 method=com.sun.org.apache.xerces.internal.impl.XMLEntityScanner.peekChar()I @ 14
Event: 0,755 Thread 0x00007f624400b800 Uncommon trap: reason=unstable_if action=reinterpret pc=0x00007f62352511bc method=com.sun.org.apache.xerces.internal.impl.XMLEntityScanner.scanContent(Lcom/sun/org/apache/xerces/internal/xni/XMLString;)I @ 418
Event: 0,829 Thread 0x00007f624400b800 Uncommon trap: reason=unstable_if action=reinterpret pc=0x00007f623529adc0 method=com.sun.org.apache.xerces.internal.impl.XMLEntityScanner.arrangeCapacity(IZ)Z @ 16
Event: 1,198 Thread 0x00007f624400b800 Uncommon trap: reason=unstable_if action=reinterpret pc=0x00007f62352e59b8 method=com.sun.org.apache.xerces.internal.impl.XMLDocumentFragmentScannerImpl$FragmentContentDriver.next()I @ 971

Classes redefined (0 events):
No events

Internal exceptions (10 events):
Event: 0,394 Thread 0x00007f624400b800 Exception <a 'java/lang/NoClassDefFoundError': javassist/ClassPath> (0x0000000781cc16a0) thrown at [/scratch/jenkins/workspace/8-2-build-linux-amd64/jdk8u241/331/hotspot/src/share/vm/classfile/systemDictionary.cpp, line 199]
Event: 0,551 Thread 0x00007f624400b800 Exception <a 'java/lang/NoSuchFieldError': method resolution failed> (0x00000007822b4c50) thrown at [/scratch/jenkins/workspace/8-2-build-linux-amd64/jdk8u241/331/hotspot/src/share/vm/prims/methodHandles.cpp, line 1167]
Event: 0,552 Thread 0x00007f624400b800 Exception <a 'java/lang/NoSuchFieldError': method resolution failed> (0x00000007822c2370) thrown at [/scratch/jenkins/workspace/8-2-build-linux-amd64/jdk8u241/331/hotspot/src/share/vm/prims/methodHandles.cpp, line 1167]
Event: 0,622 Thread 0x00007f62443a7000 Exception <a 'java/lang/ArrayIndexOutOfBoundsException'> (0x0000000782486ad0) thrown at [/scratch/jenkins/workspace/8-2-build-linux-amd64/jdk8u241/331/hotspot/src/share/vm/runtime/sharedRuntime.cpp, line 605]
Event: 0,622 Thread 0x00007f62443a7000 Exception <a 'java/lang/ArrayIndexOutOfBoundsException'> (0x0000000782487ad0) thrown at [/scratch/jenkins/workspace/8-2-build-linux-amd64/jdk8u241/331/hotspot/src/share/vm/runtime/sharedRuntime.cpp, line 605]
Event: 0,623 Thread 0x00007f62443a7000 Exception <a 'java/lang/ArrayIndexOutOfBoundsException'> (0x0000000782489048) thrown at [/scratch/jenkins/workspace/8-2-build-linux-amd64/jdk8u241/331/hotspot/src/share/vm/runtime/sharedRuntime.cpp, line 605]
Event: 0,625 Thread 0x00007f62443a7000 Exception <a 'java/lang/ArrayIndexOutOfBoundsException'> (0x00000007824942d8) thrown at [/scratch/jenkins/workspace/8-2-build-linux-amd64/jdk8u241/331/hotspot/src/share/vm/runtime/sharedRuntime.cpp, line 605]
Event: 0,625 Thread 0x00007f62443a7000 Exception <a 'java/lang/ArrayIndexOutOfBoundsException'> (0x0000000782495008) thrown at [/scratch/jenkins/workspace/8-2-build-linux-amd64/jdk8u241/331/hotspot/src/share/vm/runtime/sharedRuntime.cpp, line 605]
Event: 0,627 Thread 0x00007f62443a7000 Exception <a 'java/lang/ArrayIndexOutOfBoundsException'> (0x00000007824a12e8) thrown at [/scratch/jenkins/workspace/8-2-build-linux-amd64/jdk8u241/331/hotspot/src/share/vm/runtime/sharedRuntime.cpp, line 605]
Event: 0,627 Thread 0x00007f62443a7000 Exception <a 'java/lang/ArrayIndexOutOfBoundsException'> (0x00000007824a2530) thrown at [/scratch/jenkins/workspace/8-2-build-linux-amd64/jdk8u241/331/hotspot/src/share/vm/runtime/sharedRuntime.cpp, line 605]

Events (10 events):
Event: 1,943 Executing VM operation: ParallelGCFailedAllocation done
Event: 2,091 Executing VM operation: ParallelGCFailedAllocation
Event: 2,154 Executing VM operation: ParallelGCFailedAllocation done
Event: 2,632 Executing VM operation: ParallelGCFailedAllocation
Event: 3,192 Executing VM operation: ParallelGCFailedAllocation done
Event: 3,435 Executing VM operation: ParallelGCFailedAllocation
Event: 3,668 Executing VM operation: ParallelGCFailedAllocation done
Event: 3,954 Executing VM operation: ParallelGCFailedAllocation
Event: 4,315 Executing VM operation: ParallelGCFailedAllocation done
Event: 4,636 Executing VM operation: ParallelGCFailedAllocation


Dynamic libraries:
00400000-00401000 r-xp 00000000 103:05 546730                            /usr/lib/jvm/java-8-openjdk-amd64/jre/bin/java
00600000-00601000 r--p 00000000 103:05 546730                            /usr/lib/jvm/java-8-openjdk-amd64/jre/bin/java
00601000-00602000 rw-p 00001000 103:05 546730                            /usr/lib/jvm/java-8-openjdk-amd64/jre/bin/java
0118f000-011b0000 rw-p 00000000 00:00 0                                  [heap]
704400000-731980000 rw-p 00000000 00:00 0 
748300000-781700000 ---p 00000000 00:00 0 
781700000-7bc880000 rw-p 00000000 00:00 0 
7bc880000-7c0000000 ---p 00000000 00:00 0 
7c0000000-7c0120000 rw-p 00000000 00:00 0 
7c0120000-800000000 ---p 00000000 00:00 0 
7f61e8000000-7f61e8021000 rw-p 00000000 00:00 0 
7f61e8021000-7f61ec000000 ---p 00000000 00:00 0 
7f61ec000000-7f61ec021000 rw-p 00000000 00:00 0 
7f61ec021000-7f61f0000000 ---p 00000000 00:00 0 
7f61f0000000-7f61f0021000 rw-p 00000000 00:00 0 
7f61f0021000-7f61f4000000 ---p 00000000 00:00 0 
7f61f4000000-7f61f4021000 rw-p 00000000 00:00 0 
7f61f4021000-7f61f8000000 ---p 00000000 00:00 0 
7f61f8000000-7f61f8021000 rw-p 00000000 00:00 0 
7f61f8021000-7f61fc000000 ---p 00000000 00:00 0 
7f61fc000000-7f61fc3f0000 rw-p 00000000 00:00 0 
7f61fc3f0000-7f6200000000 ---p 00000000 00:00 0 
7f6200000000-7f620045e000 rw-p 00000000 00:00 0 
7f620045e000-7f6204000000 ---p 00000000 00:00 0 
7f6204000000-7f62043b4000 rw-p 00000000 00:00 0 
7f62043b4000-7f6208000000 ---p 00000000 00:00 0 
7f6208000000-7f6208021000 rw-p 00000000 00:00 0 
7f6208021000-7f620c000000 ---p 00000000 00:00 0 
7f620c000000-7f620c021000 rw-p 00000000 00:00 0 
7f620c021000-7f6210000000 ---p 00000000 00:00 0 
7f6210000000-7f621029e000 rw-p 00000000 00:00 0 
7f621029e000-7f6214000000 ---p 00000000 00:00 0 
7f6214000000-7f6214021000 rw-p 00000000 00:00 0 
7f6214021000-7f6218000000 ---p 00000000 00:00 0 
7f6218000000-7f6218021000 rw-p 00000000 00:00 0 
7f6218021000-7f621c000000 ---p 00000000 00:00 0 
7f621c000000-7f621c021000 rw-p 00000000 00:00 0 
7f621c021000-7f6220000000 ---p 00000000 00:00 0 
7f6220000000-7f6220021000 rw-p 00000000 00:00 0 
7f6220021000-7f6224000000 ---p 00000000 00:00 0 
7f62272c6000-7f62272c9000 ---p 00000000 00:00 0 
7f62272c9000-7f62273c7000 rw-p 00000000 00:00 0 
7f62273c7000-7f62273ca000 ---p 00000000 00:00 0 
7f62273ca000-7f62274c8000 rw-p 00000000 00:00 0 
7f62274c8000-7f62274cb000 ---p 00000000 00:00 0 
7f62274cb000-7f62275c9000 rw-p 00000000 00:00 0 
7f62275c9000-7f62275d2000 r-xp 00000000 103:05 555124                    /usr/lib/jvm/java-8-openjdk-amd64/jre/lib/amd64/libmanagement.so
7f62275d2000-7f62277d1000 ---p 00009000 103:05 555124                    /usr/lib/jvm/java-8-openjdk-amd64/jre/lib/amd64/libmanagement.so
7f62277d1000-7f62277d2000 r--p 00008000 103:05 555124                    /usr/lib/jvm/java-8-openjdk-amd64/jre/lib/amd64/libmanagement.so
7f62277d2000-7f62277d3000 rw-p 00009000 103:05 555124                    /usr/lib/jvm/java-8-openjdk-amd64/jre/lib/amd64/libmanagement.so
7f62277d3000-7f62277e4000 r-xp 00000000 103:05 555129                    /usr/lib/jvm/java-8-openjdk-amd64/jre/lib/amd64/libnio.so
7f62277e4000-7f62279e3000 ---p 00011000 103:05 555129                    /usr/lib/jvm/java-8-openjdk-amd64/jre/lib/amd64/libnio.so
7f62279e3000-7f62279e4000 r--p 00010000 103:05 555129                    /usr/lib/jvm/java-8-openjdk-amd64/jre/lib/amd64/libnio.so
7f62279e4000-7f62279e5000 rw-p 00011000 103:05 555129                    /usr/lib/jvm/java-8-openjdk-amd64/jre/lib/amd64/libnio.so
7f62279e5000-7f62279fb000 r-xp 00000000 103:05 555128                    /usr/lib/jvm/java-8-openjdk-amd64/jre/lib/amd64/libnet.so
7f62279fb000-7f6227bfa000 ---p 00016000 103:05 555128                    /usr/lib/jvm/java-8-openjdk-amd64/jre/lib/amd64/libnet.so
7f6227bfa000-7f6227bfb000 r--p 00015000 103:05 555128                    /usr/lib/jvm/java-8-openjdk-amd64/jre/lib/amd64/libnet.so
7f6227bfb000-7f6227bfc000 rw-p 00016000 103:05 555128                    /usr/lib/jvm/java-8-openjdk-amd64/jre/lib/amd64/libnet.so
7f6227bfc000-7f6227bfd000 ---p 00000000 00:00 0 
7f6227bfd000-7f6227cfd000 rw-p 00000000 00:00 0 
7f6227cfd000-7f6227d00000 ---p 00000000 00:00 0 
7f6227d00000-7f6227dfe000 rw-p 00000000 00:00 0 
7f6227dfe000-7f6227dff000 ---p 00000000 00:00 0 
7f6227dff000-7f6227e02000 ---p 00000000 00:00 0 
7f6227e02000-7f6227eff000 rw-p 00000000 00:00 0 
7f6227eff000-7f6227f00000 ---p 00000000 00:00 0 
7f6227f00000-7f6227f03000 ---p 00000000 00:00 0 
7f6227f03000-7f6228000000 rw-p 00000000 00:00 0 
7f6228000000-7f6228021000 rw-p 00000000 00:00 0 
7f6228021000-7f622c000000 ---p 00000000 00:00 0 
7f622c05e000-7f622c09a000 r--s 0031b000 103:05 6960731                   /home/loubard/.m2/repository/io/netty/netty-all/4.1.5.Final/netty-all-4.1.5.Final.jar
7f622c09a000-7f622c0be000 r--s 0020e000 103:05 6960725                   /home/loubard/.m2/repository/com/basho/riak/riak-client/2.1.1/riak-client-2.1.1.jar
7f622c0be000-7f622c0bf000 ---p 00000000 00:00 0 
7f622c0bf000-7f622c0c2000 ---p 00000000 00:00 0 
7f622c0c2000-7f622c1bf000 rw-p 00000000 00:00 0 
7f622c1bf000-7f622c1c2000 ---p 00000000 00:00 0 
7f622c1c2000-7f622c2c0000 rw-p 00000000 00:00 0 
7f622c2c0000-7f622c59f000 r--p 00000000 103:05 6429000                   /usr/lib/locale/locale-archive
7f622c59f000-7f622c5a2000 ---p 00000000 00:00 0 
7f622c5a2000-7f622c6a0000 rw-p 00000000 00:00 0 
7f622c6a0000-7f622c6a3000 ---p 00000000 00:00 0 
7f622c6a3000-7f622c7a1000 rw-p 00000000 00:00 0 
7f622c7a1000-7f622c7a2000 ---p 00000000 00:00 0 
7f622c7a2000-7f622d885000 rw-p 00000000 00:00 0 
7f622d885000-7f622da5f000 r--s 03d8c000 103:05 558117                    /usr/lib/jvm/java-8-openjdk-amd64/jre/lib/rt.jar
7f622da5f000-7f623461d000 rw-p 00000000 00:00 0 
7f623461d000-7f623461e000 ---p 00000000 00:00 0 
7f623461e000-7f623471e000 rw-p 00000000 00:00 0 
7f623471e000-7f623471f000 ---p 00000000 00:00 0 
7f623471f000-7f623481f000 rw-p 00000000 00:00 0 
7f623481f000-7f6234820000 ---p 00000000 00:00 0 
7f6234820000-7f6234920000 rw-p 00000000 00:00 0 
7f6234920000-7f6234921000 ---p 00000000 00:00 0 
7f6234921000-7f6234b8c000 rw-p 00000000 00:00 0 
7f6234b8c000-7f6234e0a000 ---p 00000000 00:00 0 
7f6234e0a000-7f6234fe4000 rw-p 00000000 00:00 0 
7f6234fe4000-7f6234fff000 ---p 00000000 00:00 0 
7f6234fff000-7f6235000000 rw-p 00000000 00:00 0 
7f6235000000-7f6235320000 rwxp 00000000 00:00 0 
7f6235320000-7f6244000000 ---p 00000000 00:00 0 
7f6244000000-7f624443b000 rw-p 00000000 00:00 0 
7f624443b000-7f6248000000 ---p 00000000 00:00 0 
7f6248013000-7f6248016000 r--s 0001a000 103:05 6960733                   /home/loubard/.m2/repository/org/erlang/otp/jinterface/1.6.1/jinterface-1.6.1.jar
7f6248016000-7f6248218000 rw-p 00000000 00:00 0 
7f6248218000-7f6248497000 ---p 00000000 00:00 0 
7f6248497000-7f62484a4000 rw-p 00000000 00:00 0 
7f62484a4000-7f6248857000 ---p 00000000 00:00 0 
7f6248857000-7f6248872000 r-xp 00000000 103:05 555175                    /usr/lib/jvm/java-8-openjdk-amd64/jre/lib/amd64/libzip.so
7f6248872000-7f6248a71000 ---p 0001b000 103:05 555175                    /usr/lib/jvm/java-8-openjdk-amd64/jre/lib/amd64/libzip.so
7f6248a71000-7f6248a72000 r--p 0001a000 103:05 555175                    /usr/lib/jvm/java-8-openjdk-amd64/jre/lib/amd64/libzip.so
7f6248a72000-7f6248a73000 rw-p 0001b000 103:05 555175                    /usr/lib/jvm/java-8-openjdk-amd64/jre/lib/amd64/libzip.so
7f6248a73000-7f6248a7e000 r-xp 00000000 103:05 398387                    /lib/x86_64-linux-gnu/libnss_files-2.27.so
7f6248a7e000-7f6248c7d000 ---p 0000b000 103:05 398387                    /lib/x86_64-linux-gnu/libnss_files-2.27.so
7f6248c7d000-7f6248c7e000 r--p 0000a000 103:05 398387                    /lib/x86_64-linux-gnu/libnss_files-2.27.so
7f6248c7e000-7f6248c7f000 rw-p 0000b000 103:05 398387                    /lib/x86_64-linux-gnu/libnss_files-2.27.so
7f6248c7f000-7f6248c85000 rw-p 00000000 00:00 0 
7f6248c85000-7f6248c9c000 r-xp 00000000 103:05 398381                    /lib/x86_64-linux-gnu/libnsl-2.27.so
7f6248c9c000-7f6248e9b000 ---p 00017000 103:05 398381                    /lib/x86_64-linux-gnu/libnsl-2.27.so
7f6248e9b000-7f6248e9c000 r--p 00016000 103:05 398381                    /lib/x86_64-linux-gnu/libnsl-2.27.so
7f6248e9c000-7f6248e9d000 rw-p 00017000 103:05 398381                    /lib/x86_64-linux-gnu/libnsl-2.27.so
7f6248e9d000-7f6248e9f000 rw-p 00000000 00:00 0 
7f6248e9f000-7f6248eaa000 r-xp 00000000 103:05 398398                    /lib/x86_64-linux-gnu/libnss_nis-2.27.so
7f6248eaa000-7f62490a9000 ---p 0000b000 103:05 398398                    /lib/x86_64-linux-gnu/libnss_nis-2.27.so
7f62490a9000-7f62490aa000 r--p 0000a000 103:05 398398                    /lib/x86_64-linux-gnu/libnss_nis-2.27.so
7f62490aa000-7f62490ab000 rw-p 0000b000 103:05 398398                    /lib/x86_64-linux-gnu/libnss_nis-2.27.so
7f62490ab000-7f62490b3000 r-xp 00000000 103:05 398383                    /lib/x86_64-linux-gnu/libnss_compat-2.27.so
7f62490b3000-7f62492b3000 ---p 00008000 103:05 398383                    /lib/x86_64-linux-gnu/libnss_compat-2.27.so
7f62492b3000-7f62492b4000 r--p 00008000 103:05 398383                    /lib/x86_64-linux-gnu/libnss_compat-2.27.so
7f62492b4000-7f62492b5000 rw-p 00009000 103:05 398383                    /lib/x86_64-linux-gnu/libnss_compat-2.27.so
7f62492b5000-7f62492e1000 r-xp 00000000 103:05 555065                    /usr/lib/jvm/java-8-openjdk-amd64/jre/lib/amd64/libjava.so
7f62492e1000-7f62494e1000 ---p 0002c000 103:05 555065                    /usr/lib/jvm/java-8-openjdk-amd64/jre/lib/amd64/libjava.so
7f62494e1000-7f62494e2000 r--p 0002c000 103:05 555065                    /usr/lib/jvm/java-8-openjdk-amd64/jre/lib/amd64/libjava.so
7f62494e2000-7f62494e4000 rw-p 0002d000 103:05 555065                    /usr/lib/jvm/java-8-openjdk-amd64/jre/lib/amd64/libjava.so
7f62494e4000-7f62494f1000 r-xp 00000000 103:05 555174                    /usr/lib/jvm/java-8-openjdk-amd64/jre/lib/amd64/libverify.so
7f62494f1000-7f62496f0000 ---p 0000d000 103:05 555174                    /usr/lib/jvm/java-8-openjdk-amd64/jre/lib/amd64/libverify.so
7f62496f0000-7f62496f2000 r--p 0000c000 103:05 555174                    /usr/lib/jvm/java-8-openjdk-amd64/jre/lib/amd64/libverify.so
7f62496f2000-7f62496f3000 rw-p 0000e000 103:05 555174                    /usr/lib/jvm/java-8-openjdk-amd64/jre/lib/amd64/libverify.so
7f62496f3000-7f62496fa000 r-xp 00000000 103:05 398438                    /lib/x86_64-linux-gnu/librt-2.27.so
7f62496fa000-7f62498f9000 ---p 00007000 103:05 398438                    /lib/x86_64-linux-gnu/librt-2.27.so
7f62498f9000-7f62498fa000 r--p 00006000 103:05 398438                    /lib/x86_64-linux-gnu/librt-2.27.so
7f62498fa000-7f62498fb000 rw-p 00007000 103:05 398438                    /lib/x86_64-linux-gnu/librt-2.27.so
7f62498fb000-7f6249a98000 r-xp 00000000 103:05 398360                    /lib/x86_64-linux-gnu/libm-2.27.so
7f6249a98000-7f6249c97000 ---p 0019d000 103:05 398360                    /lib/x86_64-linux-gnu/libm-2.27.so
7f6249c97000-7f6249c98000 r--p 0019c000 103:05 398360                    /lib/x86_64-linux-gnu/libm-2.27.so
7f6249c98000-7f6249c99000 rw-p 0019d000 103:05 398360                    /lib/x86_64-linux-gnu/libm-2.27.so
7f6249c99000-7f624a988000 r-xp 00000000 103:05 555178                    /usr/lib/jvm/java-8-openjdk-amd64/jre/lib/amd64/server/libjvm.so
7f624a988000-7f624ab87000 ---p 00cef000 103:05 555178                    /usr/lib/jvm/java-8-openjdk-amd64/jre/lib/amd64/server/libjvm.so
7f624ab87000-7f624ac1d000 r--p 00cee000 103:05 555178                    /usr/lib/jvm/java-8-openjdk-amd64/jre/lib/amd64/server/libjvm.so
7f624ac1d000-7f624ac4e000 rw-p 00d84000 103:05 555178                    /usr/lib/jvm/java-8-openjdk-amd64/jre/lib/amd64/server/libjvm.so
7f624ac4e000-7f624ac89000 rw-p 00000000 00:00 0 
7f624ac89000-7f624ae70000 r-xp 00000000 103:05 398297                    /lib/x86_64-linux-gnu/libc-2.27.so
7f624ae70000-7f624b070000 ---p 001e7000 103:05 398297                    /lib/x86_64-linux-gnu/libc-2.27.so
7f624b070000-7f624b074000 r--p 001e7000 103:05 398297                    /lib/x86_64-linux-gnu/libc-2.27.so
7f624b074000-7f624b076000 rw-p 001eb000 103:05 398297                    /lib/x86_64-linux-gnu/libc-2.27.so
7f624b076000-7f624b07a000 rw-p 00000000 00:00 0 
7f624b07a000-7f624b07d000 r-xp 00000000 103:05 398320                    /lib/x86_64-linux-gnu/libdl-2.27.so
7f624b07d000-7f624b27c000 ---p 00003000 103:05 398320                    /lib/x86_64-linux-gnu/libdl-2.27.so
7f624b27c000-7f624b27d000 r--p 00002000 103:05 398320                    /lib/x86_64-linux-gnu/libdl-2.27.so
7f624b27d000-7f624b27e000 rw-p 00003000 103:05 398320                    /lib/x86_64-linux-gnu/libdl-2.27.so
7f624b27e000-7f624b295000 r-xp 00000000 103:05 553800                    /usr/lib/jvm/java-8-openjdk-amd64/jre/lib/amd64/jli/libjli.so
7f624b295000-7f624b494000 ---p 00017000 103:05 553800                    /usr/lib/jvm/java-8-openjdk-amd64/jre/lib/amd64/jli/libjli.so
7f624b494000-7f624b495000 r--p 00016000 103:05 553800                    /usr/lib/jvm/java-8-openjdk-amd64/jre/lib/amd64/jli/libjli.so
7f624b495000-7f624b496000 rw-p 00017000 103:05 553800                    /usr/lib/jvm/java-8-openjdk-amd64/jre/lib/amd64/jli/libjli.so
7f624b496000-7f624b4b0000 r-xp 00000000 103:05 398430                    /lib/x86_64-linux-gnu/libpthread-2.27.so
7f624b4b0000-7f624b6af000 ---p 0001a000 103:05 398430                    /lib/x86_64-linux-gnu/libpthread-2.27.so
7f624b6af000-7f624b6b0000 r--p 00019000 103:05 398430                    /lib/x86_64-linux-gnu/libpthread-2.27.so
7f624b6b0000-7f624b6b1000 rw-p 0001a000 103:05 398430                    /lib/x86_64-linux-gnu/libpthread-2.27.so
7f624b6b1000-7f624b6b5000 rw-p 00000000 00:00 0 
7f624b6b5000-7f624b6dc000 r-xp 00000000 103:05 398269                    /lib/x86_64-linux-gnu/ld-2.27.so
7f624b6dd000-7f624b6ec000 r--s 00081000 103:05 6960730                   /home/loubard/.m2/repository/joda-time/joda-time/2.7/joda-time-2.7.jar
7f624b6ec000-7f624b6ef000 r--s 0000e000 103:05 6960723                   /home/loubard/.m2/repository/com/fasterxml/jackson/datatype/jackson-datatype-joda/2.8.0/jackson-datatype-joda-2.8.0.jar
7f624b6ef000-7f624b6f3000 r--s 00041000 103:05 6960726                   /home/loubard/.m2/repository/com/fasterxml/jackson/core/jackson-core/2.8.0/jackson-core-2.8.0.jar
7f624b6f3000-7f624b6f6000 r--s 0000b000 103:05 6960724                   /home/loubard/.m2/repository/com/fasterxml/jackson/core/jackson-annotations/2.8.0/jackson-annotations-2.8.0.jar
7f624b6f6000-7f624b7b4000 rw-p 00000000 00:00 0 
7f624b7b4000-7f624b7b5000 ---p 00000000 00:00 0 
7f624b7b5000-7f624b7b8000 ---p 00000000 00:00 0 
7f624b7b8000-7f624b8b9000 rw-p 00000000 00:00 0 
7f624b8b9000-7f624b8cb000 r--s 0011b000 103:05 6960727                   /home/loubard/.m2/repository/com/fasterxml/jackson/core/jackson-databind/2.8.0/jackson-databind-2.8.0.jar
7f624b8cb000-7f624b8cd000 r--s 00009000 103:05 6960721                   /home/loubard/.m2/repository/org/slf4j/slf4j-api/1.7.21/slf4j-api-1.7.21.jar
7f624b8cd000-7f624b8d0000 r--s 0000f000 103:05 557164                    /usr/lib/jvm/java-8-openjdk-amd64/jre/lib/ext/icedtea-sound.jar
7f624b8d0000-7f624b8d2000 r--s 00007000 103:05 6953966                   /usr/share/java/java-atk-wrapper.jar
7f624b8d2000-7f624b8da000 rw-s 00000000 103:05 4587938                   /tmp/hsperfdata_loubard/3458
7f624b8da000-7f624b8db000 rw-p 00000000 00:00 0 
7f624b8db000-7f624b8dc000 ---p 00000000 00:00 0 
7f624b8dc000-7f624b8dd000 r--p 00027000 103:05 398269                    /lib/x86_64-linux-gnu/ld-2.27.so
7f624b8dd000-7f624b8de000 rw-p 00028000 103:05 398269                    /lib/x86_64-linux-gnu/ld-2.27.so
7f624b8de000-7f624b8df000 rw-p 00000000 00:00 0 
7ffec9da5000-7ffec9dc7000 rw-p 00000000 00:00 0                          [stack]
7ffec9dd6000-7ffec9dd9000 r--p 00000000 00:00 0                          [vvar]
7ffec9dd9000-7ffec9ddb000 r-xp 00000000 00:00 0                          [vdso]
ffffffffff600000-ffffffffff601000 r-xp 00000000 00:00 0                  [vsyscall]

VM Arguments:
jvm_args: -Dfile.encoding=UTF-8 
java_command: src.main.java.setup.TasteOfRiak
java_class_path (initial): /home/loubard/eclipse-workspace/BigTable/target/classes:/home/loubard/.m2/repository/com/basho/riak/riak-client/2.1.1/riak-client-2.1.1.jar:/home/loubard/.m2/repository/org/slf4j/slf4j-api/1.7.21/slf4j-api-1.7.21.jar:/home/loubard/.m2/repository/com/fasterxml/jackson/core/jackson-databind/2.8.0/jackson-databind-2.8.0.jar:/home/loubard/.m2/repository/com/fasterxml/jackson/core/jackson-annotations/2.8.0/jackson-annotations-2.8.0.jar:/home/loubard/.m2/repository/com/fasterxml/jackson/core/jackson-core/2.8.0/jackson-core-2.8.0.jar:/home/loubard/.m2/repository/com/fasterxml/jackson/datatype/jackson-datatype-joda/2.8.0/jackson-datatype-joda-2.8.0.jar:/home/loubard/.m2/repository/joda-time/joda-time/2.7/joda-time-2.7.jar:/home/loubard/.m2/repository/io/netty/netty-all/4.1.5.Final/netty-all-4.1.5.Final.jar:/home/loubard/.m2/repository/org/erlang/otp/jinterface/1.6.1/jinterface-1.6.1.jar
Launcher Type: SUN_STANDARD

Environment Variables:
JAVA_HOME=/usr/lib/jvm/java-8-openjdk-amd64
JRE_HOME=/usr/lib/jvm/java-8-openjdk-amd64/jre
PATH=/home/loubard/anaconda3/bin:/home/loubard/.local/bin:/usr/local/sbin:/usr/local/bin:/usr/sbin:/usr/bin:/sbin:/bin:/usr/games:/usr/local/games:/media/loubard/5C24C3855A6481A3/linux_games/retro:/home/loubard/eclipse/java-2020-037/eclipse
SHELL=/bin/bash
DISPLAY=:0

Signal Handlers:
SIGSEGV: [libjvm.so+0xad9960], sa_mask[0]=11111111011111111101111111111110, sa_flags=SA_RESTART|SA_SIGINFO
SIGBUS: [libjvm.so+0xad9960], sa_mask[0]=11111111011111111101111111111110, sa_flags=SA_RESTART|SA_SIGINFO
SIGFPE: [libjvm.so+0x90d4a0], sa_mask[0]=11111111011111111101111111111110, sa_flags=SA_RESTART|SA_SIGINFO
SIGPIPE: [libjvm.so+0x90d4a0], sa_mask[0]=11111111011111111101111111111110, sa_flags=SA_RESTART|SA_SIGINFO
SIGXFSZ: [libjvm.so+0x90d4a0], sa_mask[0]=11111111011111111101111111111110, sa_flags=SA_RESTART|SA_SIGINFO
SIGILL: [libjvm.so+0x90d4a0], sa_mask[0]=11111111011111111101111111111110, sa_flags=SA_RESTART|SA_SIGINFO
SIGUSR1: SIG_DFL, sa_mask[0]=00000000000000000000000000000000, sa_flags=none
SIGUSR2: [libjvm.so+0x90d370], sa_mask[0]=00100000000000000000000000000000, sa_flags=SA_RESTART|SA_SIGINFO
SIGHUP: [libjvm.so+0x90d990], sa_mask[0]=11111111011111111101111111111110, sa_flags=SA_RESTART|SA_SIGINFO
SIGINT: [libjvm.so+0x90d990], sa_mask[0]=11111111011111111101111111111110, sa_flags=SA_RESTART|SA_SIGINFO
SIGTERM: [libjvm.so+0x90d990], sa_mask[0]=11111111011111111101111111111110, sa_flags=SA_RESTART|SA_SIGINFO
SIGQUIT: [libjvm.so+0x90d990], sa_mask[0]=11111111011111111101111111111110, sa_flags=SA_RESTART|SA_SIGINFO


---------------  S Y S T E M  ---------------

OS:DISTRIB_ID=LinuxMint
DISTRIB_RELEASE=19.2
DISTRIB_CODENAME=tina
DISTRIB_DESCRIPTION="Linux Mint 19.2 Tina"

uname:Linux 4.15.0-54-generic #58-Ubuntu SMP Mon Jun 24 10:55:24 UTC 2019 x86_64
libc:glibc 2.27 NPTL 2.27 
rlimit: STACK 8192k, CORE 0k, NPROC 47328, NOFILE 4096, AS infinity
load average:2,43 1,80 0,94

/proc/meminfo:
MemTotal:       12300544 kB
MemFree:          135036 kB
MemAvailable:      17516 kB
Buffers:            2012 kB
Cached:            67860 kB
SwapCached:        40924 kB
Active:         10794544 kB
Inactive:        1091528 kB
Active(anon):   10776416 kB
Inactive(anon):  1077272 kB
Active(file):      18128 kB
Inactive(file):    14256 kB
Unevictable:          32 kB
Mlocked:              32 kB
SwapTotal:       2097148 kB
SwapFree:          60924 kB
Dirty:              1364 kB
Writeback:             0 kB
AnonPages:      11780340 kB
Mapped:            87764 kB
Shmem:             37016 kB
Slab:              84008 kB
SReclaimable:      34568 kB
SUnreclaim:        49440 kB
KernelStack:       12048 kB
PageTables:        57380 kB
NFS_Unstable:          0 kB
Bounce:                0 kB
WritebackTmp:          0 kB
CommitLimit:     8247420 kB
Committed_AS:   19254748 kB
VmallocTotal:   34359738367 kB
VmallocUsed:           0 kB
VmallocChunk:          0 kB
HardwareCorrupted:     0 kB
AnonHugePages:         0 kB
ShmemHugePages:        0 kB
ShmemPmdMapped:        0 kB
CmaTotal:              0 kB
CmaFree:               0 kB
HugePages_Total:       0
HugePages_Free:        0
HugePages_Rsvd:        0
HugePages_Surp:        0
Hugepagesize:       2048 kB
DirectMap4k:      193956 kB
DirectMap2M:     4990976 kB
DirectMap1G:     8388608 kB

container (cgroup) information:
container_type: cgroupv1
cpu_cpuset_cpus: 0-3
cpu_memory_nodes: 0
active_processor_count: 4
cpu_quota: -1
cpu_period: 100000
cpu_shares: -1
memory_limit_in_bytes: -1
memory_and_swap_limit_in_bytes: -2
memory_soft_limit_in_bytes: -1
memory_usage_in_bytes: 12172681216
memory_max_usage_in_bytes: 0


CPU:total 4 (initial active 4) (4 cores per cpu, 1 threads per core) family 23 model 17 stepping 0, cmov, cx8, fxsr, mmx, sse, sse2, sse3, ssse3, sse4.1, sse4.2, popcnt, avx, avx2, aes, clmul, mmxext, 3dnowpref, lzcnt, sse4a, tsc, tscinvbit, tscinv, bmi1

/proc/cpuinfo:
processor	: 0
vendor_id	: AuthenticAMD
cpu family	: 23
model		: 17
model name	: AMD Ryzen 3 2200G with Radeon Vega Graphics
stepping	: 0
microcode	: 0x810100b
cpu MHz		: 2124.332
cache size	: 512 KB
physical id	: 0
siblings	: 4
core id		: 0
cpu cores	: 4
apicid		: 0
initial apicid	: 0
fpu		: yes
fpu_exception	: yes
cpuid level	: 13
wp		: yes
flags		: fpu vme de pse tsc msr pae mce cx8 apic sep mtrr pge mca cmov pat pse36 clflush mmx fxsr sse sse2 ht syscall nx mmxext fxsr_opt pdpe1gb rdtscp lm constant_tsc rep_good nopl nonstop_tsc cpuid extd_apicid aperfmperf pni pclmulqdq monitor ssse3 fma cx16 sse4_1 sse4_2 movbe popcnt aes xsave avx f16c rdrand lahf_lm cmp_legacy svm extapic cr8_legacy abm sse4a misalignsse 3dnowprefetch osvw skinit wdt tce topoext perfctr_core perfctr_nb bpext perfctr_llc mwaitx hw_pstate sme ssbd ibpb vmmcall fsgsbase bmi1 avx2 smep bmi2 rdseed adx smap clflushopt sha_ni xsaveopt xsavec xgetbv1 xsaves clzero irperf xsaveerptr arat npt lbrv svm_lock nrip_save tsc_scale vmcb_clean flushbyasid decodeassists pausefilter pfthreshold avic v_vmsave_vmload vgif overflow_recov succor smca
bugs		: sysret_ss_attrs null_seg spectre_v1 spectre_v2 spec_store_bypass
bogomips	: 6999.90
TLB size	: 2560 4K pages
clflush size	: 64
cache_alignment	: 64
address sizes	: 43 bits physical, 48 bits virtual
power management: ts ttp tm hwpstate eff_freq_ro [13] [14]

processor	: 1
vendor_id	: AuthenticAMD
cpu family	: 23
model		: 17
model name	: AMD Ryzen 3 2200G with Radeon Vega Graphics
stepping	: 0
microcode	: 0x810100b
cpu MHz		: 3505.889
cache size	: 512 KB
physical id	: 0
siblings	: 4
core id		: 1
cpu cores	: 4
apicid		: 1
initial apicid	: 1
fpu		: yes
fpu_exception	: yes
cpuid level	: 13
wp		: yes
flags		: fpu vme de pse tsc msr pae mce cx8 apic sep mtrr pge mca cmov pat pse36 clflush mmx fxsr sse sse2 ht syscall nx mmxext fxsr_opt pdpe1gb rdtscp lm constant_tsc rep_good nopl nonstop_tsc cpuid extd_apicid aperfmperf pni pclmulqdq monitor ssse3 fma cx16 sse4_1 sse4_2 movbe popcnt aes xsave avx f16c rdrand lahf_lm cmp_legacy svm extapic cr8_legacy abm sse4a misalignsse 3dnowprefetch osvw skinit wdt tce topoext perfctr_core perfctr_nb bpext perfctr_llc mwaitx hw_pstate sme ssbd ibpb vmmcall fsgsbase bmi1 avx2 smep bmi2 rdseed adx smap clflushopt sha_ni xsaveopt xsavec xgetbv1 xsaves clzero irperf xsaveerptr arat npt lbrv svm_lock nrip_save tsc_scale vmcb_clean flushbyasid decodeassists pausefilter pfthreshold avic v_vmsave_vmload vgif overflow_recov succor smca
bugs		: sysret_ss_attrs null_seg spectre_v1 spectre_v2 spec_store_bypass
bogomips	: 6999.90
TLB size	: 2560 4K pages
clflush size	: 64
cache_alignment	: 64
address sizes	: 43 bits physical, 48 bits virtual
power management: ts ttp tm hwpstate eff_freq_ro [13] [14]

processor	: 2
vendor_id	: AuthenticAMD
cpu family	: 23
model		: 17
model name	: AMD Ryzen 3 2200G with Radeon Vega Graphics
stepping	: 0
microcode	: 0x810100b
cpu MHz		: 2112.935
cache size	: 512 KB
physical id	: 0
siblings	: 4
core id		: 2
cpu cores	: 4
apicid		: 2
initial apicid	: 2
fpu		: yes
fpu_exception	: yes
cpuid level	: 13
wp		: yes
flags		: fpu vme de pse tsc msr pae mce cx8 apic sep mtrr pge mca cmov pat pse36 clflush mmx fxsr sse sse2 ht syscall nx mmxext fxsr_opt pdpe1gb rdtscp lm constant_tsc rep_good nopl nonstop_tsc cpuid extd_apicid aperfmperf pni pclmulqdq monitor ssse3 fma cx16 sse4_1 sse4_2 movbe popcnt aes xsave avx f16c rdrand lahf_lm cmp_legacy svm extapic cr8_legacy abm sse4a misalignsse 3dnowprefetch osvw skinit wdt tce topoext perfctr_core perfctr_nb bpext perfctr_llc mwaitx hw_pstate sme ssbd ibpb vmmcall fsgsbase bmi1 avx2 smep bmi2 rdseed adx smap clflushopt sha_ni xsaveopt xsavec xgetbv1 xsaves clzero irperf xsaveerptr arat npt lbrv svm_lock nrip_save tsc_scale vmcb_clean flushbyasid decodeassists pausefilter pfthreshold avic v_vmsave_vmload vgif overflow_recov succor smca
bugs		: sysret_ss_attrs null_seg spectre_v1 spectre_v2 spec_store_bypass
bogomips	: 6999.90
TLB size	: 2560 4K pages
clflush size	: 64
cache_alignment	: 64
address sizes	: 43 bits physical, 48 bits virtual
power management: ts ttp tm hwpstate eff_freq_ro [13] [14]

processor	: 3
vendor_id	: AuthenticAMD
cpu family	: 23
model		: 17
model name	: AMD Ryzen 3 2200G with Radeon Vega Graphics
stepping	: 0
microcode	: 0x810100b
cpu MHz		: 2113.553
cache size	: 512 KB
physical id	: 0
siblings	: 4
core id		: 3
cpu cores	: 4
apicid		: 3
initial apicid	: 3
fpu		: yes
fpu_exception	: yes
cpuid level	: 13
wp		: yes
flags		: fpu vme de pse tsc msr pae mce cx8 apic sep mtrr pge mca cmov pat pse36 clflush mmx fxsr sse sse2 ht syscall nx mmxext fxsr_opt pdpe1gb rdtscp lm constant_tsc rep_good nopl nonstop_tsc cpuid extd_apicid aperfmperf pni pclmulqdq monitor ssse3 fma cx16 sse4_1 sse4_2 movbe popcnt aes xsave avx f16c rdrand lahf_lm cmp_legacy svm extapic cr8_legacy abm sse4a misalignsse 3dnowprefetch osvw skinit wdt tce topoext perfctr_core perfctr_nb bpext perfctr_llc mwaitx hw_pstate sme ssbd ibpb vmmcall fsgsbase bmi1 avx2 smep bmi2 rdseed adx smap clflushopt sha_ni xsaveopt xsavec xgetbv1 xsaves clzero irperf xsaveerptr arat npt lbrv svm_lock nrip_save tsc_scale vmcb_clean flushbyasid decodeassists pausefilter pfthreshold avic v_vmsave_vmload vgif overflow_recov succor smca
bugs		: sysret_ss_attrs null_seg spectre_v1 spectre_v2 spec_store_bypass
bogomips	: 6999.90
TLB size	: 2560 4K pages
clflush size	: 64
cache_alignment	: 64
address sizes	: 43 bits physical, 48 bits virtual
power management: ts ttp tm hwpstate eff_freq_ro [13] [14]



Memory: 4k page, physical 12300544k(129456k free), swap 2097148k(60924k free)

vm_info: Java HotSpot(TM) 64-Bit Server VM (25.241-b07) for linux-amd64 JRE (1.8.0_241-b07), built on Dec 11 2019 02:22:16 by "java_re" with gcc 7.3.0

time: Mon Apr  6 13:04:11 2020
timezone: CEST
elapsed time: 5 seconds (0d 0h 0m 5s)

