#
# There is insufficient memory for the Java Runtime Environment to continue.
# Native memory allocation (mmap) failed to map 499122176 bytes for committing reserved memory.
# Possible reasons:
#   The system is out of physical RAM or swap space
#   The process is running with CompressedOops enabled, and the Java Heap may be blocking the growth of the native heap
# Possible solutions:
#   Reduce memory load on the system
#   Increase physical memory or swap space
#   Check if swap backing store is full
#   Decrease Java heap size (-Xmx/-Xms)
#   Decrease number of Java threads
#   Decrease Java thread stack sizes (-Xss)
#   Set larger code cache with -XX:ReservedCodeCacheSize=
#   JVM is running with Zero Based Compressed Oops mode in which the Java heap is
#     placed in the first 32GB address space. The Java Heap base address is the
#     maximum limit for the native heap growth. Please use -XX:HeapBaseMinAddress
#     to set the Java Heap base and to place the Java Heap above 32GB virtual address.
# This output file may be truncated or incomplete.
#
#  Out of Memory Error (os_linux.cpp:2749), pid=9273, tid=0x00007fd3e1c9a700
#
# JRE version: Java(TM) SE Runtime Environment (8.0_241-b07) (build 1.8.0_241-b07)
# Java VM: Java HotSpot(TM) 64-Bit Server VM (25.241-b07 mixed mode linux-amd64 compressed oops)
# Failed to write core dump. Core dumps have been disabled. To enable core dumping, try "ulimit -c unlimited" before starting Java again
#

---------------  T H R E A D  ---------------

Current thread (0x00007fd3f407a000):  VMThread [stack: 0x00007fd3e1b9b000,0x00007fd3e1c9b000] [id=9284]

Stack: [0x00007fd3e1b9b000,0x00007fd3e1c9b000],  sp=0x00007fd3e1c993d0,  free space=1016k
Native frames: (J=compiled Java code, j=interpreted, Vv=VM code, C=native code)
V  [libjvm.so+0xad9025]  VMError::report_and_die()+0x2e5
V  [libjvm.so+0x4e1457]  report_vm_out_of_memory(char const*, int, unsigned long, VMErrorType, char const*)+0x67
V  [libjvm.so+0x911f10]  os::pd_commit_memory(char*, unsigned long, unsigned long, bool)+0x100
V  [libjvm.so+0x90953f]  os::commit_memory(char*, unsigned long, unsigned long, bool)+0x1f
V  [libjvm.so+0x98e346]  PSVirtualSpace::expand_by(unsigned long)+0x56
V  [libjvm.so+0x97d61b]  PSOldGen::expand_by(unsigned long) [clone .part.28]+0x1b
V  [libjvm.so+0x97d7d8]  PSOldGen::expand(unsigned long) [clone .part.29]+0xa8
V  [libjvm.so+0x97e381]  PSOldGen::resize(unsigned long)+0xe1
V  [libjvm.so+0x9844bc]  PSParallelCompact::invoke_no_policy(bool) [clone .part.118]+0xa2c
V  [libjvm.so+0x98c2d5]  PSScavenge::invoke()+0x215
V  [libjvm.so+0x93be58]  ParallelScavengeHeap::failed_mem_allocate(unsigned long)+0x68
V  [libjvm.so+0xadab73]  VM_ParallelGCFailedAllocation::doit()+0x93
V  [libjvm.so+0xadfdc6]  VM_Operation::evaluate()+0x46
V  [libjvm.so+0xade0fd]  VMThread::evaluate_operation(VM_Operation*) [clone .constprop.44]+0xcd
V  [libjvm.so+0xade6e3]  VMThread::loop()+0x3a3
V  [libjvm.so+0xadeab8]  VMThread::run()+0x78
V  [libjvm.so+0x90f542]  java_start(Thread*)+0x102

VM_Operation (0x00007fd3faed2500): ParallelGCFailedAllocation, mode: safepoint, requested by thread 0x00007fd3f400b800


---------------  P R O C E S S  ---------------

Java Threads: ( => current thread )
  0x00007fd3f440b800 JavaThread "pool-1-thread-2" [_thread_blocked, id=9295, stack(0x00007fd3e071d000,0x00007fd3e081e000)]
  0x00007fd3f4409800 JavaThread "pool-1-thread-1" [_thread_blocked, id=9294, stack(0x00007fd3e081e000,0x00007fd3e091f000)]
  0x00007fd3f4407000 JavaThread "nioEventLoopGroup-2-1" [_thread_blocked, id=9293, stack(0x00007fd3e091f000,0x00007fd3e0a20000)]
  0x00007fd3f40c3800 JavaThread "Service Thread" daemon [_thread_blocked, id=9291, stack(0x00007fd3e11b4000,0x00007fd3e12b5000)]
  0x00007fd3f40c0800 JavaThread "C1 CompilerThread2" daemon [_thread_blocked, id=9290, stack(0x00007fd3e12b6000,0x00007fd3e13b6000)]
  0x00007fd3f40be800 JavaThread "C2 CompilerThread1" daemon [_thread_blocked, id=9289, stack(0x00007fd3e13b7000,0x00007fd3e14b7000)]
  0x00007fd3f40bc000 JavaThread "C2 CompilerThread0" daemon [_thread_blocked, id=9288, stack(0x00007fd3e14b8000,0x00007fd3e15b8000)]
  0x00007fd3f40ba800 JavaThread "Signal Dispatcher" daemon [_thread_blocked, id=9287, stack(0x00007fd3e15b8000,0x00007fd3e16b9000)]
  0x00007fd3f4088000 JavaThread "Finalizer" daemon [_thread_blocked, id=9286, stack(0x00007fd3e1998000,0x00007fd3e1a99000)]
  0x00007fd3f4083800 JavaThread "Reference Handler" daemon [_thread_blocked, id=9285, stack(0x00007fd3e1a99000,0x00007fd3e1b9a000)]
  0x00007fd3f400b800 JavaThread "main" [_thread_blocked, id=9279, stack(0x00007fd3fadd4000,0x00007fd3faed4000)]

Other Threads:
=>0x00007fd3f407a000 VMThread [stack: 0x00007fd3e1b9b000,0x00007fd3e1c9b000] [id=9284]
  0x00007fd3f40c6800 WatcherThread [stack: 0x00007fd3e10b4000,0x00007fd3e11b4000] [id=9292]

VM state:at safepoint (normal execution)

VM Mutex/Monitor currently owned by a thread:  ([mutex/lock_event])
[0x00007fd3f4007b50] ExpandHeap_lock - owner thread: 0x00007fd3f407a000
[0x00007fd3f40081d0] Threads_lock - owner thread: 0x00007fd3f407a000
[0x00007fd3f40086d0] Heap_lock - owner thread: 0x00007fd3f400b800

heap address: 0x0000000704400000, size: 3004 MB, Compressed Oops mode: Zero based, Oop shift amount: 3
Narrow klass base: 0x0000000000000000, Narrow klass shift: 3
Compressed class space size: 1073741824 Address: 0x00000007c0000000

Heap:
 PSYoungGen      total 547840K, used 248602K [0x0000000781700000, 0x00000007bb800000, 0x00000007c0000000)
  eden space 206336K, 0% used [0x0000000781700000,0x0000000781700000,0x000000078e080000)
  from space 341504K, 72% used [0x000000078e080000,0x000000079d346948,0x00000007a2e00000)
  to   space 341504K, 0% used [0x00000007a6a80000,0x00000007a6a80000,0x00000007bb800000)
 ParOldGen       total 1117184K, used 1116917K [0x0000000704400000, 0x0000000748700000, 0x0000000781700000)
  object space 1117184K, 99% used [0x0000000704400000,0x00000007486bd4c8,0x0000000748700000)
 Metaspace       used 9226K, capacity 9394K, committed 9728K, reserved 1058816K
  class space    used 1096K, capacity 1177K, committed 1280K, reserved 1048576K

Card table byte_map: [0x00007fd3e4445000,0x00007fd3e4a24000] byte_map_base: 0x00007fd3e0c23000

Marking Bits: (ParMarkBitMap*) 0x00007fd3fa28ae60
 Begin Bits: [0x00007fd3c6220000, 0x00007fd3c9110000)
 End Bits:   [0x00007fd3c9110000, 0x00007fd3cc000000)

Polling page: 0x00007fd3faefa000

CodeCache: size=245760Kb used=3375Kb max_used=3387Kb free=242384Kb
 bounds [0x00007fd3e4de4000, 0x00007fd3e5144000, 0x00007fd3f3de4000]
 total_blobs=1033 nmethods=723 adapters=225
 compilation: enabled

Compilation events (10 events):
Event: 3,896 Thread 0x00007fd3f40be800 nmethod 711 0x00007fd3e5132910 code [0x00007fd3e5132c40, 0x00007fd3e5134600]
Event: 3,896 Thread 0x00007fd3f40be800  722 %     4       com.sun.org.apache.xerces.internal.dom.ElementImpl::normalize @ 24 (169 bytes)
Event: 3,897 Thread 0x00007fd3f40bc000 nmethod 710 0x00007fd3e51240d0 code [0x00007fd3e5124260, 0x00007fd3e5124528]
Event: 3,897 Thread 0x00007fd3f40bc000  713       4       com.sun.org.apache.xerces.internal.dom.DeferredDocumentImpl::getNodeExtra (49 bytes)
Event: 3,898 Thread 0x00007fd3f40bc000 nmethod 713 0x00007fd3e512bcd0 code [0x00007fd3e512be20, 0x00007fd3e512bfb8]
Event: 3,902 Thread 0x00007fd3f40be800 nmethod 722% 0x00007fd3e5128610 code [0x00007fd3e5128820, 0x00007fd3e5129088]
Event: 4,102 Thread 0x00007fd3f40bc000  723       4       java.util.ArrayList::clear (39 bytes)
Event: 4,105 Thread 0x00007fd3f40bc000 nmethod 723 0x00007fd3e512a4d0 code [0x00007fd3e512a620, 0x00007fd3e512a738]
Event: 4,150 Thread 0x00007fd3f40be800  724       4       java.lang.AbstractStringBuilder::setLength (45 bytes)
Event: 4,155 Thread 0x00007fd3f40be800 nmethod 724 0x00007fd3e5129d50 code [0x00007fd3e5129ec0, 0x00007fd3e512a1f8]

GC Heap History (10 events):
Event: 2,749 GC heap after
Heap after GC invocations=11 (full 3):
 PSYoungGen      total 450560K, used 283104K [0x0000000781700000, 0x00000007b9500000, 0x00000007c0000000)
  eden space 167424K, 0% used [0x0000000781700000,0x0000000781700000,0x000000078ba80000)
  from space 283136K, 99% used [0x00000007a0800000,0x00000007b1c78080,0x00000007b1c80000)
  to   space 341504K, 0% used [0x000000078ba80000,0x000000078ba80000,0x00000007a0800000)
 ParOldGen       total 733184K, used 601557K [0x0000000704400000, 0x0000000731000000, 0x0000000781700000)
  object space 733184K, 82% used [0x0000000704400000,0x0000000728f75608,0x0000000731000000)
 Metaspace       used 9161K, capacity 9298K, committed 9344K, reserved 1056768K
  class space    used 1087K, capacity 1145K, committed 1152K, reserved 1048576K
}
Event: 2,749 GC heap before
{Heap before GC invocations=12 (full 4):
 PSYoungGen      total 450560K, used 283104K [0x0000000781700000, 0x00000007b9500000, 0x00000007c0000000)
  eden space 167424K, 0% used [0x0000000781700000,0x0000000781700000,0x000000078ba80000)
  from space 283136K, 99% used [0x00000007a0800000,0x00000007b1c78080,0x00000007b1c80000)
  to   space 341504K, 0% used [0x000000078ba80000,0x000000078ba80000,0x00000007a0800000)
 ParOldGen       total 733184K, used 601557K [0x0000000704400000, 0x0000000731000000, 0x0000000781700000)
  object space 733184K, 82% used [0x0000000704400000,0x0000000728f75608,0x0000000731000000)
 Metaspace       used 9161K, capacity 9298K, committed 9344K, reserved 1056768K
  class space    used 1087K, capacity 1145K, committed 1152K, reserved 1048576K
Event: 3,285 GC heap after
Heap after GC invocations=12 (full 4):
 PSYoungGen      total 450560K, used 145604K [0x0000000781700000, 0x00000007b9500000, 0x00000007c0000000)
  eden space 167424K, 0% used [0x0000000781700000,0x0000000781700000,0x000000078ba80000)
  from space 283136K, 51% used [0x00000007a0800000,0x00000007a9631068,0x00000007b1c80000)
  to   space 341504K, 0% used [0x000000078ba80000,0x000000078ba80000,0x00000007a0800000)
 ParOldGen       total 1117184K, used 732850K [0x0000000704400000, 0x0000000748700000, 0x0000000781700000)
  object space 1117184K, 65% used [0x0000000704400000,0x0000000730facb78,0x0000000748700000)
 Metaspace       used 9161K, capacity 9298K, committed 9344K, reserved 1056768K
  class space    used 1087K, capacity 1145K, committed 1152K, reserved 1048576K
}
Event: 3,531 GC heap before
{Heap before GC invocations=13 (full 4):
 PSYoungGen      total 450560K, used 313028K [0x0000000781700000, 0x00000007b9500000, 0x00000007c0000000)
  eden space 167424K, 100% used [0x0000000781700000,0x000000078ba80000,0x000000078ba80000)
  from space 283136K, 51% used [0x00000007a0800000,0x00000007a9631068,0x00000007b1c80000)
  to   space 341504K, 0% used [0x000000078ba80000,0x000000078ba80000,0x00000007a0800000)
 ParOldGen       total 1117184K, used 732850K [0x0000000704400000, 0x0000000748700000, 0x0000000781700000)
  object space 1117184K, 65% used [0x0000000704400000,0x0000000730facb78,0x0000000748700000)
 Metaspace       used 9161K, capacity 9298K, committed 9344K, reserved 1056768K
  class space    used 1087K, capacity 1145K, committed 1152K, reserved 1048576K
Event: 3,646 GC heap after
Heap after GC invocations=13 (full 4):
 PSYoungGen      total 508928K, used 314880K [0x0000000781700000, 0x00000007b7b80000, 0x00000007c0000000)
  eden space 167424K, 0% used [0x0000000781700000,0x0000000781700000,0x000000078ba80000)
  from space 341504K, 92% used [0x000000078ba80000,0x000000079ee00030,0x00000007a0800000)
  to   space 341504K, 0% used [0x00000007a2e00000,0x00000007a2e00000,0x00000007b7b80000)
 ParOldGen       total 1117184K, used 732850K [0x0000000704400000, 0x0000000748700000, 0x0000000781700000)
  object space 1117184K, 65% used [0x0000000704400000,0x0000000730facb78,0x0000000748700000)
 Metaspace       used 9161K, capacity 9298K, committed 9344K, reserved 1056768K
  class space    used 1087K, capacity 1145K, committed 1152K, reserved 1048576K
}
Event: 3,910 GC heap before
{Heap before GC invocations=14 (full 4):
 PSYoungGen      total 508928K, used 482304K [0x0000000781700000, 0x00000007b7b80000, 0x00000007c0000000)
  eden space 167424K, 100% used [0x0000000781700000,0x000000078ba80000,0x000000078ba80000)
  from space 341504K, 92% used [0x000000078ba80000,0x000000079ee00030,0x00000007a0800000)
  to   space 341504K, 0% used [0x00000007a2e00000,0x00000007a2e00000,0x00000007b7b80000)
 ParOldGen       total 1117184K, used 732850K [0x0000000704400000, 0x0000000748700000, 0x0000000781700000)
  object space 1117184K, 65% used [0x0000000704400000,0x0000000730facb78,0x0000000748700000)
 Metaspace       used 9226K, capacity 9394K, committed 9728K, reserved 1058816K
  class space    used 1096K, capacity 1177K, committed 1280K, reserved 1048576K
Event: 4,058 GC heap after
Heap after GC invocations=14 (full 4):
 PSYoungGen      total 547840K, used 341472K [0x0000000781700000, 0x00000007b8000000, 0x00000007c0000000)
  eden space 206336K, 0% used [0x0000000781700000,0x0000000781700000,0x000000078e080000)
  from space 341504K, 99% used [0x00000007a2e00000,0x00000007b7b78030,0x00000007b7b80000)
  to   space 341504K, 0% used [0x000000078e080000,0x000000078e080000,0x00000007a2e00000)
 ParOldGen       total 1117184K, used 876098K [0x0000000704400000, 0x0000000748700000, 0x0000000781700000)
  object space 1117184K, 78% used [0x0000000704400000,0x0000000739b90b78,0x0000000748700000)
 Metaspace       used 9226K, capacity 9394K, committed 9728K, reserved 1058816K
  class space    used 1096K, capacity 1177K, committed 1280K, reserved 1048576K
}
Event: 4,222 GC heap before
{Heap before GC invocations=15 (full 4):
 PSYoungGen      total 547840K, used 547808K [0x0000000781700000, 0x00000007b8000000, 0x00000007c0000000)
  eden space 206336K, 100% used [0x0000000781700000,0x000000078e080000,0x000000078e080000)
  from space 341504K, 99% used [0x00000007a2e00000,0x00000007b7b78030,0x00000007b7b80000)
  to   space 341504K, 0% used [0x000000078e080000,0x000000078e080000,0x00000007a2e00000)
 ParOldGen       total 1117184K, used 876098K [0x0000000704400000, 0x0000000748700000, 0x0000000781700000)
  object space 1117184K, 78% used [0x0000000704400000,0x0000000739b90b78,0x0000000748700000)
 Metaspace       used 9226K, capacity 9394K, committed 9728K, reserved 1058816K
  class space    used 1096K, capacity 1177K, committed 1280K, reserved 1048576K
Event: 4,418 GC heap after
Heap after GC invocations=15 (full 4):
 PSYoungGen      total 547840K, used 341504K [0x0000000781700000, 0x00000007bb800000, 0x00000007c0000000)
  eden space 206336K, 0% used [0x0000000781700000,0x0000000781700000,0x000000078e080000)
  from space 341504K, 100% used [0x000000078e080000,0x00000007a2e00000,0x00000007a2e00000)
  to   space 341504K, 0% used [0x00000007a6a80000,0x00000007a6a80000,0x00000007bb800000)
 ParOldGen       total 1117184K, used 1086250K [0x0000000704400000, 0x0000000748700000, 0x0000000781700000)
  object space 1117184K, 97% used [0x0000000704400000,0x00000007468caba8,0x0000000748700000)
 Metaspace       used 9226K, capacity 9394K, committed 9728K, reserved 1058816K
  class space    used 1096K, capacity 1177K, committed 1280K, reserved 1048576K
}
Event: 4,418 GC heap before
{Heap before GC invocations=16 (full 5):
 PSYoungGen      total 547840K, used 341504K [0x0000000781700000, 0x00000007bb800000, 0x00000007c0000000)
  eden space 206336K, 0% used [0x0000000781700000,0x0000000781700000,0x000000078e080000)
  from space 341504K, 100% used [0x000000078e080000,0x00000007a2e00000,0x00000007a2e00000)
  to   space 341504K, 0% used [0x00000007a6a80000,0x00000007a6a80000,0x00000007bb800000)
 ParOldGen       total 1117184K, used 1086250K [0x0000000704400000, 0x0000000748700000, 0x0000000781700000)
  object space 1117184K, 97% used [0x0000000704400000,0x00000007468caba8,0x0000000748700000)
 Metaspace       used 9226K, capacity 9394K, committed 9728K, reserved 1058816K
  class space    used 1096K, capacity 1177K, committed 1280K, reserved 1048576K

Deoptimization events (10 events):
Event: 3,817 Thread 0x00007fd3f400b800 Uncommon trap: reason=unstable_if action=reinterpret pc=0x00007fd3e50fc698 method=java.io.BufferedInputStream.read([BII)I @ 104
Event: 3,817 Thread 0x00007fd3f400b800 Uncommon trap: reason=unstable_if action=reinterpret pc=0x00007fd3e50f4cf8 method=com.sun.org.apache.xerces.internal.impl.XMLDocumentFragmentScannerImpl$FragmentContentDriver.next()I @ 1406
Event: 3,817 Thread 0x00007fd3f400b800 Uncommon trap: reason=class_check action=maybe_recompile pc=0x00007fd3e50983fc method=com.sun.org.apache.xerces.internal.impl.XMLDocumentScannerImpl.next()I @ 4
Event: 3,817 Thread 0x00007fd3f400b800 Uncommon trap: reason=unstable_if action=reinterpret pc=0x00007fd3e50a72a0 method=com.sun.org.apache.xerces.internal.util.XMLChar.isSpace(I)Z @ 3
Event: 3,817 Thread 0x00007fd3f400b800 Uncommon trap: reason=unstable_if action=reinterpret pc=0x00007fd3e50ff5dc method=java.io.BufferedInputStream.fill()V @ 219
Event: 3,817 Thread 0x00007fd3f400b800 Uncommon trap: reason=unstable_if action=reinterpret pc=0x00007fd3e50793b4 method=com.sun.org.apache.xerces.internal.impl.io.UTF8Reader.read([CII)I @ 75
Event: 3,817 Thread 0x00007fd3f400b800 Uncommon trap: reason=unstable_if action=reinterpret pc=0x00007fd3e5101adc method=com.sun.org.apache.xerces.internal.impl.XMLEntityScanner.load(IZZ)Z @ 92
Event: 3,853 Thread 0x00007fd3f400b800 Uncommon trap: reason=unstable_if action=reinterpret pc=0x00007fd3e5111944 method=com.sun.org.apache.xerces.internal.dom.DeferredDocumentImpl.getPrevSibling(IZ)I @ 52
Event: 3,853 Thread 0x00007fd3f400b800 Uncommon trap: reason=unstable_if action=reinterpret pc=0x00007fd3e510bed0 method=com.sun.org.apache.xerces.internal.dom.DeferredDocumentImpl.getPrevSibling(IZ)I @ 52
Event: 3,854 Thread 0x00007fd3f400b800 Uncommon trap: reason=unstable_if action=reinterpret pc=0x00007fd3e510b914 method=com.sun.org.apache.xerces.internal.dom.DeferredDocumentImpl.clearChunkIndex([[III)I @ 47

Classes redefined (0 events):
No events

Internal exceptions (10 events):
Event: 0,163 Thread 0x00007fd3f400b800 Exception <a 'java/lang/NoClassDefFoundError': javassist/ClassPath> (0x0000000781cc16a0) thrown at [/scratch/jenkins/workspace/8-2-build-linux-amd64/jdk8u241/331/hotspot/src/share/vm/classfile/systemDictionary.cpp, line 199]
Event: 0,267 Thread 0x00007fd3f400b800 Exception <a 'java/lang/NoSuchFieldError': method resolution failed> (0x00000007822b4ca8) thrown at [/scratch/jenkins/workspace/8-2-build-linux-amd64/jdk8u241/331/hotspot/src/share/vm/prims/methodHandles.cpp, line 1167]
Event: 0,268 Thread 0x00007fd3f400b800 Exception <a 'java/lang/NoSuchFieldError': method resolution failed> (0x00000007822c23c8) thrown at [/scratch/jenkins/workspace/8-2-build-linux-amd64/jdk8u241/331/hotspot/src/share/vm/prims/methodHandles.cpp, line 1167]
Event: 0,296 Thread 0x00007fd3f4407000 Exception <a 'java/lang/ArrayIndexOutOfBoundsException'> (0x0000000782486ac8) thrown at [/scratch/jenkins/workspace/8-2-build-linux-amd64/jdk8u241/331/hotspot/src/share/vm/runtime/sharedRuntime.cpp, line 605]
Event: 0,297 Thread 0x00007fd3f4407000 Exception <a 'java/lang/ArrayIndexOutOfBoundsException'> (0x0000000782487ac8) thrown at [/scratch/jenkins/workspace/8-2-build-linux-amd64/jdk8u241/331/hotspot/src/share/vm/runtime/sharedRuntime.cpp, line 605]
Event: 0,297 Thread 0x00007fd3f4407000 Exception <a 'java/lang/ArrayIndexOutOfBoundsException'> (0x0000000782489040) thrown at [/scratch/jenkins/workspace/8-2-build-linux-amd64/jdk8u241/331/hotspot/src/share/vm/runtime/sharedRuntime.cpp, line 605]
Event: 0,299 Thread 0x00007fd3f4407000 Exception <a 'java/lang/ArrayIndexOutOfBoundsException'> (0x0000000782494408) thrown at [/scratch/jenkins/workspace/8-2-build-linux-amd64/jdk8u241/331/hotspot/src/share/vm/runtime/sharedRuntime.cpp, line 605]
Event: 0,299 Thread 0x00007fd3f4407000 Exception <a 'java/lang/ArrayIndexOutOfBoundsException'> (0x0000000782495138) thrown at [/scratch/jenkins/workspace/8-2-build-linux-amd64/jdk8u241/331/hotspot/src/share/vm/runtime/sharedRuntime.cpp, line 605]
Event: 0,301 Thread 0x00007fd3f4407000 Exception <a 'java/lang/ArrayIndexOutOfBoundsException'> (0x00000007824a1418) thrown at [/scratch/jenkins/workspace/8-2-build-linux-amd64/jdk8u241/331/hotspot/src/share/vm/runtime/sharedRuntime.cpp, line 605]
Event: 0,301 Thread 0x00007fd3f4407000 Exception <a 'java/lang/ArrayIndexOutOfBoundsException'> (0x00000007824a2660) thrown at [/scratch/jenkins/workspace/8-2-build-linux-amd64/jdk8u241/331/hotspot/src/share/vm/runtime/sharedRuntime.cpp, line 605]

Events (10 events):
Event: 3,853 Thread 0x00007fd3f400b800 DEOPT PACKING pc=0x00007fd3e510bed0 sp=0x00007fd3faed25b0
Event: 3,853 Thread 0x00007fd3f400b800 DEOPT UNPACKING pc=0x00007fd3e4e2973a sp=0x00007fd3faed2550 mode 2
Event: 3,854 Thread 0x00007fd3f400b800 Uncommon trap: trap_request=0xffffff65 fr.pc=0x00007fd3e510b914
Event: 3,854 Thread 0x00007fd3f400b800 DEOPT PACKING pc=0x00007fd3e510b914 sp=0x00007fd3faed2420
Event: 3,854 Thread 0x00007fd3f400b800 DEOPT UNPACKING pc=0x00007fd3e4e2973a sp=0x00007fd3faed23f0 mode 2
Event: 3,910 Executing VM operation: ParallelGCFailedAllocation
Event: 4,058 Executing VM operation: ParallelGCFailedAllocation done
Event: 4,067 Executing VM operation: EnableBiasedLocking
Event: 4,067 Executing VM operation: EnableBiasedLocking done
Event: 4,222 Executing VM operation: ParallelGCFailedAllocation


Dynamic libraries:
00400000-00401000 r-xp 00000000 103:05 546730                            /usr/lib/jvm/java-8-openjdk-amd64/jre/bin/java
00600000-00601000 r--p 00000000 103:05 546730                            /usr/lib/jvm/java-8-openjdk-amd64/jre/bin/java
00601000-00602000 rw-p 00001000 103:05 546730                            /usr/lib/jvm/java-8-openjdk-amd64/jre/bin/java
02055000-02076000 rw-p 00000000 00:00 0                                  [heap]
704400000-748700000 rw-p 00000000 00:00 0 
766300000-781700000 ---p 00000000 00:00 0 
781700000-7bb800000 rw-p 00000000 00:00 0 
7bb800000-7c0000000 ---p 00000000 00:00 0 
7c0000000-7c0140000 rw-p 00000000 00:00 0 
7c0140000-800000000 ---p 00000000 00:00 0 
7fd390000000-7fd390021000 rw-p 00000000 00:00 0 
7fd390021000-7fd394000000 ---p 00000000 00:00 0 
7fd398000000-7fd398021000 rw-p 00000000 00:00 0 
7fd398021000-7fd39c000000 ---p 00000000 00:00 0 
7fd39c000000-7fd39c021000 rw-p 00000000 00:00 0 
7fd39c021000-7fd3a0000000 ---p 00000000 00:00 0 
7fd3a0000000-7fd3a0021000 rw-p 00000000 00:00 0 
7fd3a0021000-7fd3a4000000 ---p 00000000 00:00 0 
7fd3a4000000-7fd3a4021000 rw-p 00000000 00:00 0 
7fd3a4021000-7fd3a8000000 ---p 00000000 00:00 0 
7fd3a8000000-7fd3a854c000 rw-p 00000000 00:00 0 
7fd3a854c000-7fd3ac000000 ---p 00000000 00:00 0 
7fd3ac000000-7fd3ac275000 rw-p 00000000 00:00 0 
7fd3ac275000-7fd3b0000000 ---p 00000000 00:00 0 
7fd3b0000000-7fd3b0021000 rw-p 00000000 00:00 0 
7fd3b0021000-7fd3b4000000 ---p 00000000 00:00 0 
7fd3b4000000-7fd3b4402000 rw-p 00000000 00:00 0 
7fd3b4402000-7fd3b8000000 ---p 00000000 00:00 0 
7fd3b8000000-7fd3b8021000 rw-p 00000000 00:00 0 
7fd3b8021000-7fd3bc000000 ---p 00000000 00:00 0 
7fd3bc000000-7fd3bc021000 rw-p 00000000 00:00 0 
7fd3bc021000-7fd3c0000000 ---p 00000000 00:00 0 
7fd3c0000000-7fd3c029e000 rw-p 00000000 00:00 0 
7fd3c029e000-7fd3c4000000 ---p 00000000 00:00 0 
7fd3c6220000-7fd3cc000000 rw-p 00000000 00:00 0 
7fd3cc000000-7fd3cc021000 rw-p 00000000 00:00 0 
7fd3cc021000-7fd3d0000000 ---p 00000000 00:00 0 
7fd3d0000000-7fd3d0021000 rw-p 00000000 00:00 0 
7fd3d0021000-7fd3d4000000 ---p 00000000 00:00 0 
7fd3d4000000-7fd3d4021000 rw-p 00000000 00:00 0 
7fd3d4021000-7fd3d8000000 ---p 00000000 00:00 0 
7fd3dc000000-7fd3dc021000 rw-p 00000000 00:00 0 
7fd3dc021000-7fd3e0000000 ---p 00000000 00:00 0 
7fd3e051d000-7fd3e055d000 rw-p 00000000 00:00 0 
7fd3e055d000-7fd3e071d000 ---p 00000000 00:00 0 
7fd3e071d000-7fd3e0720000 ---p 00000000 00:00 0 
7fd3e0720000-7fd3e081e000 rw-p 00000000 00:00 0 
7fd3e081e000-7fd3e0821000 ---p 00000000 00:00 0 
7fd3e0821000-7fd3e091f000 rw-p 00000000 00:00 0 
7fd3e091f000-7fd3e0922000 ---p 00000000 00:00 0 
7fd3e0922000-7fd3e0a20000 rw-p 00000000 00:00 0 
7fd3e0a20000-7fd3e0a29000 r-xp 00000000 103:05 555124                    /usr/lib/jvm/java-8-openjdk-amd64/jre/lib/amd64/libmanagement.so
7fd3e0a29000-7fd3e0c28000 ---p 00009000 103:05 555124                    /usr/lib/jvm/java-8-openjdk-amd64/jre/lib/amd64/libmanagement.so
7fd3e0c28000-7fd3e0c29000 r--p 00008000 103:05 555124                    /usr/lib/jvm/java-8-openjdk-amd64/jre/lib/amd64/libmanagement.so
7fd3e0c29000-7fd3e0c2a000 rw-p 00009000 103:05 555124                    /usr/lib/jvm/java-8-openjdk-amd64/jre/lib/amd64/libmanagement.so
7fd3e0c2a000-7fd3e0c3b000 r-xp 00000000 103:05 555129                    /usr/lib/jvm/java-8-openjdk-amd64/jre/lib/amd64/libnio.so
7fd3e0c3b000-7fd3e0e3a000 ---p 00011000 103:05 555129                    /usr/lib/jvm/java-8-openjdk-amd64/jre/lib/amd64/libnio.so
7fd3e0e3a000-7fd3e0e3b000 r--p 00010000 103:05 555129                    /usr/lib/jvm/java-8-openjdk-amd64/jre/lib/amd64/libnio.so
7fd3e0e3b000-7fd3e0e3c000 rw-p 00011000 103:05 555129                    /usr/lib/jvm/java-8-openjdk-amd64/jre/lib/amd64/libnio.so
7fd3e0e3c000-7fd3e0e52000 r-xp 00000000 103:05 555128                    /usr/lib/jvm/java-8-openjdk-amd64/jre/lib/amd64/libnet.so
7fd3e0e52000-7fd3e1051000 ---p 00016000 103:05 555128                    /usr/lib/jvm/java-8-openjdk-amd64/jre/lib/amd64/libnet.so
7fd3e1051000-7fd3e1052000 r--p 00015000 103:05 555128                    /usr/lib/jvm/java-8-openjdk-amd64/jre/lib/amd64/libnet.so
7fd3e1052000-7fd3e1053000 rw-p 00016000 103:05 555128                    /usr/lib/jvm/java-8-openjdk-amd64/jre/lib/amd64/libnet.so
7fd3e1053000-7fd3e108f000 r--s 0031b000 103:05 6960731                   /home/loubard/.m2/repository/io/netty/netty-all/4.1.5.Final/netty-all-4.1.5.Final.jar
7fd3e108f000-7fd3e10b3000 r--s 0020e000 103:05 6960725                   /home/loubard/.m2/repository/com/basho/riak/riak-client/2.1.1/riak-client-2.1.1.jar
7fd3e10b3000-7fd3e10b4000 ---p 00000000 00:00 0 
7fd3e10b4000-7fd3e11b4000 rw-p 00000000 00:00 0 
7fd3e11b4000-7fd3e11b7000 ---p 00000000 00:00 0 
7fd3e11b7000-7fd3e12b5000 rw-p 00000000 00:00 0 
7fd3e12b5000-7fd3e12b6000 ---p 00000000 00:00 0 
7fd3e12b6000-7fd3e12b9000 ---p 00000000 00:00 0 
7fd3e12b9000-7fd3e13b6000 rw-p 00000000 00:00 0 
7fd3e13b6000-7fd3e13b7000 ---p 00000000 00:00 0 
7fd3e13b7000-7fd3e13ba000 ---p 00000000 00:00 0 
7fd3e13ba000-7fd3e14b7000 rw-p 00000000 00:00 0 
7fd3e14b7000-7fd3e14b8000 ---p 00000000 00:00 0 
7fd3e14b8000-7fd3e14bb000 ---p 00000000 00:00 0 
7fd3e14bb000-7fd3e15b8000 rw-p 00000000 00:00 0 
7fd3e15b8000-7fd3e15bb000 ---p 00000000 00:00 0 
7fd3e15bb000-7fd3e16b9000 rw-p 00000000 00:00 0 
7fd3e16b9000-7fd3e1998000 r--p 00000000 103:05 6429000                   /usr/lib/locale/locale-archive
7fd3e1998000-7fd3e199b000 ---p 00000000 00:00 0 
7fd3e199b000-7fd3e1a99000 rw-p 00000000 00:00 0 
7fd3e1a99000-7fd3e1a9c000 ---p 00000000 00:00 0 
7fd3e1a9c000-7fd3e1b9a000 rw-p 00000000 00:00 0 
7fd3e1b9a000-7fd3e1b9b000 ---p 00000000 00:00 0 
7fd3e1b9b000-7fd3e2c9f000 rw-p 00000000 00:00 0 
7fd3e2c9f000-7fd3e2e79000 r--s 03d8c000 103:05 558117                    /usr/lib/jvm/java-8-openjdk-amd64/jre/lib/rt.jar
7fd3e2e79000-7fd3e3c57000 rw-p 00000000 00:00 0 
7fd3e3c57000-7fd3e3c58000 ---p 00000000 00:00 0 
7fd3e3c58000-7fd3e3d58000 rw-p 00000000 00:00 0 
7fd3e3d58000-7fd3e3d59000 ---p 00000000 00:00 0 
7fd3e3d59000-7fd3e3e59000 rw-p 00000000 00:00 0 
7fd3e3e59000-7fd3e3e5a000 ---p 00000000 00:00 0 
7fd3e3e5a000-7fd3e3f5a000 rw-p 00000000 00:00 0 
7fd3e3f5a000-7fd3e3f5b000 ---p 00000000 00:00 0 
7fd3e3f5b000-7fd3e427d000 rw-p 00000000 00:00 0 
7fd3e427d000-7fd3e4445000 ---p 00000000 00:00 0 
7fd3e4445000-7fd3e4667000 rw-p 00000000 00:00 0 
7fd3e4667000-7fd3e482e000 ---p 00000000 00:00 0 
7fd3e482e000-7fd3e49ff000 rw-p 00000000 00:00 0 
7fd3e49ff000-7fd3e4a23000 ---p 00000000 00:00 0 
7fd3e4a23000-7fd3e4a32000 rw-p 00000000 00:00 0 
7fd3e4a32000-7fd3e4de4000 ---p 00000000 00:00 0 
7fd3e4de4000-7fd3e5144000 rwxp 00000000 00:00 0 
7fd3e5144000-7fd3f3de4000 ---p 00000000 00:00 0 
7fd3f3de4000-7fd3f3dff000 r-xp 00000000 103:05 555175                    /usr/lib/jvm/java-8-openjdk-amd64/jre/lib/amd64/libzip.so
7fd3f3dff000-7fd3f3ffe000 ---p 0001b000 103:05 555175                    /usr/lib/jvm/java-8-openjdk-amd64/jre/lib/amd64/libzip.so
7fd3f3ffe000-7fd3f3fff000 r--p 0001a000 103:05 555175                    /usr/lib/jvm/java-8-openjdk-amd64/jre/lib/amd64/libzip.so
7fd3f3fff000-7fd3f4000000 rw-p 0001b000 103:05 555175                    /usr/lib/jvm/java-8-openjdk-amd64/jre/lib/amd64/libzip.so
7fd3f4000000-7fd3f4469000 rw-p 00000000 00:00 0 
7fd3f4469000-7fd3f8000000 ---p 00000000 00:00 0 
7fd3f8019000-7fd3f801c000 r--s 0001a000 103:05 6960733                   /home/loubard/.m2/repository/org/erlang/otp/jinterface/1.6.1/jinterface-1.6.1.jar
7fd3f801c000-7fd3f8092000 rw-p 00000000 00:00 0 
7fd3f8092000-7fd3f809d000 r-xp 00000000 103:05 398387                    /lib/x86_64-linux-gnu/libnss_files-2.27.so
7fd3f809d000-7fd3f829c000 ---p 0000b000 103:05 398387                    /lib/x86_64-linux-gnu/libnss_files-2.27.so
7fd3f829c000-7fd3f829d000 r--p 0000a000 103:05 398387                    /lib/x86_64-linux-gnu/libnss_files-2.27.so
7fd3f829d000-7fd3f829e000 rw-p 0000b000 103:05 398387                    /lib/x86_64-linux-gnu/libnss_files-2.27.so
7fd3f829e000-7fd3f82a4000 rw-p 00000000 00:00 0 
7fd3f82a4000-7fd3f82bb000 r-xp 00000000 103:05 398381                    /lib/x86_64-linux-gnu/libnsl-2.27.so
7fd3f82bb000-7fd3f84ba000 ---p 00017000 103:05 398381                    /lib/x86_64-linux-gnu/libnsl-2.27.so
7fd3f84ba000-7fd3f84bb000 r--p 00016000 103:05 398381                    /lib/x86_64-linux-gnu/libnsl-2.27.so
7fd3f84bb000-7fd3f84bc000 rw-p 00017000 103:05 398381                    /lib/x86_64-linux-gnu/libnsl-2.27.so
7fd3f84bc000-7fd3f84be000 rw-p 00000000 00:00 0 
7fd3f84be000-7fd3f84c9000 r-xp 00000000 103:05 398398                    /lib/x86_64-linux-gnu/libnss_nis-2.27.so
7fd3f84c9000-7fd3f86c8000 ---p 0000b000 103:05 398398                    /lib/x86_64-linux-gnu/libnss_nis-2.27.so
7fd3f86c8000-7fd3f86c9000 r--p 0000a000 103:05 398398                    /lib/x86_64-linux-gnu/libnss_nis-2.27.so
7fd3f86c9000-7fd3f86ca000 rw-p 0000b000 103:05 398398                    /lib/x86_64-linux-gnu/libnss_nis-2.27.so
7fd3f86ca000-7fd3f86d2000 r-xp 00000000 103:05 398383                    /lib/x86_64-linux-gnu/libnss_compat-2.27.so
7fd3f86d2000-7fd3f88d2000 ---p 00008000 103:05 398383                    /lib/x86_64-linux-gnu/libnss_compat-2.27.so
7fd3f88d2000-7fd3f88d3000 r--p 00008000 103:05 398383                    /lib/x86_64-linux-gnu/libnss_compat-2.27.so
7fd3f88d3000-7fd3f88d4000 rw-p 00009000 103:05 398383                    /lib/x86_64-linux-gnu/libnss_compat-2.27.so
7fd3f88d4000-7fd3f8900000 r-xp 00000000 103:05 555065                    /usr/lib/jvm/java-8-openjdk-amd64/jre/lib/amd64/libjava.so
7fd3f8900000-7fd3f8b00000 ---p 0002c000 103:05 555065                    /usr/lib/jvm/java-8-openjdk-amd64/jre/lib/amd64/libjava.so
7fd3f8b00000-7fd3f8b01000 r--p 0002c000 103:05 555065                    /usr/lib/jvm/java-8-openjdk-amd64/jre/lib/amd64/libjava.so
7fd3f8b01000-7fd3f8b03000 rw-p 0002d000 103:05 555065                    /usr/lib/jvm/java-8-openjdk-amd64/jre/lib/amd64/libjava.so
7fd3f8b03000-7fd3f8b10000 r-xp 00000000 103:05 555174                    /usr/lib/jvm/java-8-openjdk-amd64/jre/lib/amd64/libverify.so
7fd3f8b10000-7fd3f8d0f000 ---p 0000d000 103:05 555174                    /usr/lib/jvm/java-8-openjdk-amd64/jre/lib/amd64/libverify.so
7fd3f8d0f000-7fd3f8d11000 r--p 0000c000 103:05 555174                    /usr/lib/jvm/java-8-openjdk-amd64/jre/lib/amd64/libverify.so
7fd3f8d11000-7fd3f8d12000 rw-p 0000e000 103:05 555174                    /usr/lib/jvm/java-8-openjdk-amd64/jre/lib/amd64/libverify.so
7fd3f8d12000-7fd3f8d19000 r-xp 00000000 103:05 398438                    /lib/x86_64-linux-gnu/librt-2.27.so
7fd3f8d19000-7fd3f8f18000 ---p 00007000 103:05 398438                    /lib/x86_64-linux-gnu/librt-2.27.so
7fd3f8f18000-7fd3f8f19000 r--p 00006000 103:05 398438                    /lib/x86_64-linux-gnu/librt-2.27.so
7fd3f8f19000-7fd3f8f1a000 rw-p 00007000 103:05 398438                    /lib/x86_64-linux-gnu/librt-2.27.so
7fd3f8f1a000-7fd3f90b7000 r-xp 00000000 103:05 398360                    /lib/x86_64-linux-gnu/libm-2.27.so
7fd3f90b7000-7fd3f92b6000 ---p 0019d000 103:05 398360                    /lib/x86_64-linux-gnu/libm-2.27.so
7fd3f92b6000-7fd3f92b7000 r--p 0019c000 103:05 398360                    /lib/x86_64-linux-gnu/libm-2.27.so
7fd3f92b7000-7fd3f92b8000 rw-p 0019d000 103:05 398360                    /lib/x86_64-linux-gnu/libm-2.27.so
7fd3f92b8000-7fd3f9fa7000 r-xp 00000000 103:05 555178                    /usr/lib/jvm/java-8-openjdk-amd64/jre/lib/amd64/server/libjvm.so
7fd3f9fa7000-7fd3fa1a6000 ---p 00cef000 103:05 555178                    /usr/lib/jvm/java-8-openjdk-amd64/jre/lib/amd64/server/libjvm.so
7fd3fa1a6000-7fd3fa23c000 r--p 00cee000 103:05 555178                    /usr/lib/jvm/java-8-openjdk-amd64/jre/lib/amd64/server/libjvm.so
7fd3fa23c000-7fd3fa26d000 rw-p 00d84000 103:05 555178                    /usr/lib/jvm/java-8-openjdk-amd64/jre/lib/amd64/server/libjvm.so
7fd3fa26d000-7fd3fa2a8000 rw-p 00000000 00:00 0 
7fd3fa2a8000-7fd3fa48f000 r-xp 00000000 103:05 398297                    /lib/x86_64-linux-gnu/libc-2.27.so
7fd3fa48f000-7fd3fa68f000 ---p 001e7000 103:05 398297                    /lib/x86_64-linux-gnu/libc-2.27.so
7fd3fa68f000-7fd3fa693000 r--p 001e7000 103:05 398297                    /lib/x86_64-linux-gnu/libc-2.27.so
7fd3fa693000-7fd3fa695000 rw-p 001eb000 103:05 398297                    /lib/x86_64-linux-gnu/libc-2.27.so
7fd3fa695000-7fd3fa699000 rw-p 00000000 00:00 0 
7fd3fa699000-7fd3fa69c000 r-xp 00000000 103:05 398320                    /lib/x86_64-linux-gnu/libdl-2.27.so
7fd3fa69c000-7fd3fa89b000 ---p 00003000 103:05 398320                    /lib/x86_64-linux-gnu/libdl-2.27.so
7fd3fa89b000-7fd3fa89c000 r--p 00002000 103:05 398320                    /lib/x86_64-linux-gnu/libdl-2.27.so
7fd3fa89c000-7fd3fa89d000 rw-p 00003000 103:05 398320                    /lib/x86_64-linux-gnu/libdl-2.27.so
7fd3fa89d000-7fd3fa8b4000 r-xp 00000000 103:05 553800                    /usr/lib/jvm/java-8-openjdk-amd64/jre/lib/amd64/jli/libjli.so
7fd3fa8b4000-7fd3faab3000 ---p 00017000 103:05 553800                    /usr/lib/jvm/java-8-openjdk-amd64/jre/lib/amd64/jli/libjli.so
7fd3faab3000-7fd3faab4000 r--p 00016000 103:05 553800                    /usr/lib/jvm/java-8-openjdk-amd64/jre/lib/amd64/jli/libjli.so
7fd3faab4000-7fd3faab5000 rw-p 00017000 103:05 553800                    /usr/lib/jvm/java-8-openjdk-amd64/jre/lib/amd64/jli/libjli.so
7fd3faab5000-7fd3faacf000 r-xp 00000000 103:05 398430                    /lib/x86_64-linux-gnu/libpthread-2.27.so
7fd3faacf000-7fd3facce000 ---p 0001a000 103:05 398430                    /lib/x86_64-linux-gnu/libpthread-2.27.so
7fd3facce000-7fd3faccf000 r--p 00019000 103:05 398430                    /lib/x86_64-linux-gnu/libpthread-2.27.so
7fd3faccf000-7fd3facd0000 rw-p 0001a000 103:05 398430                    /lib/x86_64-linux-gnu/libpthread-2.27.so
7fd3facd0000-7fd3facd4000 rw-p 00000000 00:00 0 
7fd3facd4000-7fd3facfb000 r-xp 00000000 103:05 398269                    /lib/x86_64-linux-gnu/ld-2.27.so
7fd3facfc000-7fd3fad0b000 r--s 00081000 103:05 6960730                   /home/loubard/.m2/repository/joda-time/joda-time/2.7/joda-time-2.7.jar
7fd3fad0b000-7fd3fad0e000 r--s 0000e000 103:05 6960723                   /home/loubard/.m2/repository/com/fasterxml/jackson/datatype/jackson-datatype-joda/2.8.0/jackson-datatype-joda-2.8.0.jar
7fd3fad0e000-7fd3fad12000 r--s 00041000 103:05 6960726                   /home/loubard/.m2/repository/com/fasterxml/jackson/core/jackson-core/2.8.0/jackson-core-2.8.0.jar
7fd3fad12000-7fd3fad15000 r--s 0000b000 103:05 6960724                   /home/loubard/.m2/repository/com/fasterxml/jackson/core/jackson-annotations/2.8.0/jackson-annotations-2.8.0.jar
7fd3fad15000-7fd3fadd3000 rw-p 00000000 00:00 0 
7fd3fadd3000-7fd3fadd4000 ---p 00000000 00:00 0 
7fd3fadd4000-7fd3fadd7000 ---p 00000000 00:00 0 
7fd3fadd7000-7fd3faed8000 rw-p 00000000 00:00 0 
7fd3faed8000-7fd3faeea000 r--s 0011b000 103:05 6960727                   /home/loubard/.m2/repository/com/fasterxml/jackson/core/jackson-databind/2.8.0/jackson-databind-2.8.0.jar
7fd3faeea000-7fd3faeec000 r--s 00009000 103:05 6960721                   /home/loubard/.m2/repository/org/slf4j/slf4j-api/1.7.21/slf4j-api-1.7.21.jar
7fd3faeec000-7fd3faeef000 r--s 0000f000 103:05 557164                    /usr/lib/jvm/java-8-openjdk-amd64/jre/lib/ext/icedtea-sound.jar
7fd3faeef000-7fd3faef1000 r--s 00007000 103:05 6953966                   /usr/share/java/java-atk-wrapper.jar
7fd3faef1000-7fd3faef9000 rw-s 00000000 103:05 4587937                   /tmp/hsperfdata_loubard/9273
7fd3faef9000-7fd3faefa000 rw-p 00000000 00:00 0 
7fd3faefa000-7fd3faefb000 ---p 00000000 00:00 0 
7fd3faefb000-7fd3faefc000 r--p 00027000 103:05 398269                    /lib/x86_64-linux-gnu/ld-2.27.so
7fd3faefc000-7fd3faefd000 rw-p 00028000 103:05 398269                    /lib/x86_64-linux-gnu/ld-2.27.so
7fd3faefd000-7fd3faefe000 rw-p 00000000 00:00 0 
7ffd3ba2b000-7ffd3ba4d000 rw-p 00000000 00:00 0                          [stack]
7ffd3ba55000-7ffd3ba58000 r--p 00000000 00:00 0                          [vvar]
7ffd3ba58000-7ffd3ba5a000 r-xp 00000000 00:00 0                          [vdso]
ffffffffff600000-ffffffffff601000 r-xp 00000000 00:00 0                  [vsyscall]

VM Arguments:
jvm_args: -Dfile.encoding=UTF-8 
java_command: src.main.java.setup.TasteOfRiak
java_class_path (initial): /home/loubard/eclipse-workspace/BigTable/target/classes:/home/loubard/.m2/repository/com/basho/riak/riak-client/2.1.1/riak-client-2.1.1.jar:/home/loubard/.m2/repository/org/slf4j/slf4j-api/1.7.21/slf4j-api-1.7.21.jar:/home/loubard/.m2/repository/com/fasterxml/jackson/core/jackson-databind/2.8.0/jackson-databind-2.8.0.jar:/home/loubard/.m2/repository/com/fasterxml/jackson/core/jackson-annotations/2.8.0/jackson-annotations-2.8.0.jar:/home/loubard/.m2/repository/com/fasterxml/jackson/core/jackson-core/2.8.0/jackson-core-2.8.0.jar:/home/loubard/.m2/repository/com/fasterxml/jackson/datatype/jackson-datatype-joda/2.8.0/jackson-datatype-joda-2.8.0.jar:/home/loubard/.m2/repository/joda-time/joda-time/2.7/joda-time-2.7.jar:/home/loubard/.m2/repository/io/netty/netty-all/4.1.5.Final/netty-all-4.1.5.Final.jar:/home/loubard/.m2/repository/org/erlang/otp/jinterface/1.6.1/jinterface-1.6.1.jar
Launcher Type: SUN_STANDARD

Environment Variables:
JAVA_HOME=/usr/lib/jvm/java-8-openjdk-amd64
JRE_HOME=/usr/lib/jvm/java-8-openjdk-amd64/jre
PATH=/home/loubard/anaconda3/bin:/home/loubard/.local/bin:/usr/local/sbin:/usr/local/bin:/usr/sbin:/usr/bin:/sbin:/bin:/usr/games:/usr/local/games:/media/loubard/5C24C3855A6481A3/linux_games/retro:/home/loubard/eclipse/java-2020-037/eclipse
SHELL=/bin/bash
DISPLAY=:0

Signal Handlers:
SIGSEGV: [libjvm.so+0xad9960], sa_mask[0]=11111111011111111101111111111110, sa_flags=SA_RESTART|SA_SIGINFO
SIGBUS: [libjvm.so+0xad9960], sa_mask[0]=11111111011111111101111111111110, sa_flags=SA_RESTART|SA_SIGINFO
SIGFPE: [libjvm.so+0x90d4a0], sa_mask[0]=11111111011111111101111111111110, sa_flags=SA_RESTART|SA_SIGINFO
SIGPIPE: [libjvm.so+0x90d4a0], sa_mask[0]=11111111011111111101111111111110, sa_flags=SA_RESTART|SA_SIGINFO
SIGXFSZ: [libjvm.so+0x90d4a0], sa_mask[0]=11111111011111111101111111111110, sa_flags=SA_RESTART|SA_SIGINFO
SIGILL: [libjvm.so+0x90d4a0], sa_mask[0]=11111111011111111101111111111110, sa_flags=SA_RESTART|SA_SIGINFO
SIGUSR1: SIG_DFL, sa_mask[0]=00000000000000000000000000000000, sa_flags=none
SIGUSR2: [libjvm.so+0x90d370], sa_mask[0]=00100000000000000000000000000000, sa_flags=SA_RESTART|SA_SIGINFO
SIGHUP: [libjvm.so+0x90d990], sa_mask[0]=11111111011111111101111111111110, sa_flags=SA_RESTART|SA_SIGINFO
SIGINT: [libjvm.so+0x90d990], sa_mask[0]=11111111011111111101111111111110, sa_flags=SA_RESTART|SA_SIGINFO
SIGTERM: [libjvm.so+0x90d990], sa_mask[0]=11111111011111111101111111111110, sa_flags=SA_RESTART|SA_SIGINFO
SIGQUIT: [libjvm.so+0x90d990], sa_mask[0]=11111111011111111101111111111110, sa_flags=SA_RESTART|SA_SIGINFO


---------------  S Y S T E M  ---------------

OS:DISTRIB_ID=LinuxMint
DISTRIB_RELEASE=19.2
DISTRIB_CODENAME=tina
DISTRIB_DESCRIPTION="Linux Mint 19.2 Tina"

uname:Linux 4.15.0-54-generic #58-Ubuntu SMP Mon Jun 24 10:55:24 UTC 2019 x86_64
libc:glibc 2.27 NPTL 2.27 
rlimit: STACK 8192k, CORE 0k, NPROC 47328, NOFILE 4096, AS infinity
load average:0,86 1,08 1,06

/proc/meminfo:
MemTotal:       12300544 kB
MemFree:          149828 kB
MemAvailable:     133648 kB
Buffers:             672 kB
Cached:           197260 kB
SwapCached:       118148 kB
Active:         10645340 kB
Inactive:        1151752 kB
Active(anon):   10546876 kB
Inactive(anon):  1054348 kB
Active(file):      98464 kB
Inactive(file):    97404 kB
Unevictable:          96 kB
Mlocked:              96 kB
SwapTotal:       2097148 kB
SwapFree:            184 kB
Dirty:               340 kB
Writeback:             0 kB
AnonPages:      11483248 kB
Mapped:           127668 kB
Shmem:              1880 kB
Slab:             112120 kB
SReclaimable:      46832 kB
SUnreclaim:        65288 kB
KernelStack:       17440 kB
PageTables:        72476 kB
NFS_Unstable:          0 kB
Bounce:                0 kB
WritebackTmp:          0 kB
CommitLimit:     8247420 kB
Committed_AS:   22519964 kB
VmallocTotal:   34359738367 kB
VmallocUsed:           0 kB
VmallocChunk:          0 kB
HardwareCorrupted:     0 kB
AnonHugePages:         0 kB
ShmemHugePages:        0 kB
ShmemPmdMapped:        0 kB
CmaTotal:              0 kB
CmaFree:               0 kB
HugePages_Total:       0
HugePages_Free:        0
HugePages_Rsvd:        0
HugePages_Surp:        0
Hugepagesize:       2048 kB
DirectMap4k:      320932 kB
DirectMap2M:    10106880 kB
DirectMap1G:     3145728 kB

container (cgroup) information:
container_type: cgroupv1
cpu_cpuset_cpus: 0-3
cpu_memory_nodes: 0
active_processor_count: 4
cpu_quota: -1
cpu_period: 100000
cpu_shares: -1
memory_limit_in_bytes: -1
memory_and_swap_limit_in_bytes: -2
memory_soft_limit_in_bytes: -1
memory_usage_in_bytes: 12075483136
memory_max_usage_in_bytes: 0


CPU:total 4 (initial active 4) (4 cores per cpu, 1 threads per core) family 23 model 17 stepping 0, cmov, cx8, fxsr, mmx, sse, sse2, sse3, ssse3, sse4.1, sse4.2, popcnt, avx, avx2, aes, clmul, mmxext, 3dnowpref, lzcnt, sse4a, tsc, tscinvbit, tscinv, bmi1

/proc/cpuinfo:
processor	: 0
vendor_id	: AuthenticAMD
cpu family	: 23
model		: 17
model name	: AMD Ryzen 3 2200G with Radeon Vega Graphics
stepping	: 0
microcode	: 0x810100b
cpu MHz		: 1749.664
cache size	: 512 KB
physical id	: 0
siblings	: 4
core id		: 0
cpu cores	: 4
apicid		: 0
initial apicid	: 0
fpu		: yes
fpu_exception	: yes
cpuid level	: 13
wp		: yes
flags		: fpu vme de pse tsc msr pae mce cx8 apic sep mtrr pge mca cmov pat pse36 clflush mmx fxsr sse sse2 ht syscall nx mmxext fxsr_opt pdpe1gb rdtscp lm constant_tsc rep_good nopl nonstop_tsc cpuid extd_apicid aperfmperf pni pclmulqdq monitor ssse3 fma cx16 sse4_1 sse4_2 movbe popcnt aes xsave avx f16c rdrand lahf_lm cmp_legacy svm extapic cr8_legacy abm sse4a misalignsse 3dnowprefetch osvw skinit wdt tce topoext perfctr_core perfctr_nb bpext perfctr_llc mwaitx hw_pstate sme ssbd ibpb vmmcall fsgsbase bmi1 avx2 smep bmi2 rdseed adx smap clflushopt sha_ni xsaveopt xsavec xgetbv1 xsaves clzero irperf xsaveerptr arat npt lbrv svm_lock nrip_save tsc_scale vmcb_clean flushbyasid decodeassists pausefilter pfthreshold avic v_vmsave_vmload vgif overflow_recov succor smca
bugs		: sysret_ss_attrs null_seg spectre_v1 spectre_v2 spec_store_bypass
bogomips	: 7000.29
TLB size	: 2560 4K pages
clflush size	: 64
cache_alignment	: 64
address sizes	: 43 bits physical, 48 bits virtual
power management: ts ttp tm hwpstate eff_freq_ro [13] [14]

processor	: 1
vendor_id	: AuthenticAMD
cpu family	: 23
model		: 17
model name	: AMD Ryzen 3 2200G with Radeon Vega Graphics
stepping	: 0
microcode	: 0x810100b
cpu MHz		: 1505.662
cache size	: 512 KB
physical id	: 0
siblings	: 4
core id		: 1
cpu cores	: 4
apicid		: 1
initial apicid	: 1
fpu		: yes
fpu_exception	: yes
cpuid level	: 13
wp		: yes
flags		: fpu vme de pse tsc msr pae mce cx8 apic sep mtrr pge mca cmov pat pse36 clflush mmx fxsr sse sse2 ht syscall nx mmxext fxsr_opt pdpe1gb rdtscp lm constant_tsc rep_good nopl nonstop_tsc cpuid extd_apicid aperfmperf pni pclmulqdq monitor ssse3 fma cx16 sse4_1 sse4_2 movbe popcnt aes xsave avx f16c rdrand lahf_lm cmp_legacy svm extapic cr8_legacy abm sse4a misalignsse 3dnowprefetch osvw skinit wdt tce topoext perfctr_core perfctr_nb bpext perfctr_llc mwaitx hw_pstate sme ssbd ibpb vmmcall fsgsbase bmi1 avx2 smep bmi2 rdseed adx smap clflushopt sha_ni xsaveopt xsavec xgetbv1 xsaves clzero irperf xsaveerptr arat npt lbrv svm_lock nrip_save tsc_scale vmcb_clean flushbyasid decodeassists pausefilter pfthreshold avic v_vmsave_vmload vgif overflow_recov succor smca
bugs		: sysret_ss_attrs null_seg spectre_v1 spectre_v2 spec_store_bypass
bogomips	: 7000.29
TLB size	: 2560 4K pages
clflush size	: 64
cache_alignment	: 64
address sizes	: 43 bits physical, 48 bits virtual
power management: ts ttp tm hwpstate eff_freq_ro [13] [14]

processor	: 2
vendor_id	: AuthenticAMD
cpu family	: 23
model		: 17
model name	: AMD Ryzen 3 2200G with Radeon Vega Graphics
stepping	: 0
microcode	: 0x810100b
cpu MHz		: 1500.716
cache size	: 512 KB
physical id	: 0
siblings	: 4
core id		: 2
cpu cores	: 4
apicid		: 2
initial apicid	: 2
fpu		: yes
fpu_exception	: yes
cpuid level	: 13
wp		: yes
flags		: fpu vme de pse tsc msr pae mce cx8 apic sep mtrr pge mca cmov pat pse36 clflush mmx fxsr sse sse2 ht syscall nx mmxext fxsr_opt pdpe1gb rdtscp lm constant_tsc rep_good nopl nonstop_tsc cpuid extd_apicid aperfmperf pni pclmulqdq monitor ssse3 fma cx16 sse4_1 sse4_2 movbe popcnt aes xsave avx f16c rdrand lahf_lm cmp_legacy svm extapic cr8_legacy abm sse4a misalignsse 3dnowprefetch osvw skinit wdt tce topoext perfctr_core perfctr_nb bpext perfctr_llc mwaitx hw_pstate sme ssbd ibpb vmmcall fsgsbase bmi1 avx2 smep bmi2 rdseed adx smap clflushopt sha_ni xsaveopt xsavec xgetbv1 xsaves clzero irperf xsaveerptr arat npt lbrv svm_lock nrip_save tsc_scale vmcb_clean flushbyasid decodeassists pausefilter pfthreshold avic v_vmsave_vmload vgif overflow_recov succor smca
bugs		: sysret_ss_attrs null_seg spectre_v1 spectre_v2 spec_store_bypass
bogomips	: 7000.29
TLB size	: 2560 4K pages
clflush size	: 64
cache_alignment	: 64
address sizes	: 43 bits physical, 48 bits virtual
power management: ts ttp tm hwpstate eff_freq_ro [13] [14]

processor	: 3
vendor_id	: AuthenticAMD
cpu family	: 23
model		: 17
model name	: AMD Ryzen 3 2200G with Radeon Vega Graphics
stepping	: 0
microcode	: 0x810100b
cpu MHz		: 2232.953
cache size	: 512 KB
physical id	: 0
siblings	: 4
core id		: 3
cpu cores	: 4
apicid		: 3
initial apicid	: 3
fpu		: yes
fpu_exception	: yes
cpuid level	: 13
wp		: yes
flags		: fpu vme de pse tsc msr pae mce cx8 apic sep mtrr pge mca cmov pat pse36 clflush mmx fxsr sse sse2 ht syscall nx mmxext fxsr_opt pdpe1gb rdtscp lm constant_tsc rep_good nopl nonstop_tsc cpuid extd_apicid aperfmperf pni pclmulqdq monitor ssse3 fma cx16 sse4_1 sse4_2 movbe popcnt aes xsave avx f16c rdrand lahf_lm cmp_legacy svm extapic cr8_legacy abm sse4a misalignsse 3dnowprefetch osvw skinit wdt tce topoext perfctr_core perfctr_nb bpext perfctr_llc mwaitx hw_pstate sme ssbd ibpb vmmcall fsgsbase bmi1 avx2 smep bmi2 rdseed adx smap clflushopt sha_ni xsaveopt xsavec xgetbv1 xsaves clzero irperf xsaveerptr arat npt lbrv svm_lock nrip_save tsc_scale vmcb_clean flushbyasid decodeassists pausefilter pfthreshold avic v_vmsave_vmload vgif overflow_recov succor smca
bugs		: sysret_ss_attrs null_seg spectre_v1 spectre_v2 spec_store_bypass
bogomips	: 7000.29
TLB size	: 2560 4K pages
clflush size	: 64
cache_alignment	: 64
address sizes	: 43 bits physical, 48 bits virtual
power management: ts ttp tm hwpstate eff_freq_ro [13] [14]



Memory: 4k page, physical 12300544k(149828k free), swap 2097148k(184k free)

vm_info: Java HotSpot(TM) 64-Bit Server VM (25.241-b07) for linux-amd64 JRE (1.8.0_241-b07), built on Dec 11 2019 02:22:16 by "java_re" with gcc 7.3.0

time: Mon Apr  6 12:55:39 2020
timezone: CEST
elapsed time: 5 seconds (0d 0h 0m 5s)

