#
# There is insufficient memory for the Java Runtime Environment to continue.
# Native memory allocation (mmap) failed to map 264241152 bytes for committing reserved memory.
# Possible reasons:
#   The system is out of physical RAM or swap space
#   The process is running with CompressedOops enabled, and the Java Heap may be blocking the growth of the native heap
# Possible solutions:
#   Reduce memory load on the system
#   Increase physical memory or swap space
#   Check if swap backing store is full
#   Decrease Java heap size (-Xmx/-Xms)
#   Decrease number of Java threads
#   Decrease Java thread stack sizes (-Xss)
#   Set larger code cache with -XX:ReservedCodeCacheSize=
#   JVM is running with Unscaled Compressed Oops mode in which the Java heap is
#     placed in the first 4GB address space. The Java Heap base address is the
#     maximum limit for the native heap growth. Please use -XX:HeapBaseMinAddress
#     to set the Java Heap base and to place the Java Heap above 4GB virtual address.
# This output file may be truncated or incomplete.
#
#  Out of Memory Error (os_linux.cpp:2749), pid=25479, tid=0x00007f5efbafa700
#
# JRE version: Java(TM) SE Runtime Environment (8.0_241-b07) (build 1.8.0_241-b07)
# Java VM: Java HotSpot(TM) 64-Bit Server VM (25.241-b07 mixed mode linux-amd64 compressed oops)
# Failed to write core dump. Core dumps have been disabled. To enable core dumping, try "ulimit -c unlimited" before starting Java again
#

---------------  T H R E A D  ---------------

Current thread (0x00007f5f1c07a000):  VMThread [stack: 0x00007f5efb9fb000,0x00007f5efbafb000] [id=25492]

Stack: [0x00007f5efb9fb000,0x00007f5efbafb000],  sp=0x00007f5efbaf93f0,  free space=1016k
Native frames: (J=compiled Java code, j=interpreted, Vv=VM code, C=native code)
V  [libjvm.so+0xad9025]  VMError::report_and_die()+0x2e5
V  [libjvm.so+0x4e1457]  report_vm_out_of_memory(char const*, int, unsigned long, VMErrorType, char const*)+0x67
V  [libjvm.so+0x911f10]  os::pd_commit_memory(char*, unsigned long, unsigned long, bool)+0x100
V  [libjvm.so+0x90953f]  os::commit_memory(char*, unsigned long, unsigned long, bool)+0x1f
V  [libjvm.so+0x98e346]  PSVirtualSpace::expand_by(unsigned long)+0x56
V  [libjvm.so+0x98f5d8]  PSYoungGen::resize(unsigned long, unsigned long)+0xd8
V  [libjvm.so+0x98bd76]  PSScavenge::invoke_no_policy()+0x1376
V  [libjvm.so+0x98c10c]  PSScavenge::invoke()+0x4c
V  [libjvm.so+0x93be58]  ParallelScavengeHeap::failed_mem_allocate(unsigned long)+0x68
V  [libjvm.so+0xadab73]  VM_ParallelGCFailedAllocation::doit()+0x93
V  [libjvm.so+0xadfdc6]  VM_Operation::evaluate()+0x46
V  [libjvm.so+0xade0fd]  VMThread::evaluate_operation(VM_Operation*) [clone .constprop.44]+0xcd
V  [libjvm.so+0xade6e3]  VMThread::loop()+0x3a3
V  [libjvm.so+0xadeab8]  VMThread::run()+0x78
V  [libjvm.so+0x90f542]  java_start(Thread*)+0x102

VM_Operation (0x00007f5f248d4630): ParallelGCFailedAllocation, mode: safepoint, requested by thread 0x00007f5f1c00c000


---------------  P R O C E S S  ---------------

Java Threads: ( => current thread )
  0x00007f5f1c380800 JavaThread "pool-1-thread-2" [_thread_blocked, id=25507, stack(0x00007f5efa5dd000,0x00007f5efa6de000)]
  0x00007f5f1c37e800 JavaThread "pool-1-thread-1" [_thread_blocked, id=25506, stack(0x00007f5efa6de000,0x00007f5efa7df000)]
  0x00007f5f1c37c000 JavaThread "nioEventLoopGroup-2-1" [_thread_in_native, id=25505, stack(0x00007f5efa7df000,0x00007f5efa8e0000)]
  0x00007f5f1c0cc000 JavaThread "Service Thread" daemon [_thread_blocked, id=25502, stack(0x00007f5efb014000,0x00007f5efb115000)]
  0x00007f5f1c0c0800 JavaThread "C1 CompilerThread2" daemon [_thread_blocked, id=25501, stack(0x00007f5efb116000,0x00007f5efb216000)]
  0x00007f5f1c0bf000 JavaThread "C2 CompilerThread1" daemon [_thread_blocked, id=25500, stack(0x00007f5efb217000,0x00007f5efb317000)]
  0x00007f5f1c0bc000 JavaThread "C2 CompilerThread0" daemon [_thread_blocked, id=25499, stack(0x00007f5efb318000,0x00007f5efb418000)]
  0x00007f5f1c0ba800 JavaThread "Signal Dispatcher" daemon [_thread_blocked, id=25498, stack(0x00007f5efb418000,0x00007f5efb519000)]
  0x00007f5f1c088000 JavaThread "Finalizer" daemon [_thread_blocked, id=25494, stack(0x00007f5efb7f8000,0x00007f5efb8f9000)]
  0x00007f5f1c083800 JavaThread "Reference Handler" daemon [_thread_blocked, id=25493, stack(0x00007f5efb8f9000,0x00007f5efb9fa000)]
  0x00007f5f1c00c000 JavaThread "main" [_thread_blocked, id=25485, stack(0x00007f5f247d6000,0x00007f5f248d6000)]

Other Threads:
=>0x00007f5f1c07a000 VMThread [stack: 0x00007f5efb9fb000,0x00007f5efbafb000] [id=25492]
  0x00007f5f1c0ce800 WatcherThread [stack: 0x00007f5efaf14000,0x00007f5efb014000] [id=25503]

VM state:at safepoint (normal execution)

VM Mutex/Monitor currently owned by a thread:  ([mutex/lock_event])
[0x00007f5f1c0083f0] Threads_lock - owner thread: 0x00007f5f1c07a000
[0x00007f5f1c0088f0] Heap_lock - owner thread: 0x00007f5f1c00c000

heap address: 0x0000000080000000, size: 2048 MB, Compressed Oops mode: 32-bit
Narrow klass base: 0x0000000000000000, Narrow klass shift: 3
Compressed class space size: 1073741824 Address: 0x0000000100000000

Heap:
 PSYoungGen      total 284672K, used 18163K [0x00000000d5580000, 0x00000000e8080000, 0x0000000100000000)
  eden space 263168K, 0% used [0x00000000d5580000,0x00000000d5580000,0x00000000e5680000)
  from space 21504K, 84% used [0x00000000e5680000,0x00000000e683cd08,0x00000000e6b80000)
  to   space 21504K, 0% used [0x00000000e6b80000,0x00000000e6b80000,0x00000000e8080000)
 ParOldGen       total 349696K, used 152K [0x0000000080000000, 0x0000000095580000, 0x00000000d5580000)
  object space 349696K, 0% used [0x0000000080000000,0x0000000080026010,0x0000000095580000)
 Metaspace       used 8919K, capacity 9074K, committed 9344K, reserved 1056768K
  class space    used 1052K, capacity 1113K, committed 1152K, reserved 1048576K

Card table byte_map: [0x00007f5f210b7000,0x00007f5f214b8000] byte_map_base: 0x00007f5f20cb7000

Marking Bits: (ParMarkBitMap*) 0x00007f5f23c8ce60
 Begin Bits: [0x00007f5f09000000, 0x00007f5f0b000000)
 End Bits:   [0x00007f5f0b000000, 0x00007f5f0d000000)

Polling page: 0x00007f5f248fc000

CodeCache: size=245760Kb used=4067Kb max_used=4078Kb free=241692Kb
 bounds [0x00007f5f0d000000, 0x00007f5f0d410000, 0x00007f5f1c000000]
 total_blobs=1193 nmethods=873 adapters=235
 compilation: enabled

Compilation events (10 events):
Event: 1,331 Thread 0x00007f5f1c0c0800  879       1       src.main.java.documents.Order::setOrderDate (6 bytes)
Event: 1,331 Thread 0x00007f5f1c0c0800 nmethod 879 0x00007f5f0d3e1bd0 code [0x00007f5f0d3e1d20, 0x00007f5f0d3e1e50]
Event: 1,331 Thread 0x00007f5f1c0bf000 nmethod 872 0x00007f5f0d3e74d0 code [0x00007f5f0d3e7660, 0x00007f5f0d3e7938]
Event: 1,331 Thread 0x00007f5f1c0bf000  877       4       java.util.GregorianCalendar::pinDayOfMonth (64 bytes)
Event: 1,333 Thread 0x00007f5f1c0bf000 nmethod 877 0x00007f5f0d3e51d0 code [0x00007f5f0d3e5340, 0x00007f5f0d3e5578]
Event: 1,333 Thread 0x00007f5f1c0bf000  876       4       java.util.GregorianCalendar::add (698 bytes)
Event: 1,336 Thread 0x00007f5f1c0bf000 nmethod 876 0x00007f5f0d3e88d0 code [0x00007f5f0d3e8a80, 0x00007f5f0d3e8ef8]
Event: 1,337 Thread 0x00007f5f1c0bf000  878       4       java.text.DecimalFormat::equals (353 bytes)
Event: 1,337 Thread 0x00007f5f1c0bf000 nmethod 878 0x00007f5f0d3b1e10 code [0x00007f5f0d3b1f60, 0x00007f5f0d3b1fd8]
Event: 1,337 Thread 0x00007f5f1c0bf000  874       4       java.text.DateFormatSymbols::initializeData (368 bytes)

GC Heap History (9 events):
Event: 0,895 GC heap before
{Heap before GC invocations=1 (full 0):
 PSYoungGen      total 153088K, used 131584K [0x00000000d5580000, 0x00000000e0000000, 0x0000000100000000)
  eden space 131584K, 100% used [0x00000000d5580000,0x00000000dd600000,0x00000000dd600000)
  from space 21504K, 0% used [0x00000000deb00000,0x00000000deb00000,0x00000000e0000000)
  to   space 21504K, 0% used [0x00000000dd600000,0x00000000dd600000,0x00000000deb00000)
 ParOldGen       total 349696K, used 0K [0x0000000080000000, 0x0000000095580000, 0x00000000d5580000)
  object space 349696K, 0% used [0x0000000080000000,0x0000000080000000,0x0000000095580000)
 Metaspace       used 8902K, capacity 9010K, committed 9088K, reserved 1056768K
  class space    used 1052K, capacity 1113K, committed 1152K, reserved 1048576K
Event: 0,902 GC heap after
Heap after GC invocations=1 (full 0):
 PSYoungGen      total 153088K, used 6095K [0x00000000d5580000, 0x00000000e0000000, 0x0000000100000000)
  eden space 131584K, 0% used [0x00000000d5580000,0x00000000d5580000,0x00000000dd600000)
  from space 21504K, 28% used [0x00000000dd600000,0x00000000ddbf3da0,0x00000000deb00000)
  to   space 21504K, 0% used [0x00000000deb00000,0x00000000deb00000,0x00000000e0000000)
 ParOldGen       total 349696K, used 0K [0x0000000080000000, 0x0000000095580000, 0x00000000d5580000)
  object space 349696K, 0% used [0x0000000080000000,0x0000000080000000,0x0000000095580000)
 Metaspace       used 8902K, capacity 9010K, committed 9088K, reserved 1056768K
  class space    used 1052K, capacity 1113K, committed 1152K, reserved 1048576K
}
Event: 0,978 GC heap before
{Heap before GC invocations=2 (full 0):
 PSYoungGen      total 153088K, used 137679K [0x00000000d5580000, 0x00000000e0000000, 0x0000000100000000)
  eden space 131584K, 100% used [0x00000000d5580000,0x00000000dd600000,0x00000000dd600000)
  from space 21504K, 28% used [0x00000000dd600000,0x00000000ddbf3da0,0x00000000deb00000)
  to   space 21504K, 0% used [0x00000000deb00000,0x00000000deb00000,0x00000000e0000000)
 ParOldGen       total 349696K, used 0K [0x0000000080000000, 0x0000000095580000, 0x00000000d5580000)
  object space 349696K, 0% used [0x0000000080000000,0x0000000080000000,0x0000000095580000)
 Metaspace       used 8919K, capacity 9074K, committed 9344K, reserved 1056768K
  class space    used 1052K, capacity 1113K, committed 1152K, reserved 1048576K
Event: 0,985 GC heap after
Heap after GC invocations=2 (full 0):
 PSYoungGen      total 153088K, used 6995K [0x00000000d5580000, 0x00000000e8080000, 0x0000000100000000)
  eden space 131584K, 0% used [0x00000000d5580000,0x00000000d5580000,0x00000000dd600000)
  from space 21504K, 32% used [0x00000000deb00000,0x00000000df1d4fd0,0x00000000e0000000)
  to   space 21504K, 0% used [0x00000000dd600000,0x00000000dd600000,0x00000000deb00000)
 ParOldGen       total 349696K, used 0K [0x0000000080000000, 0x0000000095580000, 0x00000000d5580000)
  object space 349696K, 0% used [0x0000000080000000,0x0000000080000000,0x0000000095580000)
 Metaspace       used 8919K, capacity 9074K, committed 9344K, reserved 1056768K
  class space    used 1052K, capacity 1113K, committed 1152K, reserved 1048576K
}
Event: 1,063 GC heap before
{Heap before GC invocations=3 (full 0):
 PSYoungGen      total 153088K, used 138579K [0x00000000d5580000, 0x00000000e8080000, 0x0000000100000000)
  eden space 131584K, 100% used [0x00000000d5580000,0x00000000dd600000,0x00000000dd600000)
  from space 21504K, 32% used [0x00000000deb00000,0x00000000df1d4fd0,0x00000000e0000000)
  to   space 21504K, 0% used [0x00000000dd600000,0x00000000dd600000,0x00000000deb00000)
 ParOldGen       total 349696K, used 0K [0x0000000080000000, 0x0000000095580000, 0x00000000d5580000)
  object space 349696K, 0% used [0x0000000080000000,0x0000000080000000,0x0000000095580000)
 Metaspace       used 8919K, capacity 9074K, committed 9344K, reserved 1056768K
  class space    used 1052K, capacity 1113K, committed 1152K, reserved 1048576K
Event: 1,070 GC heap after
Heap after GC invocations=3 (full 0):
 PSYoungGen      total 153088K, used 9597K [0x00000000d5580000, 0x00000000e8080000, 0x0000000100000000)
  eden space 131584K, 0% used [0x00000000d5580000,0x00000000d5580000,0x00000000dd600000)
  from space 21504K, 44% used [0x00000000dd600000,0x00000000ddf5f7b8,0x00000000deb00000)
  to   space 21504K, 0% used [0x00000000e6b80000,0x00000000e6b80000,0x00000000e8080000)
 ParOldGen       total 349696K, used 144K [0x0000000080000000, 0x0000000095580000, 0x00000000d5580000)
  object space 349696K, 0% used [0x0000000080000000,0x0000000080024010,0x0000000095580000)
 Metaspace       used 8919K, capacity 9074K, committed 9344K, reserved 1056768K
  class space    used 1052K, capacity 1113K, committed 1152K, reserved 1048576K
}
Event: 1,147 GC heap before
{Heap before GC invocations=4 (full 0):
 PSYoungGen      total 153088K, used 141181K [0x00000000d5580000, 0x00000000e8080000, 0x0000000100000000)
  eden space 131584K, 100% used [0x00000000d5580000,0x00000000dd600000,0x00000000dd600000)
  from space 21504K, 44% used [0x00000000dd600000,0x00000000ddf5f7b8,0x00000000deb00000)
  to   space 21504K, 0% used [0x00000000e6b80000,0x00000000e6b80000,0x00000000e8080000)
 ParOldGen       total 349696K, used 144K [0x0000000080000000, 0x0000000095580000, 0x00000000d5580000)
  object space 349696K, 0% used [0x0000000080000000,0x0000000080024010,0x0000000095580000)
 Metaspace       used 8919K, capacity 9074K, committed 9344K, reserved 1056768K
  class space    used 1052K, capacity 1113K, committed 1152K, reserved 1048576K
Event: 1,167 GC heap after
Heap after GC invocations=4 (full 0):
 PSYoungGen      total 284672K, used 12476K [0x00000000d5580000, 0x00000000e8080000, 0x0000000100000000)
  eden space 263168K, 0% used [0x00000000d5580000,0x00000000d5580000,0x00000000e5680000)
  from space 21504K, 58% used [0x00000000e6b80000,0x00000000e77af368,0x00000000e8080000)
  to   space 21504K, 0% used [0x00000000e5680000,0x00000000e5680000,0x00000000e6b80000)
 ParOldGen       total 349696K, used 144K [0x0000000080000000, 0x0000000095580000, 0x00000000d5580000)
  object space 349696K, 0% used [0x0000000080000000,0x0000000080024010,0x0000000095580000)
 Metaspace       used 8919K, capacity 9074K, committed 9344K, reserved 1056768K
  class space    used 1052K, capacity 1113K, committed 1152K, reserved 1048576K
}
Event: 1,340 GC heap before
{Heap before GC invocations=5 (full 0):
 PSYoungGen      total 284672K, used 275644K [0x00000000d5580000, 0x00000000e8080000, 0x0000000100000000)
  eden space 263168K, 100% used [0x00000000d5580000,0x00000000e5680000,0x00000000e5680000)
  from space 21504K, 58% used [0x00000000e6b80000,0x00000000e77af368,0x00000000e8080000)
  to   space 21504K, 0% used [0x00000000e5680000,0x00000000e5680000,0x00000000e6b80000)
 ParOldGen       total 349696K, used 144K [0x0000000080000000, 0x0000000095580000, 0x00000000d5580000)
  object space 349696K, 0% used [0x0000000080000000,0x0000000080024010,0x0000000095580000)
 Metaspace       used 8919K, capacity 9074K, committed 9344K, reserved 1056768K
  class space    used 1052K, capacity 1113K, committed 1152K, reserved 1048576K

Deoptimization events (4 events):
Event: 0,340 Thread 0x00007f5f1c00c000 Uncommon trap: reason=unstable_if action=reinterpret pc=0x00007f5f0d13ddc4 method=java.lang.String.indexOf(II)I @ 49
Event: 0,606 Thread 0x00007f5f1c00c000 Uncommon trap: reason=unstable_if action=reinterpret pc=0x00007f5f0d1765f4 method=java.lang.String.replace(CC)Ljava/lang/String; @ 26
Event: 1,040 Thread 0x00007f5f1c00c000 Uncommon trap: reason=unstable_if action=reinterpret pc=0x00007f5f0d306eb0 method=java.lang.AbstractStringBuilder.append([CII)Ljava/lang/AbstractStringBuilder; @ 1
Event: 1,076 Thread 0x00007f5f1c00c000 Uncommon trap: reason=null_check action=make_not_entrant pc=0x00007f5f0d3d3b9c method=java.text.SimpleDateFormat.checkNegativeNumberExpression()V @ 40

Classes redefined (0 events):
No events

Internal exceptions (10 events):
Event: 0,497 Thread 0x00007f5f1c00c000 Exception <a 'java/lang/NoSuchFieldError': method resolution failed> (0x00000000d62d9780) thrown at [/scratch/jenkins/workspace/8-2-build-linux-amd64/jdk8u241/331/hotspot/src/share/vm/prims/methodHandles.cpp, line 1167]
Event: 0,539 Thread 0x00007f5f1c37c000 Exception <a 'java/lang/ArrayIndexOutOfBoundsException'> (0x00000000d6521648) thrown at [/scratch/jenkins/workspace/8-2-build-linux-amd64/jdk8u241/331/hotspot/src/share/vm/runtime/sharedRuntime.cpp, line 605]
Event: 0,540 Thread 0x00007f5f1c37c000 Exception <a 'java/lang/ArrayIndexOutOfBoundsException'> (0x00000000d6522648) thrown at [/scratch/jenkins/workspace/8-2-build-linux-amd64/jdk8u241/331/hotspot/src/share/vm/runtime/sharedRuntime.cpp, line 605]
Event: 0,540 Thread 0x00007f5f1c37c000 Exception <a 'java/lang/ArrayIndexOutOfBoundsException'> (0x00000000d6523bc0) thrown at [/scratch/jenkins/workspace/8-2-build-linux-amd64/jdk8u241/331/hotspot/src/share/vm/runtime/sharedRuntime.cpp, line 605]
Event: 0,542 Thread 0x00007f5f1c37c000 Exception <a 'java/lang/ArrayIndexOutOfBoundsException'> (0x00000000d652ee50) thrown at [/scratch/jenkins/workspace/8-2-build-linux-amd64/jdk8u241/331/hotspot/src/share/vm/runtime/sharedRuntime.cpp, line 605]
Event: 0,542 Thread 0x00007f5f1c37c000 Exception <a 'java/lang/ArrayIndexOutOfBoundsException'> (0x00000000d652fb80) thrown at [/scratch/jenkins/workspace/8-2-build-linux-amd64/jdk8u241/331/hotspot/src/share/vm/runtime/sharedRuntime.cpp, line 605]
Event: 0,543 Thread 0x00007f5f1c37c000 Exception <a 'java/lang/ArrayIndexOutOfBoundsException'> (0x00000000d653be60) thrown at [/scratch/jenkins/workspace/8-2-build-linux-amd64/jdk8u241/331/hotspot/src/share/vm/runtime/sharedRuntime.cpp, line 605]
Event: 0,543 Thread 0x00007f5f1c37c000 Exception <a 'java/lang/ArrayIndexOutOfBoundsException'> (0x00000000d653d0a8) thrown at [/scratch/jenkins/workspace/8-2-build-linux-amd64/jdk8u241/331/hotspot/src/share/vm/runtime/sharedRuntime.cpp, line 605]
Event: 0,552 Thread 0x00007f5f1c37c000 Exception <a 'java/net/ConnectException'> (0x00000000d6596558) thrown at [/scratch/jenkins/workspace/8-2-build-linux-amd64/jdk8u241/331/hotspot/src/share/vm/prims/jni.cpp, line 710]
Event: 1,076 Thread 0x00007f5f1c00c000 Implicit null exception at 0x00007f5f0d3d2abc to 0x00007f5f0d3d3b85

Events (10 events):
Event: 1,123 Thread 0x00007f5f1c00c000 DEOPT UNPACKING pc=0x00007f5f0d047384 sp=0x00007f5f248d44c8 mode 0
Event: 1,123 Thread 0x00007f5f1c00c000 DEOPT PACKING pc=0x00007f5f0d3bbf48 sp=0x00007f5f248d4730
Event: 1,123 Thread 0x00007f5f1c00c000 DEOPT UNPACKING pc=0x00007f5f0d047384 sp=0x00007f5f248d44c8 mode 0
Event: 1,124 Thread 0x00007f5f1c00c000 DEOPT PACKING pc=0x00007f5f0d3bbf48 sp=0x00007f5f248d4730
Event: 1,124 Thread 0x00007f5f1c00c000 DEOPT UNPACKING pc=0x00007f5f0d047384 sp=0x00007f5f248d44c8 mode 0
Event: 1,124 Thread 0x00007f5f1c00c000 DEOPT PACKING pc=0x00007f5f0d3bbf48 sp=0x00007f5f248d4730
Event: 1,124 Thread 0x00007f5f1c00c000 DEOPT UNPACKING pc=0x00007f5f0d047384 sp=0x00007f5f248d44c8 mode 0
Event: 1,147 Executing VM operation: ParallelGCFailedAllocation
Event: 1,167 Executing VM operation: ParallelGCFailedAllocation done
Event: 1,340 Executing VM operation: ParallelGCFailedAllocation


Dynamic libraries:
00400000-00401000 r-xp 00000000 103:05 546730                            /usr/lib/jvm/java-8-openjdk-amd64/jre/bin/java
00600000-00601000 r--p 00000000 103:05 546730                            /usr/lib/jvm/java-8-openjdk-amd64/jre/bin/java
00601000-00602000 rw-p 00001000 103:05 546730                            /usr/lib/jvm/java-8-openjdk-amd64/jre/bin/java
01cc5000-01ce6000 rw-p 00000000 00:00 0                                  [heap]
80000000-95580000 rw-p 00000000 00:00 0 
95580000-d5580000 ---p 00000000 00:00 0 
d5580000-e8080000 rw-p 00000000 00:00 0 
f7c80000-100000000 ---p 00000000 00:00 0 
100000000-100120000 rw-p 00000000 00:00 0 
100120000-140000000 ---p 00000000 00:00 0 
7f5ec0000000-7f5ec0021000 rw-p 00000000 00:00 0 
7f5ec0021000-7f5ec4000000 ---p 00000000 00:00 0 
7f5ec8000000-7f5ec8021000 rw-p 00000000 00:00 0 
7f5ec8021000-7f5ecc000000 ---p 00000000 00:00 0 
7f5ecc000000-7f5ecc021000 rw-p 00000000 00:00 0 
7f5ecc021000-7f5ed0000000 ---p 00000000 00:00 0 
7f5ed0000000-7f5ed0021000 rw-p 00000000 00:00 0 
7f5ed0021000-7f5ed4000000 ---p 00000000 00:00 0 
7f5ed4000000-7f5ed4021000 rw-p 00000000 00:00 0 
7f5ed4021000-7f5ed8000000 ---p 00000000 00:00 0 
7f5ed8000000-7f5ed8573000 rw-p 00000000 00:00 0 
7f5ed8573000-7f5edc000000 ---p 00000000 00:00 0 
7f5edc000000-7f5edc5db000 rw-p 00000000 00:00 0 
7f5edc5db000-7f5ee0000000 ---p 00000000 00:00 0 
7f5ee0000000-7f5ee0021000 rw-p 00000000 00:00 0 
7f5ee0021000-7f5ee4000000 ---p 00000000 00:00 0 
7f5ee4000000-7f5ee46af000 rw-p 00000000 00:00 0 
7f5ee46af000-7f5ee8000000 ---p 00000000 00:00 0 
7f5ee8000000-7f5ee8021000 rw-p 00000000 00:00 0 
7f5ee8021000-7f5eec000000 ---p 00000000 00:00 0 
7f5eec000000-7f5eec021000 rw-p 00000000 00:00 0 
7f5eec021000-7f5ef0000000 ---p 00000000 00:00 0 
7f5ef0000000-7f5ef029c000 rw-p 00000000 00:00 0 
7f5ef029c000-7f5ef4000000 ---p 00000000 00:00 0 
7f5ef4000000-7f5ef4021000 rw-p 00000000 00:00 0 
7f5ef4021000-7f5ef8000000 ---p 00000000 00:00 0 
7f5efa5dd000-7f5efa5e0000 ---p 00000000 00:00 0 
7f5efa5e0000-7f5efa6de000 rw-p 00000000 00:00 0 
7f5efa6de000-7f5efa6e1000 ---p 00000000 00:00 0 
7f5efa6e1000-7f5efa7df000 rw-p 00000000 00:00 0 
7f5efa7df000-7f5efa7e2000 ---p 00000000 00:00 0 
7f5efa7e2000-7f5efa8e0000 rw-p 00000000 00:00 0 
7f5efa8e0000-7f5efa8e9000 r-xp 00000000 103:05 555124                    /usr/lib/jvm/java-8-openjdk-amd64/jre/lib/amd64/libmanagement.so
7f5efa8e9000-7f5efaae8000 ---p 00009000 103:05 555124                    /usr/lib/jvm/java-8-openjdk-amd64/jre/lib/amd64/libmanagement.so
7f5efaae8000-7f5efaae9000 r--p 00008000 103:05 555124                    /usr/lib/jvm/java-8-openjdk-amd64/jre/lib/amd64/libmanagement.so
7f5efaae9000-7f5efaaea000 rw-p 00009000 103:05 555124                    /usr/lib/jvm/java-8-openjdk-amd64/jre/lib/amd64/libmanagement.so
7f5efaaea000-7f5efaafb000 r-xp 00000000 103:05 555129                    /usr/lib/jvm/java-8-openjdk-amd64/jre/lib/amd64/libnio.so
7f5efaafb000-7f5efacfa000 ---p 00011000 103:05 555129                    /usr/lib/jvm/java-8-openjdk-amd64/jre/lib/amd64/libnio.so
7f5efacfa000-7f5efacfb000 r--p 00010000 103:05 555129                    /usr/lib/jvm/java-8-openjdk-amd64/jre/lib/amd64/libnio.so
7f5efacfb000-7f5efacfc000 rw-p 00011000 103:05 555129                    /usr/lib/jvm/java-8-openjdk-amd64/jre/lib/amd64/libnio.so
7f5efacfc000-7f5efad12000 r-xp 00000000 103:05 555128                    /usr/lib/jvm/java-8-openjdk-amd64/jre/lib/amd64/libnet.so
7f5efad12000-7f5efaf11000 ---p 00016000 103:05 555128                    /usr/lib/jvm/java-8-openjdk-amd64/jre/lib/amd64/libnet.so
7f5efaf11000-7f5efaf12000 r--p 00015000 103:05 555128                    /usr/lib/jvm/java-8-openjdk-amd64/jre/lib/amd64/libnet.so
7f5efaf12000-7f5efaf13000 rw-p 00016000 103:05 555128                    /usr/lib/jvm/java-8-openjdk-amd64/jre/lib/amd64/libnet.so
7f5efaf13000-7f5efaf14000 ---p 00000000 00:00 0 
7f5efaf14000-7f5efb014000 rw-p 00000000 00:00 0 
7f5efb014000-7f5efb017000 ---p 00000000 00:00 0 
7f5efb017000-7f5efb115000 rw-p 00000000 00:00 0 
7f5efb115000-7f5efb116000 ---p 00000000 00:00 0 
7f5efb116000-7f5efb119000 ---p 00000000 00:00 0 
7f5efb119000-7f5efb216000 rw-p 00000000 00:00 0 
7f5efb216000-7f5efb217000 ---p 00000000 00:00 0 
7f5efb217000-7f5efb21a000 ---p 00000000 00:00 0 
7f5efb21a000-7f5efb317000 rw-p 00000000 00:00 0 
7f5efb317000-7f5efb318000 ---p 00000000 00:00 0 
7f5efb318000-7f5efb31b000 ---p 00000000 00:00 0 
7f5efb31b000-7f5efb418000 rw-p 00000000 00:00 0 
7f5efb418000-7f5efb41b000 ---p 00000000 00:00 0 
7f5efb41b000-7f5efb519000 rw-p 00000000 00:00 0 
7f5efb519000-7f5efb7f8000 r--p 00000000 103:05 6429000                   /usr/lib/locale/locale-archive
7f5efb7f8000-7f5efb7fb000 ---p 00000000 00:00 0 
7f5efb7fb000-7f5efb8f9000 rw-p 00000000 00:00 0 
7f5efb8f9000-7f5efb8fc000 ---p 00000000 00:00 0 
7f5efb8fc000-7f5efb9fa000 rw-p 00000000 00:00 0 
7f5efb9fa000-7f5efb9fb000 ---p 00000000 00:00 0 
7f5efb9fb000-7f5efc000000 rw-p 00000000 00:00 0 
7f5efc000000-7f5efc021000 rw-p 00000000 00:00 0 
7f5efc021000-7f5f00000000 ---p 00000000 00:00 0 
7f5f00000000-7f5f00021000 rw-p 00000000 00:00 0 
7f5f00021000-7f5f04000000 ---p 00000000 00:00 0 
7f5f04000000-7f5f04021000 rw-p 00000000 00:00 0 
7f5f04021000-7f5f08000000 ---p 00000000 00:00 0 
7f5f0805f000-7f5f08066000 r--s 00037000 103:05 147772                    /home/loubard/.m2/repository/junit/junit/4.10/junit-4.10.jar
7f5f08066000-7f5f08069000 r--s 0001a000 103:05 6960733                   /home/loubard/.m2/repository/org/erlang/otp/jinterface/1.6.1/jinterface-1.6.1.jar
7f5f08069000-7f5f080a5000 r--s 0031b000 103:05 6960731                   /home/loubard/.m2/repository/io/netty/netty-all/4.1.5.Final/netty-all-4.1.5.Final.jar
7f5f080a5000-7f5f080b4000 r--s 00081000 103:05 6960730                   /home/loubard/.m2/repository/joda-time/joda-time/2.7/joda-time-2.7.jar
7f5f080b4000-7f5f080d8000 r--s 0020e000 103:05 6960725                   /home/loubard/.m2/repository/com/basho/riak/riak-client/2.1.1/riak-client-2.1.1.jar
7f5f080d8000-7f5f0d000000 rw-p 00000000 00:00 0 
7f5f0d000000-7f5f0d410000 rwxp 00000000 00:00 0 
7f5f0d410000-7f5f1c000000 ---p 00000000 00:00 0 
7f5f1c000000-7f5f1c64d000 rw-p 00000000 00:00 0 
7f5f1c64d000-7f5f20000000 ---p 00000000 00:00 0 
7f5f20000000-7f5f20002000 r--s 00011000 103:05 147776                    /home/loubard/.m2/repository/org/hamcrest/hamcrest-core/1.1/hamcrest-core-1.1.jar
7f5f20002000-7f5f203b8000 rw-p 00000000 00:00 0 
7f5f203b8000-7f5f20592000 r--s 03d8c000 103:05 558117                    /usr/lib/jvm/java-8-openjdk-amd64/jre/lib/rt.jar
7f5f20592000-7f5f20a08000 rw-p 00000000 00:00 0 
7f5f20a08000-7f5f20a09000 ---p 00000000 00:00 0 
7f5f20a09000-7f5f20b09000 rw-p 00000000 00:00 0 
7f5f20b09000-7f5f20b0a000 ---p 00000000 00:00 0 
7f5f20b0a000-7f5f20c0a000 rw-p 00000000 00:00 0 
7f5f20c0a000-7f5f20c0b000 ---p 00000000 00:00 0 
7f5f20c0b000-7f5f20d0b000 rw-p 00000000 00:00 0 
7f5f20d0b000-7f5f20d0c000 ---p 00000000 00:00 0 
7f5f20d0c000-7f5f20eb7000 rw-p 00000000 00:00 0 
7f5f20eb7000-7f5f210b7000 ---p 00000000 00:00 0 
7f5f210b7000-7f5f21162000 rw-p 00000000 00:00 0 
7f5f21162000-7f5f21361000 ---p 00000000 00:00 0 
7f5f21361000-7f5f213f8000 rw-p 00000000 00:00 0 
7f5f213f8000-7f5f214b7000 ---p 00000000 00:00 0 
7f5f214b7000-7f5f214c9000 rw-p 00000000 00:00 0 
7f5f214c9000-7f5f21878000 ---p 00000000 00:00 0 
7f5f21878000-7f5f21893000 r-xp 00000000 103:05 555175                    /usr/lib/jvm/java-8-openjdk-amd64/jre/lib/amd64/libzip.so
7f5f21893000-7f5f21a92000 ---p 0001b000 103:05 555175                    /usr/lib/jvm/java-8-openjdk-amd64/jre/lib/amd64/libzip.so
7f5f21a92000-7f5f21a93000 r--p 0001a000 103:05 555175                    /usr/lib/jvm/java-8-openjdk-amd64/jre/lib/amd64/libzip.so
7f5f21a93000-7f5f21a94000 rw-p 0001b000 103:05 555175                    /usr/lib/jvm/java-8-openjdk-amd64/jre/lib/amd64/libzip.so
7f5f21a94000-7f5f21a9f000 r-xp 00000000 103:05 398387                    /lib/x86_64-linux-gnu/libnss_files-2.27.so
7f5f21a9f000-7f5f21c9e000 ---p 0000b000 103:05 398387                    /lib/x86_64-linux-gnu/libnss_files-2.27.so
7f5f21c9e000-7f5f21c9f000 r--p 0000a000 103:05 398387                    /lib/x86_64-linux-gnu/libnss_files-2.27.so
7f5f21c9f000-7f5f21ca0000 rw-p 0000b000 103:05 398387                    /lib/x86_64-linux-gnu/libnss_files-2.27.so
7f5f21ca0000-7f5f21ca6000 rw-p 00000000 00:00 0 
7f5f21ca6000-7f5f21cbd000 r-xp 00000000 103:05 398381                    /lib/x86_64-linux-gnu/libnsl-2.27.so
7f5f21cbd000-7f5f21ebc000 ---p 00017000 103:05 398381                    /lib/x86_64-linux-gnu/libnsl-2.27.so
7f5f21ebc000-7f5f21ebd000 r--p 00016000 103:05 398381                    /lib/x86_64-linux-gnu/libnsl-2.27.so
7f5f21ebd000-7f5f21ebe000 rw-p 00017000 103:05 398381                    /lib/x86_64-linux-gnu/libnsl-2.27.so
7f5f21ebe000-7f5f21ec0000 rw-p 00000000 00:00 0 
7f5f21ec0000-7f5f21ecb000 r-xp 00000000 103:05 398398                    /lib/x86_64-linux-gnu/libnss_nis-2.27.so
7f5f21ecb000-7f5f220ca000 ---p 0000b000 103:05 398398                    /lib/x86_64-linux-gnu/libnss_nis-2.27.so
7f5f220ca000-7f5f220cb000 r--p 0000a000 103:05 398398                    /lib/x86_64-linux-gnu/libnss_nis-2.27.so
7f5f220cb000-7f5f220cc000 rw-p 0000b000 103:05 398398                    /lib/x86_64-linux-gnu/libnss_nis-2.27.so
7f5f220cc000-7f5f220d4000 r-xp 00000000 103:05 398383                    /lib/x86_64-linux-gnu/libnss_compat-2.27.so
7f5f220d4000-7f5f222d4000 ---p 00008000 103:05 398383                    /lib/x86_64-linux-gnu/libnss_compat-2.27.so
7f5f222d4000-7f5f222d5000 r--p 00008000 103:05 398383                    /lib/x86_64-linux-gnu/libnss_compat-2.27.so
7f5f222d5000-7f5f222d6000 rw-p 00009000 103:05 398383                    /lib/x86_64-linux-gnu/libnss_compat-2.27.so
7f5f222d6000-7f5f22302000 r-xp 00000000 103:05 555065                    /usr/lib/jvm/java-8-openjdk-amd64/jre/lib/amd64/libjava.so
7f5f22302000-7f5f22502000 ---p 0002c000 103:05 555065                    /usr/lib/jvm/java-8-openjdk-amd64/jre/lib/amd64/libjava.so
7f5f22502000-7f5f22503000 r--p 0002c000 103:05 555065                    /usr/lib/jvm/java-8-openjdk-amd64/jre/lib/amd64/libjava.so
7f5f22503000-7f5f22505000 rw-p 0002d000 103:05 555065                    /usr/lib/jvm/java-8-openjdk-amd64/jre/lib/amd64/libjava.so
7f5f22505000-7f5f22512000 r-xp 00000000 103:05 555174                    /usr/lib/jvm/java-8-openjdk-amd64/jre/lib/amd64/libverify.so
7f5f22512000-7f5f22711000 ---p 0000d000 103:05 555174                    /usr/lib/jvm/java-8-openjdk-amd64/jre/lib/amd64/libverify.so
7f5f22711000-7f5f22713000 r--p 0000c000 103:05 555174                    /usr/lib/jvm/java-8-openjdk-amd64/jre/lib/amd64/libverify.so
7f5f22713000-7f5f22714000 rw-p 0000e000 103:05 555174                    /usr/lib/jvm/java-8-openjdk-amd64/jre/lib/amd64/libverify.so
7f5f22714000-7f5f2271b000 r-xp 00000000 103:05 398438                    /lib/x86_64-linux-gnu/librt-2.27.so
7f5f2271b000-7f5f2291a000 ---p 00007000 103:05 398438                    /lib/x86_64-linux-gnu/librt-2.27.so
7f5f2291a000-7f5f2291b000 r--p 00006000 103:05 398438                    /lib/x86_64-linux-gnu/librt-2.27.so
7f5f2291b000-7f5f2291c000 rw-p 00007000 103:05 398438                    /lib/x86_64-linux-gnu/librt-2.27.so
7f5f2291c000-7f5f22ab9000 r-xp 00000000 103:05 398360                    /lib/x86_64-linux-gnu/libm-2.27.so
7f5f22ab9000-7f5f22cb8000 ---p 0019d000 103:05 398360                    /lib/x86_64-linux-gnu/libm-2.27.so
7f5f22cb8000-7f5f22cb9000 r--p 0019c000 103:05 398360                    /lib/x86_64-linux-gnu/libm-2.27.so
7f5f22cb9000-7f5f22cba000 rw-p 0019d000 103:05 398360                    /lib/x86_64-linux-gnu/libm-2.27.so
7f5f22cba000-7f5f239a9000 r-xp 00000000 103:05 555178                    /usr/lib/jvm/java-8-openjdk-amd64/jre/lib/amd64/server/libjvm.so
7f5f239a9000-7f5f23ba8000 ---p 00cef000 103:05 555178                    /usr/lib/jvm/java-8-openjdk-amd64/jre/lib/amd64/server/libjvm.so
7f5f23ba8000-7f5f23c3e000 r--p 00cee000 103:05 555178                    /usr/lib/jvm/java-8-openjdk-amd64/jre/lib/amd64/server/libjvm.so
7f5f23c3e000-7f5f23c6f000 rw-p 00d84000 103:05 555178                    /usr/lib/jvm/java-8-openjdk-amd64/jre/lib/amd64/server/libjvm.so
7f5f23c6f000-7f5f23caa000 rw-p 00000000 00:00 0 
7f5f23caa000-7f5f23e91000 r-xp 00000000 103:05 398297                    /lib/x86_64-linux-gnu/libc-2.27.so
7f5f23e91000-7f5f24091000 ---p 001e7000 103:05 398297                    /lib/x86_64-linux-gnu/libc-2.27.so
7f5f24091000-7f5f24095000 r--p 001e7000 103:05 398297                    /lib/x86_64-linux-gnu/libc-2.27.so
7f5f24095000-7f5f24097000 rw-p 001eb000 103:05 398297                    /lib/x86_64-linux-gnu/libc-2.27.so
7f5f24097000-7f5f2409b000 rw-p 00000000 00:00 0 
7f5f2409b000-7f5f2409e000 r-xp 00000000 103:05 398320                    /lib/x86_64-linux-gnu/libdl-2.27.so
7f5f2409e000-7f5f2429d000 ---p 00003000 103:05 398320                    /lib/x86_64-linux-gnu/libdl-2.27.so
7f5f2429d000-7f5f2429e000 r--p 00002000 103:05 398320                    /lib/x86_64-linux-gnu/libdl-2.27.so
7f5f2429e000-7f5f2429f000 rw-p 00003000 103:05 398320                    /lib/x86_64-linux-gnu/libdl-2.27.so
7f5f2429f000-7f5f242b6000 r-xp 00000000 103:05 553800                    /usr/lib/jvm/java-8-openjdk-amd64/jre/lib/amd64/jli/libjli.so
7f5f242b6000-7f5f244b5000 ---p 00017000 103:05 553800                    /usr/lib/jvm/java-8-openjdk-amd64/jre/lib/amd64/jli/libjli.so
7f5f244b5000-7f5f244b6000 r--p 00016000 103:05 553800                    /usr/lib/jvm/java-8-openjdk-amd64/jre/lib/amd64/jli/libjli.so
7f5f244b6000-7f5f244b7000 rw-p 00017000 103:05 553800                    /usr/lib/jvm/java-8-openjdk-amd64/jre/lib/amd64/jli/libjli.so
7f5f244b7000-7f5f244d1000 r-xp 00000000 103:05 398430                    /lib/x86_64-linux-gnu/libpthread-2.27.so
7f5f244d1000-7f5f246d0000 ---p 0001a000 103:05 398430                    /lib/x86_64-linux-gnu/libpthread-2.27.so
7f5f246d0000-7f5f246d1000 r--p 00019000 103:05 398430                    /lib/x86_64-linux-gnu/libpthread-2.27.so
7f5f246d1000-7f5f246d2000 rw-p 0001a000 103:05 398430                    /lib/x86_64-linux-gnu/libpthread-2.27.so
7f5f246d2000-7f5f246d6000 rw-p 00000000 00:00 0 
7f5f246d6000-7f5f246fd000 r-xp 00000000 103:05 398269                    /lib/x86_64-linux-gnu/ld-2.27.so
7f5f246fe000-7f5f246ff000 r--s 00005000 103:05 147775                    /home/loubard/.m2/repository/com/googlecode/json-simple/json-simple/1.1.1/json-simple-1.1.1.jar
7f5f246ff000-7f5f24702000 r--s 0000e000 103:05 6960723                   /home/loubard/.m2/repository/com/fasterxml/jackson/datatype/jackson-datatype-joda/2.8.0/jackson-datatype-joda-2.8.0.jar
7f5f24702000-7f5f24706000 r--s 00041000 103:05 6960726                   /home/loubard/.m2/repository/com/fasterxml/jackson/core/jackson-core/2.8.0/jackson-core-2.8.0.jar
7f5f24706000-7f5f24709000 r--s 0000b000 103:05 6960724                   /home/loubard/.m2/repository/com/fasterxml/jackson/core/jackson-annotations/2.8.0/jackson-annotations-2.8.0.jar
7f5f24709000-7f5f247d5000 rw-p 00000000 00:00 0 
7f5f247d5000-7f5f247d6000 ---p 00000000 00:00 0 
7f5f247d6000-7f5f247d9000 ---p 00000000 00:00 0 
7f5f247d9000-7f5f248da000 rw-p 00000000 00:00 0 
7f5f248da000-7f5f248ec000 r--s 0011b000 103:05 6960727                   /home/loubard/.m2/repository/com/fasterxml/jackson/core/jackson-databind/2.8.0/jackson-databind-2.8.0.jar
7f5f248ec000-7f5f248ee000 r--s 00009000 103:05 6960721                   /home/loubard/.m2/repository/org/slf4j/slf4j-api/1.7.21/slf4j-api-1.7.21.jar
7f5f248ee000-7f5f248f1000 r--s 0000f000 103:05 557164                    /usr/lib/jvm/java-8-openjdk-amd64/jre/lib/ext/icedtea-sound.jar
7f5f248f1000-7f5f248f3000 r--s 00007000 103:05 6953966                   /usr/share/java/java-atk-wrapper.jar
7f5f248f3000-7f5f248fb000 rw-s 00000000 103:05 4587943                   /tmp/hsperfdata_loubard/25479
7f5f248fb000-7f5f248fc000 rw-p 00000000 00:00 0 
7f5f248fc000-7f5f248fd000 ---p 00000000 00:00 0 
7f5f248fd000-7f5f248fe000 r--p 00027000 103:05 398269                    /lib/x86_64-linux-gnu/ld-2.27.so
7f5f248fe000-7f5f248ff000 rw-p 00028000 103:05 398269                    /lib/x86_64-linux-gnu/ld-2.27.so
7f5f248ff000-7f5f24900000 rw-p 00000000 00:00 0 
7ffdb120a000-7ffdb122c000 rw-p 00000000 00:00 0                          [stack]
7ffdb13e9000-7ffdb13ec000 r--p 00000000 00:00 0                          [vvar]
7ffdb13ec000-7ffdb13ee000 r-xp 00000000 00:00 0                          [vdso]
ffffffffff600000-ffffffffff601000 r-xp 00000000 00:00 0                  [vsyscall]

VM Arguments:
jvm_args: -Xms512m -Xmx2048m -Dfile.encoding=UTF-8 
java_command: src.main.java.setup.TasteOfRiak
java_class_path (initial): /home/loubard/eclipse-workspace/BigTable/target/classes:/home/loubard/.m2/repository/com/basho/riak/riak-client/2.1.1/riak-client-2.1.1.jar:/home/loubard/.m2/repository/org/slf4j/slf4j-api/1.7.21/slf4j-api-1.7.21.jar:/home/loubard/.m2/repository/com/fasterxml/jackson/core/jackson-databind/2.8.0/jackson-databind-2.8.0.jar:/home/loubard/.m2/repository/com/fasterxml/jackson/core/jackson-annotations/2.8.0/jackson-annotations-2.8.0.jar:/home/loubard/.m2/repository/com/fasterxml/jackson/core/jackson-core/2.8.0/jackson-core-2.8.0.jar:/home/loubard/.m2/repository/com/fasterxml/jackson/datatype/jackson-datatype-joda/2.8.0/jackson-datatype-joda-2.8.0.jar:/home/loubard/.m2/repository/joda-time/joda-time/2.7/joda-time-2.7.jar:/home/loubard/.m2/repository/io/netty/netty-all/4.1.5.Final/netty-all-4.1.5.Final.jar:/home/loubard/.m2/repository/org/erlang/otp/jinterface/1.6.1/jinterface-1.6.1.jar:/home/loubard/.m2/repository/com/googlecode/json-simple/json-simple/1.1.1/json-simple-1.1.1.jar:/home/loubard/.m2/repository/junit/junit/4.10/junit-4.10.jar:/home/loubard/.m2/repository/org/hamcrest/hamcrest-core/1.1/hamcrest-core-1.1.jar
Launcher Type: SUN_STANDARD

Environment Variables:
JAVA_HOME=/usr/lib/jvm/java-8-openjdk-amd64
JRE_HOME=/usr/lib/jvm/java-8-openjdk-amd64/jre
PATH=/home/loubard/anaconda3/bin:/home/loubard/.local/bin:/usr/local/sbin:/usr/local/bin:/usr/sbin:/usr/bin:/sbin:/bin:/usr/games:/usr/local/games:/media/loubard/5C24C3855A6481A3/linux_games/retro:/home/loubard/eclipse/java-2020-037/eclipse
SHELL=/bin/bash
DISPLAY=:0

Signal Handlers:
SIGSEGV: [libjvm.so+0xad9960], sa_mask[0]=11111111011111111101111111111110, sa_flags=SA_RESTART|SA_SIGINFO
SIGBUS: [libjvm.so+0xad9960], sa_mask[0]=11111111011111111101111111111110, sa_flags=SA_RESTART|SA_SIGINFO
SIGFPE: [libjvm.so+0x90d4a0], sa_mask[0]=11111111011111111101111111111110, sa_flags=SA_RESTART|SA_SIGINFO
SIGPIPE: [libjvm.so+0x90d4a0], sa_mask[0]=11111111011111111101111111111110, sa_flags=SA_RESTART|SA_SIGINFO
SIGXFSZ: [libjvm.so+0x90d4a0], sa_mask[0]=11111111011111111101111111111110, sa_flags=SA_RESTART|SA_SIGINFO
SIGILL: [libjvm.so+0x90d4a0], sa_mask[0]=11111111011111111101111111111110, sa_flags=SA_RESTART|SA_SIGINFO
SIGUSR1: SIG_DFL, sa_mask[0]=00000000000000000000000000000000, sa_flags=none
SIGUSR2: [libjvm.so+0x90d370], sa_mask[0]=00100000000000000000000000000000, sa_flags=SA_RESTART|SA_SIGINFO
SIGHUP: [libjvm.so+0x90d990], sa_mask[0]=11111111011111111101111111111110, sa_flags=SA_RESTART|SA_SIGINFO
SIGINT: [libjvm.so+0x90d990], sa_mask[0]=11111111011111111101111111111110, sa_flags=SA_RESTART|SA_SIGINFO
SIGTERM: [libjvm.so+0x90d990], sa_mask[0]=11111111011111111101111111111110, sa_flags=SA_RESTART|SA_SIGINFO
SIGQUIT: [libjvm.so+0x90d990], sa_mask[0]=11111111011111111101111111111110, sa_flags=SA_RESTART|SA_SIGINFO


---------------  S Y S T E M  ---------------

OS:DISTRIB_ID=LinuxMint
DISTRIB_RELEASE=19.2
DISTRIB_CODENAME=tina
DISTRIB_DESCRIPTION="Linux Mint 19.2 Tina"

uname:Linux 4.15.0-54-generic #58-Ubuntu SMP Mon Jun 24 10:55:24 UTC 2019 x86_64
libc:glibc 2.27 NPTL 2.27 
rlimit: STACK 8192k, CORE 0k, NPROC 47328, NOFILE 4096, AS infinity
load average:12,57 8,39 5,94

/proc/meminfo:
MemTotal:       12300536 kB
MemFree:          134436 kB
MemAvailable:      53356 kB
Buffers:            7532 kB
Cached:           147000 kB
SwapCached:         1460 kB
Active:         10655700 kB
Inactive:        1132968 kB
Active(anon):   10603328 kB
Inactive(anon):  1080744 kB
Active(file):      52372 kB
Inactive(file):    52224 kB
Unevictable:         112 kB
Mlocked:             112 kB
SwapTotal:       2097148 kB
SwapFree:              0 kB
Dirty:               560 kB
Writeback:             0 kB
AnonPages:      11633800 kB
Mapped:           162568 kB
Shmem:             49716 kB
Slab:             110384 kB
SReclaimable:      35460 kB
SUnreclaim:        74924 kB
KernelStack:       20352 kB
PageTables:        81520 kB
NFS_Unstable:          0 kB
Bounce:                0 kB
WritebackTmp:          0 kB
CommitLimit:     8247416 kB
Committed_AS:   28449016 kB
VmallocTotal:   34359738367 kB
VmallocUsed:           0 kB
VmallocChunk:          0 kB
HardwareCorrupted:     0 kB
AnonHugePages:         0 kB
ShmemHugePages:        0 kB
ShmemPmdMapped:        0 kB
CmaTotal:              0 kB
CmaFree:               0 kB
HugePages_Total:       0
HugePages_Free:        0
HugePages_Rsvd:        0
HugePages_Surp:        0
Hugepagesize:       2048 kB
DirectMap4k:      521636 kB
DirectMap2M:    10954752 kB
DirectMap1G:     2097152 kB

container (cgroup) information:
container_type: cgroupv1
cpu_cpuset_cpus: 0-3
cpu_memory_nodes: 0
active_processor_count: 4
cpu_quota: -1
cpu_period: 100000
cpu_shares: -1
memory_limit_in_bytes: -1
memory_and_swap_limit_in_bytes: -2
memory_soft_limit_in_bytes: -1
memory_usage_in_bytes: 12072140800
memory_max_usage_in_bytes: 456138752


CPU:total 4 (initial active 4) (4 cores per cpu, 1 threads per core) family 23 model 17 stepping 0, cmov, cx8, fxsr, mmx, sse, sse2, sse3, ssse3, sse4.1, sse4.2, popcnt, avx, avx2, aes, clmul, mmxext, 3dnowpref, lzcnt, sse4a, tsc, tscinvbit, tscinv, bmi1

/proc/cpuinfo:
processor	: 0
vendor_id	: AuthenticAMD
cpu family	: 23
model		: 17
model name	: AMD Ryzen 3 2200G with Radeon Vega Graphics
stepping	: 0
microcode	: 0x810100b
cpu MHz		: 3698.810
cache size	: 512 KB
physical id	: 0
siblings	: 4
core id		: 0
cpu cores	: 4
apicid		: 0
initial apicid	: 0
fpu		: yes
fpu_exception	: yes
cpuid level	: 13
wp		: yes
flags		: fpu vme de pse tsc msr pae mce cx8 apic sep mtrr pge mca cmov pat pse36 clflush mmx fxsr sse sse2 ht syscall nx mmxext fxsr_opt pdpe1gb rdtscp lm constant_tsc rep_good nopl nonstop_tsc cpuid extd_apicid aperfmperf pni pclmulqdq monitor ssse3 fma cx16 sse4_1 sse4_2 movbe popcnt aes xsave avx f16c rdrand lahf_lm cmp_legacy svm extapic cr8_legacy abm sse4a misalignsse 3dnowprefetch osvw skinit wdt tce topoext perfctr_core perfctr_nb bpext perfctr_llc mwaitx hw_pstate sme ssbd ibpb vmmcall fsgsbase bmi1 avx2 smep bmi2 rdseed adx smap clflushopt sha_ni xsaveopt xsavec xgetbv1 xsaves clzero irperf xsaveerptr arat npt lbrv svm_lock nrip_save tsc_scale vmcb_clean flushbyasid decodeassists pausefilter pfthreshold avic v_vmsave_vmload vgif overflow_recov succor smca
bugs		: sysret_ss_attrs null_seg spectre_v1 spectre_v2 spec_store_bypass
bogomips	: 6999.74
TLB size	: 2560 4K pages
clflush size	: 64
cache_alignment	: 64
address sizes	: 43 bits physical, 48 bits virtual
power management: ts ttp tm hwpstate eff_freq_ro [13] [14]

processor	: 1
vendor_id	: AuthenticAMD
cpu family	: 23
model		: 17
model name	: AMD Ryzen 3 2200G with Radeon Vega Graphics
stepping	: 0
microcode	: 0x810100b
cpu MHz		: 2888.532
cache size	: 512 KB
physical id	: 0
siblings	: 4
core id		: 1
cpu cores	: 4
apicid		: 1
initial apicid	: 1
fpu		: yes
fpu_exception	: yes
cpuid level	: 13
wp		: yes
flags		: fpu vme de pse tsc msr pae mce cx8 apic sep mtrr pge mca cmov pat pse36 clflush mmx fxsr sse sse2 ht syscall nx mmxext fxsr_opt pdpe1gb rdtscp lm constant_tsc rep_good nopl nonstop_tsc cpuid extd_apicid aperfmperf pni pclmulqdq monitor ssse3 fma cx16 sse4_1 sse4_2 movbe popcnt aes xsave avx f16c rdrand lahf_lm cmp_legacy svm extapic cr8_legacy abm sse4a misalignsse 3dnowprefetch osvw skinit wdt tce topoext perfctr_core perfctr_nb bpext perfctr_llc mwaitx hw_pstate sme ssbd ibpb vmmcall fsgsbase bmi1 avx2 smep bmi2 rdseed adx smap clflushopt sha_ni xsaveopt xsavec xgetbv1 xsaves clzero irperf xsaveerptr arat npt lbrv svm_lock nrip_save tsc_scale vmcb_clean flushbyasid decodeassists pausefilter pfthreshold avic v_vmsave_vmload vgif overflow_recov succor smca
bugs		: sysret_ss_attrs null_seg spectre_v1 spectre_v2 spec_store_bypass
bogomips	: 6999.74
TLB size	: 2560 4K pages
clflush size	: 64
cache_alignment	: 64
address sizes	: 43 bits physical, 48 bits virtual
power management: ts ttp tm hwpstate eff_freq_ro [13] [14]

processor	: 2
vendor_id	: AuthenticAMD
cpu family	: 23
model		: 17
model name	: AMD Ryzen 3 2200G with Radeon Vega Graphics
stepping	: 0
microcode	: 0x810100b
cpu MHz		: 3088.590
cache size	: 512 KB
physical id	: 0
siblings	: 4
core id		: 2
cpu cores	: 4
apicid		: 2
initial apicid	: 2
fpu		: yes
fpu_exception	: yes
cpuid level	: 13
wp		: yes
flags		: fpu vme de pse tsc msr pae mce cx8 apic sep mtrr pge mca cmov pat pse36 clflush mmx fxsr sse sse2 ht syscall nx mmxext fxsr_opt pdpe1gb rdtscp lm constant_tsc rep_good nopl nonstop_tsc cpuid extd_apicid aperfmperf pni pclmulqdq monitor ssse3 fma cx16 sse4_1 sse4_2 movbe popcnt aes xsave avx f16c rdrand lahf_lm cmp_legacy svm extapic cr8_legacy abm sse4a misalignsse 3dnowprefetch osvw skinit wdt tce topoext perfctr_core perfctr_nb bpext perfctr_llc mwaitx hw_pstate sme ssbd ibpb vmmcall fsgsbase bmi1 avx2 smep bmi2 rdseed adx smap clflushopt sha_ni xsaveopt xsavec xgetbv1 xsaves clzero irperf xsaveerptr arat npt lbrv svm_lock nrip_save tsc_scale vmcb_clean flushbyasid decodeassists pausefilter pfthreshold avic v_vmsave_vmload vgif overflow_recov succor smca
bugs		: sysret_ss_attrs null_seg spectre_v1 spectre_v2 spec_store_bypass
bogomips	: 6999.74
TLB size	: 2560 4K pages
clflush size	: 64
cache_alignment	: 64
address sizes	: 43 bits physical, 48 bits virtual
power management: ts ttp tm hwpstate eff_freq_ro [13] [14]

processor	: 3
vendor_id	: AuthenticAMD
cpu family	: 23
model		: 17
model name	: AMD Ryzen 3 2200G with Radeon Vega Graphics
stepping	: 0
microcode	: 0x810100b
cpu MHz		: 2884.776
cache size	: 512 KB
physical id	: 0
siblings	: 4
core id		: 3
cpu cores	: 4
apicid		: 3
initial apicid	: 3
fpu		: yes
fpu_exception	: yes
cpuid level	: 13
wp		: yes
flags		: fpu vme de pse tsc msr pae mce cx8 apic sep mtrr pge mca cmov pat pse36 clflush mmx fxsr sse sse2 ht syscall nx mmxext fxsr_opt pdpe1gb rdtscp lm constant_tsc rep_good nopl nonstop_tsc cpuid extd_apicid aperfmperf pni pclmulqdq monitor ssse3 fma cx16 sse4_1 sse4_2 movbe popcnt aes xsave avx f16c rdrand lahf_lm cmp_legacy svm extapic cr8_legacy abm sse4a misalignsse 3dnowprefetch osvw skinit wdt tce topoext perfctr_core perfctr_nb bpext perfctr_llc mwaitx hw_pstate sme ssbd ibpb vmmcall fsgsbase bmi1 avx2 smep bmi2 rdseed adx smap clflushopt sha_ni xsaveopt xsavec xgetbv1 xsaves clzero irperf xsaveerptr arat npt lbrv svm_lock nrip_save tsc_scale vmcb_clean flushbyasid decodeassists pausefilter pfthreshold avic v_vmsave_vmload vgif overflow_recov succor smca
bugs		: sysret_ss_attrs null_seg spectre_v1 spectre_v2 spec_store_bypass
bogomips	: 6999.74
TLB size	: 2560 4K pages
clflush size	: 64
cache_alignment	: 64
address sizes	: 43 bits physical, 48 bits virtual
power management: ts ttp tm hwpstate eff_freq_ro [13] [14]



Memory: 4k page, physical 12300536k(155100k free), swap 2097148k(0k free)

vm_info: Java HotSpot(TM) 64-Bit Server VM (25.241-b07) for linux-amd64 JRE (1.8.0_241-b07), built on Dec 11 2019 02:22:16 by "java_re" with gcc 7.3.0

time: Mon Apr  6 18:13:20 2020
timezone: CEST
elapsed time: 1 seconds (0d 0h 0m 1s)

