#
# There is insufficient memory for the Java Runtime Environment to continue.
# Native memory allocation (mmap) failed to map 495452160 bytes for committing reserved memory.
# Possible reasons:
#   The system is out of physical RAM or swap space
#   The process is running with CompressedOops enabled, and the Java Heap may be blocking the growth of the native heap
# Possible solutions:
#   Reduce memory load on the system
#   Increase physical memory or swap space
#   Check if swap backing store is full
#   Decrease Java heap size (-Xmx/-Xms)
#   Decrease number of Java threads
#   Decrease Java thread stack sizes (-Xss)
#   Set larger code cache with -XX:ReservedCodeCacheSize=
#   JVM is running with Zero Based Compressed Oops mode in which the Java heap is
#     placed in the first 32GB address space. The Java Heap base address is the
#     maximum limit for the native heap growth. Please use -XX:HeapBaseMinAddress
#     to set the Java Heap base and to place the Java Heap above 32GB virtual address.
# This output file may be truncated or incomplete.
#
#  Out of Memory Error (os_linux.cpp:2749), pid=9172, tid=0x00007fc9cc2a0700
#
# JRE version: Java(TM) SE Runtime Environment (8.0_241-b07) (build 1.8.0_241-b07)
# Java VM: Java HotSpot(TM) 64-Bit Server VM (25.241-b07 mixed mode linux-amd64 compressed oops)
# Failed to write core dump. Core dumps have been disabled. To enable core dumping, try "ulimit -c unlimited" before starting Java again
#

---------------  T H R E A D  ---------------

Current thread (0x00007fc9f407a000):  VMThread [stack: 0x00007fc9cc1a1000,0x00007fc9cc2a1000] [id=9182]

Stack: [0x00007fc9cc1a1000,0x00007fc9cc2a1000],  sp=0x00007fc9cc29f3d0,  free space=1016k
Native frames: (J=compiled Java code, j=interpreted, Vv=VM code, C=native code)
V  [libjvm.so+0xad9025]  VMError::report_and_die()+0x2e5
V  [libjvm.so+0x4e1457]  report_vm_out_of_memory(char const*, int, unsigned long, VMErrorType, char const*)+0x67
V  [libjvm.so+0x911f10]  os::pd_commit_memory(char*, unsigned long, unsigned long, bool)+0x100
V  [libjvm.so+0x90953f]  os::commit_memory(char*, unsigned long, unsigned long, bool)+0x1f
V  [libjvm.so+0x98e346]  PSVirtualSpace::expand_by(unsigned long)+0x56
V  [libjvm.so+0x97d61b]  PSOldGen::expand_by(unsigned long) [clone .part.28]+0x1b
V  [libjvm.so+0x97d7d8]  PSOldGen::expand(unsigned long) [clone .part.29]+0xa8
V  [libjvm.so+0x97e381]  PSOldGen::resize(unsigned long)+0xe1
V  [libjvm.so+0x9844bc]  PSParallelCompact::invoke_no_policy(bool) [clone .part.118]+0xa2c
V  [libjvm.so+0x98c2d5]  PSScavenge::invoke()+0x215
V  [libjvm.so+0x93be58]  ParallelScavengeHeap::failed_mem_allocate(unsigned long)+0x68
V  [libjvm.so+0xadab73]  VM_ParallelGCFailedAllocation::doit()+0x93
V  [libjvm.so+0xadfdc6]  VM_Operation::evaluate()+0x46
V  [libjvm.so+0xade0fd]  VMThread::evaluate_operation(VM_Operation*) [clone .constprop.44]+0xcd
V  [libjvm.so+0xade6e3]  VMThread::loop()+0x3a3
V  [libjvm.so+0xadeab8]  VMThread::run()+0x78
V  [libjvm.so+0x90f542]  java_start(Thread*)+0x102

VM_Operation (0x00007fc9fb2b9540): ParallelGCFailedAllocation, mode: safepoint, requested by thread 0x00007fc9f400b800


---------------  P R O C E S S  ---------------

Java Threads: ( => current thread )
  0x00007fc9f43eb800 JavaThread "pool-1-thread-2" [_thread_blocked, id=9193, stack(0x00007fc9c6ce4000,0x00007fc9c6de5000)]
  0x00007fc9f43e1000 JavaThread "pool-1-thread-1" [_thread_blocked, id=9192, stack(0x00007fc9c6de5000,0x00007fc9c6ee6000)]
  0x00007fc9f43df000 JavaThread "nioEventLoopGroup-2-1" [_thread_blocked, id=9191, stack(0x00007fc9c6ee6000,0x00007fc9c6fe7000)]
  0x00007fc9f40d5800 JavaThread "Service Thread" daemon [_thread_blocked, id=9189, stack(0x00007fc9c771b000,0x00007fc9c781c000)]
  0x00007fc9f40c0800 JavaThread "C1 CompilerThread2" daemon [_thread_blocked, id=9188, stack(0x00007fc9c781d000,0x00007fc9c791d000)]
  0x00007fc9f40be800 JavaThread "C2 CompilerThread1" daemon [_thread_blocked, id=9187, stack(0x00007fc9c791e000,0x00007fc9c7a1e000)]
  0x00007fc9f40bc000 JavaThread "C2 CompilerThread0" daemon [_thread_blocked, id=9186, stack(0x00007fc9c7a1f000,0x00007fc9c7b1f000)]
  0x00007fc9f40ba800 JavaThread "Signal Dispatcher" daemon [_thread_blocked, id=9185, stack(0x00007fc9c7b1f000,0x00007fc9c7c20000)]
  0x00007fc9f4088000 JavaThread "Finalizer" daemon [_thread_blocked, id=9184, stack(0x00007fc9c7eff000,0x00007fc9c8000000)]
  0x00007fc9f4083800 JavaThread "Reference Handler" daemon [_thread_blocked, id=9183, stack(0x00007fc9cc09f000,0x00007fc9cc1a0000)]
  0x00007fc9f400b800 JavaThread "main" [_thread_blocked, id=9177, stack(0x00007fc9fb1bb000,0x00007fc9fb2bb000)]

Other Threads:
=>0x00007fc9f407a000 VMThread [stack: 0x00007fc9cc1a1000,0x00007fc9cc2a1000] [id=9182]
  0x00007fc9f40d8800 WatcherThread [stack: 0x00007fc9c761b000,0x00007fc9c771b000] [id=9190]

VM state:at safepoint (normal execution)

VM Mutex/Monitor currently owned by a thread:  ([mutex/lock_event])
[0x00007fc9f4007b50] ExpandHeap_lock - owner thread: 0x00007fc9f407a000
[0x00007fc9f40081d0] Threads_lock - owner thread: 0x00007fc9f407a000
[0x00007fc9f40086d0] Heap_lock - owner thread: 0x00007fc9f400b800

heap address: 0x0000000704400000, size: 3004 MB, Compressed Oops mode: Zero based, Oop shift amount: 3
Narrow klass base: 0x0000000000000000, Narrow klass shift: 3
Compressed class space size: 1073741824 Address: 0x00000007c0000000

Heap:
 PSYoungGen      total 545280K, used 243111K [0x0000000781700000, 0x00000007bb500000, 0x00000007c0000000)
  eden space 203776K, 0% used [0x0000000781700000,0x0000000781700000,0x000000078de00000)
  from space 341504K, 71% used [0x000000078de00000,0x000000079cb69ce8,0x00000007a2b80000)
  to   space 341504K, 0% used [0x00000007a6780000,0x00000007a6780000,0x00000007bb500000)
 ParOldGen       total 1115648K, used 1115236K [0x0000000704400000, 0x0000000748580000, 0x0000000781700000)
  object space 1115648K, 99% used [0x0000000704400000,0x00000007485192a0,0x0000000748580000)
 Metaspace       used 9230K, capacity 9398K, committed 9728K, reserved 1058816K
  class space    used 1096K, capacity 1177K, committed 1280K, reserved 1048576K

Card table byte_map: [0x00007fc9e4661000,0x00007fc9e4c40000] byte_map_base: 0x00007fc9e0e3f000

Marking Bits: (ParMarkBitMap*) 0x00007fc9fa671e60
 Begin Bits: [0x00007fc9ce220000, 0x00007fc9d1110000)
 End Bits:   [0x00007fc9d1110000, 0x00007fc9d4000000)

Polling page: 0x00007fc9fb2e1000

CodeCache: size=245760Kb used=3396Kb max_used=3408Kb free=242363Kb
 bounds [0x00007fc9e5000000, 0x00007fc9e5360000, 0x00007fc9f4000000]
 total_blobs=1044 nmethods=734 adapters=225
 compilation: enabled

Compilation events (10 events):
Event: 4,058 Thread 0x00007fc9f40bc000 nmethod 726 0x00007fc9e534dc90 code [0x00007fc9e534e080, 0x00007fc9e5350420]
Event: 4,059 Thread 0x00007fc9f40bc000  724       4       com.sun.org.apache.xerces.internal.dom.DeferredDocumentImpl::getRealPrevSibling (49 bytes)
Event: 4,060 Thread 0x00007fc9f40bc000 nmethod 724 0x00007fc9e5344c10 code [0x00007fc9e5344d60, 0x00007fc9e5344ef8]
Event: 4,060 Thread 0x00007fc9f40bc000  733 %     4       com.sun.org.apache.xerces.internal.dom.ElementImpl::normalize @ 24 (169 bytes)
Event: 4,060 Thread 0x00007fc9f40be800 nmethod 723 0x00007fc9e5357190 code [0x00007fc9e53574c0, 0x00007fc9e5358e80]
Event: 4,066 Thread 0x00007fc9f40bc000 nmethod 733% 0x00007fc9e5354550 code [0x00007fc9e5354760, 0x00007fc9e5354fc8]
Event: 4,261 Thread 0x00007fc9f40be800  734       4       java.util.ArrayList::clear (39 bytes)
Event: 4,264 Thread 0x00007fc9f40be800 nmethod 734 0x00007fc9e5344910 code [0x00007fc9e5344a60, 0x00007fc9e5344b78]
Event: 4,312 Thread 0x00007fc9f40bc000  735       4       java.lang.AbstractStringBuilder::setLength (45 bytes)
Event: 4,317 Thread 0x00007fc9f40bc000 nmethod 735 0x00007fc9e5343190 code [0x00007fc9e5343300, 0x00007fc9e5343638]

GC Heap History (10 events):
Event: 2,933 GC heap after
Heap after GC invocations=11 (full 3):
 PSYoungGen      total 449536K, used 284128K [0x0000000781700000, 0x00000007b9280000, 0x00000007c0000000)
  eden space 165376K, 0% used [0x0000000781700000,0x0000000781700000,0x000000078b880000)
  from space 284160K, 99% used [0x00000007a0600000,0x00000007b1b78080,0x00000007b1b80000)
  to   space 341504K, 0% used [0x000000078b880000,0x000000078b880000,0x00000007a0600000)
 ParOldGen       total 733184K, used 597943K [0x0000000704400000, 0x0000000731000000, 0x0000000781700000)
  object space 733184K, 81% used [0x0000000704400000,0x0000000728bedfd8,0x0000000731000000)
 Metaspace       used 9167K, capacity 9302K, committed 9344K, reserved 1056768K
  class space    used 1087K, capacity 1145K, committed 1152K, reserved 1048576K
}
Event: 2,933 GC heap before
{Heap before GC invocations=12 (full 4):
 PSYoungGen      total 449536K, used 284128K [0x0000000781700000, 0x00000007b9280000, 0x00000007c0000000)
  eden space 165376K, 0% used [0x0000000781700000,0x0000000781700000,0x000000078b880000)
  from space 284160K, 99% used [0x00000007a0600000,0x00000007b1b78080,0x00000007b1b80000)
  to   space 341504K, 0% used [0x000000078b880000,0x000000078b880000,0x00000007a0600000)
 ParOldGen       total 733184K, used 597943K [0x0000000704400000, 0x0000000731000000, 0x0000000781700000)
  object space 733184K, 81% used [0x0000000704400000,0x0000000728bedfd8,0x0000000731000000)
 Metaspace       used 9167K, capacity 9302K, committed 9344K, reserved 1056768K
  class space    used 1087K, capacity 1145K, committed 1152K, reserved 1048576K
Event: 3,449 GC heap after
Heap after GC invocations=12 (full 4):
 PSYoungGen      total 449536K, used 143207K [0x0000000781700000, 0x00000007b9280000, 0x00000007c0000000)
  eden space 165376K, 0% used [0x0000000781700000,0x0000000781700000,0x000000078b880000)
  from space 284160K, 50% used [0x00000007a0600000,0x00000007a91d9e78,0x00000007b1b80000)
  to   space 341504K, 0% used [0x000000078b880000,0x000000078b880000,0x00000007a0600000)
 ParOldGen       total 1115648K, used 732683K [0x0000000704400000, 0x0000000748580000, 0x0000000781700000)
  object space 1115648K, 65% used [0x0000000704400000,0x0000000730f82d78,0x0000000748580000)
 Metaspace       used 9167K, capacity 9302K, committed 9344K, reserved 1056768K
  class space    used 1087K, capacity 1145K, committed 1152K, reserved 1048576K
}
Event: 3,695 GC heap before
{Heap before GC invocations=13 (full 4):
 PSYoungGen      total 449536K, used 308583K [0x0000000781700000, 0x00000007b9280000, 0x00000007c0000000)
  eden space 165376K, 100% used [0x0000000781700000,0x000000078b880000,0x000000078b880000)
  from space 284160K, 50% used [0x00000007a0600000,0x00000007a91d9e78,0x00000007b1b80000)
  to   space 341504K, 0% used [0x000000078b880000,0x000000078b880000,0x00000007a0600000)
 ParOldGen       total 1115648K, used 732683K [0x0000000704400000, 0x0000000748580000, 0x0000000781700000)
  object space 1115648K, 65% used [0x0000000704400000,0x0000000730f82d78,0x0000000748580000)
 Metaspace       used 9167K, capacity 9302K, committed 9344K, reserved 1056768K
  class space    used 1087K, capacity 1145K, committed 1152K, reserved 1048576K
Event: 3,802 GC heap after
Heap after GC invocations=13 (full 4):
 PSYoungGen      total 506880K, used 310656K [0x0000000781700000, 0x00000007b7900000, 0x00000007c0000000)
  eden space 165376K, 0% used [0x0000000781700000,0x0000000781700000,0x000000078b880000)
  from space 341504K, 90% used [0x000000078b880000,0x000000079e7e0020,0x00000007a0600000)
  to   space 341504K, 0% used [0x00000007a2b80000,0x00000007a2b80000,0x00000007b7900000)
 ParOldGen       total 1115648K, used 732683K [0x0000000704400000, 0x0000000748580000, 0x0000000781700000)
  object space 1115648K, 65% used [0x0000000704400000,0x0000000730f82d78,0x0000000748580000)
 Metaspace       used 9167K, capacity 9302K, committed 9344K, reserved 1056768K
  class space    used 1087K, capacity 1145K, committed 1152K, reserved 1048576K
}
Event: 4,070 GC heap before
{Heap before GC invocations=14 (full 4):
 PSYoungGen      total 506880K, used 476032K [0x0000000781700000, 0x00000007b7900000, 0x00000007c0000000)
  eden space 165376K, 100% used [0x0000000781700000,0x000000078b880000,0x000000078b880000)
  from space 341504K, 90% used [0x000000078b880000,0x000000079e7e0020,0x00000007a0600000)
  to   space 341504K, 0% used [0x00000007a2b80000,0x00000007a2b80000,0x00000007b7900000)
 ParOldGen       total 1115648K, used 732683K [0x0000000704400000, 0x0000000748580000, 0x0000000781700000)
  object space 1115648K, 65% used [0x0000000704400000,0x0000000730f82d78,0x0000000748580000)
 Metaspace       used 9230K, capacity 9398K, committed 9728K, reserved 1058816K
  class space    used 1096K, capacity 1177K, committed 1280K, reserved 1048576K
Event: 4,210 GC heap after
Heap after GC invocations=14 (full 4):
 PSYoungGen      total 545280K, used 341472K [0x0000000781700000, 0x00000007b7d80000, 0x00000007c0000000)
  eden space 203776K, 0% used [0x0000000781700000,0x0000000781700000,0x000000078de00000)
  from space 341504K, 99% used [0x00000007a2b80000,0x00000007b78f8020,0x00000007b7900000)
  to   space 341504K, 0% used [0x000000078de00000,0x000000078de00000,0x00000007a2b80000)
 ParOldGen       total 1115648K, used 871235K [0x0000000704400000, 0x0000000748580000, 0x0000000781700000)
  object space 1115648K, 78% used [0x0000000704400000,0x00000007396d0d78,0x0000000748580000)
 Metaspace       used 9230K, capacity 9398K, committed 9728K, reserved 1058816K
  class space    used 1096K, capacity 1177K, committed 1280K, reserved 1048576K
}
Event: 4,377 GC heap before
{Heap before GC invocations=15 (full 4):
 PSYoungGen      total 545280K, used 545248K [0x0000000781700000, 0x00000007b7d80000, 0x00000007c0000000)
  eden space 203776K, 100% used [0x0000000781700000,0x000000078de00000,0x000000078de00000)
  from space 341504K, 99% used [0x00000007a2b80000,0x00000007b78f8020,0x00000007b7900000)
  to   space 341504K, 0% used [0x000000078de00000,0x000000078de00000,0x00000007a2b80000)
 ParOldGen       total 1115648K, used 871235K [0x0000000704400000, 0x0000000748580000, 0x0000000781700000)
  object space 1115648K, 78% used [0x0000000704400000,0x00000007396d0d78,0x0000000748580000)
 Metaspace       used 9230K, capacity 9398K, committed 9728K, reserved 1058816K
  class space    used 1096K, capacity 1177K, committed 1280K, reserved 1048576K
Event: 4,565 GC heap after
Heap after GC invocations=15 (full 4):
 PSYoungGen      total 545280K, used 341504K [0x0000000781700000, 0x00000007bb500000, 0x00000007c0000000)
  eden space 203776K, 0% used [0x0000000781700000,0x0000000781700000,0x000000078de00000)
  from space 341504K, 100% used [0x000000078de00000,0x00000007a2b80000,0x00000007a2b80000)
  to   space 341504K, 0% used [0x00000007a6780000,0x00000007a6780000,0x00000007bb500000)
 ParOldGen       total 1115648K, used 1079739K [0x0000000704400000, 0x0000000748580000, 0x0000000781700000)
  object space 1115648K, 96% used [0x0000000704400000,0x000000074626ed98,0x0000000748580000)
 Metaspace       used 9230K, capacity 9398K, committed 9728K, reserved 1058816K
  class space    used 1096K, capacity 1177K, committed 1280K, reserved 1048576K
}
Event: 4,565 GC heap before
{Heap before GC invocations=16 (full 5):
 PSYoungGen      total 545280K, used 341504K [0x0000000781700000, 0x00000007bb500000, 0x00000007c0000000)
  eden space 203776K, 0% used [0x0000000781700000,0x0000000781700000,0x000000078de00000)
  from space 341504K, 100% used [0x000000078de00000,0x00000007a2b80000,0x00000007a2b80000)
  to   space 341504K, 0% used [0x00000007a6780000,0x00000007a6780000,0x00000007bb500000)
 ParOldGen       total 1115648K, used 1079739K [0x0000000704400000, 0x0000000748580000, 0x0000000781700000)
  object space 1115648K, 96% used [0x0000000704400000,0x000000074626ed98,0x0000000748580000)
 Metaspace       used 9230K, capacity 9398K, committed 9728K, reserved 1058816K
  class space    used 1096K, capacity 1177K, committed 1280K, reserved 1048576K

Deoptimization events (10 events):
Event: 3,983 Thread 0x00007fc9f400b800 Uncommon trap: reason=unstable_if action=reinterpret pc=0x00007fc9e531df98 method=java.io.BufferedInputStream.read([BII)I @ 104
Event: 3,983 Thread 0x00007fc9f400b800 Uncommon trap: reason=unstable_if action=reinterpret pc=0x00007fc9e5317178 method=com.sun.org.apache.xerces.internal.impl.XMLDocumentFragmentScannerImpl$FragmentContentDriver.next()I @ 1406
Event: 3,983 Thread 0x00007fc9f400b800 Uncommon trap: reason=class_check action=maybe_recompile pc=0x00007fc9e52b0bbc method=com.sun.org.apache.xerces.internal.impl.XMLDocumentScannerImpl.next()I @ 4
Event: 3,983 Thread 0x00007fc9f400b800 Uncommon trap: reason=unstable_if action=reinterpret pc=0x00007fc9e52b7da0 method=com.sun.org.apache.xerces.internal.util.XMLChar.isSpace(I)Z @ 3
Event: 3,983 Thread 0x00007fc9f400b800 Uncommon trap: reason=unstable_if action=reinterpret pc=0x00007fc9e5321e1c method=java.io.BufferedInputStream.fill()V @ 219
Event: 3,983 Thread 0x00007fc9f400b800 Uncommon trap: reason=unstable_if action=reinterpret pc=0x00007fc9e5294d74 method=com.sun.org.apache.xerces.internal.impl.io.UTF8Reader.read([CII)I @ 75
Event: 3,983 Thread 0x00007fc9f400b800 Uncommon trap: reason=unstable_if action=reinterpret pc=0x00007fc9e532075c method=com.sun.org.apache.xerces.internal.impl.XMLEntityScanner.load(IZZ)Z @ 92
Event: 4,019 Thread 0x00007fc9f400b800 Uncommon trap: reason=unstable_if action=reinterpret pc=0x00007fc9e53354c4 method=com.sun.org.apache.xerces.internal.dom.DeferredDocumentImpl.getPrevSibling(IZ)I @ 52
Event: 4,019 Thread 0x00007fc9f400b800 Uncommon trap: reason=unstable_if action=reinterpret pc=0x00007fc9e532e208 method=com.sun.org.apache.xerces.internal.dom.DeferredDocumentImpl.getPrevSibling(IZ)I @ 52
Event: 4,019 Thread 0x00007fc9f400b800 Uncommon trap: reason=unstable_if action=reinterpret pc=0x00007fc9e532c754 method=com.sun.org.apache.xerces.internal.dom.DeferredDocumentImpl.clearChunkIndex([[III)I @ 47

Classes redefined (0 events):
No events

Internal exceptions (10 events):
Event: 0,274 Thread 0x00007fc9f400b800 Exception <a 'java/lang/NoClassDefFoundError': javassist/ClassPath> (0x0000000781cc16a0) thrown at [/scratch/jenkins/workspace/8-2-build-linux-amd64/jdk8u241/331/hotspot/src/share/vm/classfile/systemDictionary.cpp, line 199]
Event: 0,412 Thread 0x00007fc9f400b800 Exception <a 'java/lang/NoSuchFieldError': method resolution failed> (0x00000007822b4ba0) thrown at [/scratch/jenkins/workspace/8-2-build-linux-amd64/jdk8u241/331/hotspot/src/share/vm/prims/methodHandles.cpp, line 1167]
Event: 0,415 Thread 0x00007fc9f400b800 Exception <a 'java/lang/NoSuchFieldError': method resolution failed> (0x00000007822c22c0) thrown at [/scratch/jenkins/workspace/8-2-build-linux-amd64/jdk8u241/331/hotspot/src/share/vm/prims/methodHandles.cpp, line 1167]
Event: 0,452 Thread 0x00007fc9f43df000 Exception <a 'java/lang/ArrayIndexOutOfBoundsException'> (0x0000000782486bd0) thrown at [/scratch/jenkins/workspace/8-2-build-linux-amd64/jdk8u241/331/hotspot/src/share/vm/runtime/sharedRuntime.cpp, line 605]
Event: 0,452 Thread 0x00007fc9f43df000 Exception <a 'java/lang/ArrayIndexOutOfBoundsException'> (0x0000000782487bd0) thrown at [/scratch/jenkins/workspace/8-2-build-linux-amd64/jdk8u241/331/hotspot/src/share/vm/runtime/sharedRuntime.cpp, line 605]
Event: 0,452 Thread 0x00007fc9f43df000 Exception <a 'java/lang/ArrayIndexOutOfBoundsException'> (0x0000000782489148) thrown at [/scratch/jenkins/workspace/8-2-build-linux-amd64/jdk8u241/331/hotspot/src/share/vm/runtime/sharedRuntime.cpp, line 605]
Event: 0,454 Thread 0x00007fc9f43df000 Exception <a 'java/lang/ArrayIndexOutOfBoundsException'> (0x00000007824943d8) thrown at [/scratch/jenkins/workspace/8-2-build-linux-amd64/jdk8u241/331/hotspot/src/share/vm/runtime/sharedRuntime.cpp, line 605]
Event: 0,454 Thread 0x00007fc9f43df000 Exception <a 'java/lang/ArrayIndexOutOfBoundsException'> (0x0000000782495108) thrown at [/scratch/jenkins/workspace/8-2-build-linux-amd64/jdk8u241/331/hotspot/src/share/vm/runtime/sharedRuntime.cpp, line 605]
Event: 0,455 Thread 0x00007fc9f43df000 Exception <a 'java/lang/ArrayIndexOutOfBoundsException'> (0x00000007824a13e8) thrown at [/scratch/jenkins/workspace/8-2-build-linux-amd64/jdk8u241/331/hotspot/src/share/vm/runtime/sharedRuntime.cpp, line 605]
Event: 0,455 Thread 0x00007fc9f43df000 Exception <a 'java/lang/ArrayIndexOutOfBoundsException'> (0x00000007824a2630) thrown at [/scratch/jenkins/workspace/8-2-build-linux-amd64/jdk8u241/331/hotspot/src/share/vm/runtime/sharedRuntime.cpp, line 605]

Events (10 events):
Event: 4,019 Thread 0x00007fc9f400b800 DEOPT UNPACKING pc=0x00007fc9e504573a sp=0x00007fc9fb2b9548 mode 2
Event: 4,019 Thread 0x00007fc9f400b800 Uncommon trap: trap_request=0xffffff65 fr.pc=0x00007fc9e532e208
Event: 4,019 Thread 0x00007fc9f400b800 DEOPT PACKING pc=0x00007fc9e532e208 sp=0x00007fc9fb2b9570
Event: 4,019 Thread 0x00007fc9f400b800 DEOPT UNPACKING pc=0x00007fc9e504573a sp=0x00007fc9fb2b9510 mode 2
Event: 4,019 Thread 0x00007fc9f400b800 Uncommon trap: trap_request=0xffffff65 fr.pc=0x00007fc9e532c754
Event: 4,019 Thread 0x00007fc9f400b800 DEOPT PACKING pc=0x00007fc9e532c754 sp=0x00007fc9fb2b93e0
Event: 4,019 Thread 0x00007fc9f400b800 DEOPT UNPACKING pc=0x00007fc9e504573a sp=0x00007fc9fb2b93b0 mode 2
Event: 4,070 Executing VM operation: ParallelGCFailedAllocation
Event: 4,210 Executing VM operation: ParallelGCFailedAllocation done
Event: 4,377 Executing VM operation: ParallelGCFailedAllocation


Dynamic libraries:
00400000-00401000 r-xp 00000000 103:05 546730                            /usr/lib/jvm/java-8-openjdk-amd64/jre/bin/java
00600000-00601000 r--p 00000000 103:05 546730                            /usr/lib/jvm/java-8-openjdk-amd64/jre/bin/java
00601000-00602000 rw-p 00001000 103:05 546730                            /usr/lib/jvm/java-8-openjdk-amd64/jre/bin/java
020a8000-020c9000 rw-p 00000000 00:00 0                                  [heap]
704400000-748580000 rw-p 00000000 00:00 0 
765e00000-781700000 ---p 00000000 00:00 0 
781700000-7bb500000 rw-p 00000000 00:00 0 
7bb500000-7c0000000 ---p 00000000 00:00 0 
7c0000000-7c0140000 rw-p 00000000 00:00 0 
7c0140000-800000000 ---p 00000000 00:00 0 
7fc994000000-7fc994021000 rw-p 00000000 00:00 0 
7fc994021000-7fc998000000 ---p 00000000 00:00 0 
7fc99c000000-7fc99c024000 rw-p 00000000 00:00 0 
7fc99c024000-7fc9a0000000 ---p 00000000 00:00 0 
7fc9a0000000-7fc9a0021000 rw-p 00000000 00:00 0 
7fc9a0021000-7fc9a4000000 ---p 00000000 00:00 0 
7fc9a4000000-7fc9a4021000 rw-p 00000000 00:00 0 
7fc9a4021000-7fc9a8000000 ---p 00000000 00:00 0 
7fc9a8000000-7fc9a8021000 rw-p 00000000 00:00 0 
7fc9a8021000-7fc9ac000000 ---p 00000000 00:00 0 
7fc9ac000000-7fc9ac4ce000 rw-p 00000000 00:00 0 
7fc9ac4ce000-7fc9b0000000 ---p 00000000 00:00 0 
7fc9b0000000-7fc9b0273000 rw-p 00000000 00:00 0 
7fc9b0273000-7fc9b4000000 ---p 00000000 00:00 0 
7fc9b4000000-7fc9b4021000 rw-p 00000000 00:00 0 
7fc9b4021000-7fc9b8000000 ---p 00000000 00:00 0 
7fc9b8000000-7fc9b84f7000 rw-p 00000000 00:00 0 
7fc9b84f7000-7fc9bc000000 ---p 00000000 00:00 0 
7fc9bc000000-7fc9bc021000 rw-p 00000000 00:00 0 
7fc9bc021000-7fc9c0000000 ---p 00000000 00:00 0 
7fc9c0000000-7fc9c0021000 rw-p 00000000 00:00 0 
7fc9c0021000-7fc9c4000000 ---p 00000000 00:00 0 
7fc9c6ae4000-7fc9c6b24000 rw-p 00000000 00:00 0 
7fc9c6b24000-7fc9c6ce4000 ---p 00000000 00:00 0 
7fc9c6ce4000-7fc9c6ce7000 ---p 00000000 00:00 0 
7fc9c6ce7000-7fc9c6de5000 rw-p 00000000 00:00 0 
7fc9c6de5000-7fc9c6de8000 ---p 00000000 00:00 0 
7fc9c6de8000-7fc9c6ee6000 rw-p 00000000 00:00 0 
7fc9c6ee6000-7fc9c6ee9000 ---p 00000000 00:00 0 
7fc9c6ee9000-7fc9c6fe7000 rw-p 00000000 00:00 0 
7fc9c6fe7000-7fc9c6ff0000 r-xp 00000000 103:05 555124                    /usr/lib/jvm/java-8-openjdk-amd64/jre/lib/amd64/libmanagement.so
7fc9c6ff0000-7fc9c71ef000 ---p 00009000 103:05 555124                    /usr/lib/jvm/java-8-openjdk-amd64/jre/lib/amd64/libmanagement.so
7fc9c71ef000-7fc9c71f0000 r--p 00008000 103:05 555124                    /usr/lib/jvm/java-8-openjdk-amd64/jre/lib/amd64/libmanagement.so
7fc9c71f0000-7fc9c71f1000 rw-p 00009000 103:05 555124                    /usr/lib/jvm/java-8-openjdk-amd64/jre/lib/amd64/libmanagement.so
7fc9c71f1000-7fc9c7202000 r-xp 00000000 103:05 555129                    /usr/lib/jvm/java-8-openjdk-amd64/jre/lib/amd64/libnio.so
7fc9c7202000-7fc9c7401000 ---p 00011000 103:05 555129                    /usr/lib/jvm/java-8-openjdk-amd64/jre/lib/amd64/libnio.so
7fc9c7401000-7fc9c7402000 r--p 00010000 103:05 555129                    /usr/lib/jvm/java-8-openjdk-amd64/jre/lib/amd64/libnio.so
7fc9c7402000-7fc9c7403000 rw-p 00011000 103:05 555129                    /usr/lib/jvm/java-8-openjdk-amd64/jre/lib/amd64/libnio.so
7fc9c7403000-7fc9c7419000 r-xp 00000000 103:05 555128                    /usr/lib/jvm/java-8-openjdk-amd64/jre/lib/amd64/libnet.so
7fc9c7419000-7fc9c7618000 ---p 00016000 103:05 555128                    /usr/lib/jvm/java-8-openjdk-amd64/jre/lib/amd64/libnet.so
7fc9c7618000-7fc9c7619000 r--p 00015000 103:05 555128                    /usr/lib/jvm/java-8-openjdk-amd64/jre/lib/amd64/libnet.so
7fc9c7619000-7fc9c761a000 rw-p 00016000 103:05 555128                    /usr/lib/jvm/java-8-openjdk-amd64/jre/lib/amd64/libnet.so
7fc9c761a000-7fc9c761b000 ---p 00000000 00:00 0 
7fc9c761b000-7fc9c771b000 rw-p 00000000 00:00 0 
7fc9c771b000-7fc9c771e000 ---p 00000000 00:00 0 
7fc9c771e000-7fc9c781c000 rw-p 00000000 00:00 0 
7fc9c781c000-7fc9c781d000 ---p 00000000 00:00 0 
7fc9c781d000-7fc9c7820000 ---p 00000000 00:00 0 
7fc9c7820000-7fc9c791d000 rw-p 00000000 00:00 0 
7fc9c791d000-7fc9c791e000 ---p 00000000 00:00 0 
7fc9c791e000-7fc9c7921000 ---p 00000000 00:00 0 
7fc9c7921000-7fc9c7a1e000 rw-p 00000000 00:00 0 
7fc9c7a1e000-7fc9c7a1f000 ---p 00000000 00:00 0 
7fc9c7a1f000-7fc9c7a22000 ---p 00000000 00:00 0 
7fc9c7a22000-7fc9c7b1f000 rw-p 00000000 00:00 0 
7fc9c7b1f000-7fc9c7b22000 ---p 00000000 00:00 0 
7fc9c7b22000-7fc9c7c20000 rw-p 00000000 00:00 0 
7fc9c7c20000-7fc9c7eff000 r--p 00000000 103:05 6429000                   /usr/lib/locale/locale-archive
7fc9c7eff000-7fc9c7f02000 ---p 00000000 00:00 0 
7fc9c7f02000-7fc9c8000000 rw-p 00000000 00:00 0 
7fc9c8000000-7fc9c829e000 rw-p 00000000 00:00 0 
7fc9c829e000-7fc9cc000000 ---p 00000000 00:00 0 
7fc9cc03f000-7fc9cc07b000 r--s 0031b000 103:05 6960731                   /home/loubard/.m2/repository/io/netty/netty-all/4.1.5.Final/netty-all-4.1.5.Final.jar
7fc9cc07b000-7fc9cc09f000 r--s 0020e000 103:05 6960725                   /home/loubard/.m2/repository/com/basho/riak/riak-client/2.1.1/riak-client-2.1.1.jar
7fc9cc09f000-7fc9cc0a2000 ---p 00000000 00:00 0 
7fc9cc0a2000-7fc9cc1a0000 rw-p 00000000 00:00 0 
7fc9cc1a0000-7fc9cc1a1000 ---p 00000000 00:00 0 
7fc9cc1a1000-7fc9cd1f2000 rw-p 00000000 00:00 0 
7fc9cd1f2000-7fc9cd3cc000 r--s 03d8c000 103:05 558117                    /usr/lib/jvm/java-8-openjdk-amd64/jre/lib/rt.jar
7fc9cd3cc000-7fc9d4000000 rw-p 00000000 00:00 0 
7fc9d4000000-7fc9d4021000 rw-p 00000000 00:00 0 
7fc9d4021000-7fc9d8000000 ---p 00000000 00:00 0 
7fc9d8000000-7fc9d8021000 rw-p 00000000 00:00 0 
7fc9d8021000-7fc9dc000000 ---p 00000000 00:00 0 
7fc9dc000000-7fc9dc021000 rw-p 00000000 00:00 0 
7fc9dc021000-7fc9e0000000 ---p 00000000 00:00 0 
7fc9e0000000-7fc9e0021000 rw-p 00000000 00:00 0 
7fc9e0021000-7fc9e4000000 ---p 00000000 00:00 0 
7fc9e4012000-7fc9e4075000 rw-p 00000000 00:00 0 
7fc9e4075000-7fc9e4076000 ---p 00000000 00:00 0 
7fc9e4076000-7fc9e4176000 rw-p 00000000 00:00 0 
7fc9e4176000-7fc9e4177000 ---p 00000000 00:00 0 
7fc9e4177000-7fc9e4498000 rw-p 00000000 00:00 0 
7fc9e4498000-7fc9e4661000 ---p 00000000 00:00 0 
7fc9e4661000-7fc9e4882000 rw-p 00000000 00:00 0 
7fc9e4882000-7fc9e4a4a000 ---p 00000000 00:00 0 
7fc9e4a4a000-7fc9e4c1a000 rw-p 00000000 00:00 0 
7fc9e4c1a000-7fc9e4c3f000 ---p 00000000 00:00 0 
7fc9e4c3f000-7fc9e4c4e000 rw-p 00000000 00:00 0 
7fc9e4c4e000-7fc9e5000000 ---p 00000000 00:00 0 
7fc9e5000000-7fc9e5360000 rwxp 00000000 00:00 0 
7fc9e5360000-7fc9f4000000 ---p 00000000 00:00 0 
7fc9f4000000-7fc9f446c000 rw-p 00000000 00:00 0 
7fc9f446c000-7fc9f8000000 ---p 00000000 00:00 0 
7fc9f8008000-7fc9f800b000 r--s 0001a000 103:05 6960733                   /home/loubard/.m2/repository/org/erlang/otp/jinterface/1.6.1/jinterface-1.6.1.jar
7fc9f800b000-7fc9f805b000 rw-p 00000000 00:00 0 
7fc9f805b000-7fc9f805c000 ---p 00000000 00:00 0 
7fc9f805c000-7fc9f815c000 rw-p 00000000 00:00 0 
7fc9f815c000-7fc9f815d000 ---p 00000000 00:00 0 
7fc9f815d000-7fc9f825d000 rw-p 00000000 00:00 0 
7fc9f825d000-7fc9f8278000 r-xp 00000000 103:05 555175                    /usr/lib/jvm/java-8-openjdk-amd64/jre/lib/amd64/libzip.so
7fc9f8278000-7fc9f8477000 ---p 0001b000 103:05 555175                    /usr/lib/jvm/java-8-openjdk-amd64/jre/lib/amd64/libzip.so
7fc9f8477000-7fc9f8478000 r--p 0001a000 103:05 555175                    /usr/lib/jvm/java-8-openjdk-amd64/jre/lib/amd64/libzip.so
7fc9f8478000-7fc9f8479000 rw-p 0001b000 103:05 555175                    /usr/lib/jvm/java-8-openjdk-amd64/jre/lib/amd64/libzip.so
7fc9f8479000-7fc9f8484000 r-xp 00000000 103:05 398387                    /lib/x86_64-linux-gnu/libnss_files-2.27.so
7fc9f8484000-7fc9f8683000 ---p 0000b000 103:05 398387                    /lib/x86_64-linux-gnu/libnss_files-2.27.so
7fc9f8683000-7fc9f8684000 r--p 0000a000 103:05 398387                    /lib/x86_64-linux-gnu/libnss_files-2.27.so
7fc9f8684000-7fc9f8685000 rw-p 0000b000 103:05 398387                    /lib/x86_64-linux-gnu/libnss_files-2.27.so
7fc9f8685000-7fc9f868b000 rw-p 00000000 00:00 0 
7fc9f868b000-7fc9f86a2000 r-xp 00000000 103:05 398381                    /lib/x86_64-linux-gnu/libnsl-2.27.so
7fc9f86a2000-7fc9f88a1000 ---p 00017000 103:05 398381                    /lib/x86_64-linux-gnu/libnsl-2.27.so
7fc9f88a1000-7fc9f88a2000 r--p 00016000 103:05 398381                    /lib/x86_64-linux-gnu/libnsl-2.27.so
7fc9f88a2000-7fc9f88a3000 rw-p 00017000 103:05 398381                    /lib/x86_64-linux-gnu/libnsl-2.27.so
7fc9f88a3000-7fc9f88a5000 rw-p 00000000 00:00 0 
7fc9f88a5000-7fc9f88b0000 r-xp 00000000 103:05 398398                    /lib/x86_64-linux-gnu/libnss_nis-2.27.so
7fc9f88b0000-7fc9f8aaf000 ---p 0000b000 103:05 398398                    /lib/x86_64-linux-gnu/libnss_nis-2.27.so
7fc9f8aaf000-7fc9f8ab0000 r--p 0000a000 103:05 398398                    /lib/x86_64-linux-gnu/libnss_nis-2.27.so
7fc9f8ab0000-7fc9f8ab1000 rw-p 0000b000 103:05 398398                    /lib/x86_64-linux-gnu/libnss_nis-2.27.so
7fc9f8ab1000-7fc9f8ab9000 r-xp 00000000 103:05 398383                    /lib/x86_64-linux-gnu/libnss_compat-2.27.so
7fc9f8ab9000-7fc9f8cb9000 ---p 00008000 103:05 398383                    /lib/x86_64-linux-gnu/libnss_compat-2.27.so
7fc9f8cb9000-7fc9f8cba000 r--p 00008000 103:05 398383                    /lib/x86_64-linux-gnu/libnss_compat-2.27.so
7fc9f8cba000-7fc9f8cbb000 rw-p 00009000 103:05 398383                    /lib/x86_64-linux-gnu/libnss_compat-2.27.so
7fc9f8cbb000-7fc9f8ce7000 r-xp 00000000 103:05 555065                    /usr/lib/jvm/java-8-openjdk-amd64/jre/lib/amd64/libjava.so
7fc9f8ce7000-7fc9f8ee7000 ---p 0002c000 103:05 555065                    /usr/lib/jvm/java-8-openjdk-amd64/jre/lib/amd64/libjava.so
7fc9f8ee7000-7fc9f8ee8000 r--p 0002c000 103:05 555065                    /usr/lib/jvm/java-8-openjdk-amd64/jre/lib/amd64/libjava.so
7fc9f8ee8000-7fc9f8eea000 rw-p 0002d000 103:05 555065                    /usr/lib/jvm/java-8-openjdk-amd64/jre/lib/amd64/libjava.so
7fc9f8eea000-7fc9f8ef7000 r-xp 00000000 103:05 555174                    /usr/lib/jvm/java-8-openjdk-amd64/jre/lib/amd64/libverify.so
7fc9f8ef7000-7fc9f90f6000 ---p 0000d000 103:05 555174                    /usr/lib/jvm/java-8-openjdk-amd64/jre/lib/amd64/libverify.so
7fc9f90f6000-7fc9f90f8000 r--p 0000c000 103:05 555174                    /usr/lib/jvm/java-8-openjdk-amd64/jre/lib/amd64/libverify.so
7fc9f90f8000-7fc9f90f9000 rw-p 0000e000 103:05 555174                    /usr/lib/jvm/java-8-openjdk-amd64/jre/lib/amd64/libverify.so
7fc9f90f9000-7fc9f9100000 r-xp 00000000 103:05 398438                    /lib/x86_64-linux-gnu/librt-2.27.so
7fc9f9100000-7fc9f92ff000 ---p 00007000 103:05 398438                    /lib/x86_64-linux-gnu/librt-2.27.so
7fc9f92ff000-7fc9f9300000 r--p 00006000 103:05 398438                    /lib/x86_64-linux-gnu/librt-2.27.so
7fc9f9300000-7fc9f9301000 rw-p 00007000 103:05 398438                    /lib/x86_64-linux-gnu/librt-2.27.so
7fc9f9301000-7fc9f949e000 r-xp 00000000 103:05 398360                    /lib/x86_64-linux-gnu/libm-2.27.so
7fc9f949e000-7fc9f969d000 ---p 0019d000 103:05 398360                    /lib/x86_64-linux-gnu/libm-2.27.so
7fc9f969d000-7fc9f969e000 r--p 0019c000 103:05 398360                    /lib/x86_64-linux-gnu/libm-2.27.so
7fc9f969e000-7fc9f969f000 rw-p 0019d000 103:05 398360                    /lib/x86_64-linux-gnu/libm-2.27.so
7fc9f969f000-7fc9fa38e000 r-xp 00000000 103:05 555178                    /usr/lib/jvm/java-8-openjdk-amd64/jre/lib/amd64/server/libjvm.so
7fc9fa38e000-7fc9fa58d000 ---p 00cef000 103:05 555178                    /usr/lib/jvm/java-8-openjdk-amd64/jre/lib/amd64/server/libjvm.so
7fc9fa58d000-7fc9fa623000 r--p 00cee000 103:05 555178                    /usr/lib/jvm/java-8-openjdk-amd64/jre/lib/amd64/server/libjvm.so
7fc9fa623000-7fc9fa654000 rw-p 00d84000 103:05 555178                    /usr/lib/jvm/java-8-openjdk-amd64/jre/lib/amd64/server/libjvm.so
7fc9fa654000-7fc9fa68f000 rw-p 00000000 00:00 0 
7fc9fa68f000-7fc9fa876000 r-xp 00000000 103:05 398297                    /lib/x86_64-linux-gnu/libc-2.27.so
7fc9fa876000-7fc9faa76000 ---p 001e7000 103:05 398297                    /lib/x86_64-linux-gnu/libc-2.27.so
7fc9faa76000-7fc9faa7a000 r--p 001e7000 103:05 398297                    /lib/x86_64-linux-gnu/libc-2.27.so
7fc9faa7a000-7fc9faa7c000 rw-p 001eb000 103:05 398297                    /lib/x86_64-linux-gnu/libc-2.27.so
7fc9faa7c000-7fc9faa80000 rw-p 00000000 00:00 0 
7fc9faa80000-7fc9faa83000 r-xp 00000000 103:05 398320                    /lib/x86_64-linux-gnu/libdl-2.27.so
7fc9faa83000-7fc9fac82000 ---p 00003000 103:05 398320                    /lib/x86_64-linux-gnu/libdl-2.27.so
7fc9fac82000-7fc9fac83000 r--p 00002000 103:05 398320                    /lib/x86_64-linux-gnu/libdl-2.27.so
7fc9fac83000-7fc9fac84000 rw-p 00003000 103:05 398320                    /lib/x86_64-linux-gnu/libdl-2.27.so
7fc9fac84000-7fc9fac9b000 r-xp 00000000 103:05 553800                    /usr/lib/jvm/java-8-openjdk-amd64/jre/lib/amd64/jli/libjli.so
7fc9fac9b000-7fc9fae9a000 ---p 00017000 103:05 553800                    /usr/lib/jvm/java-8-openjdk-amd64/jre/lib/amd64/jli/libjli.so
7fc9fae9a000-7fc9fae9b000 r--p 00016000 103:05 553800                    /usr/lib/jvm/java-8-openjdk-amd64/jre/lib/amd64/jli/libjli.so
7fc9fae9b000-7fc9fae9c000 rw-p 00017000 103:05 553800                    /usr/lib/jvm/java-8-openjdk-amd64/jre/lib/amd64/jli/libjli.so
7fc9fae9c000-7fc9faeb6000 r-xp 00000000 103:05 398430                    /lib/x86_64-linux-gnu/libpthread-2.27.so
7fc9faeb6000-7fc9fb0b5000 ---p 0001a000 103:05 398430                    /lib/x86_64-linux-gnu/libpthread-2.27.so
7fc9fb0b5000-7fc9fb0b6000 r--p 00019000 103:05 398430                    /lib/x86_64-linux-gnu/libpthread-2.27.so
7fc9fb0b6000-7fc9fb0b7000 rw-p 0001a000 103:05 398430                    /lib/x86_64-linux-gnu/libpthread-2.27.so
7fc9fb0b7000-7fc9fb0bb000 rw-p 00000000 00:00 0 
7fc9fb0bb000-7fc9fb0e2000 r-xp 00000000 103:05 398269                    /lib/x86_64-linux-gnu/ld-2.27.so
7fc9fb0e3000-7fc9fb0f2000 r--s 00081000 103:05 6960730                   /home/loubard/.m2/repository/joda-time/joda-time/2.7/joda-time-2.7.jar
7fc9fb0f2000-7fc9fb0f5000 r--s 0000e000 103:05 6960723                   /home/loubard/.m2/repository/com/fasterxml/jackson/datatype/jackson-datatype-joda/2.8.0/jackson-datatype-joda-2.8.0.jar
7fc9fb0f5000-7fc9fb0f9000 r--s 00041000 103:05 6960726                   /home/loubard/.m2/repository/com/fasterxml/jackson/core/jackson-core/2.8.0/jackson-core-2.8.0.jar
7fc9fb0f9000-7fc9fb0fc000 r--s 0000b000 103:05 6960724                   /home/loubard/.m2/repository/com/fasterxml/jackson/core/jackson-annotations/2.8.0/jackson-annotations-2.8.0.jar
7fc9fb0fc000-7fc9fb1ba000 rw-p 00000000 00:00 0 
7fc9fb1ba000-7fc9fb1bb000 ---p 00000000 00:00 0 
7fc9fb1bb000-7fc9fb1be000 ---p 00000000 00:00 0 
7fc9fb1be000-7fc9fb2bf000 rw-p 00000000 00:00 0 
7fc9fb2bf000-7fc9fb2d1000 r--s 0011b000 103:05 6960727                   /home/loubard/.m2/repository/com/fasterxml/jackson/core/jackson-databind/2.8.0/jackson-databind-2.8.0.jar
7fc9fb2d1000-7fc9fb2d3000 r--s 00009000 103:05 6960721                   /home/loubard/.m2/repository/org/slf4j/slf4j-api/1.7.21/slf4j-api-1.7.21.jar
7fc9fb2d3000-7fc9fb2d6000 r--s 0000f000 103:05 557164                    /usr/lib/jvm/java-8-openjdk-amd64/jre/lib/ext/icedtea-sound.jar
7fc9fb2d6000-7fc9fb2d8000 r--s 00007000 103:05 6953966                   /usr/share/java/java-atk-wrapper.jar
7fc9fb2d8000-7fc9fb2e0000 rw-s 00000000 103:05 4587937                   /tmp/hsperfdata_loubard/9172
7fc9fb2e0000-7fc9fb2e1000 rw-p 00000000 00:00 0 
7fc9fb2e1000-7fc9fb2e2000 ---p 00000000 00:00 0 
7fc9fb2e2000-7fc9fb2e3000 r--p 00027000 103:05 398269                    /lib/x86_64-linux-gnu/ld-2.27.so
7fc9fb2e3000-7fc9fb2e4000 rw-p 00028000 103:05 398269                    /lib/x86_64-linux-gnu/ld-2.27.so
7fc9fb2e4000-7fc9fb2e5000 rw-p 00000000 00:00 0 
7ffdfcfd6000-7ffdfcff8000 rw-p 00000000 00:00 0                          [stack]
7ffdfcffb000-7ffdfcffe000 r--p 00000000 00:00 0                          [vvar]
7ffdfcffe000-7ffdfd000000 r-xp 00000000 00:00 0                          [vdso]
ffffffffff600000-ffffffffff601000 r-xp 00000000 00:00 0                  [vsyscall]

VM Arguments:
jvm_args: -Dfile.encoding=UTF-8 
java_command: src.main.java.setup.TasteOfRiak
java_class_path (initial): /home/loubard/eclipse-workspace/BigTable/target/classes:/home/loubard/.m2/repository/com/basho/riak/riak-client/2.1.1/riak-client-2.1.1.jar:/home/loubard/.m2/repository/org/slf4j/slf4j-api/1.7.21/slf4j-api-1.7.21.jar:/home/loubard/.m2/repository/com/fasterxml/jackson/core/jackson-databind/2.8.0/jackson-databind-2.8.0.jar:/home/loubard/.m2/repository/com/fasterxml/jackson/core/jackson-annotations/2.8.0/jackson-annotations-2.8.0.jar:/home/loubard/.m2/repository/com/fasterxml/jackson/core/jackson-core/2.8.0/jackson-core-2.8.0.jar:/home/loubard/.m2/repository/com/fasterxml/jackson/datatype/jackson-datatype-joda/2.8.0/jackson-datatype-joda-2.8.0.jar:/home/loubard/.m2/repository/joda-time/joda-time/2.7/joda-time-2.7.jar:/home/loubard/.m2/repository/io/netty/netty-all/4.1.5.Final/netty-all-4.1.5.Final.jar:/home/loubard/.m2/repository/org/erlang/otp/jinterface/1.6.1/jinterface-1.6.1.jar
Launcher Type: SUN_STANDARD

Environment Variables:
JAVA_HOME=/usr/lib/jvm/java-8-openjdk-amd64
JRE_HOME=/usr/lib/jvm/java-8-openjdk-amd64/jre
PATH=/home/loubard/anaconda3/bin:/home/loubard/.local/bin:/usr/local/sbin:/usr/local/bin:/usr/sbin:/usr/bin:/sbin:/bin:/usr/games:/usr/local/games:/media/loubard/5C24C3855A6481A3/linux_games/retro:/home/loubard/eclipse/java-2020-037/eclipse
SHELL=/bin/bash
DISPLAY=:0

Signal Handlers:
SIGSEGV: [libjvm.so+0xad9960], sa_mask[0]=11111111011111111101111111111110, sa_flags=SA_RESTART|SA_SIGINFO
SIGBUS: [libjvm.so+0xad9960], sa_mask[0]=11111111011111111101111111111110, sa_flags=SA_RESTART|SA_SIGINFO
SIGFPE: [libjvm.so+0x90d4a0], sa_mask[0]=11111111011111111101111111111110, sa_flags=SA_RESTART|SA_SIGINFO
SIGPIPE: [libjvm.so+0x90d4a0], sa_mask[0]=11111111011111111101111111111110, sa_flags=SA_RESTART|SA_SIGINFO
SIGXFSZ: [libjvm.so+0x90d4a0], sa_mask[0]=11111111011111111101111111111110, sa_flags=SA_RESTART|SA_SIGINFO
SIGILL: [libjvm.so+0x90d4a0], sa_mask[0]=11111111011111111101111111111110, sa_flags=SA_RESTART|SA_SIGINFO
SIGUSR1: SIG_DFL, sa_mask[0]=00000000000000000000000000000000, sa_flags=none
SIGUSR2: [libjvm.so+0x90d370], sa_mask[0]=00100000000000000000000000000000, sa_flags=SA_RESTART|SA_SIGINFO
SIGHUP: [libjvm.so+0x90d990], sa_mask[0]=11111111011111111101111111111110, sa_flags=SA_RESTART|SA_SIGINFO
SIGINT: [libjvm.so+0x90d990], sa_mask[0]=11111111011111111101111111111110, sa_flags=SA_RESTART|SA_SIGINFO
SIGTERM: [libjvm.so+0x90d990], sa_mask[0]=11111111011111111101111111111110, sa_flags=SA_RESTART|SA_SIGINFO
SIGQUIT: [libjvm.so+0x90d990], sa_mask[0]=11111111011111111101111111111110, sa_flags=SA_RESTART|SA_SIGINFO


---------------  S Y S T E M  ---------------

OS:DISTRIB_ID=LinuxMint
DISTRIB_RELEASE=19.2
DISTRIB_CODENAME=tina
DISTRIB_DESCRIPTION="Linux Mint 19.2 Tina"

uname:Linux 4.15.0-54-generic #58-Ubuntu SMP Mon Jun 24 10:55:24 UTC 2019 x86_64
libc:glibc 2.27 NPTL 2.27 
rlimit: STACK 8192k, CORE 0k, NPROC 47328, NOFILE 4096, AS infinity
load average:1,76 1,26 1,11

/proc/meminfo:
MemTotal:       12300544 kB
MemFree:          138276 kB
MemAvailable:     140628 kB
Buffers:            9044 kB
Cached:           207380 kB
SwapCached:        93424 kB
Active:         10636632 kB
Inactive:        1171968 kB
Active(anon):   10526692 kB
Inactive(anon):  1067360 kB
Active(file):     109940 kB
Inactive(file):   104608 kB
Unevictable:          96 kB
Mlocked:              96 kB
SwapTotal:       2097148 kB
SwapFree:          21676 kB
Dirty:               196 kB
Writeback:             0 kB
AnonPages:      11500860 kB
Mapped:           206072 kB
Shmem:              1848 kB
Slab:             111908 kB
SReclaimable:      46532 kB
SUnreclaim:        65376 kB
KernelStack:       17488 kB
PageTables:        72460 kB
NFS_Unstable:          0 kB
Bounce:                0 kB
WritebackTmp:          0 kB
CommitLimit:     8247420 kB
Committed_AS:   22519300 kB
VmallocTotal:   34359738367 kB
VmallocUsed:           0 kB
VmallocChunk:          0 kB
HardwareCorrupted:     0 kB
AnonHugePages:         0 kB
ShmemHugePages:        0 kB
ShmemPmdMapped:        0 kB
CmaTotal:              0 kB
CmaFree:               0 kB
HugePages_Total:       0
HugePages_Free:        0
HugePages_Rsvd:        0
HugePages_Surp:        0
Hugepagesize:       2048 kB
DirectMap4k:      320932 kB
DirectMap2M:    10106880 kB
DirectMap1G:     3145728 kB

container (cgroup) information:
container_type: cgroupv1
cpu_cpuset_cpus: 0-3
cpu_memory_nodes: 0
active_processor_count: 4
cpu_quota: -1
cpu_period: 100000
cpu_shares: -1
memory_limit_in_bytes: -1
memory_and_swap_limit_in_bytes: -2
memory_soft_limit_in_bytes: -1
memory_usage_in_bytes: 12088074240
memory_max_usage_in_bytes: 0


CPU:total 4 (initial active 4) (4 cores per cpu, 1 threads per core) family 23 model 17 stepping 0, cmov, cx8, fxsr, mmx, sse, sse2, sse3, ssse3, sse4.1, sse4.2, popcnt, avx, avx2, aes, clmul, mmxext, 3dnowpref, lzcnt, sse4a, tsc, tscinvbit, tscinv, bmi1

/proc/cpuinfo:
processor	: 0
vendor_id	: AuthenticAMD
cpu family	: 23
model		: 17
model name	: AMD Ryzen 3 2200G with Radeon Vega Graphics
stepping	: 0
microcode	: 0x810100b
cpu MHz		: 1431.721
cache size	: 512 KB
physical id	: 0
siblings	: 4
core id		: 0
cpu cores	: 4
apicid		: 0
initial apicid	: 0
fpu		: yes
fpu_exception	: yes
cpuid level	: 13
wp		: yes
flags		: fpu vme de pse tsc msr pae mce cx8 apic sep mtrr pge mca cmov pat pse36 clflush mmx fxsr sse sse2 ht syscall nx mmxext fxsr_opt pdpe1gb rdtscp lm constant_tsc rep_good nopl nonstop_tsc cpuid extd_apicid aperfmperf pni pclmulqdq monitor ssse3 fma cx16 sse4_1 sse4_2 movbe popcnt aes xsave avx f16c rdrand lahf_lm cmp_legacy svm extapic cr8_legacy abm sse4a misalignsse 3dnowprefetch osvw skinit wdt tce topoext perfctr_core perfctr_nb bpext perfctr_llc mwaitx hw_pstate sme ssbd ibpb vmmcall fsgsbase bmi1 avx2 smep bmi2 rdseed adx smap clflushopt sha_ni xsaveopt xsavec xgetbv1 xsaves clzero irperf xsaveerptr arat npt lbrv svm_lock nrip_save tsc_scale vmcb_clean flushbyasid decodeassists pausefilter pfthreshold avic v_vmsave_vmload vgif overflow_recov succor smca
bugs		: sysret_ss_attrs null_seg spectre_v1 spectre_v2 spec_store_bypass
bogomips	: 7000.29
TLB size	: 2560 4K pages
clflush size	: 64
cache_alignment	: 64
address sizes	: 43 bits physical, 48 bits virtual
power management: ts ttp tm hwpstate eff_freq_ro [13] [14]

processor	: 1
vendor_id	: AuthenticAMD
cpu family	: 23
model		: 17
model name	: AMD Ryzen 3 2200G with Radeon Vega Graphics
stepping	: 0
microcode	: 0x810100b
cpu MHz		: 1430.615
cache size	: 512 KB
physical id	: 0
siblings	: 4
core id		: 1
cpu cores	: 4
apicid		: 1
initial apicid	: 1
fpu		: yes
fpu_exception	: yes
cpuid level	: 13
wp		: yes
flags		: fpu vme de pse tsc msr pae mce cx8 apic sep mtrr pge mca cmov pat pse36 clflush mmx fxsr sse sse2 ht syscall nx mmxext fxsr_opt pdpe1gb rdtscp lm constant_tsc rep_good nopl nonstop_tsc cpuid extd_apicid aperfmperf pni pclmulqdq monitor ssse3 fma cx16 sse4_1 sse4_2 movbe popcnt aes xsave avx f16c rdrand lahf_lm cmp_legacy svm extapic cr8_legacy abm sse4a misalignsse 3dnowprefetch osvw skinit wdt tce topoext perfctr_core perfctr_nb bpext perfctr_llc mwaitx hw_pstate sme ssbd ibpb vmmcall fsgsbase bmi1 avx2 smep bmi2 rdseed adx smap clflushopt sha_ni xsaveopt xsavec xgetbv1 xsaves clzero irperf xsaveerptr arat npt lbrv svm_lock nrip_save tsc_scale vmcb_clean flushbyasid decodeassists pausefilter pfthreshold avic v_vmsave_vmload vgif overflow_recov succor smca
bugs		: sysret_ss_attrs null_seg spectre_v1 spectre_v2 spec_store_bypass
bogomips	: 7000.29
TLB size	: 2560 4K pages
clflush size	: 64
cache_alignment	: 64
address sizes	: 43 bits physical, 48 bits virtual
power management: ts ttp tm hwpstate eff_freq_ro [13] [14]

processor	: 2
vendor_id	: AuthenticAMD
cpu family	: 23
model		: 17
model name	: AMD Ryzen 3 2200G with Radeon Vega Graphics
stepping	: 0
microcode	: 0x810100b
cpu MHz		: 1807.965
cache size	: 512 KB
physical id	: 0
siblings	: 4
core id		: 2
cpu cores	: 4
apicid		: 2
initial apicid	: 2
fpu		: yes
fpu_exception	: yes
cpuid level	: 13
wp		: yes
flags		: fpu vme de pse tsc msr pae mce cx8 apic sep mtrr pge mca cmov pat pse36 clflush mmx fxsr sse sse2 ht syscall nx mmxext fxsr_opt pdpe1gb rdtscp lm constant_tsc rep_good nopl nonstop_tsc cpuid extd_apicid aperfmperf pni pclmulqdq monitor ssse3 fma cx16 sse4_1 sse4_2 movbe popcnt aes xsave avx f16c rdrand lahf_lm cmp_legacy svm extapic cr8_legacy abm sse4a misalignsse 3dnowprefetch osvw skinit wdt tce topoext perfctr_core perfctr_nb bpext perfctr_llc mwaitx hw_pstate sme ssbd ibpb vmmcall fsgsbase bmi1 avx2 smep bmi2 rdseed adx smap clflushopt sha_ni xsaveopt xsavec xgetbv1 xsaves clzero irperf xsaveerptr arat npt lbrv svm_lock nrip_save tsc_scale vmcb_clean flushbyasid decodeassists pausefilter pfthreshold avic v_vmsave_vmload vgif overflow_recov succor smca
bugs		: sysret_ss_attrs null_seg spectre_v1 spectre_v2 spec_store_bypass
bogomips	: 7000.29
TLB size	: 2560 4K pages
clflush size	: 64
cache_alignment	: 64
address sizes	: 43 bits physical, 48 bits virtual
power management: ts ttp tm hwpstate eff_freq_ro [13] [14]

processor	: 3
vendor_id	: AuthenticAMD
cpu family	: 23
model		: 17
model name	: AMD Ryzen 3 2200G with Radeon Vega Graphics
stepping	: 0
microcode	: 0x810100b
cpu MHz		: 2819.160
cache size	: 512 KB
physical id	: 0
siblings	: 4
core id		: 3
cpu cores	: 4
apicid		: 3
initial apicid	: 3
fpu		: yes
fpu_exception	: yes
cpuid level	: 13
wp		: yes
flags		: fpu vme de pse tsc msr pae mce cx8 apic sep mtrr pge mca cmov pat pse36 clflush mmx fxsr sse sse2 ht syscall nx mmxext fxsr_opt pdpe1gb rdtscp lm constant_tsc rep_good nopl nonstop_tsc cpuid extd_apicid aperfmperf pni pclmulqdq monitor ssse3 fma cx16 sse4_1 sse4_2 movbe popcnt aes xsave avx f16c rdrand lahf_lm cmp_legacy svm extapic cr8_legacy abm sse4a misalignsse 3dnowprefetch osvw skinit wdt tce topoext perfctr_core perfctr_nb bpext perfctr_llc mwaitx hw_pstate sme ssbd ibpb vmmcall fsgsbase bmi1 avx2 smep bmi2 rdseed adx smap clflushopt sha_ni xsaveopt xsavec xgetbv1 xsaves clzero irperf xsaveerptr arat npt lbrv svm_lock nrip_save tsc_scale vmcb_clean flushbyasid decodeassists pausefilter pfthreshold avic v_vmsave_vmload vgif overflow_recov succor smca
bugs		: sysret_ss_attrs null_seg spectre_v1 spectre_v2 spec_store_bypass
bogomips	: 7000.29
TLB size	: 2560 4K pages
clflush size	: 64
cache_alignment	: 64
address sizes	: 43 bits physical, 48 bits virtual
power management: ts ttp tm hwpstate eff_freq_ro [13] [14]



Memory: 4k page, physical 12300544k(138152k free), swap 2097148k(21676k free)

vm_info: Java HotSpot(TM) 64-Bit Server VM (25.241-b07) for linux-amd64 JRE (1.8.0_241-b07), built on Dec 11 2019 02:22:16 by "java_re" with gcc 7.3.0

time: Mon Apr  6 12:54:03 2020
timezone: CEST
elapsed time: 5 seconds (0d 0h 0m 5s)

