#
# There is insufficient memory for the Java Runtime Environment to continue.
# Native memory allocation (mmap) failed to map 439877632 bytes for committing reserved memory.
# Possible reasons:
#   The system is out of physical RAM or swap space
#   The process is running with CompressedOops enabled, and the Java Heap may be blocking the growth of the native heap
# Possible solutions:
#   Reduce memory load on the system
#   Increase physical memory or swap space
#   Check if swap backing store is full
#   Decrease Java heap size (-Xmx/-Xms)
#   Decrease number of Java threads
#   Decrease Java thread stack sizes (-Xss)
#   Set larger code cache with -XX:ReservedCodeCacheSize=
#   JVM is running with Zero Based Compressed Oops mode in which the Java heap is
#     placed in the first 32GB address space. The Java Heap base address is the
#     maximum limit for the native heap growth. Please use -XX:HeapBaseMinAddress
#     to set the Java Heap base and to place the Java Heap above 32GB virtual address.
# This output file may be truncated or incomplete.
#
#  Out of Memory Error (os_linux.cpp:2749), pid=5374, tid=0x00007f910f8f8700
#
# JRE version: Java(TM) SE Runtime Environment (8.0_241-b07) (build 1.8.0_241-b07)
# Java VM: Java HotSpot(TM) 64-Bit Server VM (25.241-b07 mixed mode linux-amd64 compressed oops)
# Failed to write core dump. Core dumps have been disabled. To enable core dumping, try "ulimit -c unlimited" before starting Java again
#

---------------  T H R E A D  ---------------

Current thread (0x00007f912407a000):  VMThread [stack: 0x00007f910f7f9000,0x00007f910f8f9000] [id=5384]

Stack: [0x00007f910f7f9000,0x00007f910f8f9000],  sp=0x00007f910f8f73d0,  free space=1016k
Native frames: (J=compiled Java code, j=interpreted, Vv=VM code, C=native code)
V  [libjvm.so+0xad9025]  VMError::report_and_die()+0x2e5
V  [libjvm.so+0x4e1457]  report_vm_out_of_memory(char const*, int, unsigned long, VMErrorType, char const*)+0x67
V  [libjvm.so+0x911f10]  os::pd_commit_memory(char*, unsigned long, unsigned long, bool)+0x100
V  [libjvm.so+0x90953f]  os::commit_memory(char*, unsigned long, unsigned long, bool)+0x1f
V  [libjvm.so+0x98e346]  PSVirtualSpace::expand_by(unsigned long)+0x56
V  [libjvm.so+0x97d61b]  PSOldGen::expand_by(unsigned long) [clone .part.28]+0x1b
V  [libjvm.so+0x97d7d8]  PSOldGen::expand(unsigned long) [clone .part.29]+0xa8
V  [libjvm.so+0x97e381]  PSOldGen::resize(unsigned long)+0xe1
V  [libjvm.so+0x9844bc]  PSParallelCompact::invoke_no_policy(bool) [clone .part.118]+0xa2c
V  [libjvm.so+0x98c2d5]  PSScavenge::invoke()+0x215
V  [libjvm.so+0x93be58]  ParallelScavengeHeap::failed_mem_allocate(unsigned long)+0x68
V  [libjvm.so+0xadab73]  VM_ParallelGCFailedAllocation::doit()+0x93
V  [libjvm.so+0xadfdc6]  VM_Operation::evaluate()+0x46
V  [libjvm.so+0xade0fd]  VMThread::evaluate_operation(VM_Operation*) [clone .constprop.44]+0xcd
V  [libjvm.so+0xade6e3]  VMThread::loop()+0x3a3
V  [libjvm.so+0xadeab8]  VMThread::run()+0x78
V  [libjvm.so+0x90f542]  java_start(Thread*)+0x102

VM_Operation (0x00007f912cc155d0): ParallelGCFailedAllocation, mode: safepoint, requested by thread 0x00007f912400b800


---------------  P R O C E S S  ---------------

Java Threads: ( => current thread )
  0x00007f9124403800 JavaThread "pool-1-thread-2" [_thread_blocked, id=5395, stack(0x00007f910e3db000,0x00007f910e4dc000)]
  0x00007f9124401000 JavaThread "pool-1-thread-1" [_thread_blocked, id=5394, stack(0x00007f910e4dc000,0x00007f910e5dd000)]
  0x00007f91243ff000 JavaThread "nioEventLoopGroup-2-1" [_thread_blocked, id=5393, stack(0x00007f910e5dd000,0x00007f910e6de000)]
  0x00007f91240cb800 JavaThread "Service Thread" daemon [_thread_blocked, id=5391, stack(0x00007f910ee12000,0x00007f910ef13000)]
  0x00007f91240c0800 JavaThread "C1 CompilerThread2" daemon [_thread_blocked, id=5390, stack(0x00007f910ef14000,0x00007f910f014000)]
  0x00007f91240be800 JavaThread "C2 CompilerThread1" daemon [_thread_blocked, id=5389, stack(0x00007f910f015000,0x00007f910f115000)]
  0x00007f91240bc000 JavaThread "C2 CompilerThread0" daemon [_thread_blocked, id=5388, stack(0x00007f910f116000,0x00007f910f216000)]
  0x00007f91240ba800 JavaThread "Signal Dispatcher" daemon [_thread_blocked, id=5387, stack(0x00007f910f216000,0x00007f910f317000)]
  0x00007f9124088000 JavaThread "Finalizer" daemon [_thread_blocked, id=5386, stack(0x00007f910f5f6000,0x00007f910f6f7000)]
  0x00007f9124083800 JavaThread "Reference Handler" daemon [_thread_blocked, id=5385, stack(0x00007f910f6f7000,0x00007f910f7f8000)]
  0x00007f912400b800 JavaThread "main" [_thread_blocked, id=5377, stack(0x00007f912cb17000,0x00007f912cc17000)]

Other Threads:
=>0x00007f912407a000 VMThread [stack: 0x00007f910f7f9000,0x00007f910f8f9000] [id=5384]
  0x00007f91240ce800 WatcherThread [stack: 0x00007f910ed12000,0x00007f910ee12000] [id=5392]

VM state:at safepoint (normal execution)

VM Mutex/Monitor currently owned by a thread:  ([mutex/lock_event])
[0x00007f9124007b50] ExpandHeap_lock - owner thread: 0x00007f912407a000
[0x00007f91240081d0] Threads_lock - owner thread: 0x00007f912407a000
[0x00007f91240086d0] Heap_lock - owner thread: 0x00007f912400b800

heap address: 0x0000000704400000, size: 3004 MB, Compressed Oops mode: Zero based, Oop shift amount: 3
Narrow klass base: 0x0000000000000000, Narrow klass shift: 3
Compressed class space size: 1073741824 Address: 0x00000007c0000000

Heap:
 PSYoungGen      total 595456K, used 0K [0x0000000781700000, 0x00000007be680000, 0x00000007c0000000)
  eden space 253952K, 0% used [0x0000000781700000,0x0000000781700000,0x0000000790f00000)
  from space 341504K, 0% used [0x0000000790f00000,0x0000000790f00000,0x00000007a5c80000)
  to   space 341504K, 0% used [0x00000007a9900000,0x00000007a9900000,0x00000007be680000)
 ParOldGen       total 1621504K, used 1617441K [0x0000000704400000, 0x0000000767380000, 0x0000000781700000)
  object space 1621504K, 99% used [0x0000000704400000,0x0000000766f887c0,0x0000000767380000)
 Metaspace       used 10158K, capacity 10298K, committed 10496K, reserved 1058816K
  class space    used 1175K, capacity 1241K, committed 1280K, reserved 1048576K

Card table byte_map: [0x00007f912921a000,0x00007f91297f9000] byte_map_base: 0x00007f91259f8000

Marking Bits: (ParMarkBitMap*) 0x00007f912bfcde60
 Begin Bits: [0x00007f90f2220000, 0x00007f90f5110000)
 End Bits:   [0x00007f90f5110000, 0x00007f90f8000000)

Polling page: 0x00007f912cc3d000

CodeCache: size=245760Kb used=4397Kb max_used=4411Kb free=241362Kb
 bounds [0x00007f9115000000, 0x00007f9115460000, 0x00007f9124000000]
 total_blobs=1333 nmethods=1001 adapters=247
 compilation: enabled

Compilation events (10 events):
Event: 8,481 Thread 0x00007f91240bc000 nmethod 994 0x00007f911544f0d0 code [0x00007f911544f2a0, 0x00007f911544fd38]
Event: 8,494 Thread 0x00007f91240bc000  998       4       java.util.Calendar::selectFields (672 bytes)
Event: 8,496 Thread 0x00007f91240bc000 nmethod 998 0x00007f91154442d0 code [0x00007f9115444460, 0x00007f91154447b8]
Event: 8,496 Thread 0x00007f91240bc000 1000       4       java.text.DateFormat::parse (61 bytes)
Event: 8,497 Thread 0x00007f91240bc000 nmethod 1000 0x00007f9115423650 code [0x00007f91154237a0, 0x00007f91154238c8]
Event: 8,497 Thread 0x00007f91240bc000 1001       4       java.text.DecimalFormat::equals (353 bytes)
Event: 8,500 Thread 0x00007f91240bc000 nmethod 1001 0x00007f91154241d0 code [0x00007f91154243a0, 0x00007f9115424c98]
Event: 8,500 Thread 0x00007f91240bc000  999       4       java.util.GregorianCalendar::getFixedDate (510 bytes)
Event: 8,506 Thread 0x00007f91240bc000 nmethod 999 0x00007f9115443350 code [0x00007f9115443500, 0x00007f9115443a78]
Event: 8,512 Thread 0x00007f91240be800 nmethod 997 0x00007f911544d190 code [0x00007f911544d3a0, 0x00007f911544dfa8]

GC Heap History (10 events):
Event: 4,709 GC heap after
Heap after GC invocations=14 (full 4):
 PSYoungGen      total 545280K, used 341472K [0x0000000781700000, 0x00000007b7d80000, 0x00000007c0000000)
  eden space 203776K, 0% used [0x0000000781700000,0x0000000781700000,0x000000078de00000)
  from space 341504K, 99% used [0x00000007a2b80000,0x00000007b78f8040,0x00000007b7900000)
  to   space 341504K, 0% used [0x000000078de00000,0x000000078de00000,0x00000007a2b80000)
 ParOldGen       total 1129472K, used 871810K [0x0000000704400000, 0x0000000749300000, 0x0000000781700000)
  object space 1129472K, 77% used [0x0000000704400000,0x0000000739760bb0,0x0000000749300000)
 Metaspace       used 9228K, capacity 9402K, committed 9728K, reserved 1058816K
  class space    used 1096K, capacity 1177K, committed 1280K, reserved 1048576K
}
Event: 4,878 GC heap before
{Heap before GC invocations=15 (full 4):
 PSYoungGen      total 545280K, used 545248K [0x0000000781700000, 0x00000007b7d80000, 0x00000007c0000000)
  eden space 203776K, 100% used [0x0000000781700000,0x000000078de00000,0x000000078de00000)
  from space 341504K, 99% used [0x00000007a2b80000,0x00000007b78f8040,0x00000007b7900000)
  to   space 341504K, 0% used [0x000000078de00000,0x000000078de00000,0x00000007a2b80000)
 ParOldGen       total 1129472K, used 871810K [0x0000000704400000, 0x0000000749300000, 0x0000000781700000)
  object space 1129472K, 77% used [0x0000000704400000,0x0000000739760bb0,0x0000000749300000)
 Metaspace       used 9228K, capacity 9402K, committed 9728K, reserved 1058816K
  class space    used 1096K, capacity 1177K, committed 1280K, reserved 1048576K
Event: 5,132 GC heap after
Heap after GC invocations=15 (full 4):
 PSYoungGen      total 545280K, used 341504K [0x0000000781700000, 0x00000007bb480000, 0x00000007c0000000)
  eden space 203776K, 0% used [0x0000000781700000,0x0000000781700000,0x000000078de00000)
  from space 341504K, 100% used [0x000000078de00000,0x00000007a2b80000,0x00000007a2b80000)
  to   space 341504K, 0% used [0x00000007a6700000,0x00000007a6700000,0x00000007bb480000)
 ParOldGen       total 1129472K, used 1079610K [0x0000000704400000, 0x0000000749300000, 0x0000000781700000)
  object space 1129472K, 95% used [0x0000000704400000,0x000000074624ebf0,0x0000000749300000)
 Metaspace       used 9228K, capacity 9402K, committed 9728K, reserved 1058816K
  class space    used 1096K, capacity 1177K, committed 1280K, reserved 1048576K
}
Event: 5,132 GC heap before
{Heap before GC invocations=16 (full 5):
 PSYoungGen      total 545280K, used 341504K [0x0000000781700000, 0x00000007bb480000, 0x00000007c0000000)
  eden space 203776K, 0% used [0x0000000781700000,0x0000000781700000,0x000000078de00000)
  from space 341504K, 100% used [0x000000078de00000,0x00000007a2b80000,0x00000007a2b80000)
  to   space 341504K, 0% used [0x00000007a6700000,0x00000007a6700000,0x00000007bb480000)
 ParOldGen       total 1129472K, used 1079610K [0x0000000704400000, 0x0000000749300000, 0x0000000781700000)
  object space 1129472K, 95% used [0x0000000704400000,0x000000074624ebf0,0x0000000749300000)
 Metaspace       used 9228K, capacity 9402K, committed 9728K, reserved 1058816K
  class space    used 1096K, capacity 1177K, committed 1280K, reserved 1048576K
Event: 7,161 GC heap after
Heap after GC invocations=16 (full 5):
 PSYoungGen      total 545280K, used 230562K [0x0000000781700000, 0x00000007bb480000, 0x00000007c0000000)
  eden space 203776K, 0% used [0x0000000781700000,0x0000000781700000,0x000000078de00000)
  from space 341504K, 67% used [0x000000078de00000,0x000000079bf28808,0x00000007a2b80000)
  to   space 341504K, 0% used [0x00000007a6700000,0x00000007a6700000,0x00000007bb480000)
 ParOldGen       total 1621504K, used 1128976K [0x0000000704400000, 0x0000000767380000, 0x0000000781700000)
  object space 1621504K, 69% used [0x0000000704400000,0x0000000749284220,0x0000000767380000)
 Metaspace       used 9228K, capacity 9402K, committed 9728K, reserved 1058816K
  class space    used 1096K, capacity 1177K, committed 1280K, reserved 1048576K
}
Event: 7,327 GC heap before
{Heap before GC invocations=17 (full 5):
 PSYoungGen      total 545280K, used 434338K [0x0000000781700000, 0x00000007bb480000, 0x00000007c0000000)
  eden space 203776K, 100% used [0x0000000781700000,0x000000078de00000,0x000000078de00000)
  from space 341504K, 67% used [0x000000078de00000,0x000000079bf28808,0x00000007a2b80000)
  to   space 341504K, 0% used [0x00000007a6700000,0x00000007a6700000,0x00000007bb480000)
 ParOldGen       total 1621504K, used 1128976K [0x0000000704400000, 0x0000000767380000, 0x0000000781700000)
  object space 1621504K, 69% used [0x0000000704400000,0x0000000749284220,0x0000000767380000)
 Metaspace       used 9228K, capacity 9402K, committed 9728K, reserved 1058816K
  class space    used 1096K, capacity 1177K, committed 1280K, reserved 1048576K
Event: 7,623 GC heap after
Heap after GC invocations=17 (full 5):
 PSYoungGen      total 584704K, used 274016K [0x0000000781700000, 0x00000007baa00000, 0x00000007c0000000)
  eden space 253952K, 0% used [0x0000000781700000,0x0000000781700000,0x0000000790f00000)
  from space 330752K, 82% used [0x00000007a6700000,0x00000007b7298000,0x00000007baa00000)
  to   space 341504K, 0% used [0x0000000790f00000,0x0000000790f00000,0x00000007a5c80000)
 ParOldGen       total 1621504K, used 1293840K [0x0000000704400000, 0x0000000767380000, 0x0000000781700000)
  object space 1621504K, 79% used [0x0000000704400000,0x0000000753384220,0x0000000767380000)
 Metaspace       used 9228K, capacity 9402K, committed 9728K, reserved 1058816K
  class space    used 1096K, capacity 1177K, committed 1280K, reserved 1048576K
}
Event: 8,528 GC heap before
{Heap before GC invocations=18 (full 5):
 PSYoungGen      total 584704K, used 527968K [0x0000000781700000, 0x00000007baa00000, 0x00000007c0000000)
  eden space 253952K, 100% used [0x0000000781700000,0x0000000790f00000,0x0000000790f00000)
  from space 330752K, 82% used [0x00000007a6700000,0x00000007b7298000,0x00000007baa00000)
  to   space 341504K, 0% used [0x0000000790f00000,0x0000000790f00000,0x00000007a5c80000)
 ParOldGen       total 1621504K, used 1293840K [0x0000000704400000, 0x0000000767380000, 0x0000000781700000)
  object space 1621504K, 79% used [0x0000000704400000,0x0000000753384220,0x0000000767380000)
 Metaspace       used 10158K, capacity 10298K, committed 10496K, reserved 1058816K
  class space    used 1175K, capacity 1241K, committed 1280K, reserved 1048576K
Event: 8,861 GC heap after
Heap after GC invocations=18 (full 5):
 PSYoungGen      total 595456K, used 204662K [0x0000000781700000, 0x00000007be680000, 0x00000007c0000000)
  eden space 253952K, 0% used [0x0000000781700000,0x0000000781700000,0x0000000790f00000)
  from space 341504K, 59% used [0x0000000790f00000,0x000000079d6ddbb8,0x00000007a5c80000)
  to   space 341504K, 0% used [0x00000007a9900000,0x00000007a9900000,0x00000007be680000)
 ParOldGen       total 1621504K, used 1568720K [0x0000000704400000, 0x0000000767380000, 0x0000000781700000)
  object space 1621504K, 96% used [0x0000000704400000,0x0000000763ff4220,0x0000000767380000)
 Metaspace       used 10158K, capacity 10298K, committed 10496K, reserved 1058816K
  class space    used 1175K, capacity 1241K, committed 1280K, reserved 1048576K
}
Event: 8,861 GC heap before
{Heap before GC invocations=19 (full 6):
 PSYoungGen      total 595456K, used 204662K [0x0000000781700000, 0x00000007be680000, 0x00000007c0000000)
  eden space 253952K, 0% used [0x0000000781700000,0x0000000781700000,0x0000000790f00000)
  from space 341504K, 59% used [0x0000000790f00000,0x000000079d6ddbb8,0x00000007a5c80000)
  to   space 341504K, 0% used [0x00000007a9900000,0x00000007a9900000,0x00000007be680000)
 ParOldGen       total 1621504K, used 1568720K [0x0000000704400000, 0x0000000767380000, 0x0000000781700000)
  object space 1621504K, 96% used [0x0000000704400000,0x0000000763ff4220,0x0000000767380000)
 Metaspace       used 10158K, capacity 10298K, committed 10496K, reserved 1058816K
  class space    used 1175K, capacity 1241K, committed 1280K, reserved 1048576K

Deoptimization events (10 events):
Event: 4,425 Thread 0x00007f912400b800 Uncommon trap: reason=unstable_if action=reinterpret pc=0x00007f911532245c method=com.sun.org.apache.xerces.internal.impl.XMLEntityScanner.load(IZZ)Z @ 92
Event: 4,464 Thread 0x00007f912400b800 Uncommon trap: reason=unstable_if action=reinterpret pc=0x00007f911532b2c4 method=com.sun.org.apache.xerces.internal.dom.DeferredDocumentImpl.getPrevSibling(IZ)I @ 52
Event: 4,464 Thread 0x00007f912400b800 Uncommon trap: reason=unstable_if action=reinterpret pc=0x00007f911532c250 method=com.sun.org.apache.xerces.internal.dom.DeferredDocumentImpl.getPrevSibling(IZ)I @ 52
Event: 4,464 Thread 0x00007f912400b800 Uncommon trap: reason=unstable_if action=reinterpret pc=0x00007f9115329d94 method=com.sun.org.apache.xerces.internal.dom.DeferredDocumentImpl.clearChunkIndex([[III)I @ 47
Event: 7,843 Thread 0x00007f912400b800 Uncommon trap: reason=unstable_if action=reinterpret pc=0x00007f9115172ce0 method=java.lang.String.replace(CC)Ljava/lang/String; @ 26
Event: 7,845 Thread 0x00007f912400b800 Uncommon trap: reason=unstable_if action=reinterpret pc=0x00007f911533f9b0 method=com.sun.org.apache.xerces.internal.dom.DeferredDocumentImpl.clearChunkIndex([[III)I @ 3
Event: 8,101 Thread 0x00007f912400b800 Uncommon trap: reason=unstable_if action=reinterpret pc=0x00007f9115375b84 method=com.sun.org.apache.xerces.internal.dom.DeepNodeListImpl.nextMatchingElementAfter(Lorg/w3c/dom/Node;)Lorg/w3c/dom/Node; @ 55
Event: 8,101 Thread 0x00007f912400b800 Uncommon trap: reason=unstable_if action=reinterpret pc=0x00007f9115370b80 method=com.sun.org.apache.xerces.internal.dom.DeepNodeListImpl.item(I)Lorg/w3c/dom/Node; @ 113
Event: 8,101 Thread 0x00007f912400b800 Uncommon trap: reason=unstable_if action=reinterpret pc=0x00007f911537244c method=com.sun.org.apache.xerces.internal.dom.ElementImpl.getTagName()Ljava/lang/String; @ 4
Event: 8,104 Thread 0x00007f912400b800 Uncommon trap: reason=unstable_if action=reinterpret pc=0x00007f9115373d38 method=com.sun.org.apache.xerces.internal.dom.ElementImpl.getTagName()Ljava/lang/String; @ 4

Classes redefined (0 events):
No events

Internal exceptions (10 events):
Event: 0,291 Thread 0x00007f912400b800 Exception <a 'java/lang/NoSuchFieldError': method resolution failed> (0x00000007822b4cf8) thrown at [/scratch/jenkins/workspace/8-2-build-linux-amd64/jdk8u241/331/hotspot/src/share/vm/prims/methodHandles.cpp, line 1167]
Event: 0,293 Thread 0x00007f912400b800 Exception <a 'java/lang/NoSuchFieldError': method resolution failed> (0x00000007822c2418) thrown at [/scratch/jenkins/workspace/8-2-build-linux-amd64/jdk8u241/331/hotspot/src/share/vm/prims/methodHandles.cpp, line 1167]
Event: 0,320 Thread 0x00007f91243ff000 Exception <a 'java/lang/ArrayIndexOutOfBoundsException'> (0x0000000782486b18) thrown at [/scratch/jenkins/workspace/8-2-build-linux-amd64/jdk8u241/331/hotspot/src/share/vm/runtime/sharedRuntime.cpp, line 605]
Event: 0,320 Thread 0x00007f91243ff000 Exception <a 'java/lang/ArrayIndexOutOfBoundsException'> (0x0000000782487b18) thrown at [/scratch/jenkins/workspace/8-2-build-linux-amd64/jdk8u241/331/hotspot/src/share/vm/runtime/sharedRuntime.cpp, line 605]
Event: 0,321 Thread 0x00007f91243ff000 Exception <a 'java/lang/ArrayIndexOutOfBoundsException'> (0x0000000782489090) thrown at [/scratch/jenkins/workspace/8-2-build-linux-amd64/jdk8u241/331/hotspot/src/share/vm/runtime/sharedRuntime.cpp, line 605]
Event: 0,322 Thread 0x00007f91243ff000 Exception <a 'java/lang/ArrayIndexOutOfBoundsException'> (0x0000000782494320) thrown at [/scratch/jenkins/workspace/8-2-build-linux-amd64/jdk8u241/331/hotspot/src/share/vm/runtime/sharedRuntime.cpp, line 605]
Event: 0,322 Thread 0x00007f91243ff000 Exception <a 'java/lang/ArrayIndexOutOfBoundsException'> (0x0000000782495050) thrown at [/scratch/jenkins/workspace/8-2-build-linux-amd64/jdk8u241/331/hotspot/src/share/vm/runtime/sharedRuntime.cpp, line 605]
Event: 0,323 Thread 0x00007f91243ff000 Exception <a 'java/lang/ArrayIndexOutOfBoundsException'> (0x00000007824a1330) thrown at [/scratch/jenkins/workspace/8-2-build-linux-amd64/jdk8u241/331/hotspot/src/share/vm/runtime/sharedRuntime.cpp, line 605]
Event: 0,323 Thread 0x00007f91243ff000 Exception <a 'java/lang/ArrayIndexOutOfBoundsException'> (0x00000007824a2578) thrown at [/scratch/jenkins/workspace/8-2-build-linux-amd64/jdk8u241/331/hotspot/src/share/vm/runtime/sharedRuntime.cpp, line 605]
Event: 7,845 Thread 0x00007f912400b800 Implicit null exception at 0x00007f911533f8d9 to 0x00007f911533f999

Events (10 events):
Event: 8,102 loading class sun/misc/FloatingDecimal$PreparedASCIIToBinaryBuffer
Event: 8,102 loading class sun/misc/FloatingDecimal$ASCIIToBinaryConverter
Event: 8,102 loading class sun/misc/FloatingDecimal$ASCIIToBinaryConverter done
Event: 8,102 loading class sun/misc/FloatingDecimal$PreparedASCIIToBinaryBuffer done
Event: 8,103 loading class sun/misc/FloatingDecimal$ASCIIToBinaryBuffer
Event: 8,103 loading class sun/misc/FloatingDecimal$ASCIIToBinaryBuffer done
Event: 8,104 Thread 0x00007f912400b800 Uncommon trap: trap_request=0xffffff65 fr.pc=0x00007f9115373d38
Event: 8,104 Thread 0x00007f912400b800 DEOPT PACKING pc=0x00007f9115373d38 sp=0x00007f912cc15620
Event: 8,104 Thread 0x00007f912400b800 DEOPT UNPACKING pc=0x00007f911504573a sp=0x00007f912cc155b0 mode 2
Event: 8,528 Executing VM operation: ParallelGCFailedAllocation


Dynamic libraries:
00400000-00401000 r-xp 00000000 103:05 546730                            /usr/lib/jvm/java-8-openjdk-amd64/jre/bin/java
00600000-00601000 r--p 00000000 103:05 546730                            /usr/lib/jvm/java-8-openjdk-amd64/jre/bin/java
00601000-00602000 rw-p 00001000 103:05 546730                            /usr/lib/jvm/java-8-openjdk-amd64/jre/bin/java
01843000-01864000 rw-p 00000000 00:00 0                                  [heap]
704400000-767380000 rw-p 00000000 00:00 0 
781700000-7be680000 rw-p 00000000 00:00 0 
7be680000-7c0000000 ---p 00000000 00:00 0 
7c0000000-7c0140000 rw-p 00000000 00:00 0 
7c0140000-800000000 ---p 00000000 00:00 0 
7f90c4000000-7f90c4021000 rw-p 00000000 00:00 0 
7f90c4021000-7f90c8000000 ---p 00000000 00:00 0 
7f90c8000000-7f90c8021000 rw-p 00000000 00:00 0 
7f90c8021000-7f90cc000000 ---p 00000000 00:00 0 
7f90cc000000-7f90cc021000 rw-p 00000000 00:00 0 
7f90cc021000-7f90d0000000 ---p 00000000 00:00 0 
7f90d0000000-7f90d0021000 rw-p 00000000 00:00 0 
7f90d0021000-7f90d4000000 ---p 00000000 00:00 0 
7f90d4000000-7f90d4346000 rw-p 00000000 00:00 0 
7f90d4346000-7f90d8000000 ---p 00000000 00:00 0 
7f90d8000000-7f90d8021000 rw-p 00000000 00:00 0 
7f90d8021000-7f90dc000000 ---p 00000000 00:00 0 
7f90dc000000-7f90dc48e000 rw-p 00000000 00:00 0 
7f90dc48e000-7f90e0000000 ---p 00000000 00:00 0 
7f90e0000000-7f90e03e4000 rw-p 00000000 00:00 0 
7f90e03e4000-7f90e4000000 ---p 00000000 00:00 0 
7f90e4000000-7f90e4021000 rw-p 00000000 00:00 0 
7f90e4021000-7f90e8000000 ---p 00000000 00:00 0 
7f90e8000000-7f90e8021000 rw-p 00000000 00:00 0 
7f90e8021000-7f90ec000000 ---p 00000000 00:00 0 
7f90ec000000-7f90ec021000 rw-p 00000000 00:00 0 
7f90ec021000-7f90f0000000 ---p 00000000 00:00 0 
7f90f2220000-7f90f8000000 rw-p 00000000 00:00 0 
7f90f8000000-7f90f8021000 rw-p 00000000 00:00 0 
7f90f8021000-7f90fc000000 ---p 00000000 00:00 0 
7f90fc000000-7f90fc29e000 rw-p 00000000 00:00 0 
7f90fc29e000-7f9100000000 ---p 00000000 00:00 0 
7f9100000000-7f9100021000 rw-p 00000000 00:00 0 
7f9100021000-7f9104000000 ---p 00000000 00:00 0 
7f9108000000-7f9108021000 rw-p 00000000 00:00 0 
7f9108021000-7f910c000000 ---p 00000000 00:00 0 
7f910e1db000-7f910e2db000 rw-p 00000000 00:00 0 
7f910e2db000-7f910e3db000 ---p 00000000 00:00 0 
7f910e3db000-7f910e3de000 ---p 00000000 00:00 0 
7f910e3de000-7f910e4dc000 rw-p 00000000 00:00 0 
7f910e4dc000-7f910e4df000 ---p 00000000 00:00 0 
7f910e4df000-7f910e5dd000 rw-p 00000000 00:00 0 
7f910e5dd000-7f910e5e0000 ---p 00000000 00:00 0 
7f910e5e0000-7f910e6de000 rw-p 00000000 00:00 0 
7f910e6de000-7f910e6e7000 r-xp 00000000 103:05 555124                    /usr/lib/jvm/java-8-openjdk-amd64/jre/lib/amd64/libmanagement.so
7f910e6e7000-7f910e8e6000 ---p 00009000 103:05 555124                    /usr/lib/jvm/java-8-openjdk-amd64/jre/lib/amd64/libmanagement.so
7f910e8e6000-7f910e8e7000 r--p 00008000 103:05 555124                    /usr/lib/jvm/java-8-openjdk-amd64/jre/lib/amd64/libmanagement.so
7f910e8e7000-7f910e8e8000 rw-p 00009000 103:05 555124                    /usr/lib/jvm/java-8-openjdk-amd64/jre/lib/amd64/libmanagement.so
7f910e8e8000-7f910e8f9000 r-xp 00000000 103:05 555129                    /usr/lib/jvm/java-8-openjdk-amd64/jre/lib/amd64/libnio.so
7f910e8f9000-7f910eaf8000 ---p 00011000 103:05 555129                    /usr/lib/jvm/java-8-openjdk-amd64/jre/lib/amd64/libnio.so
7f910eaf8000-7f910eaf9000 r--p 00010000 103:05 555129                    /usr/lib/jvm/java-8-openjdk-amd64/jre/lib/amd64/libnio.so
7f910eaf9000-7f910eafa000 rw-p 00011000 103:05 555129                    /usr/lib/jvm/java-8-openjdk-amd64/jre/lib/amd64/libnio.so
7f910eafa000-7f910eb10000 r-xp 00000000 103:05 555128                    /usr/lib/jvm/java-8-openjdk-amd64/jre/lib/amd64/libnet.so
7f910eb10000-7f910ed0f000 ---p 00016000 103:05 555128                    /usr/lib/jvm/java-8-openjdk-amd64/jre/lib/amd64/libnet.so
7f910ed0f000-7f910ed10000 r--p 00015000 103:05 555128                    /usr/lib/jvm/java-8-openjdk-amd64/jre/lib/amd64/libnet.so
7f910ed10000-7f910ed11000 rw-p 00016000 103:05 555128                    /usr/lib/jvm/java-8-openjdk-amd64/jre/lib/amd64/libnet.so
7f910ed11000-7f910ed12000 ---p 00000000 00:00 0 
7f910ed12000-7f910ee12000 rw-p 00000000 00:00 0 
7f910ee12000-7f910ee15000 ---p 00000000 00:00 0 
7f910ee15000-7f910ef13000 rw-p 00000000 00:00 0 
7f910ef13000-7f910ef14000 ---p 00000000 00:00 0 
7f910ef14000-7f910ef17000 ---p 00000000 00:00 0 
7f910ef17000-7f910f014000 rw-p 00000000 00:00 0 
7f910f014000-7f910f015000 ---p 00000000 00:00 0 
7f910f015000-7f910f018000 ---p 00000000 00:00 0 
7f910f018000-7f910f115000 rw-p 00000000 00:00 0 
7f910f115000-7f910f116000 ---p 00000000 00:00 0 
7f910f116000-7f910f119000 ---p 00000000 00:00 0 
7f910f119000-7f910f216000 rw-p 00000000 00:00 0 
7f910f216000-7f910f219000 ---p 00000000 00:00 0 
7f910f219000-7f910f317000 rw-p 00000000 00:00 0 
7f910f317000-7f910f5f6000 r--p 00000000 103:05 6429000                   /usr/lib/locale/locale-archive
7f910f5f6000-7f910f5f9000 ---p 00000000 00:00 0 
7f910f5f9000-7f910f6f7000 rw-p 00000000 00:00 0 
7f910f6f7000-7f910f6fa000 ---p 00000000 00:00 0 
7f910f6fa000-7f910f7f8000 rw-p 00000000 00:00 0 
7f910f7f8000-7f910f7f9000 ---p 00000000 00:00 0 
7f910f7f9000-7f9110000000 rw-p 00000000 00:00 0 
7f9110000000-7f9110021000 rw-p 00000000 00:00 0 
7f9110021000-7f9114000000 ---p 00000000 00:00 0 
7f9114099000-7f91140d5000 r--s 0031b000 103:05 6960731                   /home/loubard/.m2/repository/io/netty/netty-all/4.1.5.Final/netty-all-4.1.5.Final.jar
7f91140d5000-7f91140f9000 r--s 0020e000 103:05 6960725                   /home/loubard/.m2/repository/com/basho/riak/riak-client/2.1.1/riak-client-2.1.1.jar
7f91140f9000-7f9115000000 rw-p 00000000 00:00 0 
7f9115000000-7f9115460000 rwxp 00000000 00:00 0 
7f9115460000-7f9124000000 ---p 00000000 00:00 0 
7f9124000000-7f91244a4000 rw-p 00000000 00:00 0 
7f91244a4000-7f9128000000 ---p 00000000 00:00 0 
7f9128005000-7f9128008000 r--s 0001a000 103:05 6960733                   /home/loubard/.m2/repository/org/erlang/otp/jinterface/1.6.1/jinterface-1.6.1.jar
7f9128008000-7f91281fe000 rw-p 00000000 00:00 0 
7f91281fe000-7f91283d8000 r--s 03d8c000 103:05 558117                    /usr/lib/jvm/java-8-openjdk-amd64/jre/lib/rt.jar
7f91283d8000-7f9128a2c000 rw-p 00000000 00:00 0 
7f9128a2c000-7f9128a2d000 ---p 00000000 00:00 0 
7f9128a2d000-7f9128b2d000 rw-p 00000000 00:00 0 
7f9128b2d000-7f9128b2e000 ---p 00000000 00:00 0 
7f9128b2e000-7f9128c2e000 rw-p 00000000 00:00 0 
7f9128c2e000-7f9128c2f000 ---p 00000000 00:00 0 
7f9128c2f000-7f9128d2f000 rw-p 00000000 00:00 0 
7f9128d2f000-7f9128d30000 ---p 00000000 00:00 0 
7f9128d30000-7f9129148000 rw-p 00000000 00:00 0 
7f9129148000-7f912921a000 ---p 00000000 00:00 0 
7f912921a000-7f9129532000 rw-p 00000000 00:00 0 
7f9129532000-7f9129603000 ---p 00000000 00:00 0 
7f9129603000-7f91297ec000 rw-p 00000000 00:00 0 
7f91297ec000-7f91297f8000 ---p 00000000 00:00 0 
7f91297f8000-7f912980b000 rw-p 00000000 00:00 0 
7f912980b000-7f9129bb9000 ---p 00000000 00:00 0 
7f9129bb9000-7f9129bd4000 r-xp 00000000 103:05 555175                    /usr/lib/jvm/java-8-openjdk-amd64/jre/lib/amd64/libzip.so
7f9129bd4000-7f9129dd3000 ---p 0001b000 103:05 555175                    /usr/lib/jvm/java-8-openjdk-amd64/jre/lib/amd64/libzip.so
7f9129dd3000-7f9129dd4000 r--p 0001a000 103:05 555175                    /usr/lib/jvm/java-8-openjdk-amd64/jre/lib/amd64/libzip.so
7f9129dd4000-7f9129dd5000 rw-p 0001b000 103:05 555175                    /usr/lib/jvm/java-8-openjdk-amd64/jre/lib/amd64/libzip.so
7f9129dd5000-7f9129de0000 r-xp 00000000 103:05 398387                    /lib/x86_64-linux-gnu/libnss_files-2.27.so
7f9129de0000-7f9129fdf000 ---p 0000b000 103:05 398387                    /lib/x86_64-linux-gnu/libnss_files-2.27.so
7f9129fdf000-7f9129fe0000 r--p 0000a000 103:05 398387                    /lib/x86_64-linux-gnu/libnss_files-2.27.so
7f9129fe0000-7f9129fe1000 rw-p 0000b000 103:05 398387                    /lib/x86_64-linux-gnu/libnss_files-2.27.so
7f9129fe1000-7f9129fe7000 rw-p 00000000 00:00 0 
7f9129fe7000-7f9129ffe000 r-xp 00000000 103:05 398381                    /lib/x86_64-linux-gnu/libnsl-2.27.so
7f9129ffe000-7f912a1fd000 ---p 00017000 103:05 398381                    /lib/x86_64-linux-gnu/libnsl-2.27.so
7f912a1fd000-7f912a1fe000 r--p 00016000 103:05 398381                    /lib/x86_64-linux-gnu/libnsl-2.27.so
7f912a1fe000-7f912a1ff000 rw-p 00017000 103:05 398381                    /lib/x86_64-linux-gnu/libnsl-2.27.so
7f912a1ff000-7f912a201000 rw-p 00000000 00:00 0 
7f912a201000-7f912a20c000 r-xp 00000000 103:05 398398                    /lib/x86_64-linux-gnu/libnss_nis-2.27.so
7f912a20c000-7f912a40b000 ---p 0000b000 103:05 398398                    /lib/x86_64-linux-gnu/libnss_nis-2.27.so
7f912a40b000-7f912a40c000 r--p 0000a000 103:05 398398                    /lib/x86_64-linux-gnu/libnss_nis-2.27.so
7f912a40c000-7f912a40d000 rw-p 0000b000 103:05 398398                    /lib/x86_64-linux-gnu/libnss_nis-2.27.so
7f912a40d000-7f912a415000 r-xp 00000000 103:05 398383                    /lib/x86_64-linux-gnu/libnss_compat-2.27.so
7f912a415000-7f912a615000 ---p 00008000 103:05 398383                    /lib/x86_64-linux-gnu/libnss_compat-2.27.so
7f912a615000-7f912a616000 r--p 00008000 103:05 398383                    /lib/x86_64-linux-gnu/libnss_compat-2.27.so
7f912a616000-7f912a617000 rw-p 00009000 103:05 398383                    /lib/x86_64-linux-gnu/libnss_compat-2.27.so
7f912a617000-7f912a643000 r-xp 00000000 103:05 555065                    /usr/lib/jvm/java-8-openjdk-amd64/jre/lib/amd64/libjava.so
7f912a643000-7f912a843000 ---p 0002c000 103:05 555065                    /usr/lib/jvm/java-8-openjdk-amd64/jre/lib/amd64/libjava.so
7f912a843000-7f912a844000 r--p 0002c000 103:05 555065                    /usr/lib/jvm/java-8-openjdk-amd64/jre/lib/amd64/libjava.so
7f912a844000-7f912a846000 rw-p 0002d000 103:05 555065                    /usr/lib/jvm/java-8-openjdk-amd64/jre/lib/amd64/libjava.so
7f912a846000-7f912a853000 r-xp 00000000 103:05 555174                    /usr/lib/jvm/java-8-openjdk-amd64/jre/lib/amd64/libverify.so
7f912a853000-7f912aa52000 ---p 0000d000 103:05 555174                    /usr/lib/jvm/java-8-openjdk-amd64/jre/lib/amd64/libverify.so
7f912aa52000-7f912aa54000 r--p 0000c000 103:05 555174                    /usr/lib/jvm/java-8-openjdk-amd64/jre/lib/amd64/libverify.so
7f912aa54000-7f912aa55000 rw-p 0000e000 103:05 555174                    /usr/lib/jvm/java-8-openjdk-amd64/jre/lib/amd64/libverify.so
7f912aa55000-7f912aa5c000 r-xp 00000000 103:05 398438                    /lib/x86_64-linux-gnu/librt-2.27.so
7f912aa5c000-7f912ac5b000 ---p 00007000 103:05 398438                    /lib/x86_64-linux-gnu/librt-2.27.so
7f912ac5b000-7f912ac5c000 r--p 00006000 103:05 398438                    /lib/x86_64-linux-gnu/librt-2.27.so
7f912ac5c000-7f912ac5d000 rw-p 00007000 103:05 398438                    /lib/x86_64-linux-gnu/librt-2.27.so
7f912ac5d000-7f912adfa000 r-xp 00000000 103:05 398360                    /lib/x86_64-linux-gnu/libm-2.27.so
7f912adfa000-7f912aff9000 ---p 0019d000 103:05 398360                    /lib/x86_64-linux-gnu/libm-2.27.so
7f912aff9000-7f912affa000 r--p 0019c000 103:05 398360                    /lib/x86_64-linux-gnu/libm-2.27.so
7f912affa000-7f912affb000 rw-p 0019d000 103:05 398360                    /lib/x86_64-linux-gnu/libm-2.27.so
7f912affb000-7f912bcea000 r-xp 00000000 103:05 555178                    /usr/lib/jvm/java-8-openjdk-amd64/jre/lib/amd64/server/libjvm.so
7f912bcea000-7f912bee9000 ---p 00cef000 103:05 555178                    /usr/lib/jvm/java-8-openjdk-amd64/jre/lib/amd64/server/libjvm.so
7f912bee9000-7f912bf7f000 r--p 00cee000 103:05 555178                    /usr/lib/jvm/java-8-openjdk-amd64/jre/lib/amd64/server/libjvm.so
7f912bf7f000-7f912bfb0000 rw-p 00d84000 103:05 555178                    /usr/lib/jvm/java-8-openjdk-amd64/jre/lib/amd64/server/libjvm.so
7f912bfb0000-7f912bfeb000 rw-p 00000000 00:00 0 
7f912bfeb000-7f912c1d2000 r-xp 00000000 103:05 398297                    /lib/x86_64-linux-gnu/libc-2.27.so
7f912c1d2000-7f912c3d2000 ---p 001e7000 103:05 398297                    /lib/x86_64-linux-gnu/libc-2.27.so
7f912c3d2000-7f912c3d6000 r--p 001e7000 103:05 398297                    /lib/x86_64-linux-gnu/libc-2.27.so
7f912c3d6000-7f912c3d8000 rw-p 001eb000 103:05 398297                    /lib/x86_64-linux-gnu/libc-2.27.so
7f912c3d8000-7f912c3dc000 rw-p 00000000 00:00 0 
7f912c3dc000-7f912c3df000 r-xp 00000000 103:05 398320                    /lib/x86_64-linux-gnu/libdl-2.27.so
7f912c3df000-7f912c5de000 ---p 00003000 103:05 398320                    /lib/x86_64-linux-gnu/libdl-2.27.so
7f912c5de000-7f912c5df000 r--p 00002000 103:05 398320                    /lib/x86_64-linux-gnu/libdl-2.27.so
7f912c5df000-7f912c5e0000 rw-p 00003000 103:05 398320                    /lib/x86_64-linux-gnu/libdl-2.27.so
7f912c5e0000-7f912c5f7000 r-xp 00000000 103:05 553800                    /usr/lib/jvm/java-8-openjdk-amd64/jre/lib/amd64/jli/libjli.so
7f912c5f7000-7f912c7f6000 ---p 00017000 103:05 553800                    /usr/lib/jvm/java-8-openjdk-amd64/jre/lib/amd64/jli/libjli.so
7f912c7f6000-7f912c7f7000 r--p 00016000 103:05 553800                    /usr/lib/jvm/java-8-openjdk-amd64/jre/lib/amd64/jli/libjli.so
7f912c7f7000-7f912c7f8000 rw-p 00017000 103:05 553800                    /usr/lib/jvm/java-8-openjdk-amd64/jre/lib/amd64/jli/libjli.so
7f912c7f8000-7f912c812000 r-xp 00000000 103:05 398430                    /lib/x86_64-linux-gnu/libpthread-2.27.so
7f912c812000-7f912ca11000 ---p 0001a000 103:05 398430                    /lib/x86_64-linux-gnu/libpthread-2.27.so
7f912ca11000-7f912ca12000 r--p 00019000 103:05 398430                    /lib/x86_64-linux-gnu/libpthread-2.27.so
7f912ca12000-7f912ca13000 rw-p 0001a000 103:05 398430                    /lib/x86_64-linux-gnu/libpthread-2.27.so
7f912ca13000-7f912ca17000 rw-p 00000000 00:00 0 
7f912ca17000-7f912ca3e000 r-xp 00000000 103:05 398269                    /lib/x86_64-linux-gnu/ld-2.27.so
7f912ca3f000-7f912ca4e000 r--s 00081000 103:05 6960730                   /home/loubard/.m2/repository/joda-time/joda-time/2.7/joda-time-2.7.jar
7f912ca4e000-7f912ca51000 r--s 0000e000 103:05 6960723                   /home/loubard/.m2/repository/com/fasterxml/jackson/datatype/jackson-datatype-joda/2.8.0/jackson-datatype-joda-2.8.0.jar
7f912ca51000-7f912ca55000 r--s 00041000 103:05 6960726                   /home/loubard/.m2/repository/com/fasterxml/jackson/core/jackson-core/2.8.0/jackson-core-2.8.0.jar
7f912ca55000-7f912ca58000 r--s 0000b000 103:05 6960724                   /home/loubard/.m2/repository/com/fasterxml/jackson/core/jackson-annotations/2.8.0/jackson-annotations-2.8.0.jar
7f912ca58000-7f912cb16000 rw-p 00000000 00:00 0 
7f912cb16000-7f912cb17000 ---p 00000000 00:00 0 
7f912cb17000-7f912cb1a000 ---p 00000000 00:00 0 
7f912cb1a000-7f912cc1b000 rw-p 00000000 00:00 0 
7f912cc1b000-7f912cc2d000 r--s 0011b000 103:05 6960727                   /home/loubard/.m2/repository/com/fasterxml/jackson/core/jackson-databind/2.8.0/jackson-databind-2.8.0.jar
7f912cc2d000-7f912cc2f000 r--s 00009000 103:05 6960721                   /home/loubard/.m2/repository/org/slf4j/slf4j-api/1.7.21/slf4j-api-1.7.21.jar
7f912cc2f000-7f912cc32000 r--s 0000f000 103:05 557164                    /usr/lib/jvm/java-8-openjdk-amd64/jre/lib/ext/icedtea-sound.jar
7f912cc32000-7f912cc34000 r--s 00007000 103:05 6953966                   /usr/share/java/java-atk-wrapper.jar
7f912cc34000-7f912cc3c000 rw-s 00000000 103:05 4587537                   /tmp/hsperfdata_loubard/5374
7f912cc3c000-7f912cc3d000 rw-p 00000000 00:00 0 
7f912cc3d000-7f912cc3e000 ---p 00000000 00:00 0 
7f912cc3e000-7f912cc3f000 r--p 00027000 103:05 398269                    /lib/x86_64-linux-gnu/ld-2.27.so
7f912cc3f000-7f912cc40000 rw-p 00028000 103:05 398269                    /lib/x86_64-linux-gnu/ld-2.27.so
7f912cc40000-7f912cc41000 rw-p 00000000 00:00 0 
7ffcfb2a3000-7ffcfb2c5000 rw-p 00000000 00:00 0                          [stack]
7ffcfb3d0000-7ffcfb3d3000 r--p 00000000 00:00 0                          [vvar]
7ffcfb3d3000-7ffcfb3d5000 r-xp 00000000 00:00 0                          [vdso]
ffffffffff600000-ffffffffff601000 r-xp 00000000 00:00 0                  [vsyscall]

VM Arguments:
jvm_args: -Dfile.encoding=UTF-8 
java_command: src.main.java.setup.TasteOfRiak
java_class_path (initial): /home/loubard/eclipse-workspace/BigTable/target/classes:/home/loubard/.m2/repository/com/basho/riak/riak-client/2.1.1/riak-client-2.1.1.jar:/home/loubard/.m2/repository/org/slf4j/slf4j-api/1.7.21/slf4j-api-1.7.21.jar:/home/loubard/.m2/repository/com/fasterxml/jackson/core/jackson-databind/2.8.0/jackson-databind-2.8.0.jar:/home/loubard/.m2/repository/com/fasterxml/jackson/core/jackson-annotations/2.8.0/jackson-annotations-2.8.0.jar:/home/loubard/.m2/repository/com/fasterxml/jackson/core/jackson-core/2.8.0/jackson-core-2.8.0.jar:/home/loubard/.m2/repository/com/fasterxml/jackson/datatype/jackson-datatype-joda/2.8.0/jackson-datatype-joda-2.8.0.jar:/home/loubard/.m2/repository/joda-time/joda-time/2.7/joda-time-2.7.jar:/home/loubard/.m2/repository/io/netty/netty-all/4.1.5.Final/netty-all-4.1.5.Final.jar:/home/loubard/.m2/repository/org/erlang/otp/jinterface/1.6.1/jinterface-1.6.1.jar
Launcher Type: SUN_STANDARD

Environment Variables:
JAVA_HOME=/usr/lib/jvm/java-8-openjdk-amd64
JRE_HOME=/usr/lib/jvm/java-8-openjdk-amd64/jre
PATH=/home/loubard/anaconda3/bin:/home/loubard/.local/bin:/usr/local/sbin:/usr/local/bin:/usr/sbin:/usr/bin:/sbin:/bin:/usr/games:/usr/local/games:/media/loubard/5C24C3855A6481A3/linux_games/retro:/home/loubard/eclipse/java-2020-037/eclipse
SHELL=/bin/bash
DISPLAY=:0

Signal Handlers:
SIGSEGV: [libjvm.so+0xad9960], sa_mask[0]=11111111011111111101111111111110, sa_flags=SA_RESTART|SA_SIGINFO
SIGBUS: [libjvm.so+0xad9960], sa_mask[0]=11111111011111111101111111111110, sa_flags=SA_RESTART|SA_SIGINFO
SIGFPE: [libjvm.so+0x90d4a0], sa_mask[0]=11111111011111111101111111111110, sa_flags=SA_RESTART|SA_SIGINFO
SIGPIPE: [libjvm.so+0x90d4a0], sa_mask[0]=11111111011111111101111111111110, sa_flags=SA_RESTART|SA_SIGINFO
SIGXFSZ: [libjvm.so+0x90d4a0], sa_mask[0]=11111111011111111101111111111110, sa_flags=SA_RESTART|SA_SIGINFO
SIGILL: [libjvm.so+0x90d4a0], sa_mask[0]=11111111011111111101111111111110, sa_flags=SA_RESTART|SA_SIGINFO
SIGUSR1: SIG_DFL, sa_mask[0]=00000000000000000000000000000000, sa_flags=none
SIGUSR2: [libjvm.so+0x90d370], sa_mask[0]=00100000000000000000000000000000, sa_flags=SA_RESTART|SA_SIGINFO
SIGHUP: [libjvm.so+0x90d990], sa_mask[0]=11111111011111111101111111111110, sa_flags=SA_RESTART|SA_SIGINFO
SIGINT: [libjvm.so+0x90d990], sa_mask[0]=11111111011111111101111111111110, sa_flags=SA_RESTART|SA_SIGINFO
SIGTERM: [libjvm.so+0x90d990], sa_mask[0]=11111111011111111101111111111110, sa_flags=SA_RESTART|SA_SIGINFO
SIGQUIT: [libjvm.so+0x90d990], sa_mask[0]=11111111011111111101111111111110, sa_flags=SA_RESTART|SA_SIGINFO


---------------  S Y S T E M  ---------------

OS:DISTRIB_ID=LinuxMint
DISTRIB_RELEASE=19.2
DISTRIB_CODENAME=tina
DISTRIB_DESCRIPTION="Linux Mint 19.2 Tina"

uname:Linux 4.15.0-54-generic #58-Ubuntu SMP Mon Jun 24 10:55:24 UTC 2019 x86_64
libc:glibc 2.27 NPTL 2.27 
rlimit: STACK 8192k, CORE 0k, NPROC 47328, NOFILE 4096, AS infinity
load average:2,57 1,69 1,18

/proc/meminfo:
MemTotal:       12300544 kB
MemFree:          136592 kB
MemAvailable:      44776 kB
Buffers:            3964 kB
Cached:           212928 kB
SwapCached:        74124 kB
Active:         10722048 kB
Inactive:        1135812 kB
Active(anon):   10679464 kB
Inactive(anon):  1097244 kB
Active(file):      42584 kB
Inactive(file):    38568 kB
Unevictable:          32 kB
Mlocked:              32 kB
SwapTotal:       2097148 kB
SwapFree:              0 kB
Dirty:               324 kB
Writeback:             0 kB
AnonPages:      11567044 kB
Mapped:           235352 kB
Shmem:            135724 kB
Slab:              92532 kB
SReclaimable:      37204 kB
SUnreclaim:        55328 kB
KernelStack:       14880 kB
PageTables:        64460 kB
NFS_Unstable:          0 kB
Bounce:                0 kB
WritebackTmp:          0 kB
CommitLimit:     8247420 kB
Committed_AS:   19204576 kB
VmallocTotal:   34359738367 kB
VmallocUsed:           0 kB
VmallocChunk:          0 kB
HardwareCorrupted:     0 kB
AnonHugePages:         0 kB
ShmemHugePages:        0 kB
ShmemPmdMapped:        0 kB
CmaTotal:              0 kB
CmaFree:               0 kB
HugePages_Total:       0
HugePages_Free:        0
HugePages_Rsvd:        0
HugePages_Surp:        0
Hugepagesize:       2048 kB
DirectMap4k:      234916 kB
DirectMap2M:     9144320 kB
DirectMap1G:     4194304 kB

container (cgroup) information:
container_type: cgroupv1
cpu_cpuset_cpus: 0-3
cpu_memory_nodes: 0
active_processor_count: 4
cpu_quota: -1
cpu_period: 100000
cpu_shares: -1
memory_limit_in_bytes: -1
memory_and_swap_limit_in_bytes: -2
memory_soft_limit_in_bytes: -1
memory_usage_in_bytes: 12140212224
memory_max_usage_in_bytes: 0


CPU:total 4 (initial active 4) (4 cores per cpu, 1 threads per core) family 23 model 17 stepping 0, cmov, cx8, fxsr, mmx, sse, sse2, sse3, ssse3, sse4.1, sse4.2, popcnt, avx, avx2, aes, clmul, mmxext, 3dnowpref, lzcnt, sse4a, tsc, tscinvbit, tscinv, bmi1

/proc/cpuinfo:
processor	: 0
vendor_id	: AuthenticAMD
cpu family	: 23
model		: 17
model name	: AMD Ryzen 3 2200G with Radeon Vega Graphics
stepping	: 0
microcode	: 0x810100b
cpu MHz		: 2092.891
cache size	: 512 KB
physical id	: 0
siblings	: 4
core id		: 0
cpu cores	: 4
apicid		: 0
initial apicid	: 0
fpu		: yes
fpu_exception	: yes
cpuid level	: 13
wp		: yes
flags		: fpu vme de pse tsc msr pae mce cx8 apic sep mtrr pge mca cmov pat pse36 clflush mmx fxsr sse sse2 ht syscall nx mmxext fxsr_opt pdpe1gb rdtscp lm constant_tsc rep_good nopl nonstop_tsc cpuid extd_apicid aperfmperf pni pclmulqdq monitor ssse3 fma cx16 sse4_1 sse4_2 movbe popcnt aes xsave avx f16c rdrand lahf_lm cmp_legacy svm extapic cr8_legacy abm sse4a misalignsse 3dnowprefetch osvw skinit wdt tce topoext perfctr_core perfctr_nb bpext perfctr_llc mwaitx hw_pstate sme ssbd ibpb vmmcall fsgsbase bmi1 avx2 smep bmi2 rdseed adx smap clflushopt sha_ni xsaveopt xsavec xgetbv1 xsaves clzero irperf xsaveerptr arat npt lbrv svm_lock nrip_save tsc_scale vmcb_clean flushbyasid decodeassists pausefilter pfthreshold avic v_vmsave_vmload vgif overflow_recov succor smca
bugs		: sysret_ss_attrs null_seg spectre_v1 spectre_v2 spec_store_bypass
bogomips	: 6999.90
TLB size	: 2560 4K pages
clflush size	: 64
cache_alignment	: 64
address sizes	: 43 bits physical, 48 bits virtual
power management: ts ttp tm hwpstate eff_freq_ro [13] [14]

processor	: 1
vendor_id	: AuthenticAMD
cpu family	: 23
model		: 17
model name	: AMD Ryzen 3 2200G with Radeon Vega Graphics
stepping	: 0
microcode	: 0x810100b
cpu MHz		: 3699.822
cache size	: 512 KB
physical id	: 0
siblings	: 4
core id		: 1
cpu cores	: 4
apicid		: 1
initial apicid	: 1
fpu		: yes
fpu_exception	: yes
cpuid level	: 13
wp		: yes
flags		: fpu vme de pse tsc msr pae mce cx8 apic sep mtrr pge mca cmov pat pse36 clflush mmx fxsr sse sse2 ht syscall nx mmxext fxsr_opt pdpe1gb rdtscp lm constant_tsc rep_good nopl nonstop_tsc cpuid extd_apicid aperfmperf pni pclmulqdq monitor ssse3 fma cx16 sse4_1 sse4_2 movbe popcnt aes xsave avx f16c rdrand lahf_lm cmp_legacy svm extapic cr8_legacy abm sse4a misalignsse 3dnowprefetch osvw skinit wdt tce topoext perfctr_core perfctr_nb bpext perfctr_llc mwaitx hw_pstate sme ssbd ibpb vmmcall fsgsbase bmi1 avx2 smep bmi2 rdseed adx smap clflushopt sha_ni xsaveopt xsavec xgetbv1 xsaves clzero irperf xsaveerptr arat npt lbrv svm_lock nrip_save tsc_scale vmcb_clean flushbyasid decodeassists pausefilter pfthreshold avic v_vmsave_vmload vgif overflow_recov succor smca
bugs		: sysret_ss_attrs null_seg spectre_v1 spectre_v2 spec_store_bypass
bogomips	: 6999.90
TLB size	: 2560 4K pages
clflush size	: 64
cache_alignment	: 64
address sizes	: 43 bits physical, 48 bits virtual
power management: ts ttp tm hwpstate eff_freq_ro [13] [14]

processor	: 2
vendor_id	: AuthenticAMD
cpu family	: 23
model		: 17
model name	: AMD Ryzen 3 2200G with Radeon Vega Graphics
stepping	: 0
microcode	: 0x810100b
cpu MHz		: 1479.849
cache size	: 512 KB
physical id	: 0
siblings	: 4
core id		: 2
cpu cores	: 4
apicid		: 2
initial apicid	: 2
fpu		: yes
fpu_exception	: yes
cpuid level	: 13
wp		: yes
flags		: fpu vme de pse tsc msr pae mce cx8 apic sep mtrr pge mca cmov pat pse36 clflush mmx fxsr sse sse2 ht syscall nx mmxext fxsr_opt pdpe1gb rdtscp lm constant_tsc rep_good nopl nonstop_tsc cpuid extd_apicid aperfmperf pni pclmulqdq monitor ssse3 fma cx16 sse4_1 sse4_2 movbe popcnt aes xsave avx f16c rdrand lahf_lm cmp_legacy svm extapic cr8_legacy abm sse4a misalignsse 3dnowprefetch osvw skinit wdt tce topoext perfctr_core perfctr_nb bpext perfctr_llc mwaitx hw_pstate sme ssbd ibpb vmmcall fsgsbase bmi1 avx2 smep bmi2 rdseed adx smap clflushopt sha_ni xsaveopt xsavec xgetbv1 xsaves clzero irperf xsaveerptr arat npt lbrv svm_lock nrip_save tsc_scale vmcb_clean flushbyasid decodeassists pausefilter pfthreshold avic v_vmsave_vmload vgif overflow_recov succor smca
bugs		: sysret_ss_attrs null_seg spectre_v1 spectre_v2 spec_store_bypass
bogomips	: 6999.90
TLB size	: 2560 4K pages
clflush size	: 64
cache_alignment	: 64
address sizes	: 43 bits physical, 48 bits virtual
power management: ts ttp tm hwpstate eff_freq_ro [13] [14]

processor	: 3
vendor_id	: AuthenticAMD
cpu family	: 23
model		: 17
model name	: AMD Ryzen 3 2200G with Radeon Vega Graphics
stepping	: 0
microcode	: 0x810100b
cpu MHz		: 1595.714
cache size	: 512 KB
physical id	: 0
siblings	: 4
core id		: 3
cpu cores	: 4
apicid		: 3
initial apicid	: 3
fpu		: yes
fpu_exception	: yes
cpuid level	: 13
wp		: yes
flags		: fpu vme de pse tsc msr pae mce cx8 apic sep mtrr pge mca cmov pat pse36 clflush mmx fxsr sse sse2 ht syscall nx mmxext fxsr_opt pdpe1gb rdtscp lm constant_tsc rep_good nopl nonstop_tsc cpuid extd_apicid aperfmperf pni pclmulqdq monitor ssse3 fma cx16 sse4_1 sse4_2 movbe popcnt aes xsave avx f16c rdrand lahf_lm cmp_legacy svm extapic cr8_legacy abm sse4a misalignsse 3dnowprefetch osvw skinit wdt tce topoext perfctr_core perfctr_nb bpext perfctr_llc mwaitx hw_pstate sme ssbd ibpb vmmcall fsgsbase bmi1 avx2 smep bmi2 rdseed adx smap clflushopt sha_ni xsaveopt xsavec xgetbv1 xsaves clzero irperf xsaveerptr arat npt lbrv svm_lock nrip_save tsc_scale vmcb_clean flushbyasid decodeassists pausefilter pfthreshold avic v_vmsave_vmload vgif overflow_recov succor smca
bugs		: sysret_ss_attrs null_seg spectre_v1 spectre_v2 spec_store_bypass
bogomips	: 6999.90
TLB size	: 2560 4K pages
clflush size	: 64
cache_alignment	: 64
address sizes	: 43 bits physical, 48 bits virtual
power management: ts ttp tm hwpstate eff_freq_ro [13] [14]



Memory: 4k page, physical 12300544k(136592k free), swap 2097148k(0k free)

vm_info: Java HotSpot(TM) 64-Bit Server VM (25.241-b07) for linux-amd64 JRE (1.8.0_241-b07), built on Dec 11 2019 02:22:16 by "java_re" with gcc 7.3.0

time: Mon Apr  6 13:15:56 2020
timezone: CEST
elapsed time: 11 seconds (0d 0h 0m 11s)

