#
# There is insufficient memory for the Java Runtime Environment to continue.
# Native memory allocation (mmap) failed to map 489684992 bytes for committing reserved memory.
# Possible reasons:
#   The system is out of physical RAM or swap space
#   The process is running with CompressedOops enabled, and the Java Heap may be blocking the growth of the native heap
# Possible solutions:
#   Reduce memory load on the system
#   Increase physical memory or swap space
#   Check if swap backing store is full
#   Decrease Java heap size (-Xmx/-Xms)
#   Decrease number of Java threads
#   Decrease Java thread stack sizes (-Xss)
#   Set larger code cache with -XX:ReservedCodeCacheSize=
#   JVM is running with Zero Based Compressed Oops mode in which the Java heap is
#     placed in the first 32GB address space. The Java Heap base address is the
#     maximum limit for the native heap growth. Please use -XX:HeapBaseMinAddress
#     to set the Java Heap base and to place the Java Heap above 32GB virtual address.
# This output file may be truncated or incomplete.
#
#  Out of Memory Error (os_linux.cpp:2749), pid=9203, tid=0x00007f0414895700
#
# JRE version: Java(TM) SE Runtime Environment (8.0_241-b07) (build 1.8.0_241-b07)
# Java VM: Java HotSpot(TM) 64-Bit Server VM (25.241-b07 mixed mode linux-amd64 compressed oops)
# Failed to write core dump. Core dumps have been disabled. To enable core dumping, try "ulimit -c unlimited" before starting Java again
#

---------------  T H R E A D  ---------------

Current thread (0x00007f042407a000):  VMThread [stack: 0x00007f0414796000,0x00007f0414896000] [id=9213]

Stack: [0x00007f0414796000,0x00007f0414896000],  sp=0x00007f04148943d0,  free space=1016k
Native frames: (J=compiled Java code, j=interpreted, Vv=VM code, C=native code)
V  [libjvm.so+0xad9025]  VMError::report_and_die()+0x2e5
V  [libjvm.so+0x4e1457]  report_vm_out_of_memory(char const*, int, unsigned long, VMErrorType, char const*)+0x67
V  [libjvm.so+0x911f10]  os::pd_commit_memory(char*, unsigned long, unsigned long, bool)+0x100
V  [libjvm.so+0x90953f]  os::commit_memory(char*, unsigned long, unsigned long, bool)+0x1f
V  [libjvm.so+0x98e346]  PSVirtualSpace::expand_by(unsigned long)+0x56
V  [libjvm.so+0x97d61b]  PSOldGen::expand_by(unsigned long) [clone .part.28]+0x1b
V  [libjvm.so+0x97d7d8]  PSOldGen::expand(unsigned long) [clone .part.29]+0xa8
V  [libjvm.so+0x97e381]  PSOldGen::resize(unsigned long)+0xe1
V  [libjvm.so+0x9844bc]  PSParallelCompact::invoke_no_policy(bool) [clone .part.118]+0xa2c
V  [libjvm.so+0x98c2d5]  PSScavenge::invoke()+0x215
V  [libjvm.so+0x93be58]  ParallelScavengeHeap::failed_mem_allocate(unsigned long)+0x68
V  [libjvm.so+0xadab73]  VM_ParallelGCFailedAllocation::doit()+0x93
V  [libjvm.so+0xadfdc6]  VM_Operation::evaluate()+0x46
V  [libjvm.so+0xade0fd]  VMThread::evaluate_operation(VM_Operation*) [clone .constprop.44]+0xcd
V  [libjvm.so+0xade6e3]  VMThread::loop()+0x3a3
V  [libjvm.so+0xadeab8]  VMThread::run()+0x78
V  [libjvm.so+0x90f542]  java_start(Thread*)+0x102

VM_Operation (0x00007f042daba4c0): ParallelGCFailedAllocation, mode: safepoint, requested by thread 0x00007f042400b800


---------------  P R O C E S S  ---------------

Java Threads: ( => current thread )
  0x00007f042442b800 JavaThread "pool-1-thread-2" [_thread_blocked, id=9224, stack(0x00007f040f2c6000,0x00007f040f3c7000)]
  0x00007f0424429000 JavaThread "pool-1-thread-1" [_thread_blocked, id=9223, stack(0x00007f040f3c7000,0x00007f040f4c8000)]
  0x00007f0424427000 JavaThread "nioEventLoopGroup-2-1" [_thread_blocked, id=9222, stack(0x00007f040f4c8000,0x00007f040f5c9000)]
  0x00007f04240d5800 JavaThread "Service Thread" daemon [_thread_blocked, id=9220, stack(0x00007f040fcfd000,0x00007f040fdfe000)]
  0x00007f04240c0800 JavaThread "C1 CompilerThread2" daemon [_thread_blocked, id=9219, stack(0x00007f040fdff000,0x00007f040feff000)]
  0x00007f04240be800 JavaThread "C2 CompilerThread1" daemon [_thread_blocked, id=9218, stack(0x00007f040ff00000,0x00007f0410000000)]
  0x00007f04240bc000 JavaThread "C2 CompilerThread0" daemon [_thread_blocked, id=9217, stack(0x00007f04140b3000,0x00007f04141b3000)]
  0x00007f04240ba800 JavaThread "Signal Dispatcher" daemon [_thread_blocked, id=9216, stack(0x00007f04141b3000,0x00007f04142b4000)]
  0x00007f0424088000 JavaThread "Finalizer" daemon [_thread_blocked, id=9215, stack(0x00007f0414593000,0x00007f0414694000)]
  0x00007f0424083800 JavaThread "Reference Handler" daemon [_thread_blocked, id=9214, stack(0x00007f0414694000,0x00007f0414795000)]
  0x00007f042400b800 JavaThread "main" [_thread_blocked, id=9208, stack(0x00007f042d9bc000,0x00007f042dabc000)]

Other Threads:
=>0x00007f042407a000 VMThread [stack: 0x00007f0414796000,0x00007f0414896000] [id=9213]
  0x00007f04240d8800 WatcherThread [stack: 0x00007f040fbfd000,0x00007f040fcfd000] [id=9221]

VM state:at safepoint (normal execution)

VM Mutex/Monitor currently owned by a thread:  ([mutex/lock_event])
[0x00007f0424007b50] ExpandHeap_lock - owner thread: 0x00007f042407a000
[0x00007f04240081d0] Threads_lock - owner thread: 0x00007f042407a000
[0x00007f04240086d0] Heap_lock - owner thread: 0x00007f042400b800

heap address: 0x0000000704400000, size: 3004 MB, Compressed Oops mode: Zero based, Oop shift amount: 3
Narrow klass base: 0x0000000000000000, Narrow klass shift: 3
Compressed class space size: 1073741824 Address: 0x00000007c0000000

Heap:
 PSYoungGen      total 529408K, used 187610K [0x0000000781700000, 0x00000007b9f00000, 0x00000007c0000000)
  eden space 187904K, 0% used [0x0000000781700000,0x0000000781700000,0x000000078ce80000)
  from space 341504K, 54% used [0x000000078ce80000,0x00000007985b69d8,0x00000007a1c00000)
  to   space 341504K, 0% used [0x00000007a5180000,0x00000007a5180000,0x00000007b9f00000)
 ParOldGen       total 1129472K, used 1128997K [0x0000000704400000, 0x0000000749300000, 0x0000000781700000)
  object space 1129472K, 99% used [0x0000000704400000,0x00000007492897f8,0x0000000749300000)
 Metaspace       used 9237K, capacity 9406K, committed 9728K, reserved 1058816K
  class space    used 1096K, capacity 1177K, committed 1280K, reserved 1048576K

Card table byte_map: [0x00007f042a0bf000,0x00007f042a69e000] byte_map_base: 0x00007f042689d000

Marking Bits: (ParMarkBitMap*) 0x00007f042ce72e60
 Begin Bits: [0x00007f03f2220000, 0x00007f03f5110000)
 End Bits:   [0x00007f03f5110000, 0x00007f03f8000000)

Polling page: 0x00007f042dae2000

CodeCache: size=245760Kb used=3387Kb max_used=3398Kb free=242372Kb
 bounds [0x00007f0415000000, 0x00007f0415360000, 0x00007f0424000000]
 total_blobs=1045 nmethods=735 adapters=225
 compilation: enabled

Compilation events (10 events):
Event: 4,077 Thread 0x00007f04240be800  722       4       com.sun.org.apache.xerces.internal.dom.DeferredDocumentImpl::getNodeExtra (49 bytes)
Event: 4,077 Thread 0x00007f04240c0800 nmethod 730 0x00007f04153433d0 code [0x00007f04153435c0, 0x00007f0415343d58]
Event: 4,078 Thread 0x00007f04240be800 nmethod 722 0x00007f0415347910 code [0x00007f0415347a60, 0x00007f0415347bf8]
Event: 4,080 Thread 0x00007f04240bc000 nmethod 732% 0x00007f0415347f10 code [0x00007f0415348120, 0x00007f0415348988]
Event: 4,105 Thread 0x00007f04240be800  733       4       com.sun.org.apache.xerces.internal.dom.DeferredDocumentImpl::getChunkValue (19 bytes)
Event: 4,107 Thread 0x00007f04240be800 nmethod 733 0x00007f0415352650 code [0x00007f04153527a0, 0x00007f04153528b8]
Event: 4,139 Thread 0x00007f04240bc000  734       4       java.util.ArrayList::clear (39 bytes)
Event: 4,142 Thread 0x00007f04240bc000 nmethod 734 0x00007f0415352290 code [0x00007f04153523e0, 0x00007f04153524f8]
Event: 4,190 Thread 0x00007f04240be800  735       4       java.lang.AbstractStringBuilder::setLength (45 bytes)
Event: 4,194 Thread 0x00007f04240be800 nmethod 735 0x00007f0415347250 code [0x00007f04153473c0, 0x00007f04153476f8]

GC Heap History (10 events):
Event: 2,823 GC heap after
Heap after GC invocations=11 (full 3):
 PSYoungGen      total 429056K, used 275936K [0x0000000781700000, 0x00000007b8d00000, 0x00000007c0000000)
  eden space 153088K, 0% used [0x0000000781700000,0x0000000781700000,0x000000078ac80000)
  from space 275968K, 99% used [0x000000079fa00000,0x00000007b0778080,0x00000007b0780000)
  to   space 341504K, 0% used [0x000000078ac80000,0x000000078ac80000,0x000000079fa00000)
 ParOldGen       total 737280K, used 592693K [0x0000000704400000, 0x0000000731400000, 0x0000000781700000)
  object space 737280K, 80% used [0x0000000704400000,0x00000007286cd420,0x0000000731400000)
 Metaspace       used 9173K, capacity 9310K, committed 9344K, reserved 1056768K
  class space    used 1087K, capacity 1145K, committed 1152K, reserved 1048576K
}
Event: 2,823 GC heap before
{Heap before GC invocations=12 (full 4):
 PSYoungGen      total 429056K, used 275936K [0x0000000781700000, 0x00000007b8d00000, 0x00000007c0000000)
  eden space 153088K, 0% used [0x0000000781700000,0x0000000781700000,0x000000078ac80000)
  from space 275968K, 99% used [0x000000079fa00000,0x00000007b0778080,0x00000007b0780000)
  to   space 341504K, 0% used [0x000000078ac80000,0x000000078ac80000,0x000000079fa00000)
 ParOldGen       total 737280K, used 592693K [0x0000000704400000, 0x0000000731400000, 0x0000000781700000)
  object space 737280K, 80% used [0x0000000704400000,0x00000007286cd420,0x0000000731400000)
 Metaspace       used 9173K, capacity 9310K, committed 9344K, reserved 1056768K
  class space    used 1087K, capacity 1145K, committed 1152K, reserved 1048576K
Event: 3,326 GC heap after
Heap after GC invocations=12 (full 4):
 PSYoungGen      total 429056K, used 125480K [0x0000000781700000, 0x00000007b8d00000, 0x00000007c0000000)
  eden space 153088K, 0% used [0x0000000781700000,0x0000000781700000,0x000000078ac80000)
  from space 275968K, 45% used [0x000000079fa00000,0x00000007a748a260,0x00000007b0780000)
  to   space 341504K, 0% used [0x000000078ac80000,0x000000078ac80000,0x000000079fa00000)
 ParOldGen       total 1129472K, used 737107K [0x0000000704400000, 0x0000000749300000, 0x0000000781700000)
  object space 1129472K, 65% used [0x0000000704400000,0x00000007313d4c08,0x0000000749300000)
 Metaspace       used 9173K, capacity 9310K, committed 9344K, reserved 1056768K
  class space    used 1087K, capacity 1145K, committed 1152K, reserved 1048576K
}
Event: 3,555 GC heap before
{Heap before GC invocations=13 (full 4):
 PSYoungGen      total 429056K, used 278568K [0x0000000781700000, 0x00000007b8d00000, 0x00000007c0000000)
  eden space 153088K, 100% used [0x0000000781700000,0x000000078ac80000,0x000000078ac80000)
  from space 275968K, 45% used [0x000000079fa00000,0x00000007a748a260,0x00000007b0780000)
  to   space 341504K, 0% used [0x000000078ac80000,0x000000078ac80000,0x000000079fa00000)
 ParOldGen       total 1129472K, used 737107K [0x0000000704400000, 0x0000000749300000, 0x0000000781700000)
  object space 1129472K, 65% used [0x0000000704400000,0x00000007313d4c08,0x0000000749300000)
 Metaspace       used 9173K, capacity 9310K, committed 9344K, reserved 1056768K
  class space    used 1087K, capacity 1145K, committed 1152K, reserved 1048576K
Event: 3,661 GC heap after
Heap after GC invocations=13 (full 4):
 PSYoungGen      total 494592K, used 280480K [0x0000000781700000, 0x00000007b6980000, 0x00000007c0000000)
  eden space 153088K, 0% used [0x0000000781700000,0x0000000781700000,0x000000078ac80000)
  from space 341504K, 82% used [0x000000078ac80000,0x000000079be68020,0x000000079fa00000)
  to   space 341504K, 0% used [0x00000007a1c00000,0x00000007a1c00000,0x00000007b6980000)
 ParOldGen       total 1129472K, used 737107K [0x0000000704400000, 0x0000000749300000, 0x0000000781700000)
  object space 1129472K, 65% used [0x0000000704400000,0x00000007313d4c08,0x0000000749300000)
 Metaspace       used 9173K, capacity 9310K, committed 9344K, reserved 1056768K
  class space    used 1087K, capacity 1145K, committed 1152K, reserved 1048576K
}
Event: 3,900 GC heap before
{Heap before GC invocations=14 (full 4):
 PSYoungGen      total 494592K, used 433568K [0x0000000781700000, 0x00000007b6980000, 0x00000007c0000000)
  eden space 153088K, 100% used [0x0000000781700000,0x000000078ac80000,0x000000078ac80000)
  from space 341504K, 82% used [0x000000078ac80000,0x000000079be68020,0x000000079fa00000)
  to   space 341504K, 0% used [0x00000007a1c00000,0x00000007a1c00000,0x00000007b6980000)
 ParOldGen       total 1129472K, used 737107K [0x0000000704400000, 0x0000000749300000, 0x0000000781700000)
  object space 1129472K, 65% used [0x0000000704400000,0x00000007313d4c08,0x0000000749300000)
 Metaspace       used 9222K, capacity 9406K, committed 9728K, reserved 1058816K
  class space    used 1096K, capacity 1177K, committed 1280K, reserved 1048576K
Event: 4,024 GC heap after
Heap after GC invocations=14 (full 4):
 PSYoungGen      total 529408K, used 341472K [0x0000000781700000, 0x00000007b6d00000, 0x00000007c0000000)
  eden space 187904K, 0% used [0x0000000781700000,0x0000000781700000,0x000000078ce80000)
  from space 341504K, 99% used [0x00000007a1c00000,0x00000007b6978020,0x00000007b6980000)
  to   space 341504K, 0% used [0x000000078ce80000,0x000000078ce80000,0x00000007a1c00000)
 ParOldGen       total 1129472K, used 831531K [0x0000000704400000, 0x0000000749300000, 0x0000000781700000)
  object space 1129472K, 73% used [0x0000000704400000,0x000000073700ac08,0x0000000749300000)
 Metaspace       used 9222K, capacity 9406K, committed 9728K, reserved 1058816K
  class space    used 1096K, capacity 1177K, committed 1280K, reserved 1048576K
}
Event: 4,212 GC heap before
{Heap before GC invocations=15 (full 4):
 PSYoungGen      total 529408K, used 529376K [0x0000000781700000, 0x00000007b6d00000, 0x00000007c0000000)
  eden space 187904K, 100% used [0x0000000781700000,0x000000078ce80000,0x000000078ce80000)
  from space 341504K, 99% used [0x00000007a1c00000,0x00000007b6978020,0x00000007b6980000)
  to   space 341504K, 0% used [0x000000078ce80000,0x000000078ce80000,0x00000007a1c00000)
 ParOldGen       total 1129472K, used 831531K [0x0000000704400000, 0x0000000749300000, 0x0000000781700000)
  object space 1129472K, 73% used [0x0000000704400000,0x000000073700ac08,0x0000000749300000)
 Metaspace       used 9237K, capacity 9406K, committed 9728K, reserved 1058816K
  class space    used 1096K, capacity 1177K, committed 1280K, reserved 1048576K
Event: 4,422 GC heap after
Heap after GC invocations=15 (full 4):
 PSYoungGen      total 529408K, used 341504K [0x0000000781700000, 0x00000007b9f00000, 0x00000007c0000000)
  eden space 187904K, 0% used [0x0000000781700000,0x0000000781700000,0x000000078ce80000)
  from space 341504K, 100% used [0x000000078ce80000,0x00000007a1c00000,0x00000007a1c00000)
  to   space 341504K, 0% used [0x00000007a5180000,0x00000007a5180000,0x00000007b9f00000)
 ParOldGen       total 1129472K, used 1023707K [0x0000000704400000, 0x0000000749300000, 0x0000000781700000)
  object space 1129472K, 90% used [0x0000000704400000,0x0000000742bb6c28,0x0000000749300000)
 Metaspace       used 9237K, capacity 9406K, committed 9728K, reserved 1058816K
  class space    used 1096K, capacity 1177K, committed 1280K, reserved 1048576K
}
Event: 4,422 GC heap before
{Heap before GC invocations=16 (full 5):
 PSYoungGen      total 529408K, used 341504K [0x0000000781700000, 0x00000007b9f00000, 0x00000007c0000000)
  eden space 187904K, 0% used [0x0000000781700000,0x0000000781700000,0x000000078ce80000)
  from space 341504K, 100% used [0x000000078ce80000,0x00000007a1c00000,0x00000007a1c00000)
  to   space 341504K, 0% used [0x00000007a5180000,0x00000007a5180000,0x00000007b9f00000)
 ParOldGen       total 1129472K, used 1023707K [0x0000000704400000, 0x0000000749300000, 0x0000000781700000)
  object space 1129472K, 90% used [0x0000000704400000,0x0000000742bb6c28,0x0000000749300000)
 Metaspace       used 9237K, capacity 9406K, committed 9728K, reserved 1058816K
  class space    used 1096K, capacity 1177K, committed 1280K, reserved 1048576K

Deoptimization events (10 events):
Event: 3,880 Thread 0x00007f042400b800 Uncommon trap: reason=unstable_if action=reinterpret pc=0x00007f041531e454 method=java.io.BufferedInputStream.read([BII)I @ 104
Event: 3,880 Thread 0x00007f042400b800 Uncommon trap: reason=unstable_if action=reinterpret pc=0x00007f0415313660 method=com.sun.org.apache.xerces.internal.impl.XMLDocumentFragmentScannerImpl$FragmentContentDriver.next()I @ 1406
Event: 3,880 Thread 0x00007f042400b800 Uncommon trap: reason=class_check action=maybe_recompile pc=0x00007f04152bf43c method=com.sun.org.apache.xerces.internal.impl.XMLDocumentScannerImpl.next()I @ 4
Event: 3,880 Thread 0x00007f042400b800 Uncommon trap: reason=unstable_if action=reinterpret pc=0x00007f04152b80a0 method=com.sun.org.apache.xerces.internal.util.XMLChar.isSpace(I)Z @ 3
Event: 3,880 Thread 0x00007f042400b800 Uncommon trap: reason=unstable_if action=reinterpret pc=0x00007f041532219c method=java.io.BufferedInputStream.fill()V @ 219
Event: 3,880 Thread 0x00007f042400b800 Uncommon trap: reason=unstable_if action=reinterpret pc=0x00007f041529be34 method=com.sun.org.apache.xerces.internal.impl.io.UTF8Reader.read([CII)I @ 75
Event: 3,880 Thread 0x00007f042400b800 Uncommon trap: reason=unstable_if action=reinterpret pc=0x00007f0415320adc method=com.sun.org.apache.xerces.internal.impl.XMLEntityScanner.load(IZZ)Z @ 92
Event: 4,039 Thread 0x00007f042400b800 Uncommon trap: reason=unstable_if action=reinterpret pc=0x00007f041532cf04 method=com.sun.org.apache.xerces.internal.dom.DeferredDocumentImpl.getPrevSibling(IZ)I @ 52
Event: 4,039 Thread 0x00007f042400b800 Uncommon trap: reason=unstable_if action=reinterpret pc=0x00007f041532de90 method=com.sun.org.apache.xerces.internal.dom.DeferredDocumentImpl.getPrevSibling(IZ)I @ 52
Event: 4,039 Thread 0x00007f042400b800 Uncommon trap: reason=unstable_if action=reinterpret pc=0x00007f041532b9d4 method=com.sun.org.apache.xerces.internal.dom.DeferredDocumentImpl.clearChunkIndex([[III)I @ 47

Classes redefined (0 events):
No events

Internal exceptions (10 events):
Event: 0,156 Thread 0x00007f042400b800 Exception <a 'java/lang/NoClassDefFoundError': javassist/ClassPath> (0x0000000781cc1748) thrown at [/scratch/jenkins/workspace/8-2-build-linux-amd64/jdk8u241/331/hotspot/src/share/vm/classfile/systemDictionary.cpp, line 199]
Event: 0,260 Thread 0x00007f042400b800 Exception <a 'java/lang/NoSuchFieldError': method resolution failed> (0x00000007822b4cf8) thrown at [/scratch/jenkins/workspace/8-2-build-linux-amd64/jdk8u241/331/hotspot/src/share/vm/prims/methodHandles.cpp, line 1167]
Event: 0,261 Thread 0x00007f042400b800 Exception <a 'java/lang/NoSuchFieldError': method resolution failed> (0x00000007822c2418) thrown at [/scratch/jenkins/workspace/8-2-build-linux-amd64/jdk8u241/331/hotspot/src/share/vm/prims/methodHandles.cpp, line 1167]
Event: 0,294 Thread 0x00007f0424427000 Exception <a 'java/lang/ArrayIndexOutOfBoundsException'> (0x0000000782486b18) thrown at [/scratch/jenkins/workspace/8-2-build-linux-amd64/jdk8u241/331/hotspot/src/share/vm/runtime/sharedRuntime.cpp, line 605]
Event: 0,295 Thread 0x00007f0424427000 Exception <a 'java/lang/ArrayIndexOutOfBoundsException'> (0x0000000782487b18) thrown at [/scratch/jenkins/workspace/8-2-build-linux-amd64/jdk8u241/331/hotspot/src/share/vm/runtime/sharedRuntime.cpp, line 605]
Event: 0,295 Thread 0x00007f0424427000 Exception <a 'java/lang/ArrayIndexOutOfBoundsException'> (0x0000000782489090) thrown at [/scratch/jenkins/workspace/8-2-build-linux-amd64/jdk8u241/331/hotspot/src/share/vm/runtime/sharedRuntime.cpp, line 605]
Event: 0,296 Thread 0x00007f0424427000 Exception <a 'java/lang/ArrayIndexOutOfBoundsException'> (0x0000000782494458) thrown at [/scratch/jenkins/workspace/8-2-build-linux-amd64/jdk8u241/331/hotspot/src/share/vm/runtime/sharedRuntime.cpp, line 605]
Event: 0,297 Thread 0x00007f0424427000 Exception <a 'java/lang/ArrayIndexOutOfBoundsException'> (0x0000000782495188) thrown at [/scratch/jenkins/workspace/8-2-build-linux-amd64/jdk8u241/331/hotspot/src/share/vm/runtime/sharedRuntime.cpp, line 605]
Event: 0,298 Thread 0x00007f0424427000 Exception <a 'java/lang/ArrayIndexOutOfBoundsException'> (0x00000007824a1468) thrown at [/scratch/jenkins/workspace/8-2-build-linux-amd64/jdk8u241/331/hotspot/src/share/vm/runtime/sharedRuntime.cpp, line 605]
Event: 0,298 Thread 0x00007f0424427000 Exception <a 'java/lang/ArrayIndexOutOfBoundsException'> (0x00000007824a26b0) thrown at [/scratch/jenkins/workspace/8-2-build-linux-amd64/jdk8u241/331/hotspot/src/share/vm/runtime/sharedRuntime.cpp, line 605]

Events (10 events):
Event: 4,039 Thread 0x00007f042400b800 DEOPT UNPACKING pc=0x00007f041504573a sp=0x00007f042daba588 mode 2
Event: 4,039 Thread 0x00007f042400b800 Uncommon trap: trap_request=0xffffff65 fr.pc=0x00007f041532de90
Event: 4,039 Thread 0x00007f042400b800 DEOPT PACKING pc=0x00007f041532de90 sp=0x00007f042daba5b0
Event: 4,039 Thread 0x00007f042400b800 DEOPT UNPACKING pc=0x00007f041504573a sp=0x00007f042daba550 mode 2
Event: 4,039 Thread 0x00007f042400b800 Uncommon trap: trap_request=0xffffff65 fr.pc=0x00007f041532b9d4
Event: 4,039 Thread 0x00007f042400b800 DEOPT PACKING pc=0x00007f041532b9d4 sp=0x00007f042daba420
Event: 4,039 Thread 0x00007f042400b800 DEOPT UNPACKING pc=0x00007f041504573a sp=0x00007f042daba3f0 mode 2
Event: 4,076 Executing VM operation: EnableBiasedLocking
Event: 4,076 Executing VM operation: EnableBiasedLocking done
Event: 4,212 Executing VM operation: ParallelGCFailedAllocation


Dynamic libraries:
00400000-00401000 r-xp 00000000 103:05 546730                            /usr/lib/jvm/java-8-openjdk-amd64/jre/bin/java
00600000-00601000 r--p 00000000 103:05 546730                            /usr/lib/jvm/java-8-openjdk-amd64/jre/bin/java
00601000-00602000 rw-p 00001000 103:05 546730                            /usr/lib/jvm/java-8-openjdk-amd64/jre/bin/java
00fd6000-00ff7000 rw-p 00000000 00:00 0                                  [heap]
704400000-749300000 rw-p 00000000 00:00 0 
766600000-781700000 ---p 00000000 00:00 0 
781700000-7b9f00000 rw-p 00000000 00:00 0 
7b9f00000-7c0000000 ---p 00000000 00:00 0 
7c0000000-7c0140000 rw-p 00000000 00:00 0 
7c0140000-800000000 ---p 00000000 00:00 0 
7f03c4000000-7f03c4021000 rw-p 00000000 00:00 0 
7f03c4021000-7f03c8000000 ---p 00000000 00:00 0 
7f03c8000000-7f03c8021000 rw-p 00000000 00:00 0 
7f03c8021000-7f03cc000000 ---p 00000000 00:00 0 
7f03cc000000-7f03cc021000 rw-p 00000000 00:00 0 
7f03cc021000-7f03d0000000 ---p 00000000 00:00 0 
7f03d0000000-7f03d0021000 rw-p 00000000 00:00 0 
7f03d0021000-7f03d4000000 ---p 00000000 00:00 0 
7f03d4000000-7f03d4314000 rw-p 00000000 00:00 0 
7f03d4314000-7f03d8000000 ---p 00000000 00:00 0 
7f03d8000000-7f03d8021000 rw-p 00000000 00:00 0 
7f03d8021000-7f03dc000000 ---p 00000000 00:00 0 
7f03dc000000-7f03dc46d000 rw-p 00000000 00:00 0 
7f03dc46d000-7f03e0000000 ---p 00000000 00:00 0 
7f03e0000000-7f03e03ae000 rw-p 00000000 00:00 0 
7f03e03ae000-7f03e4000000 ---p 00000000 00:00 0 
7f03e4000000-7f03e4021000 rw-p 00000000 00:00 0 
7f03e4021000-7f03e8000000 ---p 00000000 00:00 0 
7f03e8000000-7f03e8021000 rw-p 00000000 00:00 0 
7f03e8021000-7f03ec000000 ---p 00000000 00:00 0 
7f03ec000000-7f03ec021000 rw-p 00000000 00:00 0 
7f03ec021000-7f03f0000000 ---p 00000000 00:00 0 
7f03f2220000-7f03f8000000 rw-p 00000000 00:00 0 
7f03f8000000-7f03f8021000 rw-p 00000000 00:00 0 
7f03f8021000-7f03fc000000 ---p 00000000 00:00 0 
7f03fc000000-7f03fc29e000 rw-p 00000000 00:00 0 
7f03fc29e000-7f0400000000 ---p 00000000 00:00 0 
7f0400000000-7f0400021000 rw-p 00000000 00:00 0 
7f0400021000-7f0404000000 ---p 00000000 00:00 0 
7f0408000000-7f0408021000 rw-p 00000000 00:00 0 
7f0408021000-7f040c000000 ---p 00000000 00:00 0 
7f040f0c6000-7f040f106000 rw-p 00000000 00:00 0 
7f040f106000-7f040f2c6000 ---p 00000000 00:00 0 
7f040f2c6000-7f040f2c9000 ---p 00000000 00:00 0 
7f040f2c9000-7f040f3c7000 rw-p 00000000 00:00 0 
7f040f3c7000-7f040f3ca000 ---p 00000000 00:00 0 
7f040f3ca000-7f040f4c8000 rw-p 00000000 00:00 0 
7f040f4c8000-7f040f4cb000 ---p 00000000 00:00 0 
7f040f4cb000-7f040f5c9000 rw-p 00000000 00:00 0 
7f040f5c9000-7f040f5d2000 r-xp 00000000 103:05 555124                    /usr/lib/jvm/java-8-openjdk-amd64/jre/lib/amd64/libmanagement.so
7f040f5d2000-7f040f7d1000 ---p 00009000 103:05 555124                    /usr/lib/jvm/java-8-openjdk-amd64/jre/lib/amd64/libmanagement.so
7f040f7d1000-7f040f7d2000 r--p 00008000 103:05 555124                    /usr/lib/jvm/java-8-openjdk-amd64/jre/lib/amd64/libmanagement.so
7f040f7d2000-7f040f7d3000 rw-p 00009000 103:05 555124                    /usr/lib/jvm/java-8-openjdk-amd64/jre/lib/amd64/libmanagement.so
7f040f7d3000-7f040f7e4000 r-xp 00000000 103:05 555129                    /usr/lib/jvm/java-8-openjdk-amd64/jre/lib/amd64/libnio.so
7f040f7e4000-7f040f9e3000 ---p 00011000 103:05 555129                    /usr/lib/jvm/java-8-openjdk-amd64/jre/lib/amd64/libnio.so
7f040f9e3000-7f040f9e4000 r--p 00010000 103:05 555129                    /usr/lib/jvm/java-8-openjdk-amd64/jre/lib/amd64/libnio.so
7f040f9e4000-7f040f9e5000 rw-p 00011000 103:05 555129                    /usr/lib/jvm/java-8-openjdk-amd64/jre/lib/amd64/libnio.so
7f040f9e5000-7f040f9fb000 r-xp 00000000 103:05 555128                    /usr/lib/jvm/java-8-openjdk-amd64/jre/lib/amd64/libnet.so
7f040f9fb000-7f040fbfa000 ---p 00016000 103:05 555128                    /usr/lib/jvm/java-8-openjdk-amd64/jre/lib/amd64/libnet.so
7f040fbfa000-7f040fbfb000 r--p 00015000 103:05 555128                    /usr/lib/jvm/java-8-openjdk-amd64/jre/lib/amd64/libnet.so
7f040fbfb000-7f040fbfc000 rw-p 00016000 103:05 555128                    /usr/lib/jvm/java-8-openjdk-amd64/jre/lib/amd64/libnet.so
7f040fbfc000-7f040fbfd000 ---p 00000000 00:00 0 
7f040fbfd000-7f040fcfd000 rw-p 00000000 00:00 0 
7f040fcfd000-7f040fd00000 ---p 00000000 00:00 0 
7f040fd00000-7f040fdfe000 rw-p 00000000 00:00 0 
7f040fdfe000-7f040fdff000 ---p 00000000 00:00 0 
7f040fdff000-7f040fe02000 ---p 00000000 00:00 0 
7f040fe02000-7f040feff000 rw-p 00000000 00:00 0 
7f040feff000-7f040ff00000 ---p 00000000 00:00 0 
7f040ff00000-7f040ff03000 ---p 00000000 00:00 0 
7f040ff03000-7f0410000000 rw-p 00000000 00:00 0 
7f0410000000-7f0410021000 rw-p 00000000 00:00 0 
7f0410021000-7f0414000000 ---p 00000000 00:00 0 
7f0414052000-7f041408e000 r--s 0031b000 103:05 6960731                   /home/loubard/.m2/repository/io/netty/netty-all/4.1.5.Final/netty-all-4.1.5.Final.jar
7f041408e000-7f04140b2000 r--s 0020e000 103:05 6960725                   /home/loubard/.m2/repository/com/basho/riak/riak-client/2.1.1/riak-client-2.1.1.jar
7f04140b2000-7f04140b3000 ---p 00000000 00:00 0 
7f04140b3000-7f04140b6000 ---p 00000000 00:00 0 
7f04140b6000-7f04141b3000 rw-p 00000000 00:00 0 
7f04141b3000-7f04141b6000 ---p 00000000 00:00 0 
7f04141b6000-7f04142b4000 rw-p 00000000 00:00 0 
7f04142b4000-7f0414593000 r--p 00000000 103:05 6429000                   /usr/lib/locale/locale-archive
7f0414593000-7f0414596000 ---p 00000000 00:00 0 
7f0414596000-7f0414694000 rw-p 00000000 00:00 0 
7f0414694000-7f0414697000 ---p 00000000 00:00 0 
7f0414697000-7f0414795000 rw-p 00000000 00:00 0 
7f0414795000-7f0414796000 ---p 00000000 00:00 0 
7f0414796000-7f0415000000 rw-p 00000000 00:00 0 
7f0415000000-7f0415360000 rwxp 00000000 00:00 0 
7f0415360000-7f0424000000 ---p 00000000 00:00 0 
7f0424000000-7f04244b3000 rw-p 00000000 00:00 0 
7f04244b3000-7f0428000000 ---p 00000000 00:00 0 
7f0428006000-7f0428009000 r--s 0001a000 103:05 6960733                   /home/loubard/.m2/repository/org/erlang/otp/jinterface/1.6.1/jinterface-1.6.1.jar
7f0428009000-7f04288a3000 rw-p 00000000 00:00 0 
7f04288a3000-7f0428a7d000 r--s 03d8c000 103:05 558117                    /usr/lib/jvm/java-8-openjdk-amd64/jre/lib/rt.jar
7f0428a7d000-7f04298d1000 rw-p 00000000 00:00 0 
7f04298d1000-7f04298d2000 ---p 00000000 00:00 0 
7f04298d2000-7f04299d2000 rw-p 00000000 00:00 0 
7f04299d2000-7f04299d3000 ---p 00000000 00:00 0 
7f04299d3000-7f0429ad3000 rw-p 00000000 00:00 0 
7f0429ad3000-7f0429ad4000 ---p 00000000 00:00 0 
7f0429ad4000-7f0429bd4000 rw-p 00000000 00:00 0 
7f0429bd4000-7f0429bd5000 ---p 00000000 00:00 0 
7f0429bd5000-7f0429efd000 rw-p 00000000 00:00 0 
7f0429efd000-7f042a0bf000 ---p 00000000 00:00 0 
7f042a0bf000-7f042a2e7000 rw-p 00000000 00:00 0 
7f042a2e7000-7f042a4a8000 ---p 00000000 00:00 0 
7f042a4a8000-7f042a66d000 rw-p 00000000 00:00 0 
7f042a66d000-7f042a69d000 ---p 00000000 00:00 0 
7f042a69d000-7f042a6ac000 rw-p 00000000 00:00 0 
7f042a6ac000-7f042aa5e000 ---p 00000000 00:00 0 
7f042aa5e000-7f042aa79000 r-xp 00000000 103:05 555175                    /usr/lib/jvm/java-8-openjdk-amd64/jre/lib/amd64/libzip.so
7f042aa79000-7f042ac78000 ---p 0001b000 103:05 555175                    /usr/lib/jvm/java-8-openjdk-amd64/jre/lib/amd64/libzip.so
7f042ac78000-7f042ac79000 r--p 0001a000 103:05 555175                    /usr/lib/jvm/java-8-openjdk-amd64/jre/lib/amd64/libzip.so
7f042ac79000-7f042ac7a000 rw-p 0001b000 103:05 555175                    /usr/lib/jvm/java-8-openjdk-amd64/jre/lib/amd64/libzip.so
7f042ac7a000-7f042ac85000 r-xp 00000000 103:05 398387                    /lib/x86_64-linux-gnu/libnss_files-2.27.so
7f042ac85000-7f042ae84000 ---p 0000b000 103:05 398387                    /lib/x86_64-linux-gnu/libnss_files-2.27.so
7f042ae84000-7f042ae85000 r--p 0000a000 103:05 398387                    /lib/x86_64-linux-gnu/libnss_files-2.27.so
7f042ae85000-7f042ae86000 rw-p 0000b000 103:05 398387                    /lib/x86_64-linux-gnu/libnss_files-2.27.so
7f042ae86000-7f042ae8c000 rw-p 00000000 00:00 0 
7f042ae8c000-7f042aea3000 r-xp 00000000 103:05 398381                    /lib/x86_64-linux-gnu/libnsl-2.27.so
7f042aea3000-7f042b0a2000 ---p 00017000 103:05 398381                    /lib/x86_64-linux-gnu/libnsl-2.27.so
7f042b0a2000-7f042b0a3000 r--p 00016000 103:05 398381                    /lib/x86_64-linux-gnu/libnsl-2.27.so
7f042b0a3000-7f042b0a4000 rw-p 00017000 103:05 398381                    /lib/x86_64-linux-gnu/libnsl-2.27.so
7f042b0a4000-7f042b0a6000 rw-p 00000000 00:00 0 
7f042b0a6000-7f042b0b1000 r-xp 00000000 103:05 398398                    /lib/x86_64-linux-gnu/libnss_nis-2.27.so
7f042b0b1000-7f042b2b0000 ---p 0000b000 103:05 398398                    /lib/x86_64-linux-gnu/libnss_nis-2.27.so
7f042b2b0000-7f042b2b1000 r--p 0000a000 103:05 398398                    /lib/x86_64-linux-gnu/libnss_nis-2.27.so
7f042b2b1000-7f042b2b2000 rw-p 0000b000 103:05 398398                    /lib/x86_64-linux-gnu/libnss_nis-2.27.so
7f042b2b2000-7f042b2ba000 r-xp 00000000 103:05 398383                    /lib/x86_64-linux-gnu/libnss_compat-2.27.so
7f042b2ba000-7f042b4ba000 ---p 00008000 103:05 398383                    /lib/x86_64-linux-gnu/libnss_compat-2.27.so
7f042b4ba000-7f042b4bb000 r--p 00008000 103:05 398383                    /lib/x86_64-linux-gnu/libnss_compat-2.27.so
7f042b4bb000-7f042b4bc000 rw-p 00009000 103:05 398383                    /lib/x86_64-linux-gnu/libnss_compat-2.27.so
7f042b4bc000-7f042b4e8000 r-xp 00000000 103:05 555065                    /usr/lib/jvm/java-8-openjdk-amd64/jre/lib/amd64/libjava.so
7f042b4e8000-7f042b6e8000 ---p 0002c000 103:05 555065                    /usr/lib/jvm/java-8-openjdk-amd64/jre/lib/amd64/libjava.so
7f042b6e8000-7f042b6e9000 r--p 0002c000 103:05 555065                    /usr/lib/jvm/java-8-openjdk-amd64/jre/lib/amd64/libjava.so
7f042b6e9000-7f042b6eb000 rw-p 0002d000 103:05 555065                    /usr/lib/jvm/java-8-openjdk-amd64/jre/lib/amd64/libjava.so
7f042b6eb000-7f042b6f8000 r-xp 00000000 103:05 555174                    /usr/lib/jvm/java-8-openjdk-amd64/jre/lib/amd64/libverify.so
7f042b6f8000-7f042b8f7000 ---p 0000d000 103:05 555174                    /usr/lib/jvm/java-8-openjdk-amd64/jre/lib/amd64/libverify.so
7f042b8f7000-7f042b8f9000 r--p 0000c000 103:05 555174                    /usr/lib/jvm/java-8-openjdk-amd64/jre/lib/amd64/libverify.so
7f042b8f9000-7f042b8fa000 rw-p 0000e000 103:05 555174                    /usr/lib/jvm/java-8-openjdk-amd64/jre/lib/amd64/libverify.so
7f042b8fa000-7f042b901000 r-xp 00000000 103:05 398438                    /lib/x86_64-linux-gnu/librt-2.27.so
7f042b901000-7f042bb00000 ---p 00007000 103:05 398438                    /lib/x86_64-linux-gnu/librt-2.27.so
7f042bb00000-7f042bb01000 r--p 00006000 103:05 398438                    /lib/x86_64-linux-gnu/librt-2.27.so
7f042bb01000-7f042bb02000 rw-p 00007000 103:05 398438                    /lib/x86_64-linux-gnu/librt-2.27.so
7f042bb02000-7f042bc9f000 r-xp 00000000 103:05 398360                    /lib/x86_64-linux-gnu/libm-2.27.so
7f042bc9f000-7f042be9e000 ---p 0019d000 103:05 398360                    /lib/x86_64-linux-gnu/libm-2.27.so
7f042be9e000-7f042be9f000 r--p 0019c000 103:05 398360                    /lib/x86_64-linux-gnu/libm-2.27.so
7f042be9f000-7f042bea0000 rw-p 0019d000 103:05 398360                    /lib/x86_64-linux-gnu/libm-2.27.so
7f042bea0000-7f042cb8f000 r-xp 00000000 103:05 555178                    /usr/lib/jvm/java-8-openjdk-amd64/jre/lib/amd64/server/libjvm.so
7f042cb8f000-7f042cd8e000 ---p 00cef000 103:05 555178                    /usr/lib/jvm/java-8-openjdk-amd64/jre/lib/amd64/server/libjvm.so
7f042cd8e000-7f042ce24000 r--p 00cee000 103:05 555178                    /usr/lib/jvm/java-8-openjdk-amd64/jre/lib/amd64/server/libjvm.so
7f042ce24000-7f042ce55000 rw-p 00d84000 103:05 555178                    /usr/lib/jvm/java-8-openjdk-amd64/jre/lib/amd64/server/libjvm.so
7f042ce55000-7f042ce90000 rw-p 00000000 00:00 0 
7f042ce90000-7f042d077000 r-xp 00000000 103:05 398297                    /lib/x86_64-linux-gnu/libc-2.27.so
7f042d077000-7f042d277000 ---p 001e7000 103:05 398297                    /lib/x86_64-linux-gnu/libc-2.27.so
7f042d277000-7f042d27b000 r--p 001e7000 103:05 398297                    /lib/x86_64-linux-gnu/libc-2.27.so
7f042d27b000-7f042d27d000 rw-p 001eb000 103:05 398297                    /lib/x86_64-linux-gnu/libc-2.27.so
7f042d27d000-7f042d281000 rw-p 00000000 00:00 0 
7f042d281000-7f042d284000 r-xp 00000000 103:05 398320                    /lib/x86_64-linux-gnu/libdl-2.27.so
7f042d284000-7f042d483000 ---p 00003000 103:05 398320                    /lib/x86_64-linux-gnu/libdl-2.27.so
7f042d483000-7f042d484000 r--p 00002000 103:05 398320                    /lib/x86_64-linux-gnu/libdl-2.27.so
7f042d484000-7f042d485000 rw-p 00003000 103:05 398320                    /lib/x86_64-linux-gnu/libdl-2.27.so
7f042d485000-7f042d49c000 r-xp 00000000 103:05 553800                    /usr/lib/jvm/java-8-openjdk-amd64/jre/lib/amd64/jli/libjli.so
7f042d49c000-7f042d69b000 ---p 00017000 103:05 553800                    /usr/lib/jvm/java-8-openjdk-amd64/jre/lib/amd64/jli/libjli.so
7f042d69b000-7f042d69c000 r--p 00016000 103:05 553800                    /usr/lib/jvm/java-8-openjdk-amd64/jre/lib/amd64/jli/libjli.so
7f042d69c000-7f042d69d000 rw-p 00017000 103:05 553800                    /usr/lib/jvm/java-8-openjdk-amd64/jre/lib/amd64/jli/libjli.so
7f042d69d000-7f042d6b7000 r-xp 00000000 103:05 398430                    /lib/x86_64-linux-gnu/libpthread-2.27.so
7f042d6b7000-7f042d8b6000 ---p 0001a000 103:05 398430                    /lib/x86_64-linux-gnu/libpthread-2.27.so
7f042d8b6000-7f042d8b7000 r--p 00019000 103:05 398430                    /lib/x86_64-linux-gnu/libpthread-2.27.so
7f042d8b7000-7f042d8b8000 rw-p 0001a000 103:05 398430                    /lib/x86_64-linux-gnu/libpthread-2.27.so
7f042d8b8000-7f042d8bc000 rw-p 00000000 00:00 0 
7f042d8bc000-7f042d8e3000 r-xp 00000000 103:05 398269                    /lib/x86_64-linux-gnu/ld-2.27.so
7f042d8e4000-7f042d8f3000 r--s 00081000 103:05 6960730                   /home/loubard/.m2/repository/joda-time/joda-time/2.7/joda-time-2.7.jar
7f042d8f3000-7f042d8f6000 r--s 0000e000 103:05 6960723                   /home/loubard/.m2/repository/com/fasterxml/jackson/datatype/jackson-datatype-joda/2.8.0/jackson-datatype-joda-2.8.0.jar
7f042d8f6000-7f042d8fa000 r--s 00041000 103:05 6960726                   /home/loubard/.m2/repository/com/fasterxml/jackson/core/jackson-core/2.8.0/jackson-core-2.8.0.jar
7f042d8fa000-7f042d8fd000 r--s 0000b000 103:05 6960724                   /home/loubard/.m2/repository/com/fasterxml/jackson/core/jackson-annotations/2.8.0/jackson-annotations-2.8.0.jar
7f042d8fd000-7f042d9bb000 rw-p 00000000 00:00 0 
7f042d9bb000-7f042d9bc000 ---p 00000000 00:00 0 
7f042d9bc000-7f042d9bf000 ---p 00000000 00:00 0 
7f042d9bf000-7f042dac0000 rw-p 00000000 00:00 0 
7f042dac0000-7f042dad2000 r--s 0011b000 103:05 6960727                   /home/loubard/.m2/repository/com/fasterxml/jackson/core/jackson-databind/2.8.0/jackson-databind-2.8.0.jar
7f042dad2000-7f042dad4000 r--s 00009000 103:05 6960721                   /home/loubard/.m2/repository/org/slf4j/slf4j-api/1.7.21/slf4j-api-1.7.21.jar
7f042dad4000-7f042dad7000 r--s 0000f000 103:05 557164                    /usr/lib/jvm/java-8-openjdk-amd64/jre/lib/ext/icedtea-sound.jar
7f042dad7000-7f042dad9000 r--s 00007000 103:05 6953966                   /usr/share/java/java-atk-wrapper.jar
7f042dad9000-7f042dae1000 rw-s 00000000 103:05 4587937                   /tmp/hsperfdata_loubard/9203
7f042dae1000-7f042dae2000 rw-p 00000000 00:00 0 
7f042dae2000-7f042dae3000 ---p 00000000 00:00 0 
7f042dae3000-7f042dae4000 r--p 00027000 103:05 398269                    /lib/x86_64-linux-gnu/ld-2.27.so
7f042dae4000-7f042dae5000 rw-p 00028000 103:05 398269                    /lib/x86_64-linux-gnu/ld-2.27.so
7f042dae5000-7f042dae6000 rw-p 00000000 00:00 0 
7ffe32941000-7ffe32963000 rw-p 00000000 00:00 0                          [stack]
7ffe32995000-7ffe32998000 r--p 00000000 00:00 0                          [vvar]
7ffe32998000-7ffe3299a000 r-xp 00000000 00:00 0                          [vdso]
ffffffffff600000-ffffffffff601000 r-xp 00000000 00:00 0                  [vsyscall]

VM Arguments:
jvm_args: -Dfile.encoding=UTF-8 
java_command: src.main.java.setup.TasteOfRiak
java_class_path (initial): /home/loubard/eclipse-workspace/BigTable/target/classes:/home/loubard/.m2/repository/com/basho/riak/riak-client/2.1.1/riak-client-2.1.1.jar:/home/loubard/.m2/repository/org/slf4j/slf4j-api/1.7.21/slf4j-api-1.7.21.jar:/home/loubard/.m2/repository/com/fasterxml/jackson/core/jackson-databind/2.8.0/jackson-databind-2.8.0.jar:/home/loubard/.m2/repository/com/fasterxml/jackson/core/jackson-annotations/2.8.0/jackson-annotations-2.8.0.jar:/home/loubard/.m2/repository/com/fasterxml/jackson/core/jackson-core/2.8.0/jackson-core-2.8.0.jar:/home/loubard/.m2/repository/com/fasterxml/jackson/datatype/jackson-datatype-joda/2.8.0/jackson-datatype-joda-2.8.0.jar:/home/loubard/.m2/repository/joda-time/joda-time/2.7/joda-time-2.7.jar:/home/loubard/.m2/repository/io/netty/netty-all/4.1.5.Final/netty-all-4.1.5.Final.jar:/home/loubard/.m2/repository/org/erlang/otp/jinterface/1.6.1/jinterface-1.6.1.jar
Launcher Type: SUN_STANDARD

Environment Variables:
JAVA_HOME=/usr/lib/jvm/java-8-openjdk-amd64
JRE_HOME=/usr/lib/jvm/java-8-openjdk-amd64/jre
PATH=/home/loubard/anaconda3/bin:/home/loubard/.local/bin:/usr/local/sbin:/usr/local/bin:/usr/sbin:/usr/bin:/sbin:/bin:/usr/games:/usr/local/games:/media/loubard/5C24C3855A6481A3/linux_games/retro:/home/loubard/eclipse/java-2020-037/eclipse
SHELL=/bin/bash
DISPLAY=:0

Signal Handlers:
SIGSEGV: [libjvm.so+0xad9960], sa_mask[0]=11111111011111111101111111111110, sa_flags=SA_RESTART|SA_SIGINFO
SIGBUS: [libjvm.so+0xad9960], sa_mask[0]=11111111011111111101111111111110, sa_flags=SA_RESTART|SA_SIGINFO
SIGFPE: [libjvm.so+0x90d4a0], sa_mask[0]=11111111011111111101111111111110, sa_flags=SA_RESTART|SA_SIGINFO
SIGPIPE: [libjvm.so+0x90d4a0], sa_mask[0]=11111111011111111101111111111110, sa_flags=SA_RESTART|SA_SIGINFO
SIGXFSZ: [libjvm.so+0x90d4a0], sa_mask[0]=11111111011111111101111111111110, sa_flags=SA_RESTART|SA_SIGINFO
SIGILL: [libjvm.so+0x90d4a0], sa_mask[0]=11111111011111111101111111111110, sa_flags=SA_RESTART|SA_SIGINFO
SIGUSR1: SIG_DFL, sa_mask[0]=00000000000000000000000000000000, sa_flags=none
SIGUSR2: [libjvm.so+0x90d370], sa_mask[0]=00100000000000000000000000000000, sa_flags=SA_RESTART|SA_SIGINFO
SIGHUP: [libjvm.so+0x90d990], sa_mask[0]=11111111011111111101111111111110, sa_flags=SA_RESTART|SA_SIGINFO
SIGINT: [libjvm.so+0x90d990], sa_mask[0]=11111111011111111101111111111110, sa_flags=SA_RESTART|SA_SIGINFO
SIGTERM: [libjvm.so+0x90d990], sa_mask[0]=11111111011111111101111111111110, sa_flags=SA_RESTART|SA_SIGINFO
SIGQUIT: [libjvm.so+0x90d990], sa_mask[0]=11111111011111111101111111111110, sa_flags=SA_RESTART|SA_SIGINFO


---------------  S Y S T E M  ---------------

OS:DISTRIB_ID=LinuxMint
DISTRIB_RELEASE=19.2
DISTRIB_CODENAME=tina
DISTRIB_DESCRIPTION="Linux Mint 19.2 Tina"

uname:Linux 4.15.0-54-generic #58-Ubuntu SMP Mon Jun 24 10:55:24 UTC 2019 x86_64
libc:glibc 2.27 NPTL 2.27 
rlimit: STACK 8192k, CORE 0k, NPROC 47328, NOFILE 4096, AS infinity
load average:1,66 1,26 1,12

/proc/meminfo:
MemTotal:       12300544 kB
MemFree:          138844 kB
MemAvailable:     148800 kB
Buffers:            2336 kB
Cached:           221592 kB
SwapCached:       112308 kB
Active:         10644004 kB
Inactive:        1164436 kB
Active(anon):   10533280 kB
Inactive(anon):  1053084 kB
Active(file):     110724 kB
Inactive(file):   111352 kB
Unevictable:          96 kB
Mlocked:              96 kB
SwapTotal:       2097148 kB
SwapFree:            248 kB
Dirty:               112 kB
Writeback:             0 kB
AnonPages:      11474256 kB
Mapped:           119744 kB
Shmem:              1848 kB
Slab:             112056 kB
SReclaimable:      46688 kB
SUnreclaim:        65368 kB
KernelStack:       17456 kB
PageTables:        72452 kB
NFS_Unstable:          0 kB
Bounce:                0 kB
WritebackTmp:          0 kB
CommitLimit:     8247420 kB
Committed_AS:   22508524 kB
VmallocTotal:   34359738367 kB
VmallocUsed:           0 kB
VmallocChunk:          0 kB
HardwareCorrupted:     0 kB
AnonHugePages:         0 kB
ShmemHugePages:        0 kB
ShmemPmdMapped:        0 kB
CmaTotal:              0 kB
CmaFree:               0 kB
HugePages_Total:       0
HugePages_Free:        0
HugePages_Rsvd:        0
HugePages_Surp:        0
Hugepagesize:       2048 kB
DirectMap4k:      320932 kB
DirectMap2M:    10106880 kB
DirectMap1G:     3145728 kB

container (cgroup) information:
container_type: cgroupv1
cpu_cpuset_cpus: 0-3
cpu_memory_nodes: 0
active_processor_count: 4
cpu_quota: -1
cpu_period: 100000
cpu_shares: -1
memory_limit_in_bytes: -1
memory_and_swap_limit_in_bytes: -2
memory_soft_limit_in_bytes: -1
memory_usage_in_bytes: 12087689216
memory_max_usage_in_bytes: 0


CPU:total 4 (initial active 4) (4 cores per cpu, 1 threads per core) family 23 model 17 stepping 0, cmov, cx8, fxsr, mmx, sse, sse2, sse3, ssse3, sse4.1, sse4.2, popcnt, avx, avx2, aes, clmul, mmxext, 3dnowpref, lzcnt, sse4a, tsc, tscinvbit, tscinv, bmi1

/proc/cpuinfo:
processor	: 0
vendor_id	: AuthenticAMD
cpu family	: 23
model		: 17
model name	: AMD Ryzen 3 2200G with Radeon Vega Graphics
stepping	: 0
microcode	: 0x810100b
cpu MHz		: 1479.770
cache size	: 512 KB
physical id	: 0
siblings	: 4
core id		: 0
cpu cores	: 4
apicid		: 0
initial apicid	: 0
fpu		: yes
fpu_exception	: yes
cpuid level	: 13
wp		: yes
flags		: fpu vme de pse tsc msr pae mce cx8 apic sep mtrr pge mca cmov pat pse36 clflush mmx fxsr sse sse2 ht syscall nx mmxext fxsr_opt pdpe1gb rdtscp lm constant_tsc rep_good nopl nonstop_tsc cpuid extd_apicid aperfmperf pni pclmulqdq monitor ssse3 fma cx16 sse4_1 sse4_2 movbe popcnt aes xsave avx f16c rdrand lahf_lm cmp_legacy svm extapic cr8_legacy abm sse4a misalignsse 3dnowprefetch osvw skinit wdt tce topoext perfctr_core perfctr_nb bpext perfctr_llc mwaitx hw_pstate sme ssbd ibpb vmmcall fsgsbase bmi1 avx2 smep bmi2 rdseed adx smap clflushopt sha_ni xsaveopt xsavec xgetbv1 xsaves clzero irperf xsaveerptr arat npt lbrv svm_lock nrip_save tsc_scale vmcb_clean flushbyasid decodeassists pausefilter pfthreshold avic v_vmsave_vmload vgif overflow_recov succor smca
bugs		: sysret_ss_attrs null_seg spectre_v1 spectre_v2 spec_store_bypass
bogomips	: 7000.29
TLB size	: 2560 4K pages
clflush size	: 64
cache_alignment	: 64
address sizes	: 43 bits physical, 48 bits virtual
power management: ts ttp tm hwpstate eff_freq_ro [13] [14]

processor	: 1
vendor_id	: AuthenticAMD
cpu family	: 23
model		: 17
model name	: AMD Ryzen 3 2200G with Radeon Vega Graphics
stepping	: 0
microcode	: 0x810100b
cpu MHz		: 2419.593
cache size	: 512 KB
physical id	: 0
siblings	: 4
core id		: 1
cpu cores	: 4
apicid		: 1
initial apicid	: 1
fpu		: yes
fpu_exception	: yes
cpuid level	: 13
wp		: yes
flags		: fpu vme de pse tsc msr pae mce cx8 apic sep mtrr pge mca cmov pat pse36 clflush mmx fxsr sse sse2 ht syscall nx mmxext fxsr_opt pdpe1gb rdtscp lm constant_tsc rep_good nopl nonstop_tsc cpuid extd_apicid aperfmperf pni pclmulqdq monitor ssse3 fma cx16 sse4_1 sse4_2 movbe popcnt aes xsave avx f16c rdrand lahf_lm cmp_legacy svm extapic cr8_legacy abm sse4a misalignsse 3dnowprefetch osvw skinit wdt tce topoext perfctr_core perfctr_nb bpext perfctr_llc mwaitx hw_pstate sme ssbd ibpb vmmcall fsgsbase bmi1 avx2 smep bmi2 rdseed adx smap clflushopt sha_ni xsaveopt xsavec xgetbv1 xsaves clzero irperf xsaveerptr arat npt lbrv svm_lock nrip_save tsc_scale vmcb_clean flushbyasid decodeassists pausefilter pfthreshold avic v_vmsave_vmload vgif overflow_recov succor smca
bugs		: sysret_ss_attrs null_seg spectre_v1 spectre_v2 spec_store_bypass
bogomips	: 7000.29
TLB size	: 2560 4K pages
clflush size	: 64
cache_alignment	: 64
address sizes	: 43 bits physical, 48 bits virtual
power management: ts ttp tm hwpstate eff_freq_ro [13] [14]

processor	: 2
vendor_id	: AuthenticAMD
cpu family	: 23
model		: 17
model name	: AMD Ryzen 3 2200G with Radeon Vega Graphics
stepping	: 0
microcode	: 0x810100b
cpu MHz		: 2189.143
cache size	: 512 KB
physical id	: 0
siblings	: 4
core id		: 2
cpu cores	: 4
apicid		: 2
initial apicid	: 2
fpu		: yes
fpu_exception	: yes
cpuid level	: 13
wp		: yes
flags		: fpu vme de pse tsc msr pae mce cx8 apic sep mtrr pge mca cmov pat pse36 clflush mmx fxsr sse sse2 ht syscall nx mmxext fxsr_opt pdpe1gb rdtscp lm constant_tsc rep_good nopl nonstop_tsc cpuid extd_apicid aperfmperf pni pclmulqdq monitor ssse3 fma cx16 sse4_1 sse4_2 movbe popcnt aes xsave avx f16c rdrand lahf_lm cmp_legacy svm extapic cr8_legacy abm sse4a misalignsse 3dnowprefetch osvw skinit wdt tce topoext perfctr_core perfctr_nb bpext perfctr_llc mwaitx hw_pstate sme ssbd ibpb vmmcall fsgsbase bmi1 avx2 smep bmi2 rdseed adx smap clflushopt sha_ni xsaveopt xsavec xgetbv1 xsaves clzero irperf xsaveerptr arat npt lbrv svm_lock nrip_save tsc_scale vmcb_clean flushbyasid decodeassists pausefilter pfthreshold avic v_vmsave_vmload vgif overflow_recov succor smca
bugs		: sysret_ss_attrs null_seg spectre_v1 spectre_v2 spec_store_bypass
bogomips	: 7000.29
TLB size	: 2560 4K pages
clflush size	: 64
cache_alignment	: 64
address sizes	: 43 bits physical, 48 bits virtual
power management: ts ttp tm hwpstate eff_freq_ro [13] [14]

processor	: 3
vendor_id	: AuthenticAMD
cpu family	: 23
model		: 17
model name	: AMD Ryzen 3 2200G with Radeon Vega Graphics
stepping	: 0
microcode	: 0x810100b
cpu MHz		: 2108.278
cache size	: 512 KB
physical id	: 0
siblings	: 4
core id		: 3
cpu cores	: 4
apicid		: 3
initial apicid	: 3
fpu		: yes
fpu_exception	: yes
cpuid level	: 13
wp		: yes
flags		: fpu vme de pse tsc msr pae mce cx8 apic sep mtrr pge mca cmov pat pse36 clflush mmx fxsr sse sse2 ht syscall nx mmxext fxsr_opt pdpe1gb rdtscp lm constant_tsc rep_good nopl nonstop_tsc cpuid extd_apicid aperfmperf pni pclmulqdq monitor ssse3 fma cx16 sse4_1 sse4_2 movbe popcnt aes xsave avx f16c rdrand lahf_lm cmp_legacy svm extapic cr8_legacy abm sse4a misalignsse 3dnowprefetch osvw skinit wdt tce topoext perfctr_core perfctr_nb bpext perfctr_llc mwaitx hw_pstate sme ssbd ibpb vmmcall fsgsbase bmi1 avx2 smep bmi2 rdseed adx smap clflushopt sha_ni xsaveopt xsavec xgetbv1 xsaves clzero irperf xsaveerptr arat npt lbrv svm_lock nrip_save tsc_scale vmcb_clean flushbyasid decodeassists pausefilter pfthreshold avic v_vmsave_vmload vgif overflow_recov succor smca
bugs		: sysret_ss_attrs null_seg spectre_v1 spectre_v2 spec_store_bypass
bogomips	: 7000.29
TLB size	: 2560 4K pages
clflush size	: 64
cache_alignment	: 64
address sizes	: 43 bits physical, 48 bits virtual
power management: ts ttp tm hwpstate eff_freq_ro [13] [14]



Memory: 4k page, physical 12300544k(138844k free), swap 2097148k(248k free)

vm_info: Java HotSpot(TM) 64-Bit Server VM (25.241-b07) for linux-amd64 JRE (1.8.0_241-b07), built on Dec 11 2019 02:22:16 by "java_re" with gcc 7.3.0

time: Mon Apr  6 12:54:23 2020
timezone: CEST
elapsed time: 5 seconds (0d 0h 0m 5s)

