#
# There is insufficient memory for the Java Runtime Environment to continue.
# Native memory allocation (mmap) failed to map 453509120 bytes for committing reserved memory.
# Possible reasons:
#   The system is out of physical RAM or swap space
#   The process is running with CompressedOops enabled, and the Java Heap may be blocking the growth of the native heap
# Possible solutions:
#   Reduce memory load on the system
#   Increase physical memory or swap space
#   Check if swap backing store is full
#   Decrease Java heap size (-Xmx/-Xms)
#   Decrease number of Java threads
#   Decrease Java thread stack sizes (-Xss)
#   Set larger code cache with -XX:ReservedCodeCacheSize=
#   JVM is running with Unscaled Compressed Oops mode in which the Java heap is
#     placed in the first 4GB address space. The Java Heap base address is the
#     maximum limit for the native heap growth. Please use -XX:HeapBaseMinAddress
#     to set the Java Heap base and to place the Java Heap above 4GB virtual address.
# This output file may be truncated or incomplete.
#
#  Out of Memory Error (os_linux.cpp:2749), pid=9722, tid=0x00007f4a02e93700
#
# JRE version: Java(TM) SE Runtime Environment (8.0_241-b07) (build 1.8.0_241-b07)
# Java VM: Java HotSpot(TM) 64-Bit Server VM (25.241-b07 mixed mode linux-amd64 compressed oops)
# Failed to write core dump. Core dumps have been disabled. To enable core dumping, try "ulimit -c unlimited" before starting Java again
#

---------------  T H R E A D  ---------------

Current thread (0x00007f4a2007a000):  VMThread [stack: 0x00007f4a02d94000,0x00007f4a02e94000] [id=9734]

Stack: [0x00007f4a02d94000,0x00007f4a02e94000],  sp=0x00007f4a02e923d0,  free space=1016k
Native frames: (J=compiled Java code, j=interpreted, Vv=VM code, C=native code)
V  [libjvm.so+0xad9025]  VMError::report_and_die()+0x2e5
V  [libjvm.so+0x4e1457]  report_vm_out_of_memory(char const*, int, unsigned long, VMErrorType, char const*)+0x67
V  [libjvm.so+0x911f10]  os::pd_commit_memory(char*, unsigned long, unsigned long, bool)+0x100
V  [libjvm.so+0x90953f]  os::commit_memory(char*, unsigned long, unsigned long, bool)+0x1f
V  [libjvm.so+0x98e346]  PSVirtualSpace::expand_by(unsigned long)+0x56
V  [libjvm.so+0x97d61b]  PSOldGen::expand_by(unsigned long) [clone .part.28]+0x1b
V  [libjvm.so+0x97d7d8]  PSOldGen::expand(unsigned long) [clone .part.29]+0xa8
V  [libjvm.so+0x97e381]  PSOldGen::resize(unsigned long)+0xe1
V  [libjvm.so+0x9844bc]  PSParallelCompact::invoke_no_policy(bool) [clone .part.118]+0xa2c
V  [libjvm.so+0x98c2d5]  PSScavenge::invoke()+0x215
V  [libjvm.so+0x93be58]  ParallelScavengeHeap::failed_mem_allocate(unsigned long)+0x68
V  [libjvm.so+0xadab73]  VM_ParallelGCFailedAllocation::doit()+0x93
V  [libjvm.so+0xadfdc6]  VM_Operation::evaluate()+0x46
V  [libjvm.so+0xade0fd]  VMThread::evaluate_operation(VM_Operation*) [clone .constprop.44]+0xcd
V  [libjvm.so+0xade6e3]  VMThread::loop()+0x3a3
V  [libjvm.so+0xadeab8]  VMThread::run()+0x78
V  [libjvm.so+0x90f542]  java_start(Thread*)+0x102

VM_Operation (0x00007f4a27baf390): ParallelGCFailedAllocation, mode: safepoint, requested by thread 0x00007f4a2000b800


---------------  P R O C E S S  ---------------

Java Threads: ( => current thread )
  0x00007f4a203db800 JavaThread "pool-1-thread-2" [_thread_blocked, id=9745, stack(0x00007f4a01916000,0x00007f4a01a17000)]
  0x00007f4a203d9800 JavaThread "pool-1-thread-1" [_thread_blocked, id=9744, stack(0x00007f4a01a17000,0x00007f4a01b18000)]
  0x00007f4a203d7000 JavaThread "nioEventLoopGroup-2-1" [_thread_blocked, id=9743, stack(0x00007f4a01b18000,0x00007f4a01c19000)]
  0x00007f4a200c3800 JavaThread "Service Thread" daemon [_thread_blocked, id=9741, stack(0x00007f4a023ad000,0x00007f4a024ae000)]
  0x00007f4a200c0800 JavaThread "C1 CompilerThread2" daemon [_thread_blocked, id=9740, stack(0x00007f4a024af000,0x00007f4a025af000)]
  0x00007f4a200be800 JavaThread "C2 CompilerThread1" daemon [_thread_blocked, id=9739, stack(0x00007f4a025b0000,0x00007f4a026b0000)]
  0x00007f4a200bc000 JavaThread "C2 CompilerThread0" daemon [_thread_blocked, id=9738, stack(0x00007f4a026b1000,0x00007f4a027b1000)]
  0x00007f4a200ba800 JavaThread "Signal Dispatcher" daemon [_thread_blocked, id=9737, stack(0x00007f4a027b1000,0x00007f4a028b2000)]
  0x00007f4a20088000 JavaThread "Finalizer" daemon [_thread_blocked, id=9736, stack(0x00007f4a02b91000,0x00007f4a02c92000)]
  0x00007f4a20083800 JavaThread "Reference Handler" daemon [_thread_blocked, id=9735, stack(0x00007f4a02c92000,0x00007f4a02d93000)]
  0x00007f4a2000b800 JavaThread "main" [_thread_blocked, id=9724, stack(0x00007f4a27ab1000,0x00007f4a27bb1000)]

Other Threads:
=>0x00007f4a2007a000 VMThread [stack: 0x00007f4a02d94000,0x00007f4a02e94000] [id=9734]
  0x00007f4a200c6800 WatcherThread [stack: 0x00007f4a022ad000,0x00007f4a023ad000] [id=9742]

VM state:at safepoint (normal execution)

VM Mutex/Monitor currently owned by a thread:  ([mutex/lock_event])
[0x00007f4a20007b90] ExpandHeap_lock - owner thread: 0x00007f4a2007a000
[0x00007f4a20008210] Threads_lock - owner thread: 0x00007f4a2007a000
[0x00007f4a20008710] Heap_lock - owner thread: 0x00007f4a2000b800

heap address: 0x0000000080000000, size: 2048 MB, Compressed Oops mode: 32-bit
Narrow klass base: 0x0000000000000000, Narrow klass shift: 3
Compressed class space size: 1073741824 Address: 0x0000000100000000

Heap:
 PSYoungGen      total 284672K, used 0K [0x00000000d5580000, 0x00000000f2c00000, 0x0000000100000000)
  eden space 263168K, 0% used [0x00000000d5580000,0x00000000d5580000,0x00000000e5680000)
  from space 21504K, 0% used [0x00000000e5680000,0x00000000e5680000,0x00000000e6b80000)
  to   space 21504K, 0% used [0x00000000f1700000,0x00000000f1700000,0x00000000f2c00000)
 ParOldGen       total 580096K, used 497508K [0x0000000080000000, 0x00000000a3680000, 0x00000000d5580000)
  object space 580096K, 85% used [0x0000000080000000,0x000000009e5d9200,0x00000000a3680000)
 Metaspace       used 9161K, capacity 9298K, committed 9344K, reserved 1056768K
  class space    used 1087K, capacity 1145K, committed 1152K, reserved 1048576K

Card table byte_map: [0x00007f4a24392000,0x00007f4a24793000] byte_map_base: 0x00007f4a23f92000

Marking Bits: (ParMarkBitMap*) 0x00007f4a26f67e60
 Begin Bits: [0x00007f4a08000000, 0x00007f4a0a000000)
 End Bits:   [0x00007f4a0a000000, 0x00007f4a0c000000)

Polling page: 0x00007f4a27bd7000

CodeCache: size=245760Kb used=3072Kb max_used=3085Kb free=242687Kb
 bounds [0x00007f4a11000000, 0x00007f4a11310000, 0x00007f4a20000000]
 total_blobs=981 nmethods=671 adapters=225
 compilation: enabled

Compilation events (10 events):
Event: 1,590 Thread 0x00007f4a200bc000 nmethod 666 0x00007f4a112fbe90 code [0x00007f4a112fc000, 0x00007f4a112fc3d8]
Event: 1,597 Thread 0x00007f4a200be800 nmethod 667 0x00007f4a112fe110 code [0x00007f4a112fe2a0, 0x00007f4a112fe858]
Event: 1,613 Thread 0x00007f4a200bc000  668       4       com.sun.org.apache.xerces.internal.impl.XMLDocumentFragmentScannerImpl::scanEntityReference (377 bytes)
Event: 1,627 Thread 0x00007f4a200bc000 nmethod 668 0x00007f4a112ff410 code [0x00007f4a112ff620, 0x00007f4a11300028]
Event: 1,642 Thread 0x00007f4a200be800  669  s    4       java.io.BufferedInputStream::read (113 bytes)
Event: 1,646 Thread 0x00007f4a200bc000  670       4       com.sun.org.apache.xerces.internal.impl.XMLEntityManager$RewindableInputStream::read (168 bytes)
Event: 1,657 Thread 0x00007f4a200be800 nmethod 669 0x00007f4a11302cd0 code [0x00007f4a11302ec0, 0x00007f4a113038e8]
Event: 1,659 Thread 0x00007f4a200bc000 nmethod 670 0x00007f4a11301090 code [0x00007f4a113012a0, 0x00007f4a11301d68]
Event: 1,710 Thread 0x00007f4a200be800  671       4       com.sun.org.apache.xerces.internal.impl.XMLEntityScanner::load (200 bytes)
Event: 1,727 Thread 0x00007f4a200be800 nmethod 671 0x00007f4a11306610 code [0x00007f4a113067e0, 0x00007f4a11306f68]

GC Heap History (9 events):
Event: 0,862 GC heap before
{Heap before GC invocations=1 (full 0):
 PSYoungGen      total 153088K, used 131584K [0x00000000d5580000, 0x00000000e0000000, 0x0000000100000000)
  eden space 131584K, 100% used [0x00000000d5580000,0x00000000dd600000,0x00000000dd600000)
  from space 21504K, 0% used [0x00000000deb00000,0x00000000deb00000,0x00000000e0000000)
  to   space 21504K, 0% used [0x00000000dd600000,0x00000000dd600000,0x00000000deb00000)
 ParOldGen       total 349696K, used 0K [0x0000000080000000, 0x0000000095580000, 0x00000000d5580000)
  object space 349696K, 0% used [0x0000000080000000,0x0000000080000000,0x0000000095580000)
 Metaspace       used 9152K, capacity 9298K, committed 9344K, reserved 1056768K
  class space    used 1087K, capacity 1145K, committed 1152K, reserved 1048576K
Event: 0,935 GC heap after
Heap after GC invocations=1 (full 0):
 PSYoungGen      total 153088K, used 21488K [0x00000000d5580000, 0x00000000e8080000, 0x0000000100000000)
  eden space 131584K, 0% used [0x00000000d5580000,0x00000000d5580000,0x00000000dd600000)
  from space 21504K, 99% used [0x00000000dd600000,0x00000000deafc100,0x00000000deb00000)
  to   space 21504K, 0% used [0x00000000e6b80000,0x00000000e6b80000,0x00000000e8080000)
 ParOldGen       total 349696K, used 93707K [0x0000000080000000, 0x0000000095580000, 0x00000000d5580000)
  object space 349696K, 26% used [0x0000000080000000,0x0000000085b82e78,0x0000000095580000)
 Metaspace       used 9152K, capacity 9298K, committed 9344K, reserved 1056768K
  class space    used 1087K, capacity 1145K, committed 1152K, reserved 1048576K
}
Event: 1,137 GC heap before
{Heap before GC invocations=2 (full 0):
 PSYoungGen      total 153088K, used 153072K [0x00000000d5580000, 0x00000000e8080000, 0x0000000100000000)
  eden space 131584K, 100% used [0x00000000d5580000,0x00000000dd600000,0x00000000dd600000)
  from space 21504K, 99% used [0x00000000dd600000,0x00000000deafc100,0x00000000deb00000)
  to   space 21504K, 0% used [0x00000000e6b80000,0x00000000e6b80000,0x00000000e8080000)
 ParOldGen       total 349696K, used 93707K [0x0000000080000000, 0x0000000095580000, 0x00000000d5580000)
  object space 349696K, 26% used [0x0000000080000000,0x0000000085b82e78,0x0000000095580000)
 Metaspace       used 9160K, capacity 9298K, committed 9344K, reserved 1056768K
  class space    used 1087K, capacity 1145K, committed 1152K, reserved 1048576K
Event: 1,245 GC heap after
Heap after GC invocations=2 (full 0):
 PSYoungGen      total 284672K, used 21472K [0x00000000d5580000, 0x00000000e8080000, 0x0000000100000000)
  eden space 263168K, 0% used [0x00000000d5580000,0x00000000d5580000,0x00000000e5680000)
  from space 21504K, 99% used [0x00000000e6b80000,0x00000000e80780b0,0x00000000e8080000)
  to   space 21504K, 0% used [0x00000000e5680000,0x00000000e5680000,0x00000000e6b80000)
 ParOldGen       total 349696K, used 229923K [0x0000000080000000, 0x0000000095580000, 0x00000000d5580000)
  object space 349696K, 65% used [0x0000000080000000,0x000000008e088ec8,0x0000000095580000)
 Metaspace       used 9160K, capacity 9298K, committed 9344K, reserved 1056768K
  class space    used 1087K, capacity 1145K, committed 1152K, reserved 1048576K
}
Event: 1,246 GC heap before
{Heap before GC invocations=3 (full 1):
 PSYoungGen      total 284672K, used 21472K [0x00000000d5580000, 0x00000000e8080000, 0x0000000100000000)
  eden space 263168K, 0% used [0x00000000d5580000,0x00000000d5580000,0x00000000e5680000)
  from space 21504K, 99% used [0x00000000e6b80000,0x00000000e80780b0,0x00000000e8080000)
  to   space 21504K, 0% used [0x00000000e5680000,0x00000000e5680000,0x00000000e6b80000)
 ParOldGen       total 349696K, used 229923K [0x0000000080000000, 0x0000000095580000, 0x00000000d5580000)
  object space 349696K, 65% used [0x0000000080000000,0x000000008e088ec8,0x0000000095580000)
 Metaspace       used 9160K, capacity 9298K, committed 9344K, reserved 1056768K
  class space    used 1087K, capacity 1145K, committed 1152K, reserved 1048576K
Event: 1,530 GC heap after
Heap after GC invocations=3 (full 1):
 PSYoungGen      total 284672K, used 0K [0x00000000d5580000, 0x00000000e8080000, 0x0000000100000000)
  eden space 263168K, 0% used [0x00000000d5580000,0x00000000d5580000,0x00000000e5680000)
  from space 21504K, 0% used [0x00000000e6b80000,0x00000000e6b80000,0x00000000e8080000)
  to   space 21504K, 0% used [0x00000000e5680000,0x00000000e5680000,0x00000000e6b80000)
 ParOldGen       total 580096K, used 239928K [0x0000000080000000, 0x00000000a3680000, 0x00000000d5580000)
  object space 580096K, 41% used [0x0000000080000000,0x000000008ea4e158,0x00000000a3680000)
 Metaspace       used 9160K, capacity 9298K, committed 9344K, reserved 1056768K
  class space    used 1087K, capacity 1145K, committed 1152K, reserved 1048576K
}
Event: 1,952 GC heap before
{Heap before GC invocations=4 (full 1):
 PSYoungGen      total 284672K, used 263168K [0x00000000d5580000, 0x00000000e8080000, 0x0000000100000000)
  eden space 263168K, 100% used [0x00000000d5580000,0x00000000e5680000,0x00000000e5680000)
  from space 21504K, 0% used [0x00000000e6b80000,0x00000000e6b80000,0x00000000e8080000)
  to   space 21504K, 0% used [0x00000000e5680000,0x00000000e5680000,0x00000000e6b80000)
 ParOldGen       total 580096K, used 239928K [0x0000000080000000, 0x00000000a3680000, 0x00000000d5580000)
  object space 580096K, 41% used [0x0000000080000000,0x000000008ea4e158,0x00000000a3680000)
 Metaspace       used 9161K, capacity 9298K, committed 9344K, reserved 1056768K
  class space    used 1087K, capacity 1145K, committed 1152K, reserved 1048576K
Event: 3,592 GC heap after
Heap after GC invocations=4 (full 1):
 PSYoungGen      total 284672K, used 21472K [0x00000000d5580000, 0x00000000f2c00000, 0x0000000100000000)
  eden space 263168K, 0% used [0x00000000d5580000,0x00000000d5580000,0x00000000e5680000)
  from space 21504K, 99% used [0x00000000e5680000,0x00000000e6b78010,0x00000000e6b80000)
  to   space 21504K, 0% used [0x00000000f1700000,0x00000000f1700000,0x00000000f2c00000)
 ParOldGen       total 580096K, used 486352K [0x0000000080000000, 0x00000000a3680000, 0x00000000d5580000)
  object space 580096K, 83% used [0x0000000080000000,0x000000009daf41c8,0x00000000a3680000)
 Metaspace       used 9161K, capacity 9298K, committed 9344K, reserved 1056768K
  class space    used 1087K, capacity 1145K, committed 1152K, reserved 1048576K
}
Event: 3,603 GC heap before
{Heap before GC invocations=5 (full 2):
 PSYoungGen      total 284672K, used 21472K [0x00000000d5580000, 0x00000000f2c00000, 0x0000000100000000)
  eden space 263168K, 0% used [0x00000000d5580000,0x00000000d5580000,0x00000000e5680000)
  from space 21504K, 99% used [0x00000000e5680000,0x00000000e6b78010,0x00000000e6b80000)
  to   space 21504K, 0% used [0x00000000f1700000,0x00000000f1700000,0x00000000f2c00000)
 ParOldGen       total 580096K, used 486352K [0x0000000080000000, 0x00000000a3680000, 0x00000000d5580000)
  object space 580096K, 83% used [0x0000000080000000,0x000000009daf41c8,0x00000000a3680000)
 Metaspace       used 9161K, capacity 9298K, committed 9344K, reserved 1056768K
  class space    used 1087K, capacity 1145K, committed 1152K, reserved 1048576K

Deoptimization events (5 events):
Event: 0,293 Thread 0x00007f4a2000b800 Uncommon trap: reason=unstable_if action=reinterpret pc=0x00007f4a1113b004 method=java.lang.String.indexOf(II)I @ 49
Event: 0,566 Thread 0x00007f4a2000b800 Uncommon trap: reason=unstable_if action=reinterpret pc=0x00007f4a11243b94 method=com.sun.org.apache.xerces.internal.impl.XMLEntityScanner.checkBeforeLoad(Lcom/sun/xml/internal/stream/Entity$ScannedEntity;II)I @ 18
Event: 0,582 Thread 0x00007f4a2000b800 Uncommon trap: reason=unstable_if action=reinterpret pc=0x00007f4a1126b4cc method=com.sun.org.apache.xerces.internal.impl.XMLEntityScanner.scanContent(Lcom/sun/org/apache/xerces/internal/xni/XMLString;)I @ 418
Event: 0,629 Thread 0x00007f4a2000b800 Uncommon trap: reason=unstable_if action=reinterpret pc=0x00007f4a1129d64c method=com.sun.org.apache.xerces.internal.impl.XMLEntityScanner.arrangeCapacity(IZ)Z @ 16
Event: 0,777 Thread 0x00007f4a2000b800 Uncommon trap: reason=unstable_if action=reinterpret pc=0x00007f4a112c5104 method=com.sun.org.apache.xerces.internal.impl.XMLDocumentFragmentScannerImpl$FragmentContentDriver.next()I @ 971

Classes redefined (0 events):
No events

Internal exceptions (10 events):
Event: 0,295 Thread 0x00007f4a2000b800 Exception <a 'java/lang/NoClassDefFoundError': javassist/ClassPath> (0x00000000d5cdb500) thrown at [/scratch/jenkins/workspace/8-2-build-linux-amd64/jdk8u241/331/hotspot/src/share/vm/classfile/systemDictionary.cpp, line 199]
Event: 0,440 Thread 0x00007f4a2000b800 Exception <a 'java/lang/NoSuchFieldError': method resolution failed> (0x00000000d634a2e8) thrown at [/scratch/jenkins/workspace/8-2-build-linux-amd64/jdk8u241/331/hotspot/src/share/vm/prims/methodHandles.cpp, line 1167]
Event: 0,442 Thread 0x00007f4a2000b800 Exception <a 'java/lang/NoSuchFieldError': method resolution failed> (0x00000000d6357a08) thrown at [/scratch/jenkins/workspace/8-2-build-linux-amd64/jdk8u241/331/hotspot/src/share/vm/prims/methodHandles.cpp, line 1167]
Event: 0,482 Thread 0x00007f4a203d7000 Exception <a 'java/lang/ArrayIndexOutOfBoundsException'> (0x00000000d65283d8) thrown at [/scratch/jenkins/workspace/8-2-build-linux-amd64/jdk8u241/331/hotspot/src/share/vm/runtime/sharedRuntime.cpp, line 605]
Event: 0,482 Thread 0x00007f4a203d7000 Exception <a 'java/lang/ArrayIndexOutOfBoundsException'> (0x00000000d65293d8) thrown at [/scratch/jenkins/workspace/8-2-build-linux-amd64/jdk8u241/331/hotspot/src/share/vm/runtime/sharedRuntime.cpp, line 605]
Event: 0,483 Thread 0x00007f4a203d7000 Exception <a 'java/lang/ArrayIndexOutOfBoundsException'> (0x00000000d652a950) thrown at [/scratch/jenkins/workspace/8-2-build-linux-amd64/jdk8u241/331/hotspot/src/share/vm/runtime/sharedRuntime.cpp, line 605]
Event: 0,484 Thread 0x00007f4a203d7000 Exception <a 'java/lang/ArrayIndexOutOfBoundsException'> (0x00000000d6535be0) thrown at [/scratch/jenkins/workspace/8-2-build-linux-amd64/jdk8u241/331/hotspot/src/share/vm/runtime/sharedRuntime.cpp, line 605]
Event: 0,484 Thread 0x00007f4a203d7000 Exception <a 'java/lang/ArrayIndexOutOfBoundsException'> (0x00000000d6536910) thrown at [/scratch/jenkins/workspace/8-2-build-linux-amd64/jdk8u241/331/hotspot/src/share/vm/runtime/sharedRuntime.cpp, line 605]
Event: 0,485 Thread 0x00007f4a203d7000 Exception <a 'java/lang/ArrayIndexOutOfBoundsException'> (0x00000000d6542bf0) thrown at [/scratch/jenkins/workspace/8-2-build-linux-amd64/jdk8u241/331/hotspot/src/share/vm/runtime/sharedRuntime.cpp, line 605]
Event: 0,485 Thread 0x00007f4a203d7000 Exception <a 'java/lang/ArrayIndexOutOfBoundsException'> (0x00000000d6543e38) thrown at [/scratch/jenkins/workspace/8-2-build-linux-amd64/jdk8u241/331/hotspot/src/share/vm/runtime/sharedRuntime.cpp, line 605]

Events (10 events):
Event: 0,654 Thread 0x00007f4a2000b800 DEOPT PACKING pc=0x00007f4a11289afd sp=0x00007f4a27baf4b0
Event: 0,654 Thread 0x00007f4a2000b800 DEOPT UNPACKING pc=0x00007f4a11047384 sp=0x00007f4a27baf270 mode 0
Event: 0,777 Thread 0x00007f4a2000b800 Uncommon trap: trap_request=0xffffff65 fr.pc=0x00007f4a112c5104
Event: 0,777 Thread 0x00007f4a2000b800 DEOPT PACKING pc=0x00007f4a112c5104 sp=0x00007f4a27baf4c0
Event: 0,777 Thread 0x00007f4a2000b800 DEOPT UNPACKING pc=0x00007f4a1104573a sp=0x00007f4a27baf4b0 mode 2
Event: 0,862 Executing VM operation: ParallelGCFailedAllocation
Event: 0,935 Executing VM operation: ParallelGCFailedAllocation done
Event: 1,137 Executing VM operation: ParallelGCFailedAllocation
Event: 1,530 Executing VM operation: ParallelGCFailedAllocation done
Event: 1,950 Executing VM operation: ParallelGCFailedAllocation


Dynamic libraries:
00400000-00401000 r-xp 00000000 103:05 546730                            /usr/lib/jvm/java-8-openjdk-amd64/jre/bin/java
00600000-00601000 r--p 00000000 103:05 546730                            /usr/lib/jvm/java-8-openjdk-amd64/jre/bin/java
00601000-00602000 rw-p 00001000 103:05 546730                            /usr/lib/jvm/java-8-openjdk-amd64/jre/bin/java
016fa000-0171b000 rw-p 00000000 00:00 0                                  [heap]
80000000-a3680000 rw-p 00000000 00:00 0 
be700000-d5580000 ---p 00000000 00:00 0 
d5580000-f2c00000 rw-p 00000000 00:00 0 
f2c00000-100000000 ---p 00000000 00:00 0 
100000000-100120000 rw-p 00000000 00:00 0 
100120000-140000000 ---p 00000000 00:00 0 
7f49c4000000-7f49c4021000 rw-p 00000000 00:00 0 
7f49c4021000-7f49c8000000 ---p 00000000 00:00 0 
7f49c8000000-7f49c8021000 rw-p 00000000 00:00 0 
7f49c8021000-7f49cc000000 ---p 00000000 00:00 0 
7f49cc000000-7f49cc021000 rw-p 00000000 00:00 0 
7f49cc021000-7f49d0000000 ---p 00000000 00:00 0 
7f49d0000000-7f49d0021000 rw-p 00000000 00:00 0 
7f49d0021000-7f49d4000000 ---p 00000000 00:00 0 
7f49d4fff000-7f49d8000000 rw-p 00000000 00:00 0 
7f49d8000000-7f49d8330000 rw-p 00000000 00:00 0 
7f49d8330000-7f49dc000000 ---p 00000000 00:00 0 
7f49dc000000-7f49dc021000 rw-p 00000000 00:00 0 
7f49dc021000-7f49e0000000 ---p 00000000 00:00 0 
7f49e0000000-7f49e041f000 rw-p 00000000 00:00 0 
7f49e041f000-7f49e4000000 ---p 00000000 00:00 0 
7f49e4000000-7f49e4421000 rw-p 00000000 00:00 0 
7f49e4421000-7f49e8000000 ---p 00000000 00:00 0 
7f49e8000000-7f49e8021000 rw-p 00000000 00:00 0 
7f49e8021000-7f49ec000000 ---p 00000000 00:00 0 
7f49ec000000-7f49ec021000 rw-p 00000000 00:00 0 
7f49ec021000-7f49f0000000 ---p 00000000 00:00 0 
7f49f0000000-7f49f029e000 rw-p 00000000 00:00 0 
7f49f029e000-7f49f4000000 ---p 00000000 00:00 0 
7f49f4000000-7f49f4021000 rw-p 00000000 00:00 0 
7f49f4021000-7f49f8000000 ---p 00000000 00:00 0 
7f49f8000000-7f49f8021000 rw-p 00000000 00:00 0 
7f49f8021000-7f49fc000000 ---p 00000000 00:00 0 
7f49fc000000-7f49fc021000 rw-p 00000000 00:00 0 
7f49fc021000-7f4a00000000 ---p 00000000 00:00 0 
7f4a01916000-7f4a01919000 ---p 00000000 00:00 0 
7f4a01919000-7f4a01a17000 rw-p 00000000 00:00 0 
7f4a01a17000-7f4a01a1a000 ---p 00000000 00:00 0 
7f4a01a1a000-7f4a01b18000 rw-p 00000000 00:00 0 
7f4a01b18000-7f4a01b1b000 ---p 00000000 00:00 0 
7f4a01b1b000-7f4a01c19000 rw-p 00000000 00:00 0 
7f4a01c19000-7f4a01c22000 r-xp 00000000 103:05 555124                    /usr/lib/jvm/java-8-openjdk-amd64/jre/lib/amd64/libmanagement.so
7f4a01c22000-7f4a01e21000 ---p 00009000 103:05 555124                    /usr/lib/jvm/java-8-openjdk-amd64/jre/lib/amd64/libmanagement.so
7f4a01e21000-7f4a01e22000 r--p 00008000 103:05 555124                    /usr/lib/jvm/java-8-openjdk-amd64/jre/lib/amd64/libmanagement.so
7f4a01e22000-7f4a01e23000 rw-p 00009000 103:05 555124                    /usr/lib/jvm/java-8-openjdk-amd64/jre/lib/amd64/libmanagement.so
7f4a01e23000-7f4a01e34000 r-xp 00000000 103:05 555129                    /usr/lib/jvm/java-8-openjdk-amd64/jre/lib/amd64/libnio.so
7f4a01e34000-7f4a02033000 ---p 00011000 103:05 555129                    /usr/lib/jvm/java-8-openjdk-amd64/jre/lib/amd64/libnio.so
7f4a02033000-7f4a02034000 r--p 00010000 103:05 555129                    /usr/lib/jvm/java-8-openjdk-amd64/jre/lib/amd64/libnio.so
7f4a02034000-7f4a02035000 rw-p 00011000 103:05 555129                    /usr/lib/jvm/java-8-openjdk-amd64/jre/lib/amd64/libnio.so
7f4a02035000-7f4a0204b000 r-xp 00000000 103:05 555128                    /usr/lib/jvm/java-8-openjdk-amd64/jre/lib/amd64/libnet.so
7f4a0204b000-7f4a0224a000 ---p 00016000 103:05 555128                    /usr/lib/jvm/java-8-openjdk-amd64/jre/lib/amd64/libnet.so
7f4a0224a000-7f4a0224b000 r--p 00015000 103:05 555128                    /usr/lib/jvm/java-8-openjdk-amd64/jre/lib/amd64/libnet.so
7f4a0224b000-7f4a0224c000 rw-p 00016000 103:05 555128                    /usr/lib/jvm/java-8-openjdk-amd64/jre/lib/amd64/libnet.so
7f4a0224c000-7f4a02288000 r--s 0031b000 103:05 6960731                   /home/loubard/.m2/repository/io/netty/netty-all/4.1.5.Final/netty-all-4.1.5.Final.jar
7f4a02288000-7f4a022ac000 r--s 0020e000 103:05 6960725                   /home/loubard/.m2/repository/com/basho/riak/riak-client/2.1.1/riak-client-2.1.1.jar
7f4a022ac000-7f4a022ad000 ---p 00000000 00:00 0 
7f4a022ad000-7f4a023ad000 rw-p 00000000 00:00 0 
7f4a023ad000-7f4a023b0000 ---p 00000000 00:00 0 
7f4a023b0000-7f4a024ae000 rw-p 00000000 00:00 0 
7f4a024ae000-7f4a024af000 ---p 00000000 00:00 0 
7f4a024af000-7f4a024b2000 ---p 00000000 00:00 0 
7f4a024b2000-7f4a025af000 rw-p 00000000 00:00 0 
7f4a025af000-7f4a025b0000 ---p 00000000 00:00 0 
7f4a025b0000-7f4a025b3000 ---p 00000000 00:00 0 
7f4a025b3000-7f4a026b0000 rw-p 00000000 00:00 0 
7f4a026b0000-7f4a026b1000 ---p 00000000 00:00 0 
7f4a026b1000-7f4a026b4000 ---p 00000000 00:00 0 
7f4a026b4000-7f4a027b1000 rw-p 00000000 00:00 0 
7f4a027b1000-7f4a027b4000 ---p 00000000 00:00 0 
7f4a027b4000-7f4a028b2000 rw-p 00000000 00:00 0 
7f4a028b2000-7f4a02b91000 r--p 00000000 103:05 6429000                   /usr/lib/locale/locale-archive
7f4a02b91000-7f4a02b94000 ---p 00000000 00:00 0 
7f4a02b94000-7f4a02c92000 rw-p 00000000 00:00 0 
7f4a02c92000-7f4a02c95000 ---p 00000000 00:00 0 
7f4a02c95000-7f4a02d93000 rw-p 00000000 00:00 0 
7f4a02d93000-7f4a02d94000 ---p 00000000 00:00 0 
7f4a02d94000-7f4a04000000 rw-p 00000000 00:00 0 
7f4a04000000-7f4a04021000 rw-p 00000000 00:00 0 
7f4a04021000-7f4a08000000 ---p 00000000 00:00 0 
7f4a08000000-7f4a0c000000 rw-p 00000000 00:00 0 
7f4a0c000000-7f4a0c021000 rw-p 00000000 00:00 0 
7f4a0c021000-7f4a10000000 ---p 00000000 00:00 0 
7f4a1000a000-7f4a1000d000 r--s 0001a000 103:05 6960733                   /home/loubard/.m2/repository/org/erlang/otp/jinterface/1.6.1/jinterface-1.6.1.jar
7f4a1000d000-7f4a1001c000 r--s 00081000 103:05 6960730                   /home/loubard/.m2/repository/joda-time/joda-time/2.7/joda-time-2.7.jar
7f4a1001c000-7f4a10622000 rw-p 00000000 00:00 0 
7f4a10622000-7f4a107fc000 r--s 03d8c000 103:05 558117                    /usr/lib/jvm/java-8-openjdk-amd64/jre/lib/rt.jar
7f4a107fc000-7f4a10bfc000 rw-p 00000000 00:00 0 
7f4a10bfc000-7f4a10bfd000 ---p 00000000 00:00 0 
7f4a10bfd000-7f4a10cfd000 rw-p 00000000 00:00 0 
7f4a10cfd000-7f4a10cfe000 ---p 00000000 00:00 0 
7f4a10cfe000-7f4a10dfe000 rw-p 00000000 00:00 0 
7f4a10dfe000-7f4a10dff000 ---p 00000000 00:00 0 
7f4a10dff000-7f4a10eff000 rw-p 00000000 00:00 0 
7f4a10eff000-7f4a10f00000 ---p 00000000 00:00 0 
7f4a10f00000-7f4a11000000 rw-p 00000000 00:00 0 
7f4a11000000-7f4a11310000 rwxp 00000000 00:00 0 
7f4a11310000-7f4a20000000 ---p 00000000 00:00 0 
7f4a20000000-7f4a20474000 rw-p 00000000 00:00 0 
7f4a20474000-7f4a24000000 ---p 00000000 00:00 0 
7f4a24000000-7f4a24203000 rw-p 00000000 00:00 0 
7f4a24203000-7f4a24392000 ---p 00000000 00:00 0 
7f4a24392000-7f4a244ae000 rw-p 00000000 00:00 0 
7f4a244ae000-7f4a2463c000 ---p 00000000 00:00 0 
7f4a2463c000-7f4a24728000 rw-p 00000000 00:00 0 
7f4a24728000-7f4a24792000 ---p 00000000 00:00 0 
7f4a24792000-7f4a247a0000 rw-p 00000000 00:00 0 
7f4a247a0000-7f4a24b53000 ---p 00000000 00:00 0 
7f4a24b53000-7f4a24b6e000 r-xp 00000000 103:05 555175                    /usr/lib/jvm/java-8-openjdk-amd64/jre/lib/amd64/libzip.so
7f4a24b6e000-7f4a24d6d000 ---p 0001b000 103:05 555175                    /usr/lib/jvm/java-8-openjdk-amd64/jre/lib/amd64/libzip.so
7f4a24d6d000-7f4a24d6e000 r--p 0001a000 103:05 555175                    /usr/lib/jvm/java-8-openjdk-amd64/jre/lib/amd64/libzip.so
7f4a24d6e000-7f4a24d6f000 rw-p 0001b000 103:05 555175                    /usr/lib/jvm/java-8-openjdk-amd64/jre/lib/amd64/libzip.so
7f4a24d6f000-7f4a24d7a000 r-xp 00000000 103:05 398387                    /lib/x86_64-linux-gnu/libnss_files-2.27.so
7f4a24d7a000-7f4a24f79000 ---p 0000b000 103:05 398387                    /lib/x86_64-linux-gnu/libnss_files-2.27.so
7f4a24f79000-7f4a24f7a000 r--p 0000a000 103:05 398387                    /lib/x86_64-linux-gnu/libnss_files-2.27.so
7f4a24f7a000-7f4a24f7b000 rw-p 0000b000 103:05 398387                    /lib/x86_64-linux-gnu/libnss_files-2.27.so
7f4a24f7b000-7f4a24f81000 rw-p 00000000 00:00 0 
7f4a24f81000-7f4a24f98000 r-xp 00000000 103:05 398381                    /lib/x86_64-linux-gnu/libnsl-2.27.so
7f4a24f98000-7f4a25197000 ---p 00017000 103:05 398381                    /lib/x86_64-linux-gnu/libnsl-2.27.so
7f4a25197000-7f4a25198000 r--p 00016000 103:05 398381                    /lib/x86_64-linux-gnu/libnsl-2.27.so
7f4a25198000-7f4a25199000 rw-p 00017000 103:05 398381                    /lib/x86_64-linux-gnu/libnsl-2.27.so
7f4a25199000-7f4a2519b000 rw-p 00000000 00:00 0 
7f4a2519b000-7f4a251a6000 r-xp 00000000 103:05 398398                    /lib/x86_64-linux-gnu/libnss_nis-2.27.so
7f4a251a6000-7f4a253a5000 ---p 0000b000 103:05 398398                    /lib/x86_64-linux-gnu/libnss_nis-2.27.so
7f4a253a5000-7f4a253a6000 r--p 0000a000 103:05 398398                    /lib/x86_64-linux-gnu/libnss_nis-2.27.so
7f4a253a6000-7f4a253a7000 rw-p 0000b000 103:05 398398                    /lib/x86_64-linux-gnu/libnss_nis-2.27.so
7f4a253a7000-7f4a253af000 r-xp 00000000 103:05 398383                    /lib/x86_64-linux-gnu/libnss_compat-2.27.so
7f4a253af000-7f4a255af000 ---p 00008000 103:05 398383                    /lib/x86_64-linux-gnu/libnss_compat-2.27.so
7f4a255af000-7f4a255b0000 r--p 00008000 103:05 398383                    /lib/x86_64-linux-gnu/libnss_compat-2.27.so
7f4a255b0000-7f4a255b1000 rw-p 00009000 103:05 398383                    /lib/x86_64-linux-gnu/libnss_compat-2.27.so
7f4a255b1000-7f4a255dd000 r-xp 00000000 103:05 555065                    /usr/lib/jvm/java-8-openjdk-amd64/jre/lib/amd64/libjava.so
7f4a255dd000-7f4a257dd000 ---p 0002c000 103:05 555065                    /usr/lib/jvm/java-8-openjdk-amd64/jre/lib/amd64/libjava.so
7f4a257dd000-7f4a257de000 r--p 0002c000 103:05 555065                    /usr/lib/jvm/java-8-openjdk-amd64/jre/lib/amd64/libjava.so
7f4a257de000-7f4a257e0000 rw-p 0002d000 103:05 555065                    /usr/lib/jvm/java-8-openjdk-amd64/jre/lib/amd64/libjava.so
7f4a257e0000-7f4a257ed000 r-xp 00000000 103:05 555174                    /usr/lib/jvm/java-8-openjdk-amd64/jre/lib/amd64/libverify.so
7f4a257ed000-7f4a259ec000 ---p 0000d000 103:05 555174                    /usr/lib/jvm/java-8-openjdk-amd64/jre/lib/amd64/libverify.so
7f4a259ec000-7f4a259ee000 r--p 0000c000 103:05 555174                    /usr/lib/jvm/java-8-openjdk-amd64/jre/lib/amd64/libverify.so
7f4a259ee000-7f4a259ef000 rw-p 0000e000 103:05 555174                    /usr/lib/jvm/java-8-openjdk-amd64/jre/lib/amd64/libverify.so
7f4a259ef000-7f4a259f6000 r-xp 00000000 103:05 398438                    /lib/x86_64-linux-gnu/librt-2.27.so
7f4a259f6000-7f4a25bf5000 ---p 00007000 103:05 398438                    /lib/x86_64-linux-gnu/librt-2.27.so
7f4a25bf5000-7f4a25bf6000 r--p 00006000 103:05 398438                    /lib/x86_64-linux-gnu/librt-2.27.so
7f4a25bf6000-7f4a25bf7000 rw-p 00007000 103:05 398438                    /lib/x86_64-linux-gnu/librt-2.27.so
7f4a25bf7000-7f4a25d94000 r-xp 00000000 103:05 398360                    /lib/x86_64-linux-gnu/libm-2.27.so
7f4a25d94000-7f4a25f93000 ---p 0019d000 103:05 398360                    /lib/x86_64-linux-gnu/libm-2.27.so
7f4a25f93000-7f4a25f94000 r--p 0019c000 103:05 398360                    /lib/x86_64-linux-gnu/libm-2.27.so
7f4a25f94000-7f4a25f95000 rw-p 0019d000 103:05 398360                    /lib/x86_64-linux-gnu/libm-2.27.so
7f4a25f95000-7f4a26c84000 r-xp 00000000 103:05 555178                    /usr/lib/jvm/java-8-openjdk-amd64/jre/lib/amd64/server/libjvm.so
7f4a26c84000-7f4a26e83000 ---p 00cef000 103:05 555178                    /usr/lib/jvm/java-8-openjdk-amd64/jre/lib/amd64/server/libjvm.so
7f4a26e83000-7f4a26f19000 r--p 00cee000 103:05 555178                    /usr/lib/jvm/java-8-openjdk-amd64/jre/lib/amd64/server/libjvm.so
7f4a26f19000-7f4a26f4a000 rw-p 00d84000 103:05 555178                    /usr/lib/jvm/java-8-openjdk-amd64/jre/lib/amd64/server/libjvm.so
7f4a26f4a000-7f4a26f85000 rw-p 00000000 00:00 0 
7f4a26f85000-7f4a2716c000 r-xp 00000000 103:05 398297                    /lib/x86_64-linux-gnu/libc-2.27.so
7f4a2716c000-7f4a2736c000 ---p 001e7000 103:05 398297                    /lib/x86_64-linux-gnu/libc-2.27.so
7f4a2736c000-7f4a27370000 r--p 001e7000 103:05 398297                    /lib/x86_64-linux-gnu/libc-2.27.so
7f4a27370000-7f4a27372000 rw-p 001eb000 103:05 398297                    /lib/x86_64-linux-gnu/libc-2.27.so
7f4a27372000-7f4a27376000 rw-p 00000000 00:00 0 
7f4a27376000-7f4a27379000 r-xp 00000000 103:05 398320                    /lib/x86_64-linux-gnu/libdl-2.27.so
7f4a27379000-7f4a27578000 ---p 00003000 103:05 398320                    /lib/x86_64-linux-gnu/libdl-2.27.so
7f4a27578000-7f4a27579000 r--p 00002000 103:05 398320                    /lib/x86_64-linux-gnu/libdl-2.27.so
7f4a27579000-7f4a2757a000 rw-p 00003000 103:05 398320                    /lib/x86_64-linux-gnu/libdl-2.27.so
7f4a2757a000-7f4a27591000 r-xp 00000000 103:05 553800                    /usr/lib/jvm/java-8-openjdk-amd64/jre/lib/amd64/jli/libjli.so
7f4a27591000-7f4a27790000 ---p 00017000 103:05 553800                    /usr/lib/jvm/java-8-openjdk-amd64/jre/lib/amd64/jli/libjli.so
7f4a27790000-7f4a27791000 r--p 00016000 103:05 553800                    /usr/lib/jvm/java-8-openjdk-amd64/jre/lib/amd64/jli/libjli.so
7f4a27791000-7f4a27792000 rw-p 00017000 103:05 553800                    /usr/lib/jvm/java-8-openjdk-amd64/jre/lib/amd64/jli/libjli.so
7f4a27792000-7f4a277ac000 r-xp 00000000 103:05 398430                    /lib/x86_64-linux-gnu/libpthread-2.27.so
7f4a277ac000-7f4a279ab000 ---p 0001a000 103:05 398430                    /lib/x86_64-linux-gnu/libpthread-2.27.so
7f4a279ab000-7f4a279ac000 r--p 00019000 103:05 398430                    /lib/x86_64-linux-gnu/libpthread-2.27.so
7f4a279ac000-7f4a279ad000 rw-p 0001a000 103:05 398430                    /lib/x86_64-linux-gnu/libpthread-2.27.so
7f4a279ad000-7f4a279b1000 rw-p 00000000 00:00 0 
7f4a279b1000-7f4a279d8000 r-xp 00000000 103:05 398269                    /lib/x86_64-linux-gnu/ld-2.27.so
7f4a279da000-7f4a279dd000 r--s 0000e000 103:05 6960723                   /home/loubard/.m2/repository/com/fasterxml/jackson/datatype/jackson-datatype-joda/2.8.0/jackson-datatype-joda-2.8.0.jar
7f4a279dd000-7f4a279e1000 r--s 00041000 103:05 6960726                   /home/loubard/.m2/repository/com/fasterxml/jackson/core/jackson-core/2.8.0/jackson-core-2.8.0.jar
7f4a279e1000-7f4a279e4000 r--s 0000b000 103:05 6960724                   /home/loubard/.m2/repository/com/fasterxml/jackson/core/jackson-annotations/2.8.0/jackson-annotations-2.8.0.jar
7f4a279e4000-7f4a27ab0000 rw-p 00000000 00:00 0 
7f4a27ab0000-7f4a27ab1000 ---p 00000000 00:00 0 
7f4a27ab1000-7f4a27ab4000 ---p 00000000 00:00 0 
7f4a27ab4000-7f4a27bb5000 rw-p 00000000 00:00 0 
7f4a27bb5000-7f4a27bc7000 r--s 0011b000 103:05 6960727                   /home/loubard/.m2/repository/com/fasterxml/jackson/core/jackson-databind/2.8.0/jackson-databind-2.8.0.jar
7f4a27bc7000-7f4a27bc9000 r--s 00009000 103:05 6960721                   /home/loubard/.m2/repository/org/slf4j/slf4j-api/1.7.21/slf4j-api-1.7.21.jar
7f4a27bc9000-7f4a27bcc000 r--s 0000f000 103:05 557164                    /usr/lib/jvm/java-8-openjdk-amd64/jre/lib/ext/icedtea-sound.jar
7f4a27bcc000-7f4a27bce000 r--s 00007000 103:05 6953966                   /usr/share/java/java-atk-wrapper.jar
7f4a27bce000-7f4a27bd6000 rw-s 00000000 103:05 4587548                   /tmp/hsperfdata_loubard/9722
7f4a27bd6000-7f4a27bd7000 rw-p 00000000 00:00 0 
7f4a27bd7000-7f4a27bd8000 ---p 00000000 00:00 0 
7f4a27bd8000-7f4a27bd9000 r--p 00027000 103:05 398269                    /lib/x86_64-linux-gnu/ld-2.27.so
7f4a27bd9000-7f4a27bda000 rw-p 00028000 103:05 398269                    /lib/x86_64-linux-gnu/ld-2.27.so
7f4a27bda000-7f4a27bdb000 rw-p 00000000 00:00 0 
7ffdb5679000-7ffdb569a000 rw-p 00000000 00:00 0                          [stack]
7ffdb56a9000-7ffdb56ac000 r--p 00000000 00:00 0                          [vvar]
7ffdb56ac000-7ffdb56ae000 r-xp 00000000 00:00 0                          [vdso]
ffffffffff600000-ffffffffff601000 r-xp 00000000 00:00 0                  [vsyscall]

VM Arguments:
jvm_args: -Xms512m -Xmx2048m -Dfile.encoding=UTF-8 
java_command: src.main.java.setup.TasteOfRiak
java_class_path (initial): /home/loubard/eclipse-workspace/BigTable/target/classes:/home/loubard/.m2/repository/com/basho/riak/riak-client/2.1.1/riak-client-2.1.1.jar:/home/loubard/.m2/repository/org/slf4j/slf4j-api/1.7.21/slf4j-api-1.7.21.jar:/home/loubard/.m2/repository/com/fasterxml/jackson/core/jackson-databind/2.8.0/jackson-databind-2.8.0.jar:/home/loubard/.m2/repository/com/fasterxml/jackson/core/jackson-annotations/2.8.0/jackson-annotations-2.8.0.jar:/home/loubard/.m2/repository/com/fasterxml/jackson/core/jackson-core/2.8.0/jackson-core-2.8.0.jar:/home/loubard/.m2/repository/com/fasterxml/jackson/datatype/jackson-datatype-joda/2.8.0/jackson-datatype-joda-2.8.0.jar:/home/loubard/.m2/repository/joda-time/joda-time/2.7/joda-time-2.7.jar:/home/loubard/.m2/repository/io/netty/netty-all/4.1.5.Final/netty-all-4.1.5.Final.jar:/home/loubard/.m2/repository/org/erlang/otp/jinterface/1.6.1/jinterface-1.6.1.jar
Launcher Type: SUN_STANDARD

Environment Variables:
JAVA_HOME=/usr/lib/jvm/java-8-openjdk-amd64
JRE_HOME=/usr/lib/jvm/java-8-openjdk-amd64/jre
PATH=/home/loubard/.local/bin:/usr/local/sbin:/usr/local/bin:/usr/sbin:/usr/bin:/sbin:/bin:/usr/games:/usr/local/games
SHELL=/bin/bash
DISPLAY=:0

Signal Handlers:
SIGSEGV: [libjvm.so+0xad9960], sa_mask[0]=11111111011111111101111111111110, sa_flags=SA_RESTART|SA_SIGINFO
SIGBUS: [libjvm.so+0xad9960], sa_mask[0]=11111111011111111101111111111110, sa_flags=SA_RESTART|SA_SIGINFO
SIGFPE: [libjvm.so+0x90d4a0], sa_mask[0]=11111111011111111101111111111110, sa_flags=SA_RESTART|SA_SIGINFO
SIGPIPE: [libjvm.so+0x90d4a0], sa_mask[0]=11111111011111111101111111111110, sa_flags=SA_RESTART|SA_SIGINFO
SIGXFSZ: [libjvm.so+0x90d4a0], sa_mask[0]=11111111011111111101111111111110, sa_flags=SA_RESTART|SA_SIGINFO
SIGILL: [libjvm.so+0x90d4a0], sa_mask[0]=11111111011111111101111111111110, sa_flags=SA_RESTART|SA_SIGINFO
SIGUSR1: SIG_DFL, sa_mask[0]=00000000000000000000000000000000, sa_flags=none
SIGUSR2: [libjvm.so+0x90d370], sa_mask[0]=00100000000000000000000000000000, sa_flags=SA_RESTART|SA_SIGINFO
SIGHUP: [libjvm.so+0x90d990], sa_mask[0]=11111111011111111101111111111110, sa_flags=SA_RESTART|SA_SIGINFO
SIGINT: [libjvm.so+0x90d990], sa_mask[0]=11111111011111111101111111111110, sa_flags=SA_RESTART|SA_SIGINFO
SIGTERM: [libjvm.so+0x90d990], sa_mask[0]=11111111011111111101111111111110, sa_flags=SA_RESTART|SA_SIGINFO
SIGQUIT: [libjvm.so+0x90d990], sa_mask[0]=11111111011111111101111111111110, sa_flags=SA_RESTART|SA_SIGINFO


---------------  S Y S T E M  ---------------

OS:DISTRIB_ID=LinuxMint
DISTRIB_RELEASE=19.2
DISTRIB_CODENAME=tina
DISTRIB_DESCRIPTION="Linux Mint 19.2 Tina"

uname:Linux 4.15.0-54-generic #58-Ubuntu SMP Mon Jun 24 10:55:24 UTC 2019 x86_64
libc:glibc 2.27 NPTL 2.27 
rlimit: STACK 8192k, CORE 0k, NPROC 47328, NOFILE 1048576, AS infinity
load average:5,45 1,75 2,07

/proc/meminfo:
MemTotal:       12300544 kB
MemFree:          145220 kB
MemAvailable:      59100 kB
Buffers:            1564 kB
Cached:           204280 kB
SwapCached:       210880 kB
Active:         10695396 kB
Inactive:        1068556 kB
Active(anon):   10655108 kB
Inactive(anon):  1018604 kB
Active(file):      40288 kB
Inactive(file):    49952 kB
Unevictable:          80 kB
Mlocked:              80 kB
SwapTotal:       2097148 kB
SwapFree:              0 kB
Dirty:              1620 kB
Writeback:             0 kB
AnonPages:      11348528 kB
Mapped:           236024 kB
Shmem:            115136 kB
Slab:             110384 kB
SReclaimable:      39508 kB
SUnreclaim:        70876 kB
KernelStack:       16752 kB
PageTables:        72384 kB
NFS_Unstable:          0 kB
Bounce:                0 kB
WritebackTmp:          0 kB
CommitLimit:     8247420 kB
Committed_AS:   21828108 kB
VmallocTotal:   34359738367 kB
VmallocUsed:           0 kB
VmallocChunk:          0 kB
HardwareCorrupted:     0 kB
AnonHugePages:         0 kB
ShmemHugePages:        0 kB
ShmemPmdMapped:        0 kB
CmaTotal:              0 kB
CmaFree:               0 kB
HugePages_Total:       0
HugePages_Free:        0
HugePages_Rsvd:        0
HugePages_Surp:        0
Hugepagesize:       2048 kB
DirectMap4k:      429476 kB
DirectMap2M:    11046912 kB
DirectMap1G:     2097152 kB

container (cgroup) information:
container_type: cgroupv1
cpu_cpuset_cpus: 0-3
cpu_memory_nodes: 0
active_processor_count: 4
cpu_quota: -1
cpu_period: 100000
cpu_shares: -1
memory_limit_in_bytes: -1
memory_and_swap_limit_in_bytes: -2
memory_soft_limit_in_bytes: -1
memory_usage_in_bytes: 12012834816
memory_max_usage_in_bytes: 0


CPU:total 4 (initial active 4) (4 cores per cpu, 1 threads per core) family 23 model 17 stepping 0, cmov, cx8, fxsr, mmx, sse, sse2, sse3, ssse3, sse4.1, sse4.2, popcnt, avx, avx2, aes, clmul, mmxext, 3dnowpref, lzcnt, sse4a, tsc, tscinvbit, tscinv, bmi1

/proc/cpuinfo:
processor	: 0
vendor_id	: AuthenticAMD
cpu family	: 23
model		: 17
model name	: AMD Ryzen 3 2200G with Radeon Vega Graphics
stepping	: 0
microcode	: 0x810100b
cpu MHz		: 2077.013
cache size	: 512 KB
physical id	: 0
siblings	: 4
core id		: 0
cpu cores	: 4
apicid		: 0
initial apicid	: 0
fpu		: yes
fpu_exception	: yes
cpuid level	: 13
wp		: yes
flags		: fpu vme de pse tsc msr pae mce cx8 apic sep mtrr pge mca cmov pat pse36 clflush mmx fxsr sse sse2 ht syscall nx mmxext fxsr_opt pdpe1gb rdtscp lm constant_tsc rep_good nopl nonstop_tsc cpuid extd_apicid aperfmperf pni pclmulqdq monitor ssse3 fma cx16 sse4_1 sse4_2 movbe popcnt aes xsave avx f16c rdrand lahf_lm cmp_legacy svm extapic cr8_legacy abm sse4a misalignsse 3dnowprefetch osvw skinit wdt tce topoext perfctr_core perfctr_nb bpext perfctr_llc mwaitx hw_pstate sme ssbd ibpb vmmcall fsgsbase bmi1 avx2 smep bmi2 rdseed adx smap clflushopt sha_ni xsaveopt xsavec xgetbv1 xsaves clzero irperf xsaveerptr arat npt lbrv svm_lock nrip_save tsc_scale vmcb_clean flushbyasid decodeassists pausefilter pfthreshold avic v_vmsave_vmload vgif overflow_recov succor smca
bugs		: sysret_ss_attrs null_seg spectre_v1 spectre_v2 spec_store_bypass
bogomips	: 6999.90
TLB size	: 2560 4K pages
clflush size	: 64
cache_alignment	: 64
address sizes	: 43 bits physical, 48 bits virtual
power management: ts ttp tm hwpstate eff_freq_ro [13] [14]

processor	: 1
vendor_id	: AuthenticAMD
cpu family	: 23
model		: 17
model name	: AMD Ryzen 3 2200G with Radeon Vega Graphics
stepping	: 0
microcode	: 0x810100b
cpu MHz		: 1731.799
cache size	: 512 KB
physical id	: 0
siblings	: 4
core id		: 1
cpu cores	: 4
apicid		: 1
initial apicid	: 1
fpu		: yes
fpu_exception	: yes
cpuid level	: 13
wp		: yes
flags		: fpu vme de pse tsc msr pae mce cx8 apic sep mtrr pge mca cmov pat pse36 clflush mmx fxsr sse sse2 ht syscall nx mmxext fxsr_opt pdpe1gb rdtscp lm constant_tsc rep_good nopl nonstop_tsc cpuid extd_apicid aperfmperf pni pclmulqdq monitor ssse3 fma cx16 sse4_1 sse4_2 movbe popcnt aes xsave avx f16c rdrand lahf_lm cmp_legacy svm extapic cr8_legacy abm sse4a misalignsse 3dnowprefetch osvw skinit wdt tce topoext perfctr_core perfctr_nb bpext perfctr_llc mwaitx hw_pstate sme ssbd ibpb vmmcall fsgsbase bmi1 avx2 smep bmi2 rdseed adx smap clflushopt sha_ni xsaveopt xsavec xgetbv1 xsaves clzero irperf xsaveerptr arat npt lbrv svm_lock nrip_save tsc_scale vmcb_clean flushbyasid decodeassists pausefilter pfthreshold avic v_vmsave_vmload vgif overflow_recov succor smca
bugs		: sysret_ss_attrs null_seg spectre_v1 spectre_v2 spec_store_bypass
bogomips	: 6999.90
TLB size	: 2560 4K pages
clflush size	: 64
cache_alignment	: 64
address sizes	: 43 bits physical, 48 bits virtual
power management: ts ttp tm hwpstate eff_freq_ro [13] [14]

processor	: 2
vendor_id	: AuthenticAMD
cpu family	: 23
model		: 17
model name	: AMD Ryzen 3 2200G with Radeon Vega Graphics
stepping	: 0
microcode	: 0x810100b
cpu MHz		: 2280.120
cache size	: 512 KB
physical id	: 0
siblings	: 4
core id		: 2
cpu cores	: 4
apicid		: 2
initial apicid	: 2
fpu		: yes
fpu_exception	: yes
cpuid level	: 13
wp		: yes
flags		: fpu vme de pse tsc msr pae mce cx8 apic sep mtrr pge mca cmov pat pse36 clflush mmx fxsr sse sse2 ht syscall nx mmxext fxsr_opt pdpe1gb rdtscp lm constant_tsc rep_good nopl nonstop_tsc cpuid extd_apicid aperfmperf pni pclmulqdq monitor ssse3 fma cx16 sse4_1 sse4_2 movbe popcnt aes xsave avx f16c rdrand lahf_lm cmp_legacy svm extapic cr8_legacy abm sse4a misalignsse 3dnowprefetch osvw skinit wdt tce topoext perfctr_core perfctr_nb bpext perfctr_llc mwaitx hw_pstate sme ssbd ibpb vmmcall fsgsbase bmi1 avx2 smep bmi2 rdseed adx smap clflushopt sha_ni xsaveopt xsavec xgetbv1 xsaves clzero irperf xsaveerptr arat npt lbrv svm_lock nrip_save tsc_scale vmcb_clean flushbyasid decodeassists pausefilter pfthreshold avic v_vmsave_vmload vgif overflow_recov succor smca
bugs		: sysret_ss_attrs null_seg spectre_v1 spectre_v2 spec_store_bypass
bogomips	: 6999.90
TLB size	: 2560 4K pages
clflush size	: 64
cache_alignment	: 64
address sizes	: 43 bits physical, 48 bits virtual
power management: ts ttp tm hwpstate eff_freq_ro [13] [14]

processor	: 3
vendor_id	: AuthenticAMD
cpu family	: 23
model		: 17
model name	: AMD Ryzen 3 2200G with Radeon Vega Graphics
stepping	: 0
microcode	: 0x810100b
cpu MHz		: 2153.687
cache size	: 512 KB
physical id	: 0
siblings	: 4
core id		: 3
cpu cores	: 4
apicid		: 3
initial apicid	: 3
fpu		: yes
fpu_exception	: yes
cpuid level	: 13
wp		: yes
flags		: fpu vme de pse tsc msr pae mce cx8 apic sep mtrr pge mca cmov pat pse36 clflush mmx fxsr sse sse2 ht syscall nx mmxext fxsr_opt pdpe1gb rdtscp lm constant_tsc rep_good nopl nonstop_tsc cpuid extd_apicid aperfmperf pni pclmulqdq monitor ssse3 fma cx16 sse4_1 sse4_2 movbe popcnt aes xsave avx f16c rdrand lahf_lm cmp_legacy svm extapic cr8_legacy abm sse4a misalignsse 3dnowprefetch osvw skinit wdt tce topoext perfctr_core perfctr_nb bpext perfctr_llc mwaitx hw_pstate sme ssbd ibpb vmmcall fsgsbase bmi1 avx2 smep bmi2 rdseed adx smap clflushopt sha_ni xsaveopt xsavec xgetbv1 xsaves clzero irperf xsaveerptr arat npt lbrv svm_lock nrip_save tsc_scale vmcb_clean flushbyasid decodeassists pausefilter pfthreshold avic v_vmsave_vmload vgif overflow_recov succor smca
bugs		: sysret_ss_attrs null_seg spectre_v1 spectre_v2 spec_store_bypass
bogomips	: 6999.90
TLB size	: 2560 4K pages
clflush size	: 64
cache_alignment	: 64
address sizes	: 43 bits physical, 48 bits virtual
power management: ts ttp tm hwpstate eff_freq_ro [13] [14]



Memory: 4k page, physical 12300544k(144972k free), swap 2097148k(0k free)

vm_info: Java HotSpot(TM) 64-Bit Server VM (25.241-b07) for linux-amd64 JRE (1.8.0_241-b07), built on Dec 11 2019 02:22:16 by "java_re" with gcc 7.3.0

time: Mon Apr  6 14:31:41 2020
timezone: CEST
elapsed time: 4 seconds (0d 0h 0m 4s)

