#
# There is insufficient memory for the Java Runtime Environment to continue.
# Native memory allocation (mmap) failed to map 223870976 bytes for committing reserved memory.
# Possible reasons:
#   The system is out of physical RAM or swap space
#   The process is running with CompressedOops enabled, and the Java Heap may be blocking the growth of the native heap
# Possible solutions:
#   Reduce memory load on the system
#   Increase physical memory or swap space
#   Check if swap backing store is full
#   Decrease Java heap size (-Xmx/-Xms)
#   Decrease number of Java threads
#   Decrease Java thread stack sizes (-Xss)
#   Set larger code cache with -XX:ReservedCodeCacheSize=
#   JVM is running with Zero Based Compressed Oops mode in which the Java heap is
#     placed in the first 32GB address space. The Java Heap base address is the
#     maximum limit for the native heap growth. Please use -XX:HeapBaseMinAddress
#     to set the Java Heap base and to place the Java Heap above 32GB virtual address.
# This output file may be truncated or incomplete.
#
#  Out of Memory Error (os_linux.cpp:2749), pid=9139, tid=0x00007f31a0afa700
#
# JRE version: Java(TM) SE Runtime Environment (8.0_241-b07) (build 1.8.0_241-b07)
# Java VM: Java HotSpot(TM) 64-Bit Server VM (25.241-b07 mixed mode linux-amd64 compressed oops)
# Failed to write core dump. Core dumps have been disabled. To enable core dumping, try "ulimit -c unlimited" before starting Java again
#

---------------  T H R E A D  ---------------

Current thread (0x00007f31b007a000):  VMThread [stack: 0x00007f31a09fb000,0x00007f31a0afb000] [id=9150]

Stack: [0x00007f31a09fb000,0x00007f31a0afb000],  sp=0x00007f31a0af93f0,  free space=1016k
Native frames: (J=compiled Java code, j=interpreted, Vv=VM code, C=native code)
V  [libjvm.so+0xad9025]  VMError::report_and_die()+0x2e5
V  [libjvm.so+0x4e1457]  report_vm_out_of_memory(char const*, int, unsigned long, VMErrorType, char const*)+0x67
V  [libjvm.so+0x911f10]  os::pd_commit_memory(char*, unsigned long, unsigned long, bool)+0x100
V  [libjvm.so+0x90953f]  os::commit_memory(char*, unsigned long, unsigned long, bool)+0x1f
V  [libjvm.so+0x98e346]  PSVirtualSpace::expand_by(unsigned long)+0x56
V  [libjvm.so+0x98f5d8]  PSYoungGen::resize(unsigned long, unsigned long)+0xd8
V  [libjvm.so+0x98bd76]  PSScavenge::invoke_no_policy()+0x1376
V  [libjvm.so+0x98c10c]  PSScavenge::invoke()+0x4c
V  [libjvm.so+0x93be58]  ParallelScavengeHeap::failed_mem_allocate(unsigned long)+0x68
V  [libjvm.so+0xadab73]  VM_ParallelGCFailedAllocation::doit()+0x93
V  [libjvm.so+0xadfdc6]  VM_Operation::evaluate()+0x46
V  [libjvm.so+0xade0fd]  VMThread::evaluate_operation(VM_Operation*) [clone .constprop.44]+0xcd
V  [libjvm.so+0xade6e3]  VMThread::loop()+0x3a3
V  [libjvm.so+0xadeab8]  VMThread::run()+0x78
V  [libjvm.so+0x90f542]  java_start(Thread*)+0x102

VM_Operation (0x00007f31b9d41340): ParallelGCFailedAllocation, mode: safepoint, requested by thread 0x00007f31b000b800


---------------  P R O C E S S  ---------------

Java Threads: ( => current thread )
  0x00007f31b03eb800 JavaThread "pool-1-thread-2" [_thread_blocked, id=9161, stack(0x00007f319b58d000,0x00007f319b68e000)]
  0x00007f31b03e9000 JavaThread "pool-1-thread-1" [_thread_blocked, id=9160, stack(0x00007f319b68e000,0x00007f319b78f000)]
  0x00007f31b03e7000 JavaThread "nioEventLoopGroup-2-1" [_thread_blocked, id=9159, stack(0x00007f319b78f000,0x00007f319b890000)]
  0x00007f31b00c3800 JavaThread "Service Thread" daemon [_thread_blocked, id=9157, stack(0x00007f31a0014000,0x00007f31a0115000)]
  0x00007f31b00c0800 JavaThread "C1 CompilerThread2" daemon [_thread_blocked, id=9156, stack(0x00007f31a0116000,0x00007f31a0216000)]
  0x00007f31b00be800 JavaThread "C2 CompilerThread1" daemon [_thread_blocked, id=9155, stack(0x00007f31a0217000,0x00007f31a0317000)]
  0x00007f31b00bc000 JavaThread "C2 CompilerThread0" daemon [_thread_blocked, id=9154, stack(0x00007f31a0318000,0x00007f31a0418000)]
  0x00007f31b00ba800 JavaThread "Signal Dispatcher" daemon [_thread_blocked, id=9153, stack(0x00007f31a0418000,0x00007f31a0519000)]
  0x00007f31b0088000 JavaThread "Finalizer" daemon [_thread_blocked, id=9152, stack(0x00007f31a07f8000,0x00007f31a08f9000)]
  0x00007f31b0083800 JavaThread "Reference Handler" daemon [_thread_blocked, id=9151, stack(0x00007f31a08f9000,0x00007f31a09fa000)]
  0x00007f31b000b800 JavaThread "main" [_thread_blocked, id=9144, stack(0x00007f31b9c43000,0x00007f31b9d43000)]

Other Threads:
=>0x00007f31b007a000 VMThread [stack: 0x00007f31a09fb000,0x00007f31a0afb000] [id=9150]
  0x00007f31b00c6800 WatcherThread [stack: 0x00007f319bf00000,0x00007f319c000000] [id=9158]

VM state:at safepoint (normal execution)

VM Mutex/Monitor currently owned by a thread:  ([mutex/lock_event])
[0x00007f31b00081d0] Threads_lock - owner thread: 0x00007f31b007a000
[0x00007f31b00086d0] Heap_lock - owner thread: 0x00007f31b000b800

heap address: 0x0000000704400000, size: 3004 MB, Compressed Oops mode: Zero based, Oop shift amount: 3
Narrow klass base: 0x0000000000000000, Narrow klass shift: 3
Compressed class space size: 1073741824 Address: 0x00000007c0000000

Heap:
 PSYoungGen      total 339456K, used 184288K [0x0000000781700000, 0x00000007a3b80000, 0x00000007c0000000)
  eden space 155136K, 0% used [0x0000000781700000,0x0000000781700000,0x000000078ae80000)
  from space 184320K, 99% used [0x000000078ae80000,0x0000000796278080,0x0000000796280000)
  to   space 163840K, 0% used [0x0000000796280000,0x0000000796280000,0x00000007a0280000)
 ParOldGen       total 733696K, used 520268K [0x0000000704400000, 0x0000000731080000, 0x0000000781700000)
  object space 733696K, 70% used [0x0000000704400000,0x0000000724013090,0x0000000731080000)
 Metaspace       used 9159K, capacity 9298K, committed 9344K, reserved 1056768K
  class space    used 1087K, capacity 1145K, committed 1152K, reserved 1048576K

Card table byte_map: [0x00007f31b6346000,0x00007f31b6925000] byte_map_base: 0x00007f31b2b24000

Marking Bits: (ParMarkBitMap*) 0x00007f31b90f9e60
 Begin Bits: [0x00007f317e220000, 0x00007f3181110000)
 End Bits:   [0x00007f3181110000, 0x00007f3184000000)

Polling page: 0x00007f31b9d69000

CodeCache: size=245760Kb used=3086Kb max_used=3098Kb free=242673Kb
 bounds [0x00007f31a1000000, 0x00007f31a1310000, 0x00007f31b0000000]
 total_blobs=950 nmethods=640 adapters=225
 compilation: enabled

Compilation events (10 events):
Event: 1,504 Thread 0x00007f31b00be800 nmethod 635 0x00007f31a12f3950 code [0x00007f31a12f3ac0, 0x00007f31a12f3eb8]
Event: 1,505 Thread 0x00007f31b00bc000 nmethod 634 0x00007f31a12f7910 code [0x00007f31a12f7aa0, 0x00007f31a12f8078]
Event: 1,525 Thread 0x00007f31b00be800  636       4       com.sun.org.apache.xerces.internal.impl.XMLDocumentFragmentScannerImpl::scanEntityReference (377 bytes)
Event: 1,541 Thread 0x00007f31b00be800 nmethod 636 0x00007f31a12f8bd0 code [0x00007f31a12f8de0, 0x00007f31a12f9848]
Event: 1,554 Thread 0x00007f31b00bc000  637  s    4       java.io.BufferedInputStream::read (113 bytes)
Event: 1,556 Thread 0x00007f31b00be800  638       4       com.sun.org.apache.xerces.internal.impl.XMLEntityManager$RewindableInputStream::read (168 bytes)
Event: 1,568 Thread 0x00007f31b00bc000 nmethod 637 0x00007f31a1305350 code [0x00007f31a1305540, 0x00007f31a1305f68]
Event: 1,569 Thread 0x00007f31b00be800 nmethod 638 0x00007f31a1303710 code [0x00007f31a1303920, 0x00007f31a13043e8]
Event: 1,620 Thread 0x00007f31b00bc000  639       4       com.sun.org.apache.xerces.internal.impl.XMLEntityScanner::load (200 bytes)
Event: 1,633 Thread 0x00007f31b00bc000 nmethod 639 0x00007f31a1308c90 code [0x00007f31a1308e60, 0x00007f31a1309608]

GC Heap History (10 events):
Event: 1,315 GC heap after
Heap after GC invocations=5 (full 2):
 PSYoungGen      total 104960K, used 0K [0x0000000781700000, 0x000000078b380000, 0x00000007c0000000)
  eden space 97280K, 0% used [0x0000000781700000,0x0000000781700000,0x0000000787600000)
  from space 7680K, 0% used [0x0000000787600000,0x0000000787600000,0x0000000787d80000)
  to   space 7680K, 0% used [0x000000078ac00000,0x000000078ac00000,0x000000078b380000)
 ParOldGen       total 404480K, used 176974K [0x0000000704400000, 0x000000071cf00000, 0x0000000781700000)
  object space 404480K, 43% used [0x0000000704400000,0x000000070f0d3b18,0x000000071cf00000)
 Metaspace       used 9158K, capacity 9298K, committed 9344K, reserved 1056768K
  class space    used 1087K, capacity 1145K, committed 1152K, reserved 1048576K
}
Event: 1,458 GC heap before
{Heap before GC invocations=6 (full 2):
 PSYoungGen      total 104960K, used 97280K [0x0000000781700000, 0x000000078b380000, 0x00000007c0000000)
  eden space 97280K, 100% used [0x0000000781700000,0x0000000787600000,0x0000000787600000)
  from space 7680K, 0% used [0x0000000787600000,0x0000000787600000,0x0000000787d80000)
  to   space 7680K, 0% used [0x000000078ac00000,0x000000078ac00000,0x000000078b380000)
 ParOldGen       total 404480K, used 176974K [0x0000000704400000, 0x000000071cf00000, 0x0000000781700000)
  object space 404480K, 43% used [0x0000000704400000,0x000000070f0d3b18,0x000000071cf00000)
 Metaspace       used 9159K, capacity 9298K, committed 9344K, reserved 1056768K
  class space    used 1087K, capacity 1145K, committed 1152K, reserved 1048576K
Event: 1,502 GC heap after
Heap after GC invocations=6 (full 2):
 PSYoungGen      total 135680K, used 7680K [0x0000000781700000, 0x000000078b380000, 0x00000007c0000000)
  eden space 128000K, 0% used [0x0000000781700000,0x0000000781700000,0x0000000789400000)
  from space 7680K, 100% used [0x000000078ac00000,0x000000078b380000,0x000000078b380000)
  to   space 7680K, 0% used [0x000000078a480000,0x000000078a480000,0x000000078ac00000)
 ParOldGen       total 404480K, used 270382K [0x0000000704400000, 0x000000071cf00000, 0x0000000781700000)
  object space 404480K, 66% used [0x0000000704400000,0x0000000714c0bb18,0x000000071cf00000)
 Metaspace       used 9159K, capacity 9298K, committed 9344K, reserved 1056768K
  class space    used 1087K, capacity 1145K, committed 1152K, reserved 1048576K
}
Event: 1,692 GC heap before
{Heap before GC invocations=7 (full 2):
 PSYoungGen      total 135680K, used 135680K [0x0000000781700000, 0x000000078b380000, 0x00000007c0000000)
  eden space 128000K, 100% used [0x0000000781700000,0x0000000789400000,0x0000000789400000)
  from space 7680K, 100% used [0x000000078ac00000,0x000000078b380000,0x000000078b380000)
  to   space 7680K, 0% used [0x000000078a480000,0x000000078a480000,0x000000078ac00000)
 ParOldGen       total 404480K, used 270382K [0x0000000704400000, 0x000000071cf00000, 0x0000000781700000)
  object space 404480K, 66% used [0x0000000704400000,0x0000000714c0bb18,0x000000071cf00000)
 Metaspace       used 9159K, capacity 9298K, committed 9344K, reserved 1056768K
  class space    used 1087K, capacity 1145K, committed 1152K, reserved 1048576K
Event: 1,767 GC heap after
Heap after GC invocations=7 (full 2):
 PSYoungGen      total 152576K, used 7680K [0x0000000781700000, 0x00000007a0280000, 0x00000007c0000000)
  eden space 144896K, 0% used [0x0000000781700000,0x0000000781700000,0x000000078a480000)
  from space 7680K, 100% used [0x000000078a480000,0x000000078ac00000,0x000000078ac00000)
  to   space 163840K, 0% used [0x0000000796280000,0x0000000796280000,0x00000007a0280000)
 ParOldGen       total 404480K, used 404454K [0x0000000704400000, 0x000000071cf00000, 0x0000000781700000)
  object space 404480K, 99% used [0x0000000704400000,0x000000071cef9b98,0x000000071cf00000)
 Metaspace       used 9159K, capacity 9298K, committed 9344K, reserved 1056768K
  class space    used 1087K, capacity 1145K, committed 1152K, reserved 1048576K
}
Event: 1,767 GC heap before
{Heap before GC invocations=8 (full 3):
 PSYoungGen      total 152576K, used 7680K [0x0000000781700000, 0x00000007a0280000, 0x00000007c0000000)
  eden space 144896K, 0% used [0x0000000781700000,0x0000000781700000,0x000000078a480000)
  from space 7680K, 100% used [0x000000078a480000,0x000000078ac00000,0x000000078ac00000)
  to   space 163840K, 0% used [0x0000000796280000,0x0000000796280000,0x00000007a0280000)
 ParOldGen       total 404480K, used 404454K [0x0000000704400000, 0x000000071cf00000, 0x0000000781700000)
  object space 404480K, 99% used [0x0000000704400000,0x000000071cef9b98,0x000000071cf00000)
 Metaspace       used 9159K, capacity 9298K, committed 9344K, reserved 1056768K
  class space    used 1087K, capacity 1145K, committed 1152K, reserved 1048576K
Event: 2,152 GC heap after
Heap after GC invocations=8 (full 3):
 PSYoungGen      total 152576K, used 0K [0x0000000781700000, 0x00000007a0280000, 0x00000007c0000000)
  eden space 144896K, 0% used [0x0000000781700000,0x0000000781700000,0x000000078a480000)
  from space 7680K, 0% used [0x000000078a480000,0x000000078a480000,0x000000078ac00000)
  to   space 163840K, 0% used [0x0000000796280000,0x0000000796280000,0x00000007a0280000)
 ParOldGen       total 733696K, used 401516K [0x0000000704400000, 0x0000000731080000, 0x0000000781700000)
  object space 733696K, 54% used [0x0000000704400000,0x000000071cc1b090,0x0000000731080000)
 Metaspace       used 9159K, capacity 9298K, committed 9344K, reserved 1056768K
  class space    used 1087K, capacity 1145K, committed 1152K, reserved 1048576K
}
Event: 2,373 GC heap before
{Heap before GC invocations=9 (full 3):
 PSYoungGen      total 152576K, used 144896K [0x0000000781700000, 0x00000007a0280000, 0x00000007c0000000)
  eden space 144896K, 100% used [0x0000000781700000,0x000000078a480000,0x000000078a480000)
  from space 7680K, 0% used [0x000000078a480000,0x000000078a480000,0x000000078ac00000)
  to   space 163840K, 0% used [0x0000000796280000,0x0000000796280000,0x00000007a0280000)
 ParOldGen       total 733696K, used 401516K [0x0000000704400000, 0x0000000731080000, 0x0000000781700000)
  object space 733696K, 54% used [0x0000000704400000,0x000000071cc1b090,0x0000000731080000)
 Metaspace       used 9159K, capacity 9298K, committed 9344K, reserved 1056768K
  class space    used 1087K, capacity 1145K, committed 1152K, reserved 1048576K
Event: 2,498 GC heap after
Heap after GC invocations=9 (full 3):
 PSYoungGen      total 318976K, used 145856K [0x0000000781700000, 0x00000007a3b80000, 0x00000007c0000000)
  eden space 155136K, 0% used [0x0000000781700000,0x0000000781700000,0x000000078ae80000)
  from space 163840K, 89% used [0x0000000796280000,0x000000079f0f0000,0x00000007a0280000)
  to   space 184320K, 0% used [0x000000078ae80000,0x000000078ae80000,0x0000000796280000)
 ParOldGen       total 733696K, used 401516K [0x0000000704400000, 0x0000000731080000, 0x0000000781700000)
  object space 733696K, 54% used [0x0000000704400000,0x000000071cc1b090,0x0000000731080000)
 Metaspace       used 9159K, capacity 9298K, committed 9344K, reserved 1056768K
  class space    used 1087K, capacity 1145K, committed 1152K, reserved 1048576K
}
Event: 2,726 GC heap before
{Heap before GC invocations=10 (full 3):
 PSYoungGen      total 318976K, used 300992K [0x0000000781700000, 0x00000007a3b80000, 0x00000007c0000000)
  eden space 155136K, 100% used [0x0000000781700000,0x000000078ae80000,0x000000078ae80000)
  from space 163840K, 89% used [0x0000000796280000,0x000000079f0f0000,0x00000007a0280000)
  to   space 184320K, 0% used [0x000000078ae80000,0x000000078ae80000,0x0000000796280000)
 ParOldGen       total 733696K, used 401516K [0x0000000704400000, 0x0000000731080000, 0x0000000781700000)
  object space 733696K, 54% used [0x0000000704400000,0x000000071cc1b090,0x0000000731080000)
 Metaspace       used 9159K, capacity 9298K, committed 9344K, reserved 1056768K
  class space    used 1087K, capacity 1145K, committed 1152K, reserved 1048576K

Deoptimization events (6 events):
Event: 0,260 Thread 0x00007f31b000b800 Uncommon trap: reason=unstable_if action=reinterpret pc=0x00007f31a113df14 method=java.lang.String.indexOf(II)I @ 49
Event: 0,526 Thread 0x00007f31b000b800 Uncommon trap: reason=unstable_if action=reinterpret pc=0x00007f31a1242c94 method=com.sun.org.apache.xerces.internal.impl.XMLEntityScanner.checkBeforeLoad(Lcom/sun/xml/internal/stream/Entity$ScannedEntity;II)I @ 18
Event: 0,541 Thread 0x00007f31b000b800 Uncommon trap: reason=unstable_if action=reinterpret pc=0x00007f31a124f5c0 method=com.sun.org.apache.xerces.internal.impl.XMLEntityScanner.peekChar()I @ 14
Event: 0,553 Thread 0x00007f31b000b800 Uncommon trap: reason=unstable_if action=reinterpret pc=0x00007f31a124607c method=com.sun.org.apache.xerces.internal.impl.XMLEntityScanner.scanContent(Lcom/sun/org/apache/xerces/internal/xni/XMLString;)I @ 418
Event: 0,605 Thread 0x00007f31b000b800 Uncommon trap: reason=unstable_if action=reinterpret pc=0x00007f31a1289dc8 method=com.sun.org.apache.xerces.internal.impl.XMLEntityScanner.peekChar()I @ 14
Event: 0,757 Thread 0x00007f31b000b800 Uncommon trap: reason=unstable_if action=reinterpret pc=0x00007f31a12d514c method=com.sun.org.apache.xerces.internal.impl.XMLDocumentFragmentScannerImpl$FragmentContentDriver.next()I @ 971

Classes redefined (0 events):
No events

Internal exceptions (10 events):
Event: 0,262 Thread 0x00007f31b000b800 Exception <a 'java/lang/NoClassDefFoundError': javassist/ClassPath> (0x0000000781cc16a0) thrown at [/scratch/jenkins/workspace/8-2-build-linux-amd64/jdk8u241/331/hotspot/src/share/vm/classfile/systemDictionary.cpp, line 199]
Event: 0,401 Thread 0x00007f31b000b800 Exception <a 'java/lang/NoSuchFieldError': method resolution failed> (0x00000007822b4c50) thrown at [/scratch/jenkins/workspace/8-2-build-linux-amd64/jdk8u241/331/hotspot/src/share/vm/prims/methodHandles.cpp, line 1167]
Event: 0,403 Thread 0x00007f31b000b800 Exception <a 'java/lang/NoSuchFieldError': method resolution failed> (0x00000007822c2370) thrown at [/scratch/jenkins/workspace/8-2-build-linux-amd64/jdk8u241/331/hotspot/src/share/vm/prims/methodHandles.cpp, line 1167]
Event: 0,439 Thread 0x00007f31b03e7000 Exception <a 'java/lang/ArrayIndexOutOfBoundsException'> (0x0000000782486ad0) thrown at [/scratch/jenkins/workspace/8-2-build-linux-amd64/jdk8u241/331/hotspot/src/share/vm/runtime/sharedRuntime.cpp, line 605]
Event: 0,439 Thread 0x00007f31b03e7000 Exception <a 'java/lang/ArrayIndexOutOfBoundsException'> (0x0000000782487ad0) thrown at [/scratch/jenkins/workspace/8-2-build-linux-amd64/jdk8u241/331/hotspot/src/share/vm/runtime/sharedRuntime.cpp, line 605]
Event: 0,440 Thread 0x00007f31b03e7000 Exception <a 'java/lang/ArrayIndexOutOfBoundsException'> (0x0000000782489048) thrown at [/scratch/jenkins/workspace/8-2-build-linux-amd64/jdk8u241/331/hotspot/src/share/vm/runtime/sharedRuntime.cpp, line 605]
Event: 0,441 Thread 0x00007f31b03e7000 Exception <a 'java/lang/ArrayIndexOutOfBoundsException'> (0x00000007824942d8) thrown at [/scratch/jenkins/workspace/8-2-build-linux-amd64/jdk8u241/331/hotspot/src/share/vm/runtime/sharedRuntime.cpp, line 605]
Event: 0,441 Thread 0x00007f31b03e7000 Exception <a 'java/lang/ArrayIndexOutOfBoundsException'> (0x0000000782495008) thrown at [/scratch/jenkins/workspace/8-2-build-linux-amd64/jdk8u241/331/hotspot/src/share/vm/runtime/sharedRuntime.cpp, line 605]
Event: 0,442 Thread 0x00007f31b03e7000 Exception <a 'java/lang/ArrayIndexOutOfBoundsException'> (0x00000007824a12e8) thrown at [/scratch/jenkins/workspace/8-2-build-linux-amd64/jdk8u241/331/hotspot/src/share/vm/runtime/sharedRuntime.cpp, line 605]
Event: 0,442 Thread 0x00007f31b03e7000 Exception <a 'java/lang/ArrayIndexOutOfBoundsException'> (0x00000007824a2530) thrown at [/scratch/jenkins/workspace/8-2-build-linux-amd64/jdk8u241/331/hotspot/src/share/vm/runtime/sharedRuntime.cpp, line 605]

Events (10 events):
Event: 0,942 Executing VM operation: ParallelGCFailedAllocation done
Event: 1,102 Executing VM operation: ParallelGCFailedAllocation
Event: 1,315 Executing VM operation: ParallelGCFailedAllocation done
Event: 1,458 Executing VM operation: ParallelGCFailedAllocation
Event: 1,502 Executing VM operation: ParallelGCFailedAllocation done
Event: 1,692 Executing VM operation: ParallelGCFailedAllocation
Event: 2,152 Executing VM operation: ParallelGCFailedAllocation done
Event: 2,373 Executing VM operation: ParallelGCFailedAllocation
Event: 2,498 Executing VM operation: ParallelGCFailedAllocation done
Event: 2,726 Executing VM operation: ParallelGCFailedAllocation


Dynamic libraries:
00400000-00401000 r-xp 00000000 103:05 546730                            /usr/lib/jvm/java-8-openjdk-amd64/jre/bin/java
00600000-00601000 r--p 00000000 103:05 546730                            /usr/lib/jvm/java-8-openjdk-amd64/jre/bin/java
00601000-00602000 rw-p 00001000 103:05 546730                            /usr/lib/jvm/java-8-openjdk-amd64/jre/bin/java
01f77000-01f98000 rw-p 00000000 00:00 0                                  [heap]
704400000-731080000 rw-p 00000000 00:00 0 
731080000-781700000 ---p 00000000 00:00 0 
781700000-7a3b80000 rw-p 00000000 00:00 0 
7b1100000-7c0000000 ---p 00000000 00:00 0 
7c0000000-7c0120000 rw-p 00000000 00:00 0 
7c0120000-800000000 ---p 00000000 00:00 0 
7f3150000000-7f3150021000 rw-p 00000000 00:00 0 
7f3150021000-7f3154000000 ---p 00000000 00:00 0 
7f3154000000-7f3154021000 rw-p 00000000 00:00 0 
7f3154021000-7f3158000000 ---p 00000000 00:00 0 
7f3158000000-7f3158021000 rw-p 00000000 00:00 0 
7f3158021000-7f315c000000 ---p 00000000 00:00 0 
7f315c000000-7f315c021000 rw-p 00000000 00:00 0 
7f315c021000-7f3160000000 ---p 00000000 00:00 0 
7f3160000000-7f31603bf000 rw-p 00000000 00:00 0 
7f31603bf000-7f3164000000 ---p 00000000 00:00 0 
7f3164000000-7f3164021000 rw-p 00000000 00:00 0 
7f3164021000-7f3168000000 ---p 00000000 00:00 0 
7f3168000000-7f31683fb000 rw-p 00000000 00:00 0 
7f31683fb000-7f316c000000 ---p 00000000 00:00 0 
7f316c000000-7f316c36a000 rw-p 00000000 00:00 0 
7f316c36a000-7f3170000000 ---p 00000000 00:00 0 
7f3170000000-7f3170021000 rw-p 00000000 00:00 0 
7f3170021000-7f3174000000 ---p 00000000 00:00 0 
7f3174000000-7f3174021000 rw-p 00000000 00:00 0 
7f3174021000-7f3178000000 ---p 00000000 00:00 0 
7f3178000000-7f3178021000 rw-p 00000000 00:00 0 
7f3178021000-7f317c000000 ---p 00000000 00:00 0 
7f317e220000-7f3184000000 rw-p 00000000 00:00 0 
7f3184000000-7f3184021000 rw-p 00000000 00:00 0 
7f3184021000-7f3188000000 ---p 00000000 00:00 0 
7f3188000000-7f318829e000 rw-p 00000000 00:00 0 
7f318829e000-7f318c000000 ---p 00000000 00:00 0 
7f318c000000-7f318c021000 rw-p 00000000 00:00 0 
7f318c021000-7f3190000000 ---p 00000000 00:00 0 
7f3194000000-7f3194021000 rw-p 00000000 00:00 0 
7f3194021000-7f3198000000 ---p 00000000 00:00 0 
7f319b58d000-7f319b590000 ---p 00000000 00:00 0 
7f319b590000-7f319b68e000 rw-p 00000000 00:00 0 
7f319b68e000-7f319b691000 ---p 00000000 00:00 0 
7f319b691000-7f319b78f000 rw-p 00000000 00:00 0 
7f319b78f000-7f319b792000 ---p 00000000 00:00 0 
7f319b792000-7f319b890000 rw-p 00000000 00:00 0 
7f319b890000-7f319b899000 r-xp 00000000 103:05 555124                    /usr/lib/jvm/java-8-openjdk-amd64/jre/lib/amd64/libmanagement.so
7f319b899000-7f319ba98000 ---p 00009000 103:05 555124                    /usr/lib/jvm/java-8-openjdk-amd64/jre/lib/amd64/libmanagement.so
7f319ba98000-7f319ba99000 r--p 00008000 103:05 555124                    /usr/lib/jvm/java-8-openjdk-amd64/jre/lib/amd64/libmanagement.so
7f319ba99000-7f319ba9a000 rw-p 00009000 103:05 555124                    /usr/lib/jvm/java-8-openjdk-amd64/jre/lib/amd64/libmanagement.so
7f319ba9a000-7f319baab000 r-xp 00000000 103:05 555129                    /usr/lib/jvm/java-8-openjdk-amd64/jre/lib/amd64/libnio.so
7f319baab000-7f319bcaa000 ---p 00011000 103:05 555129                    /usr/lib/jvm/java-8-openjdk-amd64/jre/lib/amd64/libnio.so
7f319bcaa000-7f319bcab000 r--p 00010000 103:05 555129                    /usr/lib/jvm/java-8-openjdk-amd64/jre/lib/amd64/libnio.so
7f319bcab000-7f319bcac000 rw-p 00011000 103:05 555129                    /usr/lib/jvm/java-8-openjdk-amd64/jre/lib/amd64/libnio.so
7f319bcac000-7f319bcc2000 r-xp 00000000 103:05 555128                    /usr/lib/jvm/java-8-openjdk-amd64/jre/lib/amd64/libnet.so
7f319bcc2000-7f319bec1000 ---p 00016000 103:05 555128                    /usr/lib/jvm/java-8-openjdk-amd64/jre/lib/amd64/libnet.so
7f319bec1000-7f319bec2000 r--p 00015000 103:05 555128                    /usr/lib/jvm/java-8-openjdk-amd64/jre/lib/amd64/libnet.so
7f319bec2000-7f319bec3000 rw-p 00016000 103:05 555128                    /usr/lib/jvm/java-8-openjdk-amd64/jre/lib/amd64/libnet.so
7f319bec3000-7f319beff000 r--s 0031b000 103:05 6960731                   /home/loubard/.m2/repository/io/netty/netty-all/4.1.5.Final/netty-all-4.1.5.Final.jar
7f319beff000-7f319bf00000 ---p 00000000 00:00 0 
7f319bf00000-7f319c000000 rw-p 00000000 00:00 0 
7f319c000000-7f319c021000 rw-p 00000000 00:00 0 
7f319c021000-7f31a0000000 ---p 00000000 00:00 0 
7f31a0014000-7f31a0017000 ---p 00000000 00:00 0 
7f31a0017000-7f31a0115000 rw-p 00000000 00:00 0 
7f31a0115000-7f31a0116000 ---p 00000000 00:00 0 
7f31a0116000-7f31a0119000 ---p 00000000 00:00 0 
7f31a0119000-7f31a0216000 rw-p 00000000 00:00 0 
7f31a0216000-7f31a0217000 ---p 00000000 00:00 0 
7f31a0217000-7f31a021a000 ---p 00000000 00:00 0 
7f31a021a000-7f31a0317000 rw-p 00000000 00:00 0 
7f31a0317000-7f31a0318000 ---p 00000000 00:00 0 
7f31a0318000-7f31a031b000 ---p 00000000 00:00 0 
7f31a031b000-7f31a0418000 rw-p 00000000 00:00 0 
7f31a0418000-7f31a041b000 ---p 00000000 00:00 0 
7f31a041b000-7f31a0519000 rw-p 00000000 00:00 0 
7f31a0519000-7f31a07f8000 r--p 00000000 103:05 6429000                   /usr/lib/locale/locale-archive
7f31a07f8000-7f31a07fb000 ---p 00000000 00:00 0 
7f31a07fb000-7f31a08f9000 rw-p 00000000 00:00 0 
7f31a08f9000-7f31a08fc000 ---p 00000000 00:00 0 
7f31a08fc000-7f31a09fa000 rw-p 00000000 00:00 0 
7f31a09fa000-7f31a09fb000 ---p 00000000 00:00 0 
7f31a09fb000-7f31a1000000 rw-p 00000000 00:00 0 
7f31a1000000-7f31a1310000 rwxp 00000000 00:00 0 
7f31a1310000-7f31b0000000 ---p 00000000 00:00 0 
7f31b0000000-7f31b0444000 rw-p 00000000 00:00 0 
7f31b0444000-7f31b4000000 ---p 00000000 00:00 0 
7f31b4004000-7f31b4007000 r--s 0001a000 103:05 6960733                   /home/loubard/.m2/repository/org/erlang/otp/jinterface/1.6.1/jinterface-1.6.1.jar
7f31b4007000-7f31b402b000 r--s 0020e000 103:05 6960725                   /home/loubard/.m2/repository/com/basho/riak/riak-client/2.1.1/riak-client-2.1.1.jar
7f31b402b000-7f31b4b2a000 rw-p 00000000 00:00 0 
7f31b4b2a000-7f31b4d04000 r--s 03d8c000 103:05 558117                    /usr/lib/jvm/java-8-openjdk-amd64/jre/lib/rt.jar
7f31b4d04000-7f31b5b58000 rw-p 00000000 00:00 0 
7f31b5b58000-7f31b5b59000 ---p 00000000 00:00 0 
7f31b5b59000-7f31b5c59000 rw-p 00000000 00:00 0 
7f31b5c59000-7f31b5c5a000 ---p 00000000 00:00 0 
7f31b5c5a000-7f31b5d5a000 rw-p 00000000 00:00 0 
7f31b5d5a000-7f31b5d5b000 ---p 00000000 00:00 0 
7f31b5d5b000-7f31b5e5b000 rw-p 00000000 00:00 0 
7f31b5e5b000-7f31b5e5c000 ---p 00000000 00:00 0 
7f31b5e5c000-7f31b60c3000 rw-p 00000000 00:00 0 
7f31b60c3000-7f31b6346000 ---p 00000000 00:00 0 
7f31b6346000-7f31b64ad000 rw-p 00000000 00:00 0 
7f31b64ad000-7f31b672f000 ---p 00000000 00:00 0 
7f31b672f000-7f31b6842000 rw-p 00000000 00:00 0 
7f31b6842000-7f31b6924000 ---p 00000000 00:00 0 
7f31b6924000-7f31b6932000 rw-p 00000000 00:00 0 
7f31b6932000-7f31b6ce5000 ---p 00000000 00:00 0 
7f31b6ce5000-7f31b6d00000 r-xp 00000000 103:05 555175                    /usr/lib/jvm/java-8-openjdk-amd64/jre/lib/amd64/libzip.so
7f31b6d00000-7f31b6eff000 ---p 0001b000 103:05 555175                    /usr/lib/jvm/java-8-openjdk-amd64/jre/lib/amd64/libzip.so
7f31b6eff000-7f31b6f00000 r--p 0001a000 103:05 555175                    /usr/lib/jvm/java-8-openjdk-amd64/jre/lib/amd64/libzip.so
7f31b6f00000-7f31b6f01000 rw-p 0001b000 103:05 555175                    /usr/lib/jvm/java-8-openjdk-amd64/jre/lib/amd64/libzip.so
7f31b6f01000-7f31b6f0c000 r-xp 00000000 103:05 398387                    /lib/x86_64-linux-gnu/libnss_files-2.27.so
7f31b6f0c000-7f31b710b000 ---p 0000b000 103:05 398387                    /lib/x86_64-linux-gnu/libnss_files-2.27.so
7f31b710b000-7f31b710c000 r--p 0000a000 103:05 398387                    /lib/x86_64-linux-gnu/libnss_files-2.27.so
7f31b710c000-7f31b710d000 rw-p 0000b000 103:05 398387                    /lib/x86_64-linux-gnu/libnss_files-2.27.so
7f31b710d000-7f31b7113000 rw-p 00000000 00:00 0 
7f31b7113000-7f31b712a000 r-xp 00000000 103:05 398381                    /lib/x86_64-linux-gnu/libnsl-2.27.so
7f31b712a000-7f31b7329000 ---p 00017000 103:05 398381                    /lib/x86_64-linux-gnu/libnsl-2.27.so
7f31b7329000-7f31b732a000 r--p 00016000 103:05 398381                    /lib/x86_64-linux-gnu/libnsl-2.27.so
7f31b732a000-7f31b732b000 rw-p 00017000 103:05 398381                    /lib/x86_64-linux-gnu/libnsl-2.27.so
7f31b732b000-7f31b732d000 rw-p 00000000 00:00 0 
7f31b732d000-7f31b7338000 r-xp 00000000 103:05 398398                    /lib/x86_64-linux-gnu/libnss_nis-2.27.so
7f31b7338000-7f31b7537000 ---p 0000b000 103:05 398398                    /lib/x86_64-linux-gnu/libnss_nis-2.27.so
7f31b7537000-7f31b7538000 r--p 0000a000 103:05 398398                    /lib/x86_64-linux-gnu/libnss_nis-2.27.so
7f31b7538000-7f31b7539000 rw-p 0000b000 103:05 398398                    /lib/x86_64-linux-gnu/libnss_nis-2.27.so
7f31b7539000-7f31b7541000 r-xp 00000000 103:05 398383                    /lib/x86_64-linux-gnu/libnss_compat-2.27.so
7f31b7541000-7f31b7741000 ---p 00008000 103:05 398383                    /lib/x86_64-linux-gnu/libnss_compat-2.27.so
7f31b7741000-7f31b7742000 r--p 00008000 103:05 398383                    /lib/x86_64-linux-gnu/libnss_compat-2.27.so
7f31b7742000-7f31b7743000 rw-p 00009000 103:05 398383                    /lib/x86_64-linux-gnu/libnss_compat-2.27.so
7f31b7743000-7f31b776f000 r-xp 00000000 103:05 555065                    /usr/lib/jvm/java-8-openjdk-amd64/jre/lib/amd64/libjava.so
7f31b776f000-7f31b796f000 ---p 0002c000 103:05 555065                    /usr/lib/jvm/java-8-openjdk-amd64/jre/lib/amd64/libjava.so
7f31b796f000-7f31b7970000 r--p 0002c000 103:05 555065                    /usr/lib/jvm/java-8-openjdk-amd64/jre/lib/amd64/libjava.so
7f31b7970000-7f31b7972000 rw-p 0002d000 103:05 555065                    /usr/lib/jvm/java-8-openjdk-amd64/jre/lib/amd64/libjava.so
7f31b7972000-7f31b797f000 r-xp 00000000 103:05 555174                    /usr/lib/jvm/java-8-openjdk-amd64/jre/lib/amd64/libverify.so
7f31b797f000-7f31b7b7e000 ---p 0000d000 103:05 555174                    /usr/lib/jvm/java-8-openjdk-amd64/jre/lib/amd64/libverify.so
7f31b7b7e000-7f31b7b80000 r--p 0000c000 103:05 555174                    /usr/lib/jvm/java-8-openjdk-amd64/jre/lib/amd64/libverify.so
7f31b7b80000-7f31b7b81000 rw-p 0000e000 103:05 555174                    /usr/lib/jvm/java-8-openjdk-amd64/jre/lib/amd64/libverify.so
7f31b7b81000-7f31b7b88000 r-xp 00000000 103:05 398438                    /lib/x86_64-linux-gnu/librt-2.27.so
7f31b7b88000-7f31b7d87000 ---p 00007000 103:05 398438                    /lib/x86_64-linux-gnu/librt-2.27.so
7f31b7d87000-7f31b7d88000 r--p 00006000 103:05 398438                    /lib/x86_64-linux-gnu/librt-2.27.so
7f31b7d88000-7f31b7d89000 rw-p 00007000 103:05 398438                    /lib/x86_64-linux-gnu/librt-2.27.so
7f31b7d89000-7f31b7f26000 r-xp 00000000 103:05 398360                    /lib/x86_64-linux-gnu/libm-2.27.so
7f31b7f26000-7f31b8125000 ---p 0019d000 103:05 398360                    /lib/x86_64-linux-gnu/libm-2.27.so
7f31b8125000-7f31b8126000 r--p 0019c000 103:05 398360                    /lib/x86_64-linux-gnu/libm-2.27.so
7f31b8126000-7f31b8127000 rw-p 0019d000 103:05 398360                    /lib/x86_64-linux-gnu/libm-2.27.so
7f31b8127000-7f31b8e16000 r-xp 00000000 103:05 555178                    /usr/lib/jvm/java-8-openjdk-amd64/jre/lib/amd64/server/libjvm.so
7f31b8e16000-7f31b9015000 ---p 00cef000 103:05 555178                    /usr/lib/jvm/java-8-openjdk-amd64/jre/lib/amd64/server/libjvm.so
7f31b9015000-7f31b90ab000 r--p 00cee000 103:05 555178                    /usr/lib/jvm/java-8-openjdk-amd64/jre/lib/amd64/server/libjvm.so
7f31b90ab000-7f31b90dc000 rw-p 00d84000 103:05 555178                    /usr/lib/jvm/java-8-openjdk-amd64/jre/lib/amd64/server/libjvm.so
7f31b90dc000-7f31b9117000 rw-p 00000000 00:00 0 
7f31b9117000-7f31b92fe000 r-xp 00000000 103:05 398297                    /lib/x86_64-linux-gnu/libc-2.27.so
7f31b92fe000-7f31b94fe000 ---p 001e7000 103:05 398297                    /lib/x86_64-linux-gnu/libc-2.27.so
7f31b94fe000-7f31b9502000 r--p 001e7000 103:05 398297                    /lib/x86_64-linux-gnu/libc-2.27.so
7f31b9502000-7f31b9504000 rw-p 001eb000 103:05 398297                    /lib/x86_64-linux-gnu/libc-2.27.so
7f31b9504000-7f31b9508000 rw-p 00000000 00:00 0 
7f31b9508000-7f31b950b000 r-xp 00000000 103:05 398320                    /lib/x86_64-linux-gnu/libdl-2.27.so
7f31b950b000-7f31b970a000 ---p 00003000 103:05 398320                    /lib/x86_64-linux-gnu/libdl-2.27.so
7f31b970a000-7f31b970b000 r--p 00002000 103:05 398320                    /lib/x86_64-linux-gnu/libdl-2.27.so
7f31b970b000-7f31b970c000 rw-p 00003000 103:05 398320                    /lib/x86_64-linux-gnu/libdl-2.27.so
7f31b970c000-7f31b9723000 r-xp 00000000 103:05 553800                    /usr/lib/jvm/java-8-openjdk-amd64/jre/lib/amd64/jli/libjli.so
7f31b9723000-7f31b9922000 ---p 00017000 103:05 553800                    /usr/lib/jvm/java-8-openjdk-amd64/jre/lib/amd64/jli/libjli.so
7f31b9922000-7f31b9923000 r--p 00016000 103:05 553800                    /usr/lib/jvm/java-8-openjdk-amd64/jre/lib/amd64/jli/libjli.so
7f31b9923000-7f31b9924000 rw-p 00017000 103:05 553800                    /usr/lib/jvm/java-8-openjdk-amd64/jre/lib/amd64/jli/libjli.so
7f31b9924000-7f31b993e000 r-xp 00000000 103:05 398430                    /lib/x86_64-linux-gnu/libpthread-2.27.so
7f31b993e000-7f31b9b3d000 ---p 0001a000 103:05 398430                    /lib/x86_64-linux-gnu/libpthread-2.27.so
7f31b9b3d000-7f31b9b3e000 r--p 00019000 103:05 398430                    /lib/x86_64-linux-gnu/libpthread-2.27.so
7f31b9b3e000-7f31b9b3f000 rw-p 0001a000 103:05 398430                    /lib/x86_64-linux-gnu/libpthread-2.27.so
7f31b9b3f000-7f31b9b43000 rw-p 00000000 00:00 0 
7f31b9b43000-7f31b9b6a000 r-xp 00000000 103:05 398269                    /lib/x86_64-linux-gnu/ld-2.27.so
7f31b9b6b000-7f31b9b7a000 r--s 00081000 103:05 6960730                   /home/loubard/.m2/repository/joda-time/joda-time/2.7/joda-time-2.7.jar
7f31b9b7a000-7f31b9b7d000 r--s 0000e000 103:05 6960723                   /home/loubard/.m2/repository/com/fasterxml/jackson/datatype/jackson-datatype-joda/2.8.0/jackson-datatype-joda-2.8.0.jar
7f31b9b7d000-7f31b9b81000 r--s 00041000 103:05 6960726                   /home/loubard/.m2/repository/com/fasterxml/jackson/core/jackson-core/2.8.0/jackson-core-2.8.0.jar
7f31b9b81000-7f31b9b84000 r--s 0000b000 103:05 6960724                   /home/loubard/.m2/repository/com/fasterxml/jackson/core/jackson-annotations/2.8.0/jackson-annotations-2.8.0.jar
7f31b9b84000-7f31b9c42000 rw-p 00000000 00:00 0 
7f31b9c42000-7f31b9c43000 ---p 00000000 00:00 0 
7f31b9c43000-7f31b9c46000 ---p 00000000 00:00 0 
7f31b9c46000-7f31b9d47000 rw-p 00000000 00:00 0 
7f31b9d47000-7f31b9d59000 r--s 0011b000 103:05 6960727                   /home/loubard/.m2/repository/com/fasterxml/jackson/core/jackson-databind/2.8.0/jackson-databind-2.8.0.jar
7f31b9d59000-7f31b9d5b000 r--s 00009000 103:05 6960721                   /home/loubard/.m2/repository/org/slf4j/slf4j-api/1.7.21/slf4j-api-1.7.21.jar
7f31b9d5b000-7f31b9d5e000 r--s 0000f000 103:05 557164                    /usr/lib/jvm/java-8-openjdk-amd64/jre/lib/ext/icedtea-sound.jar
7f31b9d5e000-7f31b9d60000 r--s 00007000 103:05 6953966                   /usr/share/java/java-atk-wrapper.jar
7f31b9d60000-7f31b9d68000 rw-s 00000000 103:05 4587937                   /tmp/hsperfdata_loubard/9139
7f31b9d68000-7f31b9d69000 rw-p 00000000 00:00 0 
7f31b9d69000-7f31b9d6a000 ---p 00000000 00:00 0 
7f31b9d6a000-7f31b9d6b000 r--p 00027000 103:05 398269                    /lib/x86_64-linux-gnu/ld-2.27.so
7f31b9d6b000-7f31b9d6c000 rw-p 00028000 103:05 398269                    /lib/x86_64-linux-gnu/ld-2.27.so
7f31b9d6c000-7f31b9d6d000 rw-p 00000000 00:00 0 
7fff25ef9000-7fff25f1b000 rw-p 00000000 00:00 0                          [stack]
7fff25f52000-7fff25f55000 r--p 00000000 00:00 0                          [vvar]
7fff25f55000-7fff25f57000 r-xp 00000000 00:00 0                          [vdso]
ffffffffff600000-ffffffffff601000 r-xp 00000000 00:00 0                  [vsyscall]

VM Arguments:
jvm_args: -Dfile.encoding=UTF-8 
java_command: src.main.java.setup.TasteOfRiak
java_class_path (initial): /home/loubard/eclipse-workspace/BigTable/target/classes:/home/loubard/.m2/repository/com/basho/riak/riak-client/2.1.1/riak-client-2.1.1.jar:/home/loubard/.m2/repository/org/slf4j/slf4j-api/1.7.21/slf4j-api-1.7.21.jar:/home/loubard/.m2/repository/com/fasterxml/jackson/core/jackson-databind/2.8.0/jackson-databind-2.8.0.jar:/home/loubard/.m2/repository/com/fasterxml/jackson/core/jackson-annotations/2.8.0/jackson-annotations-2.8.0.jar:/home/loubard/.m2/repository/com/fasterxml/jackson/core/jackson-core/2.8.0/jackson-core-2.8.0.jar:/home/loubard/.m2/repository/com/fasterxml/jackson/datatype/jackson-datatype-joda/2.8.0/jackson-datatype-joda-2.8.0.jar:/home/loubard/.m2/repository/joda-time/joda-time/2.7/joda-time-2.7.jar:/home/loubard/.m2/repository/io/netty/netty-all/4.1.5.Final/netty-all-4.1.5.Final.jar:/home/loubard/.m2/repository/org/erlang/otp/jinterface/1.6.1/jinterface-1.6.1.jar
Launcher Type: SUN_STANDARD

Environment Variables:
JAVA_HOME=/usr/lib/jvm/java-8-openjdk-amd64
JRE_HOME=/usr/lib/jvm/java-8-openjdk-amd64/jre
PATH=/home/loubard/anaconda3/bin:/home/loubard/.local/bin:/usr/local/sbin:/usr/local/bin:/usr/sbin:/usr/bin:/sbin:/bin:/usr/games:/usr/local/games:/media/loubard/5C24C3855A6481A3/linux_games/retro:/home/loubard/eclipse/java-2020-037/eclipse
SHELL=/bin/bash
DISPLAY=:0

Signal Handlers:
SIGSEGV: [libjvm.so+0xad9960], sa_mask[0]=11111111011111111101111111111110, sa_flags=SA_RESTART|SA_SIGINFO
SIGBUS: [libjvm.so+0xad9960], sa_mask[0]=11111111011111111101111111111110, sa_flags=SA_RESTART|SA_SIGINFO
SIGFPE: [libjvm.so+0x90d4a0], sa_mask[0]=11111111011111111101111111111110, sa_flags=SA_RESTART|SA_SIGINFO
SIGPIPE: [libjvm.so+0x90d4a0], sa_mask[0]=11111111011111111101111111111110, sa_flags=SA_RESTART|SA_SIGINFO
SIGXFSZ: [libjvm.so+0x90d4a0], sa_mask[0]=11111111011111111101111111111110, sa_flags=SA_RESTART|SA_SIGINFO
SIGILL: [libjvm.so+0x90d4a0], sa_mask[0]=11111111011111111101111111111110, sa_flags=SA_RESTART|SA_SIGINFO
SIGUSR1: SIG_DFL, sa_mask[0]=00000000000000000000000000000000, sa_flags=none
SIGUSR2: [libjvm.so+0x90d370], sa_mask[0]=00100000000000000000000000000000, sa_flags=SA_RESTART|SA_SIGINFO
SIGHUP: [libjvm.so+0x90d990], sa_mask[0]=11111111011111111101111111111110, sa_flags=SA_RESTART|SA_SIGINFO
SIGINT: [libjvm.so+0x90d990], sa_mask[0]=11111111011111111101111111111110, sa_flags=SA_RESTART|SA_SIGINFO
SIGTERM: [libjvm.so+0x90d990], sa_mask[0]=11111111011111111101111111111110, sa_flags=SA_RESTART|SA_SIGINFO
SIGQUIT: [libjvm.so+0x90d990], sa_mask[0]=11111111011111111101111111111110, sa_flags=SA_RESTART|SA_SIGINFO


---------------  S Y S T E M  ---------------

OS:DISTRIB_ID=LinuxMint
DISTRIB_RELEASE=19.2
DISTRIB_CODENAME=tina
DISTRIB_DESCRIPTION="Linux Mint 19.2 Tina"

uname:Linux 4.15.0-54-generic #58-Ubuntu SMP Mon Jun 24 10:55:24 UTC 2019 x86_64
libc:glibc 2.27 NPTL 2.27 
rlimit: STACK 8192k, CORE 0k, NPROC 47328, NOFILE 4096, AS infinity
load average:1,77 1,24 1,11

/proc/meminfo:
MemTotal:       12300544 kB
MemFree:          119692 kB
MemAvailable:       9820 kB
Buffers:             400 kB
Cached:            42388 kB
SwapCached:        94052 kB
Active:         10728940 kB
Inactive:        1096404 kB
Active(anon):   10717820 kB
Inactive(anon):  1071792 kB
Active(file):      11120 kB
Inactive(file):    24612 kB
Unevictable:          96 kB
Mlocked:              96 kB
SwapTotal:       2097148 kB
SwapFree:           2800 kB
Dirty:               320 kB
Writeback:             0 kB
AnonPages:      11692472 kB
Mapped:            80728 kB
Shmem:              6196 kB
Slab:             111928 kB
SReclaimable:      46512 kB
SUnreclaim:        65416 kB
KernelStack:       17568 kB
PageTables:        73356 kB
NFS_Unstable:          0 kB
Bounce:                0 kB
WritebackTmp:          0 kB
CommitLimit:     8247420 kB
Committed_AS:   23020680 kB
VmallocTotal:   34359738367 kB
VmallocUsed:           0 kB
VmallocChunk:          0 kB
HardwareCorrupted:     0 kB
AnonHugePages:         0 kB
ShmemHugePages:        0 kB
ShmemPmdMapped:        0 kB
CmaTotal:              0 kB
CmaFree:               0 kB
HugePages_Total:       0
HugePages_Free:        0
HugePages_Rsvd:        0
HugePages_Surp:        0
Hugepagesize:       2048 kB
DirectMap4k:      320932 kB
DirectMap2M:    10106880 kB
DirectMap1G:     3145728 kB

container (cgroup) information:
container_type: cgroupv1
cpu_cpuset_cpus: 0-3
cpu_memory_nodes: 0
active_processor_count: 4
cpu_quota: -1
cpu_period: 100000
cpu_shares: -1
memory_limit_in_bytes: -1
memory_and_swap_limit_in_bytes: -2
memory_soft_limit_in_bytes: -1
memory_usage_in_bytes: 12109705216
memory_max_usage_in_bytes: 0


CPU:total 4 (initial active 4) (4 cores per cpu, 1 threads per core) family 23 model 17 stepping 0, cmov, cx8, fxsr, mmx, sse, sse2, sse3, ssse3, sse4.1, sse4.2, popcnt, avx, avx2, aes, clmul, mmxext, 3dnowpref, lzcnt, sse4a, tsc, tscinvbit, tscinv, bmi1

/proc/cpuinfo:
processor	: 0
vendor_id	: AuthenticAMD
cpu family	: 23
model		: 17
model name	: AMD Ryzen 3 2200G with Radeon Vega Graphics
stepping	: 0
microcode	: 0x810100b
cpu MHz		: 2080.248
cache size	: 512 KB
physical id	: 0
siblings	: 4
core id		: 0
cpu cores	: 4
apicid		: 0
initial apicid	: 0
fpu		: yes
fpu_exception	: yes
cpuid level	: 13
wp		: yes
flags		: fpu vme de pse tsc msr pae mce cx8 apic sep mtrr pge mca cmov pat pse36 clflush mmx fxsr sse sse2 ht syscall nx mmxext fxsr_opt pdpe1gb rdtscp lm constant_tsc rep_good nopl nonstop_tsc cpuid extd_apicid aperfmperf pni pclmulqdq monitor ssse3 fma cx16 sse4_1 sse4_2 movbe popcnt aes xsave avx f16c rdrand lahf_lm cmp_legacy svm extapic cr8_legacy abm sse4a misalignsse 3dnowprefetch osvw skinit wdt tce topoext perfctr_core perfctr_nb bpext perfctr_llc mwaitx hw_pstate sme ssbd ibpb vmmcall fsgsbase bmi1 avx2 smep bmi2 rdseed adx smap clflushopt sha_ni xsaveopt xsavec xgetbv1 xsaves clzero irperf xsaveerptr arat npt lbrv svm_lock nrip_save tsc_scale vmcb_clean flushbyasid decodeassists pausefilter pfthreshold avic v_vmsave_vmload vgif overflow_recov succor smca
bugs		: sysret_ss_attrs null_seg spectre_v1 spectre_v2 spec_store_bypass
bogomips	: 7000.29
TLB size	: 2560 4K pages
clflush size	: 64
cache_alignment	: 64
address sizes	: 43 bits physical, 48 bits virtual
power management: ts ttp tm hwpstate eff_freq_ro [13] [14]

processor	: 1
vendor_id	: AuthenticAMD
cpu family	: 23
model		: 17
model name	: AMD Ryzen 3 2200G with Radeon Vega Graphics
stepping	: 0
microcode	: 0x810100b
cpu MHz		: 3134.243
cache size	: 512 KB
physical id	: 0
siblings	: 4
core id		: 1
cpu cores	: 4
apicid		: 1
initial apicid	: 1
fpu		: yes
fpu_exception	: yes
cpuid level	: 13
wp		: yes
flags		: fpu vme de pse tsc msr pae mce cx8 apic sep mtrr pge mca cmov pat pse36 clflush mmx fxsr sse sse2 ht syscall nx mmxext fxsr_opt pdpe1gb rdtscp lm constant_tsc rep_good nopl nonstop_tsc cpuid extd_apicid aperfmperf pni pclmulqdq monitor ssse3 fma cx16 sse4_1 sse4_2 movbe popcnt aes xsave avx f16c rdrand lahf_lm cmp_legacy svm extapic cr8_legacy abm sse4a misalignsse 3dnowprefetch osvw skinit wdt tce topoext perfctr_core perfctr_nb bpext perfctr_llc mwaitx hw_pstate sme ssbd ibpb vmmcall fsgsbase bmi1 avx2 smep bmi2 rdseed adx smap clflushopt sha_ni xsaveopt xsavec xgetbv1 xsaves clzero irperf xsaveerptr arat npt lbrv svm_lock nrip_save tsc_scale vmcb_clean flushbyasid decodeassists pausefilter pfthreshold avic v_vmsave_vmload vgif overflow_recov succor smca
bugs		: sysret_ss_attrs null_seg spectre_v1 spectre_v2 spec_store_bypass
bogomips	: 7000.29
TLB size	: 2560 4K pages
clflush size	: 64
cache_alignment	: 64
address sizes	: 43 bits physical, 48 bits virtual
power management: ts ttp tm hwpstate eff_freq_ro [13] [14]

processor	: 2
vendor_id	: AuthenticAMD
cpu family	: 23
model		: 17
model name	: AMD Ryzen 3 2200G with Radeon Vega Graphics
stepping	: 0
microcode	: 0x810100b
cpu MHz		: 2704.826
cache size	: 512 KB
physical id	: 0
siblings	: 4
core id		: 2
cpu cores	: 4
apicid		: 2
initial apicid	: 2
fpu		: yes
fpu_exception	: yes
cpuid level	: 13
wp		: yes
flags		: fpu vme de pse tsc msr pae mce cx8 apic sep mtrr pge mca cmov pat pse36 clflush mmx fxsr sse sse2 ht syscall nx mmxext fxsr_opt pdpe1gb rdtscp lm constant_tsc rep_good nopl nonstop_tsc cpuid extd_apicid aperfmperf pni pclmulqdq monitor ssse3 fma cx16 sse4_1 sse4_2 movbe popcnt aes xsave avx f16c rdrand lahf_lm cmp_legacy svm extapic cr8_legacy abm sse4a misalignsse 3dnowprefetch osvw skinit wdt tce topoext perfctr_core perfctr_nb bpext perfctr_llc mwaitx hw_pstate sme ssbd ibpb vmmcall fsgsbase bmi1 avx2 smep bmi2 rdseed adx smap clflushopt sha_ni xsaveopt xsavec xgetbv1 xsaves clzero irperf xsaveerptr arat npt lbrv svm_lock nrip_save tsc_scale vmcb_clean flushbyasid decodeassists pausefilter pfthreshold avic v_vmsave_vmload vgif overflow_recov succor smca
bugs		: sysret_ss_attrs null_seg spectre_v1 spectre_v2 spec_store_bypass
bogomips	: 7000.29
TLB size	: 2560 4K pages
clflush size	: 64
cache_alignment	: 64
address sizes	: 43 bits physical, 48 bits virtual
power management: ts ttp tm hwpstate eff_freq_ro [13] [14]

processor	: 3
vendor_id	: AuthenticAMD
cpu family	: 23
model		: 17
model name	: AMD Ryzen 3 2200G with Radeon Vega Graphics
stepping	: 0
microcode	: 0x810100b
cpu MHz		: 3700.114
cache size	: 512 KB
physical id	: 0
siblings	: 4
core id		: 3
cpu cores	: 4
apicid		: 3
initial apicid	: 3
fpu		: yes
fpu_exception	: yes
cpuid level	: 13
wp		: yes
flags		: fpu vme de pse tsc msr pae mce cx8 apic sep mtrr pge mca cmov pat pse36 clflush mmx fxsr sse sse2 ht syscall nx mmxext fxsr_opt pdpe1gb rdtscp lm constant_tsc rep_good nopl nonstop_tsc cpuid extd_apicid aperfmperf pni pclmulqdq monitor ssse3 fma cx16 sse4_1 sse4_2 movbe popcnt aes xsave avx f16c rdrand lahf_lm cmp_legacy svm extapic cr8_legacy abm sse4a misalignsse 3dnowprefetch osvw skinit wdt tce topoext perfctr_core perfctr_nb bpext perfctr_llc mwaitx hw_pstate sme ssbd ibpb vmmcall fsgsbase bmi1 avx2 smep bmi2 rdseed adx smap clflushopt sha_ni xsaveopt xsavec xgetbv1 xsaves clzero irperf xsaveerptr arat npt lbrv svm_lock nrip_save tsc_scale vmcb_clean flushbyasid decodeassists pausefilter pfthreshold avic v_vmsave_vmload vgif overflow_recov succor smca
bugs		: sysret_ss_attrs null_seg spectre_v1 spectre_v2 spec_store_bypass
bogomips	: 7000.29
TLB size	: 2560 4K pages
clflush size	: 64
cache_alignment	: 64
address sizes	: 43 bits physical, 48 bits virtual
power management: ts ttp tm hwpstate eff_freq_ro [13] [14]



Memory: 4k page, physical 12300544k(126724k free), swap 2097148k(0k free)

vm_info: Java HotSpot(TM) 64-Bit Server VM (25.241-b07) for linux-amd64 JRE (1.8.0_241-b07), built on Dec 11 2019 02:22:16 by "java_re" with gcc 7.3.0

time: Mon Apr  6 12:53:49 2020
timezone: CEST
elapsed time: 3 seconds (0d 0h 0m 3s)

