#
# There is insufficient memory for the Java Runtime Environment to continue.
# Native memory allocation (mmap) failed to map 487063552 bytes for committing reserved memory.
# Possible reasons:
#   The system is out of physical RAM or swap space
#   The process is running with CompressedOops enabled, and the Java Heap may be blocking the growth of the native heap
# Possible solutions:
#   Reduce memory load on the system
#   Increase physical memory or swap space
#   Check if swap backing store is full
#   Decrease Java heap size (-Xmx/-Xms)
#   Decrease number of Java threads
#   Decrease Java thread stack sizes (-Xss)
#   Set larger code cache with -XX:ReservedCodeCacheSize=
#   JVM is running with Zero Based Compressed Oops mode in which the Java heap is
#     placed in the first 32GB address space. The Java Heap base address is the
#     maximum limit for the native heap growth. Please use -XX:HeapBaseMinAddress
#     to set the Java Heap base and to place the Java Heap above 32GB virtual address.
# This output file may be truncated or incomplete.
#
#  Out of Memory Error (os_linux.cpp:2749), pid=8224, tid=0x00007fb61abf3700
#
# JRE version: Java(TM) SE Runtime Environment (8.0_241-b07) (build 1.8.0_241-b07)
# Java VM: Java HotSpot(TM) 64-Bit Server VM (25.241-b07 mixed mode linux-amd64 compressed oops)
# Failed to write core dump. Core dumps have been disabled. To enable core dumping, try "ulimit -c unlimited" before starting Java again
#

---------------  T H R E A D  ---------------

Current thread (0x00007fb63007a000):  VMThread [stack: 0x00007fb61aaf4000,0x00007fb61abf4000] [id=8235]

Stack: [0x00007fb61aaf4000,0x00007fb61abf4000],  sp=0x00007fb61abf23d0,  free space=1016k
Native frames: (J=compiled Java code, j=interpreted, Vv=VM code, C=native code)
V  [libjvm.so+0xad9025]  VMError::report_and_die()+0x2e5
V  [libjvm.so+0x4e1457]  report_vm_out_of_memory(char const*, int, unsigned long, VMErrorType, char const*)+0x67
V  [libjvm.so+0x911f10]  os::pd_commit_memory(char*, unsigned long, unsigned long, bool)+0x100
V  [libjvm.so+0x90953f]  os::commit_memory(char*, unsigned long, unsigned long, bool)+0x1f
V  [libjvm.so+0x98e346]  PSVirtualSpace::expand_by(unsigned long)+0x56
V  [libjvm.so+0x97d61b]  PSOldGen::expand_by(unsigned long) [clone .part.28]+0x1b
V  [libjvm.so+0x97d7d8]  PSOldGen::expand(unsigned long) [clone .part.29]+0xa8
V  [libjvm.so+0x97e381]  PSOldGen::resize(unsigned long)+0xe1
V  [libjvm.so+0x9844bc]  PSParallelCompact::invoke_no_policy(bool) [clone .part.118]+0xa2c
V  [libjvm.so+0x98c2d5]  PSScavenge::invoke()+0x215
V  [libjvm.so+0x93be58]  ParallelScavengeHeap::failed_mem_allocate(unsigned long)+0x68
V  [libjvm.so+0xadab73]  VM_ParallelGCFailedAllocation::doit()+0x93
V  [libjvm.so+0xadfdc6]  VM_Operation::evaluate()+0x46
V  [libjvm.so+0xade0fd]  VMThread::evaluate_operation(VM_Operation*) [clone .constprop.44]+0xcd
V  [libjvm.so+0xade6e3]  VMThread::loop()+0x3a3
V  [libjvm.so+0xadeab8]  VMThread::run()+0x78
V  [libjvm.so+0x90f542]  java_start(Thread*)+0x102

VM_Operation (0x00007fb637e3e540): ParallelGCFailedAllocation, mode: safepoint, requested by thread 0x00007fb63000b800


---------------  P R O C E S S  ---------------

Java Threads: ( => current thread )
  0x00007fb63041b800 JavaThread "pool-1-thread-2" [_thread_blocked, id=8246, stack(0x00007fb61968b000,0x00007fb61978c000)]
  0x00007fb630419800 JavaThread "pool-1-thread-1" [_thread_blocked, id=8245, stack(0x00007fb61978c000,0x00007fb61988d000)]
  0x00007fb630417000 JavaThread "nioEventLoopGroup-2-1" [_thread_blocked, id=8244, stack(0x00007fb61988d000,0x00007fb61998e000)]
  0x00007fb6300cb800 JavaThread "Service Thread" daemon [_thread_blocked, id=8242, stack(0x00007fb61a10d000,0x00007fb61a20e000)]
  0x00007fb6300c0800 JavaThread "C1 CompilerThread2" daemon [_thread_blocked, id=8241, stack(0x00007fb61a20f000,0x00007fb61a30f000)]
  0x00007fb6300be800 JavaThread "C2 CompilerThread1" daemon [_thread_blocked, id=8240, stack(0x00007fb61a310000,0x00007fb61a410000)]
  0x00007fb6300bc000 JavaThread "C2 CompilerThread0" daemon [_thread_blocked, id=8239, stack(0x00007fb61a411000,0x00007fb61a511000)]
  0x00007fb6300ba800 JavaThread "Signal Dispatcher" daemon [_thread_blocked, id=8238, stack(0x00007fb61a511000,0x00007fb61a612000)]
  0x00007fb630088000 JavaThread "Finalizer" daemon [_thread_blocked, id=8237, stack(0x00007fb61a8f1000,0x00007fb61a9f2000)]
  0x00007fb630083800 JavaThread "Reference Handler" daemon [_thread_blocked, id=8236, stack(0x00007fb61a9f2000,0x00007fb61aaf3000)]
  0x00007fb63000b800 JavaThread "main" [_thread_blocked, id=8226, stack(0x00007fb637d40000,0x00007fb637e40000)]

Other Threads:
=>0x00007fb63007a000 VMThread [stack: 0x00007fb61aaf4000,0x00007fb61abf4000] [id=8235]
  0x00007fb6300ce800 WatcherThread [stack: 0x00007fb61a00d000,0x00007fb61a10d000] [id=8243]

VM state:at safepoint (normal execution)

VM Mutex/Monitor currently owned by a thread:  ([mutex/lock_event])
[0x00007fb630007b50] ExpandHeap_lock - owner thread: 0x00007fb63007a000
[0x00007fb6300081d0] Threads_lock - owner thread: 0x00007fb63007a000
[0x00007fb6300086d0] Heap_lock - owner thread: 0x00007fb63000b800

heap address: 0x0000000704400000, size: 3004 MB, Compressed Oops mode: Zero based, Oop shift amount: 3
Narrow klass base: 0x0000000000000000, Narrow klass shift: 3
Compressed class space size: 1073741824 Address: 0x00000007c0000000

Heap:
 PSYoungGen      total 535552K, used 207437K [0x0000000781700000, 0x00000007bab80000, 0x00000007c0000000)
  eden space 194048K, 0% used [0x0000000781700000,0x0000000781700000,0x000000078d480000)
  from space 341504K, 60% used [0x000000078d480000,0x0000000799f134b8,0x00000007a2200000)
  to   space 341504K, 0% used [0x00000007a5e00000,0x00000007a5e00000,0x00000007bab80000)
 ParOldGen       total 1124352K, used 1123898K [0x0000000704400000, 0x0000000748e00000, 0x0000000781700000)
  object space 1124352K, 99% used [0x0000000704400000,0x0000000748d8e918,0x0000000748e00000)
 Metaspace       used 9230K, capacity 9398K, committed 9728K, reserved 1058816K
  class space    used 1096K, capacity 1177K, committed 1280K, reserved 1048576K

Card table byte_map: [0x00007fb634448000,0x00007fb634a27000] byte_map_base: 0x00007fb630c26000

Marking Bits: (ParMarkBitMap*) 0x00007fb6371fbe60
 Begin Bits: [0x00007fb606220000, 0x00007fb609110000)
 End Bits:   [0x00007fb609110000, 0x00007fb60c000000)

Polling page: 0x00007fb637e66000

CodeCache: size=245760Kb used=3399Kb max_used=3411Kb free=242360Kb
 bounds [0x00007fb621000000, 0x00007fb621360000, 0x00007fb630000000]
 total_blobs=1026 nmethods=716 adapters=225
 compilation: enabled

Compilation events (10 events):
Event: 4,069 Thread 0x00007fb6300bc000  704       4       com.sun.org.apache.xerces.internal.dom.DeferredDocumentImpl::synchronizeChildren (127 bytes)
Event: 4,069 Thread 0x00007fb6300c0800  713       3       com.sun.org.apache.xerces.internal.dom.DeferredDocumentImpl::getChunkValue (19 bytes)
Event: 4,070 Thread 0x00007fb6300c0800 nmethod 713 0x00007fb621350c10 code [0x00007fb621350d80, 0x00007fb621351070]
Event: 4,074 Thread 0x00007fb6300bc000 nmethod 704 0x00007fb621355cd0 code [0x00007fb621355ea0, 0x00007fb621356708]
Event: 4,086 Thread 0x00007fb6300be800  714       4       com.sun.org.apache.xerces.internal.dom.DeferredDocumentImpl::getChunkValue (19 bytes)
Event: 4,087 Thread 0x00007fb6300be800 nmethod 714 0x00007fb621352810 code [0x00007fb621352960, 0x00007fb621352a78]
Event: 4,119 Thread 0x00007fb6300bc000  715       4       java.util.ArrayList::clear (39 bytes)
Event: 4,122 Thread 0x00007fb6300bc000 nmethod 715 0x00007fb621352510 code [0x00007fb621352660, 0x00007fb621352778]
Event: 4,168 Thread 0x00007fb6300be800  716       4       java.lang.AbstractStringBuilder::setLength (45 bytes)
Event: 4,171 Thread 0x00007fb6300be800 nmethod 716 0x00007fb621347650 code [0x00007fb6213477c0, 0x00007fb621347af8]

GC Heap History (10 events):
Event: 2,685 GC heap after
Heap after GC invocations=11 (full 3):
 PSYoungGen      total 435712K, used 277984K [0x0000000781700000, 0x00000007b9080000, 0x00000007c0000000)
  eden space 157696K, 0% used [0x0000000781700000,0x0000000781700000,0x000000078b100000)
  from space 278016K, 99% used [0x000000079fe80000,0x00000007b0df8080,0x00000007b0e00000)
  to   space 341504K, 0% used [0x000000078b100000,0x000000078b100000,0x000000079fe80000)
 ParOldGen       total 736256K, used 594269K [0x0000000704400000, 0x0000000731300000, 0x0000000781700000)
  object space 736256K, 80% used [0x0000000704400000,0x00000007288577f0,0x0000000731300000)
 Metaspace       used 9165K, capacity 9302K, committed 9344K, reserved 1056768K
  class space    used 1087K, capacity 1145K, committed 1152K, reserved 1048576K
}
Event: 2,685 GC heap before
{Heap before GC invocations=12 (full 4):
 PSYoungGen      total 435712K, used 277984K [0x0000000781700000, 0x00000007b9080000, 0x00000007c0000000)
  eden space 157696K, 0% used [0x0000000781700000,0x0000000781700000,0x000000078b100000)
  from space 278016K, 99% used [0x000000079fe80000,0x00000007b0df8080,0x00000007b0e00000)
  to   space 341504K, 0% used [0x000000078b100000,0x000000078b100000,0x000000079fe80000)
 ParOldGen       total 736256K, used 594269K [0x0000000704400000, 0x0000000731300000, 0x0000000781700000)
  object space 736256K, 80% used [0x0000000704400000,0x00000007288577f0,0x0000000731300000)
 Metaspace       used 9165K, capacity 9302K, committed 9344K, reserved 1056768K
  class space    used 1087K, capacity 1145K, committed 1152K, reserved 1048576K
Event: 3,213 GC heap after
Heap after GC invocations=12 (full 4):
 PSYoungGen      total 435712K, used 130306K [0x0000000781700000, 0x00000007b9080000, 0x00000007c0000000)
  eden space 157696K, 0% used [0x0000000781700000,0x0000000781700000,0x000000078b100000)
  from space 278016K, 46% used [0x000000079fe80000,0x00000007a7dc0a30,0x00000007b0e00000)
  to   space 341504K, 0% used [0x000000078b100000,0x000000078b100000,0x000000079fe80000)
 ParOldGen       total 1124352K, used 735864K [0x0000000704400000, 0x0000000748e00000, 0x0000000781700000)
  object space 1124352K, 65% used [0x0000000704400000,0x000000073129e198,0x0000000748e00000)
 Metaspace       used 9165K, capacity 9302K, committed 9344K, reserved 1056768K
  class space    used 1087K, capacity 1145K, committed 1152K, reserved 1048576K
}
Event: 3,454 GC heap before
{Heap before GC invocations=13 (full 4):
 PSYoungGen      total 435712K, used 288002K [0x0000000781700000, 0x00000007b9080000, 0x00000007c0000000)
  eden space 157696K, 100% used [0x0000000781700000,0x000000078b100000,0x000000078b100000)
  from space 278016K, 46% used [0x000000079fe80000,0x00000007a7dc0a30,0x00000007b0e00000)
  to   space 341504K, 0% used [0x000000078b100000,0x000000078b100000,0x000000079fe80000)
 ParOldGen       total 1124352K, used 735864K [0x0000000704400000, 0x0000000748e00000, 0x0000000781700000)
  object space 1124352K, 65% used [0x0000000704400000,0x000000073129e198,0x0000000748e00000)
 Metaspace       used 9165K, capacity 9302K, committed 9344K, reserved 1056768K
  class space    used 1087K, capacity 1145K, committed 1152K, reserved 1048576K
Event: 3,552 GC heap after
Heap after GC invocations=13 (full 4):
 PSYoungGen      total 499200K, used 289728K [0x0000000781700000, 0x00000007b6f80000, 0x00000007c0000000)
  eden space 157696K, 0% used [0x0000000781700000,0x0000000781700000,0x000000078b100000)
  from space 341504K, 84% used [0x000000078b100000,0x000000079cbf0030,0x000000079fe80000)
  to   space 341504K, 0% used [0x00000007a2200000,0x00000007a2200000,0x00000007b6f80000)
 ParOldGen       total 1124352K, used 735864K [0x0000000704400000, 0x0000000748e00000, 0x0000000781700000)
  object space 1124352K, 65% used [0x0000000704400000,0x000000073129e198,0x0000000748e00000)
 Metaspace       used 9165K, capacity 9302K, committed 9344K, reserved 1056768K
  class space    used 1087K, capacity 1145K, committed 1152K, reserved 1048576K
}
Event: 3,831 GC heap before
{Heap before GC invocations=14 (full 4):
 PSYoungGen      total 499200K, used 447424K [0x0000000781700000, 0x00000007b6f80000, 0x00000007c0000000)
  eden space 157696K, 100% used [0x0000000781700000,0x000000078b100000,0x000000078b100000)
  from space 341504K, 84% used [0x000000078b100000,0x000000079cbf0030,0x000000079fe80000)
  to   space 341504K, 0% used [0x00000007a2200000,0x00000007a2200000,0x00000007b6f80000)
 ParOldGen       total 1124352K, used 735864K [0x0000000704400000, 0x0000000748e00000, 0x0000000781700000)
  object space 1124352K, 65% used [0x0000000704400000,0x000000073129e198,0x0000000748e00000)
 Metaspace       used 9230K, capacity 9398K, committed 9728K, reserved 1058816K
  class space    used 1096K, capacity 1177K, committed 1280K, reserved 1048576K
Event: 4,024 GC heap after
Heap after GC invocations=14 (full 4):
 PSYoungGen      total 535552K, used 341472K [0x0000000781700000, 0x00000007b7500000, 0x00000007c0000000)
  eden space 194048K, 0% used [0x0000000781700000,0x0000000781700000,0x000000078d480000)
  from space 341504K, 99% used [0x00000007a2200000,0x00000007b6f78030,0x00000007b6f80000)
  to   space 341504K, 0% used [0x000000078d480000,0x000000078d480000,0x00000007a2200000)
 ParOldGen       total 1124352K, used 843760K [0x0000000704400000, 0x0000000748e00000, 0x0000000781700000)
  object space 1124352K, 75% used [0x0000000704400000,0x0000000737bfc198,0x0000000748e00000)
 Metaspace       used 9230K, capacity 9398K, committed 9728K, reserved 1058816K
  class space    used 1096K, capacity 1177K, committed 1280K, reserved 1048576K
}
Event: 4,206 GC heap before
{Heap before GC invocations=15 (full 4):
 PSYoungGen      total 535552K, used 535520K [0x0000000781700000, 0x00000007b7500000, 0x00000007c0000000)
  eden space 194048K, 100% used [0x0000000781700000,0x000000078d480000,0x000000078d480000)
  from space 341504K, 99% used [0x00000007a2200000,0x00000007b6f78030,0x00000007b6f80000)
  to   space 341504K, 0% used [0x000000078d480000,0x000000078d480000,0x00000007a2200000)
 ParOldGen       total 1124352K, used 843760K [0x0000000704400000, 0x0000000748e00000, 0x0000000781700000)
  object space 1124352K, 75% used [0x0000000704400000,0x0000000737bfc198,0x0000000748e00000)
 Metaspace       used 9230K, capacity 9398K, committed 9728K, reserved 1058816K
  class space    used 1096K, capacity 1177K, committed 1280K, reserved 1048576K
Event: 4,512 GC heap after
Heap after GC invocations=15 (full 4):
 PSYoungGen      total 535552K, used 341504K [0x0000000781700000, 0x00000007bab80000, 0x00000007c0000000)
  eden space 194048K, 0% used [0x0000000781700000,0x0000000781700000,0x000000078d480000)
  from space 341504K, 100% used [0x000000078d480000,0x00000007a2200000,0x00000007a2200000)
  to   space 341504K, 0% used [0x00000007a5e00000,0x00000007a5e00000,0x00000007bab80000)
 ParOldGen       total 1124352K, used 1042336K [0x0000000704400000, 0x0000000748e00000, 0x0000000781700000)
  object space 1124352K, 92% used [0x0000000704400000,0x0000000743de81c8,0x0000000748e00000)
 Metaspace       used 9230K, capacity 9398K, committed 9728K, reserved 1058816K
  class space    used 1096K, capacity 1177K, committed 1280K, reserved 1048576K
}
Event: 4,513 GC heap before
{Heap before GC invocations=16 (full 5):
 PSYoungGen      total 535552K, used 341504K [0x0000000781700000, 0x00000007bab80000, 0x00000007c0000000)
  eden space 194048K, 0% used [0x0000000781700000,0x0000000781700000,0x000000078d480000)
  from space 341504K, 100% used [0x000000078d480000,0x00000007a2200000,0x00000007a2200000)
  to   space 341504K, 0% used [0x00000007a5e00000,0x00000007a5e00000,0x00000007bab80000)
 ParOldGen       total 1124352K, used 1042336K [0x0000000704400000, 0x0000000748e00000, 0x0000000781700000)
  object space 1124352K, 92% used [0x0000000704400000,0x0000000743de81c8,0x0000000748e00000)
 Metaspace       used 9230K, capacity 9398K, committed 9728K, reserved 1058816K
  class space    used 1096K, capacity 1177K, committed 1280K, reserved 1048576K

Deoptimization events (10 events):
Event: 3,767 Thread 0x00007fb63000b800 Uncommon trap: reason=unstable_if action=reinterpret pc=0x00007fb62131cf58 method=java.io.BufferedInputStream.read([BII)I @ 104
Event: 3,769 Thread 0x00007fb63000b800 Uncommon trap: reason=unstable_if action=reinterpret pc=0x00007fb621315a78 method=com.sun.org.apache.xerces.internal.impl.XMLDocumentFragmentScannerImpl$FragmentContentDriver.next()I @ 1406
Event: 3,771 Thread 0x00007fb63000b800 Uncommon trap: reason=class_check action=maybe_recompile pc=0x00007fb62129e4bc method=com.sun.org.apache.xerces.internal.impl.XMLDocumentScannerImpl.next()I @ 4
Event: 3,771 Thread 0x00007fb63000b800 Uncommon trap: reason=unstable_if action=reinterpret pc=0x00007fb6212b64a0 method=com.sun.org.apache.xerces.internal.util.XMLChar.isSpace(I)Z @ 3
Event: 3,771 Thread 0x00007fb63000b800 Uncommon trap: reason=unstable_if action=reinterpret pc=0x00007fb62132241c method=java.io.BufferedInputStream.fill()V @ 219
Event: 3,771 Thread 0x00007fb63000b800 Uncommon trap: reason=unstable_if action=reinterpret pc=0x00007fb621287ef4 method=com.sun.org.apache.xerces.internal.impl.io.UTF8Reader.read([CII)I @ 75
Event: 3,771 Thread 0x00007fb63000b800 Uncommon trap: reason=unstable_if action=reinterpret pc=0x00007fb62132385c method=com.sun.org.apache.xerces.internal.impl.XMLEntityScanner.load(IZZ)Z @ 92
Event: 3,814 Thread 0x00007fb63000b800 Uncommon trap: reason=unstable_if action=reinterpret pc=0x00007fb62132b2c4 method=com.sun.org.apache.xerces.internal.dom.DeferredDocumentImpl.getPrevSibling(IZ)I @ 52
Event: 3,814 Thread 0x00007fb63000b800 Uncommon trap: reason=unstable_if action=reinterpret pc=0x00007fb62132d550 method=com.sun.org.apache.xerces.internal.dom.DeferredDocumentImpl.getPrevSibling(IZ)I @ 52
Event: 3,814 Thread 0x00007fb63000b800 Uncommon trap: reason=unstable_if action=reinterpret pc=0x00007fb6213209d4 method=com.sun.org.apache.xerces.internal.dom.DeferredDocumentImpl.clearChunkIndex([[III)I @ 47

Classes redefined (0 events):
No events

Internal exceptions (10 events):
Event: 0,151 Thread 0x00007fb63000b800 Exception <a 'java/lang/NoClassDefFoundError': javassist/ClassPath> (0x0000000781cc1748) thrown at [/scratch/jenkins/workspace/8-2-build-linux-amd64/jdk8u241/331/hotspot/src/share/vm/classfile/systemDictionary.cpp, line 199]
Event: 0,239 Thread 0x00007fb63000b800 Exception <a 'java/lang/NoSuchFieldError': method resolution failed> (0x00000007822b4dc8) thrown at [/scratch/jenkins/workspace/8-2-build-linux-amd64/jdk8u241/331/hotspot/src/share/vm/prims/methodHandles.cpp, line 1167]
Event: 0,240 Thread 0x00007fb63000b800 Exception <a 'java/lang/NoSuchFieldError': method resolution failed> (0x00000007822c24e8) thrown at [/scratch/jenkins/workspace/8-2-build-linux-amd64/jdk8u241/331/hotspot/src/share/vm/prims/methodHandles.cpp, line 1167]
Event: 0,263 Thread 0x00007fb630417000 Exception <a 'java/lang/ArrayIndexOutOfBoundsException'> (0x0000000782486b88) thrown at [/scratch/jenkins/workspace/8-2-build-linux-amd64/jdk8u241/331/hotspot/src/share/vm/runtime/sharedRuntime.cpp, line 605]
Event: 0,263 Thread 0x00007fb630417000 Exception <a 'java/lang/ArrayIndexOutOfBoundsException'> (0x0000000782487b88) thrown at [/scratch/jenkins/workspace/8-2-build-linux-amd64/jdk8u241/331/hotspot/src/share/vm/runtime/sharedRuntime.cpp, line 605]
Event: 0,263 Thread 0x00007fb630417000 Exception <a 'java/lang/ArrayIndexOutOfBoundsException'> (0x0000000782489100) thrown at [/scratch/jenkins/workspace/8-2-build-linux-amd64/jdk8u241/331/hotspot/src/share/vm/runtime/sharedRuntime.cpp, line 605]
Event: 0,265 Thread 0x00007fb630417000 Exception <a 'java/lang/ArrayIndexOutOfBoundsException'> (0x0000000782494390) thrown at [/scratch/jenkins/workspace/8-2-build-linux-amd64/jdk8u241/331/hotspot/src/share/vm/runtime/sharedRuntime.cpp, line 605]
Event: 0,265 Thread 0x00007fb630417000 Exception <a 'java/lang/ArrayIndexOutOfBoundsException'> (0x00000007824950c0) thrown at [/scratch/jenkins/workspace/8-2-build-linux-amd64/jdk8u241/331/hotspot/src/share/vm/runtime/sharedRuntime.cpp, line 605]
Event: 0,266 Thread 0x00007fb630417000 Exception <a 'java/lang/ArrayIndexOutOfBoundsException'> (0x00000007824a13a0) thrown at [/scratch/jenkins/workspace/8-2-build-linux-amd64/jdk8u241/331/hotspot/src/share/vm/runtime/sharedRuntime.cpp, line 605]
Event: 0,266 Thread 0x00007fb630417000 Exception <a 'java/lang/ArrayIndexOutOfBoundsException'> (0x00000007824a25e8) thrown at [/scratch/jenkins/workspace/8-2-build-linux-amd64/jdk8u241/331/hotspot/src/share/vm/runtime/sharedRuntime.cpp, line 605]

Events (10 events):
Event: 3,814 Thread 0x00007fb63000b800 DEOPT PACKING pc=0x00007fb62132d550 sp=0x00007fb637e3e570
Event: 3,814 Thread 0x00007fb63000b800 DEOPT UNPACKING pc=0x00007fb62104573a sp=0x00007fb637e3e510 mode 2
Event: 3,814 Thread 0x00007fb63000b800 Uncommon trap: trap_request=0xffffff65 fr.pc=0x00007fb6213209d4
Event: 3,814 Thread 0x00007fb63000b800 DEOPT PACKING pc=0x00007fb6213209d4 sp=0x00007fb637e3e3e0
Event: 3,814 Thread 0x00007fb63000b800 DEOPT UNPACKING pc=0x00007fb62104573a sp=0x00007fb637e3e3b0 mode 2
Event: 3,831 Executing VM operation: ParallelGCFailedAllocation
Event: 4,024 Executing VM operation: ParallelGCFailedAllocation done
Event: 4,056 Executing VM operation: EnableBiasedLocking
Event: 4,056 Executing VM operation: EnableBiasedLocking done
Event: 4,206 Executing VM operation: ParallelGCFailedAllocation


Dynamic libraries:
00400000-00401000 r-xp 00000000 103:05 546730                            /usr/lib/jvm/java-8-openjdk-amd64/jre/bin/java
00600000-00601000 r--p 00000000 103:05 546730                            /usr/lib/jvm/java-8-openjdk-amd64/jre/bin/java
00601000-00602000 rw-p 00001000 103:05 546730                            /usr/lib/jvm/java-8-openjdk-amd64/jre/bin/java
01e82000-01ea3000 rw-p 00000000 00:00 0                                  [heap]
704400000-748e00000 rw-p 00000000 00:00 0 
765e80000-781700000 ---p 00000000 00:00 0 
781700000-7bab80000 rw-p 00000000 00:00 0 
7bab80000-7c0000000 ---p 00000000 00:00 0 
7c0000000-7c0140000 rw-p 00000000 00:00 0 
7c0140000-800000000 ---p 00000000 00:00 0 
7fb5d0000000-7fb5d0021000 rw-p 00000000 00:00 0 
7fb5d0021000-7fb5d4000000 ---p 00000000 00:00 0 
7fb5d8000000-7fb5d8021000 rw-p 00000000 00:00 0 
7fb5d8021000-7fb5dc000000 ---p 00000000 00:00 0 
7fb5dc000000-7fb5dc021000 rw-p 00000000 00:00 0 
7fb5dc021000-7fb5e0000000 ---p 00000000 00:00 0 
7fb5e0000000-7fb5e0021000 rw-p 00000000 00:00 0 
7fb5e0021000-7fb5e4000000 ---p 00000000 00:00 0 
7fb5e4000000-7fb5e4021000 rw-p 00000000 00:00 0 
7fb5e4021000-7fb5e8000000 ---p 00000000 00:00 0 
7fb5e8000000-7fb5e8535000 rw-p 00000000 00:00 0 
7fb5e8535000-7fb5ec000000 ---p 00000000 00:00 0 
7fb5ec000000-7fb5ec2fb000 rw-p 00000000 00:00 0 
7fb5ec2fb000-7fb5f0000000 ---p 00000000 00:00 0 
7fb5f0000000-7fb5f0021000 rw-p 00000000 00:00 0 
7fb5f0021000-7fb5f4000000 ---p 00000000 00:00 0 
7fb5f4000000-7fb5f43d8000 rw-p 00000000 00:00 0 
7fb5f43d8000-7fb5f8000000 ---p 00000000 00:00 0 
7fb5f8000000-7fb5f8021000 rw-p 00000000 00:00 0 
7fb5f8021000-7fb5fc000000 ---p 00000000 00:00 0 
7fb5fc000000-7fb5fc021000 rw-p 00000000 00:00 0 
7fb5fc021000-7fb600000000 ---p 00000000 00:00 0 
7fb600000000-7fb60029e000 rw-p 00000000 00:00 0 
7fb60029e000-7fb604000000 ---p 00000000 00:00 0 
7fb606220000-7fb60c000000 rw-p 00000000 00:00 0 
7fb60c000000-7fb60c021000 rw-p 00000000 00:00 0 
7fb60c021000-7fb610000000 ---p 00000000 00:00 0 
7fb610000000-7fb610021000 rw-p 00000000 00:00 0 
7fb610021000-7fb614000000 ---p 00000000 00:00 0 
7fb614000000-7fb614021000 rw-p 00000000 00:00 0 
7fb614021000-7fb618000000 ---p 00000000 00:00 0 
7fb61948b000-7fb6194cb000 rw-p 00000000 00:00 0 
7fb6194cb000-7fb61968b000 ---p 00000000 00:00 0 
7fb61968b000-7fb61968e000 ---p 00000000 00:00 0 
7fb61968e000-7fb61978c000 rw-p 00000000 00:00 0 
7fb61978c000-7fb61978f000 ---p 00000000 00:00 0 
7fb61978f000-7fb61988d000 rw-p 00000000 00:00 0 
7fb61988d000-7fb619890000 ---p 00000000 00:00 0 
7fb619890000-7fb61998e000 rw-p 00000000 00:00 0 
7fb61998e000-7fb619997000 r-xp 00000000 103:05 555124                    /usr/lib/jvm/java-8-openjdk-amd64/jre/lib/amd64/libmanagement.so
7fb619997000-7fb619b96000 ---p 00009000 103:05 555124                    /usr/lib/jvm/java-8-openjdk-amd64/jre/lib/amd64/libmanagement.so
7fb619b96000-7fb619b97000 r--p 00008000 103:05 555124                    /usr/lib/jvm/java-8-openjdk-amd64/jre/lib/amd64/libmanagement.so
7fb619b97000-7fb619b98000 rw-p 00009000 103:05 555124                    /usr/lib/jvm/java-8-openjdk-amd64/jre/lib/amd64/libmanagement.so
7fb619b98000-7fb619ba9000 r-xp 00000000 103:05 555129                    /usr/lib/jvm/java-8-openjdk-amd64/jre/lib/amd64/libnio.so
7fb619ba9000-7fb619da8000 ---p 00011000 103:05 555129                    /usr/lib/jvm/java-8-openjdk-amd64/jre/lib/amd64/libnio.so
7fb619da8000-7fb619da9000 r--p 00010000 103:05 555129                    /usr/lib/jvm/java-8-openjdk-amd64/jre/lib/amd64/libnio.so
7fb619da9000-7fb619daa000 rw-p 00011000 103:05 555129                    /usr/lib/jvm/java-8-openjdk-amd64/jre/lib/amd64/libnio.so
7fb619daa000-7fb619dc0000 r-xp 00000000 103:05 555128                    /usr/lib/jvm/java-8-openjdk-amd64/jre/lib/amd64/libnet.so
7fb619dc0000-7fb619fbf000 ---p 00016000 103:05 555128                    /usr/lib/jvm/java-8-openjdk-amd64/jre/lib/amd64/libnet.so
7fb619fbf000-7fb619fc0000 r--p 00015000 103:05 555128                    /usr/lib/jvm/java-8-openjdk-amd64/jre/lib/amd64/libnet.so
7fb619fc0000-7fb619fc1000 rw-p 00016000 103:05 555128                    /usr/lib/jvm/java-8-openjdk-amd64/jre/lib/amd64/libnet.so
7fb619fc1000-7fb619ffd000 r--s 0031b000 103:05 6960731                   /home/loubard/.m2/repository/io/netty/netty-all/4.1.5.Final/netty-all-4.1.5.Final.jar
7fb619ffd000-7fb61a00c000 r--s 00081000 103:05 6960730                   /home/loubard/.m2/repository/joda-time/joda-time/2.7/joda-time-2.7.jar
7fb61a00c000-7fb61a00d000 ---p 00000000 00:00 0 
7fb61a00d000-7fb61a10d000 rw-p 00000000 00:00 0 
7fb61a10d000-7fb61a110000 ---p 00000000 00:00 0 
7fb61a110000-7fb61a20e000 rw-p 00000000 00:00 0 
7fb61a20e000-7fb61a20f000 ---p 00000000 00:00 0 
7fb61a20f000-7fb61a212000 ---p 00000000 00:00 0 
7fb61a212000-7fb61a30f000 rw-p 00000000 00:00 0 
7fb61a30f000-7fb61a310000 ---p 00000000 00:00 0 
7fb61a310000-7fb61a313000 ---p 00000000 00:00 0 
7fb61a313000-7fb61a410000 rw-p 00000000 00:00 0 
7fb61a410000-7fb61a411000 ---p 00000000 00:00 0 
7fb61a411000-7fb61a414000 ---p 00000000 00:00 0 
7fb61a414000-7fb61a511000 rw-p 00000000 00:00 0 
7fb61a511000-7fb61a514000 ---p 00000000 00:00 0 
7fb61a514000-7fb61a612000 rw-p 00000000 00:00 0 
7fb61a612000-7fb61a8f1000 r--p 00000000 103:05 6429000                   /usr/lib/locale/locale-archive
7fb61a8f1000-7fb61a8f4000 ---p 00000000 00:00 0 
7fb61a8f4000-7fb61a9f2000 rw-p 00000000 00:00 0 
7fb61a9f2000-7fb61a9f5000 ---p 00000000 00:00 0 
7fb61a9f5000-7fb61aaf3000 rw-p 00000000 00:00 0 
7fb61aaf3000-7fb61aaf4000 ---p 00000000 00:00 0 
7fb61aaf4000-7fb61c000000 rw-p 00000000 00:00 0 
7fb61c000000-7fb61c021000 rw-p 00000000 00:00 0 
7fb61c021000-7fb620000000 ---p 00000000 00:00 0 
7fb620002000-7fb620026000 r--s 0020e000 103:05 6960725                   /home/loubard/.m2/repository/com/basho/riak/riak-client/2.1.1/riak-client-2.1.1.jar
7fb620026000-7fb6203ce000 rw-p 00000000 00:00 0 
7fb6203ce000-7fb6205a8000 r--s 03d8c000 103:05 558117                    /usr/lib/jvm/java-8-openjdk-amd64/jre/lib/rt.jar
7fb6205a8000-7fb620bfc000 rw-p 00000000 00:00 0 
7fb620bfc000-7fb620bfd000 ---p 00000000 00:00 0 
7fb620bfd000-7fb620cfd000 rw-p 00000000 00:00 0 
7fb620cfd000-7fb620cfe000 ---p 00000000 00:00 0 
7fb620cfe000-7fb620dfe000 rw-p 00000000 00:00 0 
7fb620dfe000-7fb620dff000 ---p 00000000 00:00 0 
7fb620dff000-7fb620eff000 rw-p 00000000 00:00 0 
7fb620eff000-7fb620f00000 ---p 00000000 00:00 0 
7fb620f00000-7fb621000000 rw-p 00000000 00:00 0 
7fb621000000-7fb621360000 rwxp 00000000 00:00 0 
7fb621360000-7fb630000000 ---p 00000000 00:00 0 
7fb630000000-7fb6304a9000 rw-p 00000000 00:00 0 
7fb6304a9000-7fb634000000 ---p 00000000 00:00 0 
7fb63400e000-7fb634283000 rw-p 00000000 00:00 0 
7fb634283000-7fb634448000 ---p 00000000 00:00 0 
7fb634448000-7fb63466d000 rw-p 00000000 00:00 0 
7fb63466d000-7fb634831000 ---p 00000000 00:00 0 
7fb634831000-7fb6349fc000 rw-p 00000000 00:00 0 
7fb6349fc000-7fb634a26000 ---p 00000000 00:00 0 
7fb634a26000-7fb634a35000 rw-p 00000000 00:00 0 
7fb634a35000-7fb634de7000 ---p 00000000 00:00 0 
7fb634de7000-7fb634e02000 r-xp 00000000 103:05 555175                    /usr/lib/jvm/java-8-openjdk-amd64/jre/lib/amd64/libzip.so
7fb634e02000-7fb635001000 ---p 0001b000 103:05 555175                    /usr/lib/jvm/java-8-openjdk-amd64/jre/lib/amd64/libzip.so
7fb635001000-7fb635002000 r--p 0001a000 103:05 555175                    /usr/lib/jvm/java-8-openjdk-amd64/jre/lib/amd64/libzip.so
7fb635002000-7fb635003000 rw-p 0001b000 103:05 555175                    /usr/lib/jvm/java-8-openjdk-amd64/jre/lib/amd64/libzip.so
7fb635003000-7fb63500e000 r-xp 00000000 103:05 398387                    /lib/x86_64-linux-gnu/libnss_files-2.27.so
7fb63500e000-7fb63520d000 ---p 0000b000 103:05 398387                    /lib/x86_64-linux-gnu/libnss_files-2.27.so
7fb63520d000-7fb63520e000 r--p 0000a000 103:05 398387                    /lib/x86_64-linux-gnu/libnss_files-2.27.so
7fb63520e000-7fb63520f000 rw-p 0000b000 103:05 398387                    /lib/x86_64-linux-gnu/libnss_files-2.27.so
7fb63520f000-7fb635215000 rw-p 00000000 00:00 0 
7fb635215000-7fb63522c000 r-xp 00000000 103:05 398381                    /lib/x86_64-linux-gnu/libnsl-2.27.so
7fb63522c000-7fb63542b000 ---p 00017000 103:05 398381                    /lib/x86_64-linux-gnu/libnsl-2.27.so
7fb63542b000-7fb63542c000 r--p 00016000 103:05 398381                    /lib/x86_64-linux-gnu/libnsl-2.27.so
7fb63542c000-7fb63542d000 rw-p 00017000 103:05 398381                    /lib/x86_64-linux-gnu/libnsl-2.27.so
7fb63542d000-7fb63542f000 rw-p 00000000 00:00 0 
7fb63542f000-7fb63543a000 r-xp 00000000 103:05 398398                    /lib/x86_64-linux-gnu/libnss_nis-2.27.so
7fb63543a000-7fb635639000 ---p 0000b000 103:05 398398                    /lib/x86_64-linux-gnu/libnss_nis-2.27.so
7fb635639000-7fb63563a000 r--p 0000a000 103:05 398398                    /lib/x86_64-linux-gnu/libnss_nis-2.27.so
7fb63563a000-7fb63563b000 rw-p 0000b000 103:05 398398                    /lib/x86_64-linux-gnu/libnss_nis-2.27.so
7fb63563b000-7fb635643000 r-xp 00000000 103:05 398383                    /lib/x86_64-linux-gnu/libnss_compat-2.27.so
7fb635643000-7fb635843000 ---p 00008000 103:05 398383                    /lib/x86_64-linux-gnu/libnss_compat-2.27.so
7fb635843000-7fb635844000 r--p 00008000 103:05 398383                    /lib/x86_64-linux-gnu/libnss_compat-2.27.so
7fb635844000-7fb635845000 rw-p 00009000 103:05 398383                    /lib/x86_64-linux-gnu/libnss_compat-2.27.so
7fb635845000-7fb635871000 r-xp 00000000 103:05 555065                    /usr/lib/jvm/java-8-openjdk-amd64/jre/lib/amd64/libjava.so
7fb635871000-7fb635a71000 ---p 0002c000 103:05 555065                    /usr/lib/jvm/java-8-openjdk-amd64/jre/lib/amd64/libjava.so
7fb635a71000-7fb635a72000 r--p 0002c000 103:05 555065                    /usr/lib/jvm/java-8-openjdk-amd64/jre/lib/amd64/libjava.so
7fb635a72000-7fb635a74000 rw-p 0002d000 103:05 555065                    /usr/lib/jvm/java-8-openjdk-amd64/jre/lib/amd64/libjava.so
7fb635a74000-7fb635a81000 r-xp 00000000 103:05 555174                    /usr/lib/jvm/java-8-openjdk-amd64/jre/lib/amd64/libverify.so
7fb635a81000-7fb635c80000 ---p 0000d000 103:05 555174                    /usr/lib/jvm/java-8-openjdk-amd64/jre/lib/amd64/libverify.so
7fb635c80000-7fb635c82000 r--p 0000c000 103:05 555174                    /usr/lib/jvm/java-8-openjdk-amd64/jre/lib/amd64/libverify.so
7fb635c82000-7fb635c83000 rw-p 0000e000 103:05 555174                    /usr/lib/jvm/java-8-openjdk-amd64/jre/lib/amd64/libverify.so
7fb635c83000-7fb635c8a000 r-xp 00000000 103:05 398438                    /lib/x86_64-linux-gnu/librt-2.27.so
7fb635c8a000-7fb635e89000 ---p 00007000 103:05 398438                    /lib/x86_64-linux-gnu/librt-2.27.so
7fb635e89000-7fb635e8a000 r--p 00006000 103:05 398438                    /lib/x86_64-linux-gnu/librt-2.27.so
7fb635e8a000-7fb635e8b000 rw-p 00007000 103:05 398438                    /lib/x86_64-linux-gnu/librt-2.27.so
7fb635e8b000-7fb636028000 r-xp 00000000 103:05 398360                    /lib/x86_64-linux-gnu/libm-2.27.so
7fb636028000-7fb636227000 ---p 0019d000 103:05 398360                    /lib/x86_64-linux-gnu/libm-2.27.so
7fb636227000-7fb636228000 r--p 0019c000 103:05 398360                    /lib/x86_64-linux-gnu/libm-2.27.so
7fb636228000-7fb636229000 rw-p 0019d000 103:05 398360                    /lib/x86_64-linux-gnu/libm-2.27.so
7fb636229000-7fb636f18000 r-xp 00000000 103:05 555178                    /usr/lib/jvm/java-8-openjdk-amd64/jre/lib/amd64/server/libjvm.so
7fb636f18000-7fb637117000 ---p 00cef000 103:05 555178                    /usr/lib/jvm/java-8-openjdk-amd64/jre/lib/amd64/server/libjvm.so
7fb637117000-7fb6371ad000 r--p 00cee000 103:05 555178                    /usr/lib/jvm/java-8-openjdk-amd64/jre/lib/amd64/server/libjvm.so
7fb6371ad000-7fb6371de000 rw-p 00d84000 103:05 555178                    /usr/lib/jvm/java-8-openjdk-amd64/jre/lib/amd64/server/libjvm.so
7fb6371de000-7fb637219000 rw-p 00000000 00:00 0 
7fb637219000-7fb637400000 r-xp 00000000 103:05 398297                    /lib/x86_64-linux-gnu/libc-2.27.so
7fb637400000-7fb637600000 ---p 001e7000 103:05 398297                    /lib/x86_64-linux-gnu/libc-2.27.so
7fb637600000-7fb637604000 r--p 001e7000 103:05 398297                    /lib/x86_64-linux-gnu/libc-2.27.so
7fb637604000-7fb637606000 rw-p 001eb000 103:05 398297                    /lib/x86_64-linux-gnu/libc-2.27.so
7fb637606000-7fb63760a000 rw-p 00000000 00:00 0 
7fb63760a000-7fb63760d000 r-xp 00000000 103:05 398320                    /lib/x86_64-linux-gnu/libdl-2.27.so
7fb63760d000-7fb63780c000 ---p 00003000 103:05 398320                    /lib/x86_64-linux-gnu/libdl-2.27.so
7fb63780c000-7fb63780d000 r--p 00002000 103:05 398320                    /lib/x86_64-linux-gnu/libdl-2.27.so
7fb63780d000-7fb63780e000 rw-p 00003000 103:05 398320                    /lib/x86_64-linux-gnu/libdl-2.27.so
7fb63780e000-7fb637825000 r-xp 00000000 103:05 553800                    /usr/lib/jvm/java-8-openjdk-amd64/jre/lib/amd64/jli/libjli.so
7fb637825000-7fb637a24000 ---p 00017000 103:05 553800                    /usr/lib/jvm/java-8-openjdk-amd64/jre/lib/amd64/jli/libjli.so
7fb637a24000-7fb637a25000 r--p 00016000 103:05 553800                    /usr/lib/jvm/java-8-openjdk-amd64/jre/lib/amd64/jli/libjli.so
7fb637a25000-7fb637a26000 rw-p 00017000 103:05 553800                    /usr/lib/jvm/java-8-openjdk-amd64/jre/lib/amd64/jli/libjli.so
7fb637a26000-7fb637a40000 r-xp 00000000 103:05 398430                    /lib/x86_64-linux-gnu/libpthread-2.27.so
7fb637a40000-7fb637c3f000 ---p 0001a000 103:05 398430                    /lib/x86_64-linux-gnu/libpthread-2.27.so
7fb637c3f000-7fb637c40000 r--p 00019000 103:05 398430                    /lib/x86_64-linux-gnu/libpthread-2.27.so
7fb637c40000-7fb637c41000 rw-p 0001a000 103:05 398430                    /lib/x86_64-linux-gnu/libpthread-2.27.so
7fb637c41000-7fb637c45000 rw-p 00000000 00:00 0 
7fb637c45000-7fb637c6c000 r-xp 00000000 103:05 398269                    /lib/x86_64-linux-gnu/ld-2.27.so
7fb637c74000-7fb637c77000 r--s 0001a000 103:05 6960733                   /home/loubard/.m2/repository/org/erlang/otp/jinterface/1.6.1/jinterface-1.6.1.jar
7fb637c77000-7fb637c7a000 r--s 0000e000 103:05 6960723                   /home/loubard/.m2/repository/com/fasterxml/jackson/datatype/jackson-datatype-joda/2.8.0/jackson-datatype-joda-2.8.0.jar
7fb637c7a000-7fb637c7e000 r--s 00041000 103:05 6960726                   /home/loubard/.m2/repository/com/fasterxml/jackson/core/jackson-core/2.8.0/jackson-core-2.8.0.jar
7fb637c7e000-7fb637c81000 r--s 0000b000 103:05 6960724                   /home/loubard/.m2/repository/com/fasterxml/jackson/core/jackson-annotations/2.8.0/jackson-annotations-2.8.0.jar
7fb637c81000-7fb637d3f000 rw-p 00000000 00:00 0 
7fb637d3f000-7fb637d40000 ---p 00000000 00:00 0 
7fb637d40000-7fb637d43000 ---p 00000000 00:00 0 
7fb637d43000-7fb637e44000 rw-p 00000000 00:00 0 
7fb637e44000-7fb637e56000 r--s 0011b000 103:05 6960727                   /home/loubard/.m2/repository/com/fasterxml/jackson/core/jackson-databind/2.8.0/jackson-databind-2.8.0.jar
7fb637e56000-7fb637e58000 r--s 00009000 103:05 6960721                   /home/loubard/.m2/repository/org/slf4j/slf4j-api/1.7.21/slf4j-api-1.7.21.jar
7fb637e58000-7fb637e5b000 r--s 0000f000 103:05 557164                    /usr/lib/jvm/java-8-openjdk-amd64/jre/lib/ext/icedtea-sound.jar
7fb637e5b000-7fb637e5d000 r--s 00007000 103:05 6953966                   /usr/share/java/java-atk-wrapper.jar
7fb637e5d000-7fb637e65000 rw-s 00000000 103:05 4587927                   /tmp/hsperfdata_loubard/8224
7fb637e65000-7fb637e66000 rw-p 00000000 00:00 0 
7fb637e66000-7fb637e67000 ---p 00000000 00:00 0 
7fb637e67000-7fb637e6a000 r--p 00000000 00:00 0                          [vvar]
7fb637e6a000-7fb637e6c000 r-xp 00000000 00:00 0                          [vdso]
7fb637e6c000-7fb637e6d000 r--p 00027000 103:05 398269                    /lib/x86_64-linux-gnu/ld-2.27.so
7fb637e6d000-7fb637e6e000 rw-p 00028000 103:05 398269                    /lib/x86_64-linux-gnu/ld-2.27.so
7fb637e6e000-7fb637e6f000 rw-p 00000000 00:00 0 
7fffe67da000-7fffe67fc000 rw-p 00000000 00:00 0                          [stack]
ffffffffff600000-ffffffffff601000 r-xp 00000000 00:00 0                  [vsyscall]

VM Arguments:
jvm_args: -Dfile.encoding=UTF-8 
java_command: src.main.java.setup.TasteOfRiak
java_class_path (initial): /home/loubard/eclipse-workspace/BigTable/target/classes:/home/loubard/.m2/repository/com/basho/riak/riak-client/2.1.1/riak-client-2.1.1.jar:/home/loubard/.m2/repository/org/slf4j/slf4j-api/1.7.21/slf4j-api-1.7.21.jar:/home/loubard/.m2/repository/com/fasterxml/jackson/core/jackson-databind/2.8.0/jackson-databind-2.8.0.jar:/home/loubard/.m2/repository/com/fasterxml/jackson/core/jackson-annotations/2.8.0/jackson-annotations-2.8.0.jar:/home/loubard/.m2/repository/com/fasterxml/jackson/core/jackson-core/2.8.0/jackson-core-2.8.0.jar:/home/loubard/.m2/repository/com/fasterxml/jackson/datatype/jackson-datatype-joda/2.8.0/jackson-datatype-joda-2.8.0.jar:/home/loubard/.m2/repository/joda-time/joda-time/2.7/joda-time-2.7.jar:/home/loubard/.m2/repository/io/netty/netty-all/4.1.5.Final/netty-all-4.1.5.Final.jar:/home/loubard/.m2/repository/org/erlang/otp/jinterface/1.6.1/jinterface-1.6.1.jar
Launcher Type: SUN_STANDARD

Environment Variables:
JAVA_HOME=/usr/lib/jvm/java-8-openjdk-amd64
JRE_HOME=/usr/lib/jvm/java-8-openjdk-amd64/jre
PATH=/home/loubard/anaconda3/bin:/home/loubard/.local/bin:/usr/local/sbin:/usr/local/bin:/usr/sbin:/usr/bin:/sbin:/bin:/usr/games:/usr/local/games:/media/loubard/5C24C3855A6481A3/linux_games/retro:/home/loubard/eclipse/java-2020-037/eclipse
SHELL=/bin/bash
DISPLAY=:0

Signal Handlers:
SIGSEGV: [libjvm.so+0xad9960], sa_mask[0]=11111111011111111101111111111110, sa_flags=SA_RESTART|SA_SIGINFO
SIGBUS: [libjvm.so+0xad9960], sa_mask[0]=11111111011111111101111111111110, sa_flags=SA_RESTART|SA_SIGINFO
SIGFPE: [libjvm.so+0x90d4a0], sa_mask[0]=11111111011111111101111111111110, sa_flags=SA_RESTART|SA_SIGINFO
SIGPIPE: [libjvm.so+0x90d4a0], sa_mask[0]=11111111011111111101111111111110, sa_flags=SA_RESTART|SA_SIGINFO
SIGXFSZ: [libjvm.so+0x90d4a0], sa_mask[0]=11111111011111111101111111111110, sa_flags=SA_RESTART|SA_SIGINFO
SIGILL: [libjvm.so+0x90d4a0], sa_mask[0]=11111111011111111101111111111110, sa_flags=SA_RESTART|SA_SIGINFO
SIGUSR1: SIG_DFL, sa_mask[0]=00000000000000000000000000000000, sa_flags=none
SIGUSR2: [libjvm.so+0x90d370], sa_mask[0]=00100000000000000000000000000000, sa_flags=SA_RESTART|SA_SIGINFO
SIGHUP: [libjvm.so+0x90d990], sa_mask[0]=11111111011111111101111111111110, sa_flags=SA_RESTART|SA_SIGINFO
SIGINT: [libjvm.so+0x90d990], sa_mask[0]=11111111011111111101111111111110, sa_flags=SA_RESTART|SA_SIGINFO
SIGTERM: [libjvm.so+0x90d990], sa_mask[0]=11111111011111111101111111111110, sa_flags=SA_RESTART|SA_SIGINFO
SIGQUIT: [libjvm.so+0x90d990], sa_mask[0]=11111111011111111101111111111110, sa_flags=SA_RESTART|SA_SIGINFO


---------------  S Y S T E M  ---------------

OS:DISTRIB_ID=LinuxMint
DISTRIB_RELEASE=19.2
DISTRIB_CODENAME=tina
DISTRIB_DESCRIPTION="Linux Mint 19.2 Tina"

uname:Linux 4.15.0-54-generic #58-Ubuntu SMP Mon Jun 24 10:55:24 UTC 2019 x86_64
libc:glibc 2.27 NPTL 2.27 
rlimit: STACK 8192k, CORE 0k, NPROC 47328, NOFILE 4096, AS infinity
load average:0,54 0,92 0,82

/proc/meminfo:
MemTotal:       12300544 kB
MemFree:          135008 kB
MemAvailable:      32060 kB
Buffers:            1380 kB
Cached:           126240 kB
SwapCached:        50104 kB
Active:         10713800 kB
Inactive:        1094800 kB
Active(anon):   10691292 kB
Inactive(anon):  1068972 kB
Active(file):      22508 kB
Inactive(file):    25828 kB
Unevictable:          96 kB
Mlocked:              96 kB
SwapTotal:       2097148 kB
SwapFree:         333308 kB
Dirty:                64 kB
Writeback:             0 kB
AnonPages:      11633904 kB
Mapped:           172372 kB
Shmem:             79020 kB
Slab:             110692 kB
SReclaimable:      47760 kB
SUnreclaim:        62932 kB
KernelStack:       16400 kB
PageTables:        74304 kB
NFS_Unstable:          0 kB
Bounce:                0 kB
WritebackTmp:          0 kB
CommitLimit:     8247420 kB
Committed_AS:   21051960 kB
VmallocTotal:   34359738367 kB
VmallocUsed:           0 kB
VmallocChunk:          0 kB
HardwareCorrupted:     0 kB
AnonHugePages:         0 kB
ShmemHugePages:        0 kB
ShmemPmdMapped:        0 kB
CmaTotal:              0 kB
CmaFree:               0 kB
HugePages_Total:       0
HugePages_Free:        0
HugePages_Rsvd:        0
HugePages_Surp:        0
Hugepagesize:       2048 kB
DirectMap4k:      308644 kB
DirectMap2M:     9070592 kB
DirectMap1G:     4194304 kB

container (cgroup) information:
container_type: cgroupv1
cpu_cpuset_cpus: 0-3
cpu_memory_nodes: 0
active_processor_count: 4
cpu_quota: -1
cpu_period: 100000
cpu_shares: -1
memory_limit_in_bytes: -1
memory_and_swap_limit_in_bytes: -2
memory_soft_limit_in_bytes: -1
memory_usage_in_bytes: 12058877952
memory_max_usage_in_bytes: 0


CPU:total 4 (initial active 4) (4 cores per cpu, 1 threads per core) family 23 model 17 stepping 0, cmov, cx8, fxsr, mmx, sse, sse2, sse3, ssse3, sse4.1, sse4.2, popcnt, avx, avx2, aes, clmul, mmxext, 3dnowpref, lzcnt, sse4a, tsc, tscinvbit, tscinv, bmi1

/proc/cpuinfo:
processor	: 0
vendor_id	: AuthenticAMD
cpu family	: 23
model		: 17
model name	: AMD Ryzen 3 2200G with Radeon Vega Graphics
stepping	: 0
microcode	: 0x810100b
cpu MHz		: 1554.712
cache size	: 512 KB
physical id	: 0
siblings	: 4
core id		: 0
cpu cores	: 4
apicid		: 0
initial apicid	: 0
fpu		: yes
fpu_exception	: yes
cpuid level	: 13
wp		: yes
flags		: fpu vme de pse tsc msr pae mce cx8 apic sep mtrr pge mca cmov pat pse36 clflush mmx fxsr sse sse2 ht syscall nx mmxext fxsr_opt pdpe1gb rdtscp lm constant_tsc rep_good nopl nonstop_tsc cpuid extd_apicid aperfmperf pni pclmulqdq monitor ssse3 fma cx16 sse4_1 sse4_2 movbe popcnt aes xsave avx f16c rdrand lahf_lm cmp_legacy svm extapic cr8_legacy abm sse4a misalignsse 3dnowprefetch osvw skinit wdt tce topoext perfctr_core perfctr_nb bpext perfctr_llc mwaitx hw_pstate sme ssbd ibpb vmmcall fsgsbase bmi1 avx2 smep bmi2 rdseed adx smap clflushopt sha_ni xsaveopt xsavec xgetbv1 xsaves clzero irperf xsaveerptr arat npt lbrv svm_lock nrip_save tsc_scale vmcb_clean flushbyasid decodeassists pausefilter pfthreshold avic v_vmsave_vmload vgif overflow_recov succor smca
bugs		: sysret_ss_attrs null_seg spectre_v1 spectre_v2 spec_store_bypass
bogomips	: 7000.29
TLB size	: 2560 4K pages
clflush size	: 64
cache_alignment	: 64
address sizes	: 43 bits physical, 48 bits virtual
power management: ts ttp tm hwpstate eff_freq_ro [13] [14]

processor	: 1
vendor_id	: AuthenticAMD
cpu family	: 23
model		: 17
model name	: AMD Ryzen 3 2200G with Radeon Vega Graphics
stepping	: 0
microcode	: 0x810100b
cpu MHz		: 1752.985
cache size	: 512 KB
physical id	: 0
siblings	: 4
core id		: 1
cpu cores	: 4
apicid		: 1
initial apicid	: 1
fpu		: yes
fpu_exception	: yes
cpuid level	: 13
wp		: yes
flags		: fpu vme de pse tsc msr pae mce cx8 apic sep mtrr pge mca cmov pat pse36 clflush mmx fxsr sse sse2 ht syscall nx mmxext fxsr_opt pdpe1gb rdtscp lm constant_tsc rep_good nopl nonstop_tsc cpuid extd_apicid aperfmperf pni pclmulqdq monitor ssse3 fma cx16 sse4_1 sse4_2 movbe popcnt aes xsave avx f16c rdrand lahf_lm cmp_legacy svm extapic cr8_legacy abm sse4a misalignsse 3dnowprefetch osvw skinit wdt tce topoext perfctr_core perfctr_nb bpext perfctr_llc mwaitx hw_pstate sme ssbd ibpb vmmcall fsgsbase bmi1 avx2 smep bmi2 rdseed adx smap clflushopt sha_ni xsaveopt xsavec xgetbv1 xsaves clzero irperf xsaveerptr arat npt lbrv svm_lock nrip_save tsc_scale vmcb_clean flushbyasid decodeassists pausefilter pfthreshold avic v_vmsave_vmload vgif overflow_recov succor smca
bugs		: sysret_ss_attrs null_seg spectre_v1 spectre_v2 spec_store_bypass
bogomips	: 7000.29
TLB size	: 2560 4K pages
clflush size	: 64
cache_alignment	: 64
address sizes	: 43 bits physical, 48 bits virtual
power management: ts ttp tm hwpstate eff_freq_ro [13] [14]

processor	: 2
vendor_id	: AuthenticAMD
cpu family	: 23
model		: 17
model name	: AMD Ryzen 3 2200G with Radeon Vega Graphics
stepping	: 0
microcode	: 0x810100b
cpu MHz		: 1588.703
cache size	: 512 KB
physical id	: 0
siblings	: 4
core id		: 2
cpu cores	: 4
apicid		: 2
initial apicid	: 2
fpu		: yes
fpu_exception	: yes
cpuid level	: 13
wp		: yes
flags		: fpu vme de pse tsc msr pae mce cx8 apic sep mtrr pge mca cmov pat pse36 clflush mmx fxsr sse sse2 ht syscall nx mmxext fxsr_opt pdpe1gb rdtscp lm constant_tsc rep_good nopl nonstop_tsc cpuid extd_apicid aperfmperf pni pclmulqdq monitor ssse3 fma cx16 sse4_1 sse4_2 movbe popcnt aes xsave avx f16c rdrand lahf_lm cmp_legacy svm extapic cr8_legacy abm sse4a misalignsse 3dnowprefetch osvw skinit wdt tce topoext perfctr_core perfctr_nb bpext perfctr_llc mwaitx hw_pstate sme ssbd ibpb vmmcall fsgsbase bmi1 avx2 smep bmi2 rdseed adx smap clflushopt sha_ni xsaveopt xsavec xgetbv1 xsaves clzero irperf xsaveerptr arat npt lbrv svm_lock nrip_save tsc_scale vmcb_clean flushbyasid decodeassists pausefilter pfthreshold avic v_vmsave_vmload vgif overflow_recov succor smca
bugs		: sysret_ss_attrs null_seg spectre_v1 spectre_v2 spec_store_bypass
bogomips	: 7000.29
TLB size	: 2560 4K pages
clflush size	: 64
cache_alignment	: 64
address sizes	: 43 bits physical, 48 bits virtual
power management: ts ttp tm hwpstate eff_freq_ro [13] [14]

processor	: 3
vendor_id	: AuthenticAMD
cpu family	: 23
model		: 17
model name	: AMD Ryzen 3 2200G with Radeon Vega Graphics
stepping	: 0
microcode	: 0x810100b
cpu MHz		: 1712.647
cache size	: 512 KB
physical id	: 0
siblings	: 4
core id		: 3
cpu cores	: 4
apicid		: 3
initial apicid	: 3
fpu		: yes
fpu_exception	: yes
cpuid level	: 13
wp		: yes
flags		: fpu vme de pse tsc msr pae mce cx8 apic sep mtrr pge mca cmov pat pse36 clflush mmx fxsr sse sse2 ht syscall nx mmxext fxsr_opt pdpe1gb rdtscp lm constant_tsc rep_good nopl nonstop_tsc cpuid extd_apicid aperfmperf pni pclmulqdq monitor ssse3 fma cx16 sse4_1 sse4_2 movbe popcnt aes xsave avx f16c rdrand lahf_lm cmp_legacy svm extapic cr8_legacy abm sse4a misalignsse 3dnowprefetch osvw skinit wdt tce topoext perfctr_core perfctr_nb bpext perfctr_llc mwaitx hw_pstate sme ssbd ibpb vmmcall fsgsbase bmi1 avx2 smep bmi2 rdseed adx smap clflushopt sha_ni xsaveopt xsavec xgetbv1 xsaves clzero irperf xsaveerptr arat npt lbrv svm_lock nrip_save tsc_scale vmcb_clean flushbyasid decodeassists pausefilter pfthreshold avic v_vmsave_vmload vgif overflow_recov succor smca
bugs		: sysret_ss_attrs null_seg spectre_v1 spectre_v2 spec_store_bypass
bogomips	: 7000.29
TLB size	: 2560 4K pages
clflush size	: 64
cache_alignment	: 64
address sizes	: 43 bits physical, 48 bits virtual
power management: ts ttp tm hwpstate eff_freq_ro [13] [14]



Memory: 4k page, physical 12300544k(135008k free), swap 2097148k(333308k free)

vm_info: Java HotSpot(TM) 64-Bit Server VM (25.241-b07) for linux-amd64 JRE (1.8.0_241-b07), built on Dec 11 2019 02:22:16 by "java_re" with gcc 7.3.0

time: Mon Apr  6 12:27:39 2020
timezone: CEST
elapsed time: 5 seconds (0d 0h 0m 5s)

