#
# There is insufficient memory for the Java Runtime Environment to continue.
# Native memory allocation (mmap) failed to map 499122176 bytes for committing reserved memory.
# Possible reasons:
#   The system is out of physical RAM or swap space
#   The process is running with CompressedOops enabled, and the Java Heap may be blocking the growth of the native heap
# Possible solutions:
#   Reduce memory load on the system
#   Increase physical memory or swap space
#   Check if swap backing store is full
#   Decrease Java heap size (-Xmx/-Xms)
#   Decrease number of Java threads
#   Decrease Java thread stack sizes (-Xss)
#   Set larger code cache with -XX:ReservedCodeCacheSize=
#   JVM is running with Zero Based Compressed Oops mode in which the Java heap is
#     placed in the first 32GB address space. The Java Heap base address is the
#     maximum limit for the native heap growth. Please use -XX:HeapBaseMinAddress
#     to set the Java Heap base and to place the Java Heap above 32GB virtual address.
# This output file may be truncated or incomplete.
#
#  Out of Memory Error (os_linux.cpp:2749), pid=8281, tid=0x00007feac71d0700
#
# JRE version: Java(TM) SE Runtime Environment (8.0_241-b07) (build 1.8.0_241-b07)
# Java VM: Java HotSpot(TM) 64-Bit Server VM (25.241-b07 mixed mode linux-amd64 compressed oops)
# Failed to write core dump. Core dumps have been disabled. To enable core dumping, try "ulimit -c unlimited" before starting Java again
#

---------------  T H R E A D  ---------------

Current thread (0x00007feadc07a000):  VMThread [stack: 0x00007feac70d1000,0x00007feac71d1000] [id=8295]

Stack: [0x00007feac70d1000,0x00007feac71d1000],  sp=0x00007feac71cf3d0,  free space=1016k
Native frames: (J=compiled Java code, j=interpreted, Vv=VM code, C=native code)
V  [libjvm.so+0xad9025]  VMError::report_and_die()+0x2e5
V  [libjvm.so+0x4e1457]  report_vm_out_of_memory(char const*, int, unsigned long, VMErrorType, char const*)+0x67
V  [libjvm.so+0x911f10]  os::pd_commit_memory(char*, unsigned long, unsigned long, bool)+0x100
V  [libjvm.so+0x90953f]  os::commit_memory(char*, unsigned long, unsigned long, bool)+0x1f
V  [libjvm.so+0x98e346]  PSVirtualSpace::expand_by(unsigned long)+0x56
V  [libjvm.so+0x97d61b]  PSOldGen::expand_by(unsigned long) [clone .part.28]+0x1b
V  [libjvm.so+0x97d7d8]  PSOldGen::expand(unsigned long) [clone .part.29]+0xa8
V  [libjvm.so+0x97e381]  PSOldGen::resize(unsigned long)+0xe1
V  [libjvm.so+0x9844bc]  PSParallelCompact::invoke_no_policy(bool) [clone .part.118]+0xa2c
V  [libjvm.so+0x98c2d5]  PSScavenge::invoke()+0x215
V  [libjvm.so+0x93be58]  ParallelScavengeHeap::failed_mem_allocate(unsigned long)+0x68
V  [libjvm.so+0xadab73]  VM_ParallelGCFailedAllocation::doit()+0x93
V  [libjvm.so+0xadfdc6]  VM_Operation::evaluate()+0x46
V  [libjvm.so+0xade0fd]  VMThread::evaluate_operation(VM_Operation*) [clone .constprop.44]+0xcd
V  [libjvm.so+0xade6e3]  VMThread::loop()+0x3a3
V  [libjvm.so+0xadeab8]  VMThread::run()+0x78
V  [libjvm.so+0x90f542]  java_start(Thread*)+0x102

VM_Operation (0x00007feae440a480): ParallelGCFailedAllocation, mode: safepoint, requested by thread 0x00007feadc00b800


---------------  P R O C E S S  ---------------

Java Threads: ( => current thread )
  0x00007feadc3a3800 JavaThread "pool-1-thread-2" [_thread_blocked, id=8306, stack(0x00007feac5c53000,0x00007feac5d54000)]
  0x00007feadc3a1000 JavaThread "pool-1-thread-1" [_thread_blocked, id=8305, stack(0x00007feac5d54000,0x00007feac5e55000)]
  0x00007feadc39f000 JavaThread "nioEventLoopGroup-2-1" [_thread_blocked, id=8304, stack(0x00007feac5e55000,0x00007feac5f56000)]
  0x00007feadc0cd800 JavaThread "Service Thread" daemon [_thread_blocked, id=8302, stack(0x00007feac66ea000,0x00007feac67eb000)]
  0x00007feadc0c0800 JavaThread "C1 CompilerThread2" daemon [_thread_blocked, id=8301, stack(0x00007feac67ec000,0x00007feac68ec000)]
  0x00007feadc0be800 JavaThread "C2 CompilerThread1" daemon [_thread_blocked, id=8300, stack(0x00007feac68ed000,0x00007feac69ed000)]
  0x00007feadc0bc000 JavaThread "C2 CompilerThread0" daemon [_thread_blocked, id=8299, stack(0x00007feac69ee000,0x00007feac6aee000)]
  0x00007feadc0ba800 JavaThread "Signal Dispatcher" daemon [_thread_blocked, id=8298, stack(0x00007feac6aee000,0x00007feac6bef000)]
  0x00007feadc088000 JavaThread "Finalizer" daemon [_thread_blocked, id=8297, stack(0x00007feac6ece000,0x00007feac6fcf000)]
  0x00007feadc083800 JavaThread "Reference Handler" daemon [_thread_blocked, id=8296, stack(0x00007feac6fcf000,0x00007feac70d0000)]
  0x00007feadc00b800 JavaThread "main" [_thread_blocked, id=8289, stack(0x00007feae430c000,0x00007feae440c000)]

Other Threads:
=>0x00007feadc07a000 VMThread [stack: 0x00007feac70d1000,0x00007feac71d1000] [id=8295]
  0x00007feadc0d0800 WatcherThread [stack: 0x00007feac65ea000,0x00007feac66ea000] [id=8303]

VM state:at safepoint (normal execution)

VM Mutex/Monitor currently owned by a thread:  ([mutex/lock_event])
[0x00007feadc007b50] ExpandHeap_lock - owner thread: 0x00007feadc07a000
[0x00007feadc0081d0] Threads_lock - owner thread: 0x00007feadc07a000
[0x00007feadc0086d0] Heap_lock - owner thread: 0x00007feadc00b800

heap address: 0x0000000704400000, size: 3004 MB, Compressed Oops mode: Zero based, Oop shift amount: 3
Narrow klass base: 0x0000000000000000, Narrow klass shift: 3
Compressed class space size: 1073741824 Address: 0x00000007c0000000

Heap:
 PSYoungGen      total 548352K, used 252587K [0x0000000781700000, 0x00000007bba00000, 0x00000007c0000000)
  eden space 206848K, 0% used [0x0000000781700000,0x0000000781700000,0x000000078e100000)
  from space 341504K, 73% used [0x000000078e100000,0x000000079d7aafd0,0x00000007a2e80000)
  to   space 341504K, 0% used [0x00000007a6c80000,0x00000007a6c80000,0x00000007bba00000)
 ParOldGen       total 1116160K, used 1116044K [0x0000000704400000, 0x0000000748600000, 0x0000000781700000)
  object space 1116160K, 99% used [0x0000000704400000,0x00000007485e32f8,0x0000000748600000)
 Metaspace       used 9255K, capacity 9402K, committed 9728K, reserved 1058816K
  class space    used 1096K, capacity 1177K, committed 1280K, reserved 1048576K

Card table byte_map: [0x00007feae0a0f000,0x00007feae0fee000] byte_map_base: 0x00007feadd1ed000

Marking Bits: (ParMarkBitMap*) 0x00007feae37c2e60
 Begin Bits: [0x00007feab2220000, 0x00007feab5110000)
 End Bits:   [0x00007feab5110000, 0x00007feab8000000)

Polling page: 0x00007feae4432000

CodeCache: size=245760Kb used=3511Kb max_used=3522Kb free=242248Kb
 bounds [0x00007feacd000000, 0x00007feacd380000, 0x00007feadc000000]
 total_blobs=1070 nmethods=760 adapters=225
 compilation: enabled

Compilation events (10 events):
Event: 3,907 Thread 0x00007feadc0bc000 nmethod 751 0x00007feacd340a90 code [0x00007feacd340be0, 0x00007feacd340c78]
Event: 3,910 Thread 0x00007feadc0be800 nmethod 749 0x00007feacd3714d0 code [0x00007feacd3717c0, 0x00007feacd372860]
Event: 3,910 Thread 0x00007feadc0bc000  757 %     4       com.sun.org.apache.xerces.internal.dom.ElementImpl::normalize @ 24 (169 bytes)
Event: 3,916 Thread 0x00007feadc0bc000 nmethod 757% 0x00007feacd366e50 code [0x00007feacd367060, 0x00007feacd3678c8]
Event: 4,113 Thread 0x00007feadc0be800  758       4       com.sun.org.apache.xerces.internal.dom.DeferredDocumentImpl::getChunkValue (19 bytes)
Event: 4,114 Thread 0x00007feadc0be800 nmethod 758 0x00007feacd369d50 code [0x00007feacd369ea0, 0x00007feacd369fb8]
Event: 4,146 Thread 0x00007feadc0bc000  759       4       java.util.ArrayList::clear (39 bytes)
Event: 4,148 Thread 0x00007feadc0bc000 nmethod 759 0x00007feacd36a5d0 code [0x00007feacd36a720, 0x00007feacd36a838]
Event: 4,194 Thread 0x00007feadc0be800  760       4       java.lang.AbstractStringBuilder::setLength (45 bytes)
Event: 4,199 Thread 0x00007feadc0be800 nmethod 760 0x00007feacd369690 code [0x00007feacd369800, 0x00007feacd369b38]

GC Heap History (10 events):
Event: 2,826 GC heap after
Heap after GC invocations=11 (full 3):
 PSYoungGen      total 452608K, used 284128K [0x0000000781700000, 0x00000007b9480000, 0x00000007c0000000)
  eden space 168448K, 0% used [0x0000000781700000,0x0000000781700000,0x000000078bb80000)
  from space 284160K, 99% used [0x00000007a0900000,0x00000007b1e78080,0x00000007b1e80000)
  to   space 341504K, 0% used [0x000000078bb80000,0x000000078bb80000,0x00000007a0900000)
 ParOldGen       total 733184K, used 601998K [0x0000000704400000, 0x0000000731000000, 0x0000000781700000)
  object space 733184K, 82% used [0x0000000704400000,0x0000000728fe3860,0x0000000731000000)
 Metaspace       used 9190K, capacity 9306K, committed 9344K, reserved 1056768K
  class space    used 1087K, capacity 1145K, committed 1152K, reserved 1048576K
}
Event: 2,826 GC heap before
{Heap before GC invocations=12 (full 4):
 PSYoungGen      total 452608K, used 284128K [0x0000000781700000, 0x00000007b9480000, 0x00000007c0000000)
  eden space 168448K, 0% used [0x0000000781700000,0x0000000781700000,0x000000078bb80000)
  from space 284160K, 99% used [0x00000007a0900000,0x00000007b1e78080,0x00000007b1e80000)
  to   space 341504K, 0% used [0x000000078bb80000,0x000000078bb80000,0x00000007a0900000)
 ParOldGen       total 733184K, used 601998K [0x0000000704400000, 0x0000000731000000, 0x0000000781700000)
  object space 733184K, 82% used [0x0000000704400000,0x0000000728fe3860,0x0000000731000000)
 Metaspace       used 9190K, capacity 9306K, committed 9344K, reserved 1056768K
  class space    used 1087K, capacity 1145K, committed 1152K, reserved 1048576K
Event: 3,317 GC heap after
Heap after GC invocations=12 (full 4):
 PSYoungGen      total 452608K, used 147170K [0x0000000781700000, 0x00000007b9480000, 0x00000007c0000000)
  eden space 168448K, 0% used [0x0000000781700000,0x0000000781700000,0x000000078bb80000)
  from space 284160K, 51% used [0x00000007a0900000,0x00000007a98b8b10,0x00000007b1e80000)
  to   space 341504K, 0% used [0x000000078bb80000,0x000000078bb80000,0x00000007a0900000)
 ParOldGen       total 1116160K, used 732766K [0x0000000704400000, 0x0000000748600000, 0x0000000781700000)
  object space 1116160K, 65% used [0x0000000704400000,0x0000000730f97b10,0x0000000748600000)
 Metaspace       used 9190K, capacity 9306K, committed 9344K, reserved 1056768K
  class space    used 1087K, capacity 1145K, committed 1152K, reserved 1048576K
}
Event: 3,566 GC heap before
{Heap before GC invocations=13 (full 4):
 PSYoungGen      total 452608K, used 315618K [0x0000000781700000, 0x00000007b9480000, 0x00000007c0000000)
  eden space 168448K, 100% used [0x0000000781700000,0x000000078bb80000,0x000000078bb80000)
  from space 284160K, 51% used [0x00000007a0900000,0x00000007a98b8b10,0x00000007b1e80000)
  to   space 341504K, 0% used [0x000000078bb80000,0x000000078bb80000,0x00000007a0900000)
 ParOldGen       total 1116160K, used 732766K [0x0000000704400000, 0x0000000748600000, 0x0000000781700000)
  object space 1116160K, 65% used [0x0000000704400000,0x0000000730f97b10,0x0000000748600000)
 Metaspace       used 9190K, capacity 9306K, committed 9344K, reserved 1056768K
  class space    used 1087K, capacity 1145K, committed 1152K, reserved 1048576K
Event: 3,671 GC heap after
Heap after GC invocations=13 (full 4):
 PSYoungGen      total 509952K, used 317408K [0x0000000781700000, 0x00000007b7c00000, 0x00000007c0000000)
  eden space 168448K, 0% used [0x0000000781700000,0x0000000781700000,0x000000078bb80000)
  from space 341504K, 92% used [0x000000078bb80000,0x000000079f178030,0x00000007a0900000)
  to   space 341504K, 0% used [0x00000007a2e80000,0x00000007a2e80000,0x00000007b7c00000)
 ParOldGen       total 1116160K, used 732766K [0x0000000704400000, 0x0000000748600000, 0x0000000781700000)
  object space 1116160K, 65% used [0x0000000704400000,0x0000000730f97b10,0x0000000748600000)
 Metaspace       used 9190K, capacity 9306K, committed 9344K, reserved 1056768K
  class space    used 1087K, capacity 1145K, committed 1152K, reserved 1048576K
}
Event: 3,929 GC heap before
{Heap before GC invocations=14 (full 4):
 PSYoungGen      total 509952K, used 485856K [0x0000000781700000, 0x00000007b7c00000, 0x00000007c0000000)
  eden space 168448K, 100% used [0x0000000781700000,0x000000078bb80000,0x000000078bb80000)
  from space 341504K, 92% used [0x000000078bb80000,0x000000079f178030,0x00000007a0900000)
  to   space 341504K, 0% used [0x00000007a2e80000,0x00000007a2e80000,0x00000007b7c00000)
 ParOldGen       total 1116160K, used 732766K [0x0000000704400000, 0x0000000748600000, 0x0000000781700000)
  object space 1116160K, 65% used [0x0000000704400000,0x0000000730f97b10,0x0000000748600000)
 Metaspace       used 9255K, capacity 9402K, committed 9728K, reserved 1058816K
  class space    used 1096K, capacity 1177K, committed 1280K, reserved 1048576K
Event: 4,104 GC heap after
Heap after GC invocations=14 (full 4):
 PSYoungGen      total 548352K, used 341472K [0x0000000781700000, 0x00000007b8280000, 0x00000007c0000000)
  eden space 206848K, 0% used [0x0000000781700000,0x0000000781700000,0x000000078e100000)
  from space 341504K, 99% used [0x00000007a2e80000,0x00000007b7bf8030,0x00000007b7c00000)
  to   space 341504K, 0% used [0x000000078e100000,0x000000078e100000,0x00000007a2e80000)
 ParOldGen       total 1116160K, used 879646K [0x0000000704400000, 0x0000000748600000, 0x0000000781700000)
  object space 1116160K, 78% used [0x0000000704400000,0x0000000739f07b10,0x0000000748600000)
 Metaspace       used 9255K, capacity 9402K, committed 9728K, reserved 1058816K
  class space    used 1096K, capacity 1177K, committed 1280K, reserved 1048576K
}
Event: 4,269 GC heap before
{Heap before GC invocations=15 (full 4):
 PSYoungGen      total 548352K, used 548320K [0x0000000781700000, 0x00000007b8280000, 0x00000007c0000000)
  eden space 206848K, 100% used [0x0000000781700000,0x000000078e100000,0x000000078e100000)
  from space 341504K, 99% used [0x00000007a2e80000,0x00000007b7bf8030,0x00000007b7c00000)
  to   space 341504K, 0% used [0x000000078e100000,0x000000078e100000,0x00000007a2e80000)
 ParOldGen       total 1116160K, used 879646K [0x0000000704400000, 0x0000000748600000, 0x0000000781700000)
  object space 1116160K, 78% used [0x0000000704400000,0x0000000739f07b10,0x0000000748600000)
 Metaspace       used 9255K, capacity 9402K, committed 9728K, reserved 1058816K
  class space    used 1096K, capacity 1177K, committed 1280K, reserved 1048576K
Event: 4,456 GC heap after
Heap after GC invocations=15 (full 4):
 PSYoungGen      total 548352K, used 341504K [0x0000000781700000, 0x00000007bba00000, 0x00000007c0000000)
  eden space 206848K, 0% used [0x0000000781700000,0x0000000781700000,0x000000078e100000)
  from space 341504K, 100% used [0x000000078e100000,0x00000007a2e80000,0x00000007a2e80000)
  to   space 341504K, 0% used [0x00000007a6c80000,0x00000007a6c80000,0x00000007bba00000)
 ParOldGen       total 1116160K, used 1090966K [0x0000000704400000, 0x0000000748600000, 0x0000000781700000)
  object space 1116160K, 97% used [0x0000000704400000,0x0000000746d65b40,0x0000000748600000)
 Metaspace       used 9255K, capacity 9402K, committed 9728K, reserved 1058816K
  class space    used 1096K, capacity 1177K, committed 1280K, reserved 1048576K
}
Event: 4,457 GC heap before
{Heap before GC invocations=16 (full 5):
 PSYoungGen      total 548352K, used 341504K [0x0000000781700000, 0x00000007bba00000, 0x00000007c0000000)
  eden space 206848K, 0% used [0x0000000781700000,0x0000000781700000,0x000000078e100000)
  from space 341504K, 100% used [0x000000078e100000,0x00000007a2e80000,0x00000007a2e80000)
  to   space 341504K, 0% used [0x00000007a6c80000,0x00000007a6c80000,0x00000007bba00000)
 ParOldGen       total 1116160K, used 1090966K [0x0000000704400000, 0x0000000748600000, 0x0000000781700000)
  object space 1116160K, 97% used [0x0000000704400000,0x0000000746d65b40,0x0000000748600000)
 Metaspace       used 9255K, capacity 9402K, committed 9728K, reserved 1058816K
  class space    used 1096K, capacity 1177K, committed 1280K, reserved 1048576K

Deoptimization events (10 events):
Event: 3,839 Thread 0x00007feadc00b800 Uncommon trap: reason=unstable_if action=reinterpret pc=0x00007feacd34510c method=java.io.BufferedInputStream.read([BII)I @ 104
Event: 3,839 Thread 0x00007feadc00b800 Uncommon trap: reason=unstable_if action=reinterpret pc=0x00007feacd33c6b8 method=com.sun.org.apache.xerces.internal.impl.XMLDocumentFragmentScannerImpl$FragmentContentDriver.next()I @ 1406
Event: 3,839 Thread 0x00007feadc00b800 Uncommon trap: reason=class_check action=maybe_recompile pc=0x00007feacd2d057c method=com.sun.org.apache.xerces.internal.impl.XMLDocumentScannerImpl.next()I @ 4
Event: 3,839 Thread 0x00007feadc00b800 Uncommon trap: reason=unstable_if action=reinterpret pc=0x00007feacd2d6220 method=com.sun.org.apache.xerces.internal.util.XMLChar.isSpace(I)Z @ 3
Event: 3,839 Thread 0x00007feadc00b800 Uncommon trap: reason=unstable_if action=reinterpret pc=0x00007feacd33866c method=java.io.BufferedInputStream.fill()V @ 219
Event: 3,839 Thread 0x00007feadc00b800 Uncommon trap: reason=unstable_if action=reinterpret pc=0x00007feacd2af734 method=com.sun.org.apache.xerces.internal.impl.io.UTF8Reader.read([CII)I @ 75
Event: 3,839 Thread 0x00007feadc00b800 Uncommon trap: reason=unstable_if action=reinterpret pc=0x00007feacd34659c method=com.sun.org.apache.xerces.internal.impl.XMLEntityScanner.load(IZZ)Z @ 92
Event: 3,875 Thread 0x00007feadc00b800 Uncommon trap: reason=unstable_if action=reinterpret pc=0x00007feacd3502c4 method=com.sun.org.apache.xerces.internal.dom.DeferredDocumentImpl.getPrevSibling(IZ)I @ 52
Event: 3,875 Thread 0x00007feadc00b800 Uncommon trap: reason=unstable_if action=reinterpret pc=0x00007feacd34ead0 method=com.sun.org.apache.xerces.internal.dom.DeferredDocumentImpl.getPrevSibling(IZ)I @ 52
Event: 3,875 Thread 0x00007feadc00b800 Uncommon trap: reason=unstable_if action=reinterpret pc=0x00007feacd34d014 method=com.sun.org.apache.xerces.internal.dom.DeferredDocumentImpl.clearChunkIndex([[III)I @ 47

Classes redefined (0 events):
No events

Internal exceptions (10 events):
Event: 0,262 Thread 0x00007feadc00b800 Exception <a 'java/lang/NoClassDefFoundError': javassist/ClassPath> (0x0000000781cc16a0) thrown at [/scratch/jenkins/workspace/8-2-build-linux-amd64/jdk8u241/331/hotspot/src/share/vm/classfile/systemDictionary.cpp, line 199]
Event: 0,389 Thread 0x00007feadc00b800 Exception <a 'java/lang/NoSuchFieldError': method resolution failed> (0x00000007822b4f18) thrown at [/scratch/jenkins/workspace/8-2-build-linux-amd64/jdk8u241/331/hotspot/src/share/vm/prims/methodHandles.cpp, line 1167]
Event: 0,391 Thread 0x00007feadc00b800 Exception <a 'java/lang/NoSuchFieldError': method resolution failed> (0x00000007822c2638) thrown at [/scratch/jenkins/workspace/8-2-build-linux-amd64/jdk8u241/331/hotspot/src/share/vm/prims/methodHandles.cpp, line 1167]
Event: 0,425 Thread 0x00007feadc39f000 Exception <a 'java/lang/ArrayIndexOutOfBoundsException'> (0x0000000782486b70) thrown at [/scratch/jenkins/workspace/8-2-build-linux-amd64/jdk8u241/331/hotspot/src/share/vm/runtime/sharedRuntime.cpp, line 605]
Event: 0,426 Thread 0x00007feadc39f000 Exception <a 'java/lang/ArrayIndexOutOfBoundsException'> (0x0000000782487b70) thrown at [/scratch/jenkins/workspace/8-2-build-linux-amd64/jdk8u241/331/hotspot/src/share/vm/runtime/sharedRuntime.cpp, line 605]
Event: 0,426 Thread 0x00007feadc39f000 Exception <a 'java/lang/ArrayIndexOutOfBoundsException'> (0x00000007824890e8) thrown at [/scratch/jenkins/workspace/8-2-build-linux-amd64/jdk8u241/331/hotspot/src/share/vm/runtime/sharedRuntime.cpp, line 605]
Event: 0,427 Thread 0x00007feadc39f000 Exception <a 'java/lang/ArrayIndexOutOfBoundsException'> (0x00000007824944b0) thrown at [/scratch/jenkins/workspace/8-2-build-linux-amd64/jdk8u241/331/hotspot/src/share/vm/runtime/sharedRuntime.cpp, line 605]
Event: 0,427 Thread 0x00007feadc39f000 Exception <a 'java/lang/ArrayIndexOutOfBoundsException'> (0x00000007824951e0) thrown at [/scratch/jenkins/workspace/8-2-build-linux-amd64/jdk8u241/331/hotspot/src/share/vm/runtime/sharedRuntime.cpp, line 605]
Event: 0,428 Thread 0x00007feadc39f000 Exception <a 'java/lang/ArrayIndexOutOfBoundsException'> (0x00000007824a14c0) thrown at [/scratch/jenkins/workspace/8-2-build-linux-amd64/jdk8u241/331/hotspot/src/share/vm/runtime/sharedRuntime.cpp, line 605]
Event: 0,428 Thread 0x00007feadc39f000 Exception <a 'java/lang/ArrayIndexOutOfBoundsException'> (0x00000007824a2708) thrown at [/scratch/jenkins/workspace/8-2-build-linux-amd64/jdk8u241/331/hotspot/src/share/vm/runtime/sharedRuntime.cpp, line 605]

Events (10 events):
Event: 3,875 Thread 0x00007feadc00b800 DEOPT PACKING pc=0x00007feacd34ead0 sp=0x00007feae440a570
Event: 3,875 Thread 0x00007feadc00b800 DEOPT UNPACKING pc=0x00007feacd04573a sp=0x00007feae440a510 mode 2
Event: 3,875 Thread 0x00007feadc00b800 Uncommon trap: trap_request=0xffffff65 fr.pc=0x00007feacd34d014
Event: 3,875 Thread 0x00007feadc00b800 DEOPT PACKING pc=0x00007feacd34d014 sp=0x00007feae440a3e0
Event: 3,875 Thread 0x00007feadc00b800 DEOPT UNPACKING pc=0x00007feacd04573a sp=0x00007feae440a3b0 mode 2
Event: 3,929 Executing VM operation: ParallelGCFailedAllocation
Event: 4,104 Executing VM operation: ParallelGCFailedAllocation done
Event: 4,111 Executing VM operation: EnableBiasedLocking
Event: 4,111 Executing VM operation: EnableBiasedLocking done
Event: 4,269 Executing VM operation: ParallelGCFailedAllocation


Dynamic libraries:
00400000-00401000 r-xp 00000000 103:05 546730                            /usr/lib/jvm/java-8-openjdk-amd64/jre/bin/java
00600000-00601000 r--p 00000000 103:05 546730                            /usr/lib/jvm/java-8-openjdk-amd64/jre/bin/java
00601000-00602000 rw-p 00001000 103:05 546730                            /usr/lib/jvm/java-8-openjdk-amd64/jre/bin/java
016f4000-01715000 rw-p 00000000 00:00 0                                  [heap]
704400000-748600000 rw-p 00000000 00:00 0 
766200000-781700000 ---p 00000000 00:00 0 
781700000-7bba00000 rw-p 00000000 00:00 0 
7bba00000-7c0000000 ---p 00000000 00:00 0 
7c0000000-7c0140000 rw-p 00000000 00:00 0 
7c0140000-800000000 ---p 00000000 00:00 0 
7fea7c000000-7fea7c021000 rw-p 00000000 00:00 0 
7fea7c021000-7fea80000000 ---p 00000000 00:00 0 
7fea84000000-7fea84021000 rw-p 00000000 00:00 0 
7fea84021000-7fea88000000 ---p 00000000 00:00 0 
7fea88000000-7fea88021000 rw-p 00000000 00:00 0 
7fea88021000-7fea8c000000 ---p 00000000 00:00 0 
7fea8c000000-7fea8c021000 rw-p 00000000 00:00 0 
7fea8c021000-7fea90000000 ---p 00000000 00:00 0 
7fea90000000-7fea90021000 rw-p 00000000 00:00 0 
7fea90021000-7fea94000000 ---p 00000000 00:00 0 
7fea94000000-7fea94472000 rw-p 00000000 00:00 0 
7fea94472000-7fea98000000 ---p 00000000 00:00 0 
7fea98000000-7fea98393000 rw-p 00000000 00:00 0 
7fea98393000-7fea9c000000 ---p 00000000 00:00 0 
7fea9c000000-7fea9c021000 rw-p 00000000 00:00 0 
7fea9c021000-7feaa0000000 ---p 00000000 00:00 0 
7feaa0000000-7feaa0495000 rw-p 00000000 00:00 0 
7feaa0495000-7feaa4000000 ---p 00000000 00:00 0 
7feaa4000000-7feaa4021000 rw-p 00000000 00:00 0 
7feaa4021000-7feaa8000000 ---p 00000000 00:00 0 
7feaa8000000-7feaa8021000 rw-p 00000000 00:00 0 
7feaa8021000-7feaac000000 ---p 00000000 00:00 0 
7feaac000000-7feaac29e000 rw-p 00000000 00:00 0 
7feaac29e000-7feab0000000 ---p 00000000 00:00 0 
7feab2220000-7feab8000000 rw-p 00000000 00:00 0 
7feab8000000-7feab8021000 rw-p 00000000 00:00 0 
7feab8021000-7feabc000000 ---p 00000000 00:00 0 
7feabc000000-7feabc021000 rw-p 00000000 00:00 0 
7feabc021000-7feac0000000 ---p 00000000 00:00 0 
7feac0000000-7feac0021000 rw-p 00000000 00:00 0 
7feac0021000-7feac4000000 ---p 00000000 00:00 0 
7feac5a53000-7feac5a93000 rw-p 00000000 00:00 0 
7feac5a93000-7feac5c53000 ---p 00000000 00:00 0 
7feac5c53000-7feac5c56000 ---p 00000000 00:00 0 
7feac5c56000-7feac5d54000 rw-p 00000000 00:00 0 
7feac5d54000-7feac5d57000 ---p 00000000 00:00 0 
7feac5d57000-7feac5e55000 rw-p 00000000 00:00 0 
7feac5e55000-7feac5e58000 ---p 00000000 00:00 0 
7feac5e58000-7feac5f56000 rw-p 00000000 00:00 0 
7feac5f56000-7feac5f5f000 r-xp 00000000 103:05 555124                    /usr/lib/jvm/java-8-openjdk-amd64/jre/lib/amd64/libmanagement.so
7feac5f5f000-7feac615e000 ---p 00009000 103:05 555124                    /usr/lib/jvm/java-8-openjdk-amd64/jre/lib/amd64/libmanagement.so
7feac615e000-7feac615f000 r--p 00008000 103:05 555124                    /usr/lib/jvm/java-8-openjdk-amd64/jre/lib/amd64/libmanagement.so
7feac615f000-7feac6160000 rw-p 00009000 103:05 555124                    /usr/lib/jvm/java-8-openjdk-amd64/jre/lib/amd64/libmanagement.so
7feac6160000-7feac6171000 r-xp 00000000 103:05 555129                    /usr/lib/jvm/java-8-openjdk-amd64/jre/lib/amd64/libnio.so
7feac6171000-7feac6370000 ---p 00011000 103:05 555129                    /usr/lib/jvm/java-8-openjdk-amd64/jre/lib/amd64/libnio.so
7feac6370000-7feac6371000 r--p 00010000 103:05 555129                    /usr/lib/jvm/java-8-openjdk-amd64/jre/lib/amd64/libnio.so
7feac6371000-7feac6372000 rw-p 00011000 103:05 555129                    /usr/lib/jvm/java-8-openjdk-amd64/jre/lib/amd64/libnio.so
7feac6372000-7feac6388000 r-xp 00000000 103:05 555128                    /usr/lib/jvm/java-8-openjdk-amd64/jre/lib/amd64/libnet.so
7feac6388000-7feac6587000 ---p 00016000 103:05 555128                    /usr/lib/jvm/java-8-openjdk-amd64/jre/lib/amd64/libnet.so
7feac6587000-7feac6588000 r--p 00015000 103:05 555128                    /usr/lib/jvm/java-8-openjdk-amd64/jre/lib/amd64/libnet.so
7feac6588000-7feac6589000 rw-p 00016000 103:05 555128                    /usr/lib/jvm/java-8-openjdk-amd64/jre/lib/amd64/libnet.so
7feac6589000-7feac65c5000 r--s 0031b000 103:05 6960731                   /home/loubard/.m2/repository/io/netty/netty-all/4.1.5.Final/netty-all-4.1.5.Final.jar
7feac65c5000-7feac65e9000 r--s 0020e000 103:05 6960725                   /home/loubard/.m2/repository/com/basho/riak/riak-client/2.1.1/riak-client-2.1.1.jar
7feac65e9000-7feac65ea000 ---p 00000000 00:00 0 
7feac65ea000-7feac66ea000 rw-p 00000000 00:00 0 
7feac66ea000-7feac66ed000 ---p 00000000 00:00 0 
7feac66ed000-7feac67eb000 rw-p 00000000 00:00 0 
7feac67eb000-7feac67ec000 ---p 00000000 00:00 0 
7feac67ec000-7feac67ef000 ---p 00000000 00:00 0 
7feac67ef000-7feac68ec000 rw-p 00000000 00:00 0 
7feac68ec000-7feac68ed000 ---p 00000000 00:00 0 
7feac68ed000-7feac68f0000 ---p 00000000 00:00 0 
7feac68f0000-7feac69ed000 rw-p 00000000 00:00 0 
7feac69ed000-7feac69ee000 ---p 00000000 00:00 0 
7feac69ee000-7feac69f1000 ---p 00000000 00:00 0 
7feac69f1000-7feac6aee000 rw-p 00000000 00:00 0 
7feac6aee000-7feac6af1000 ---p 00000000 00:00 0 
7feac6af1000-7feac6bef000 rw-p 00000000 00:00 0 
7feac6bef000-7feac6ece000 r--p 00000000 103:05 6429000                   /usr/lib/locale/locale-archive
7feac6ece000-7feac6ed1000 ---p 00000000 00:00 0 
7feac6ed1000-7feac6fcf000 rw-p 00000000 00:00 0 
7feac6fcf000-7feac6fd2000 ---p 00000000 00:00 0 
7feac6fd2000-7feac70d0000 rw-p 00000000 00:00 0 
7feac70d0000-7feac70d1000 ---p 00000000 00:00 0 
7feac70d1000-7feac8000000 rw-p 00000000 00:00 0 
7feac8000000-7feac8021000 rw-p 00000000 00:00 0 
7feac8021000-7feacc000000 ---p 00000000 00:00 0 
7feacc006000-7feacc048000 rw-p 00000000 00:00 0 
7feacc048000-7feacc222000 r--s 03d8c000 103:05 558117                    /usr/lib/jvm/java-8-openjdk-amd64/jre/lib/rt.jar
7feacc222000-7feacd000000 rw-p 00000000 00:00 0 
7feacd000000-7feacd380000 rwxp 00000000 00:00 0 
7feacd380000-7feadc000000 ---p 00000000 00:00 0 
7feadc000000-7feadc494000 rw-p 00000000 00:00 0 
7feadc494000-7feae0000000 ---p 00000000 00:00 0 
7feae0015000-7feae0018000 r--s 0001a000 103:05 6960733                   /home/loubard/.m2/repository/org/erlang/otp/jinterface/1.6.1/jinterface-1.6.1.jar
7feae0018000-7feae0221000 rw-p 00000000 00:00 0 
7feae0221000-7feae0222000 ---p 00000000 00:00 0 
7feae0222000-7feae0322000 rw-p 00000000 00:00 0 
7feae0322000-7feae0323000 ---p 00000000 00:00 0 
7feae0323000-7feae0423000 rw-p 00000000 00:00 0 
7feae0423000-7feae0424000 ---p 00000000 00:00 0 
7feae0424000-7feae0524000 rw-p 00000000 00:00 0 
7feae0524000-7feae0525000 ---p 00000000 00:00 0 
7feae0525000-7feae0846000 rw-p 00000000 00:00 0 
7feae0846000-7feae0a0f000 ---p 00000000 00:00 0 
7feae0a0f000-7feae0c30000 rw-p 00000000 00:00 0 
7feae0c30000-7feae0df8000 ---p 00000000 00:00 0 
7feae0df8000-7feae0fca000 rw-p 00000000 00:00 0 
7feae0fca000-7feae0fed000 ---p 00000000 00:00 0 
7feae0fed000-7feae0ffc000 rw-p 00000000 00:00 0 
7feae0ffc000-7feae13ae000 ---p 00000000 00:00 0 
7feae13ae000-7feae13c9000 r-xp 00000000 103:05 555175                    /usr/lib/jvm/java-8-openjdk-amd64/jre/lib/amd64/libzip.so
7feae13c9000-7feae15c8000 ---p 0001b000 103:05 555175                    /usr/lib/jvm/java-8-openjdk-amd64/jre/lib/amd64/libzip.so
7feae15c8000-7feae15c9000 r--p 0001a000 103:05 555175                    /usr/lib/jvm/java-8-openjdk-amd64/jre/lib/amd64/libzip.so
7feae15c9000-7feae15ca000 rw-p 0001b000 103:05 555175                    /usr/lib/jvm/java-8-openjdk-amd64/jre/lib/amd64/libzip.so
7feae15ca000-7feae15d5000 r-xp 00000000 103:05 398387                    /lib/x86_64-linux-gnu/libnss_files-2.27.so
7feae15d5000-7feae17d4000 ---p 0000b000 103:05 398387                    /lib/x86_64-linux-gnu/libnss_files-2.27.so
7feae17d4000-7feae17d5000 r--p 0000a000 103:05 398387                    /lib/x86_64-linux-gnu/libnss_files-2.27.so
7feae17d5000-7feae17d6000 rw-p 0000b000 103:05 398387                    /lib/x86_64-linux-gnu/libnss_files-2.27.so
7feae17d6000-7feae17dc000 rw-p 00000000 00:00 0 
7feae17dc000-7feae17f3000 r-xp 00000000 103:05 398381                    /lib/x86_64-linux-gnu/libnsl-2.27.so
7feae17f3000-7feae19f2000 ---p 00017000 103:05 398381                    /lib/x86_64-linux-gnu/libnsl-2.27.so
7feae19f2000-7feae19f3000 r--p 00016000 103:05 398381                    /lib/x86_64-linux-gnu/libnsl-2.27.so
7feae19f3000-7feae19f4000 rw-p 00017000 103:05 398381                    /lib/x86_64-linux-gnu/libnsl-2.27.so
7feae19f4000-7feae19f6000 rw-p 00000000 00:00 0 
7feae19f6000-7feae1a01000 r-xp 00000000 103:05 398398                    /lib/x86_64-linux-gnu/libnss_nis-2.27.so
7feae1a01000-7feae1c00000 ---p 0000b000 103:05 398398                    /lib/x86_64-linux-gnu/libnss_nis-2.27.so
7feae1c00000-7feae1c01000 r--p 0000a000 103:05 398398                    /lib/x86_64-linux-gnu/libnss_nis-2.27.so
7feae1c01000-7feae1c02000 rw-p 0000b000 103:05 398398                    /lib/x86_64-linux-gnu/libnss_nis-2.27.so
7feae1c02000-7feae1c0a000 r-xp 00000000 103:05 398383                    /lib/x86_64-linux-gnu/libnss_compat-2.27.so
7feae1c0a000-7feae1e0a000 ---p 00008000 103:05 398383                    /lib/x86_64-linux-gnu/libnss_compat-2.27.so
7feae1e0a000-7feae1e0b000 r--p 00008000 103:05 398383                    /lib/x86_64-linux-gnu/libnss_compat-2.27.so
7feae1e0b000-7feae1e0c000 rw-p 00009000 103:05 398383                    /lib/x86_64-linux-gnu/libnss_compat-2.27.so
7feae1e0c000-7feae1e38000 r-xp 00000000 103:05 555065                    /usr/lib/jvm/java-8-openjdk-amd64/jre/lib/amd64/libjava.so
7feae1e38000-7feae2038000 ---p 0002c000 103:05 555065                    /usr/lib/jvm/java-8-openjdk-amd64/jre/lib/amd64/libjava.so
7feae2038000-7feae2039000 r--p 0002c000 103:05 555065                    /usr/lib/jvm/java-8-openjdk-amd64/jre/lib/amd64/libjava.so
7feae2039000-7feae203b000 rw-p 0002d000 103:05 555065                    /usr/lib/jvm/java-8-openjdk-amd64/jre/lib/amd64/libjava.so
7feae203b000-7feae2048000 r-xp 00000000 103:05 555174                    /usr/lib/jvm/java-8-openjdk-amd64/jre/lib/amd64/libverify.so
7feae2048000-7feae2247000 ---p 0000d000 103:05 555174                    /usr/lib/jvm/java-8-openjdk-amd64/jre/lib/amd64/libverify.so
7feae2247000-7feae2249000 r--p 0000c000 103:05 555174                    /usr/lib/jvm/java-8-openjdk-amd64/jre/lib/amd64/libverify.so
7feae2249000-7feae224a000 rw-p 0000e000 103:05 555174                    /usr/lib/jvm/java-8-openjdk-amd64/jre/lib/amd64/libverify.so
7feae224a000-7feae2251000 r-xp 00000000 103:05 398438                    /lib/x86_64-linux-gnu/librt-2.27.so
7feae2251000-7feae2450000 ---p 00007000 103:05 398438                    /lib/x86_64-linux-gnu/librt-2.27.so
7feae2450000-7feae2451000 r--p 00006000 103:05 398438                    /lib/x86_64-linux-gnu/librt-2.27.so
7feae2451000-7feae2452000 rw-p 00007000 103:05 398438                    /lib/x86_64-linux-gnu/librt-2.27.so
7feae2452000-7feae25ef000 r-xp 00000000 103:05 398360                    /lib/x86_64-linux-gnu/libm-2.27.so
7feae25ef000-7feae27ee000 ---p 0019d000 103:05 398360                    /lib/x86_64-linux-gnu/libm-2.27.so
7feae27ee000-7feae27ef000 r--p 0019c000 103:05 398360                    /lib/x86_64-linux-gnu/libm-2.27.so
7feae27ef000-7feae27f0000 rw-p 0019d000 103:05 398360                    /lib/x86_64-linux-gnu/libm-2.27.so
7feae27f0000-7feae34df000 r-xp 00000000 103:05 555178                    /usr/lib/jvm/java-8-openjdk-amd64/jre/lib/amd64/server/libjvm.so
7feae34df000-7feae36de000 ---p 00cef000 103:05 555178                    /usr/lib/jvm/java-8-openjdk-amd64/jre/lib/amd64/server/libjvm.so
7feae36de000-7feae3774000 r--p 00cee000 103:05 555178                    /usr/lib/jvm/java-8-openjdk-amd64/jre/lib/amd64/server/libjvm.so
7feae3774000-7feae37a5000 rw-p 00d84000 103:05 555178                    /usr/lib/jvm/java-8-openjdk-amd64/jre/lib/amd64/server/libjvm.so
7feae37a5000-7feae37e0000 rw-p 00000000 00:00 0 
7feae37e0000-7feae39c7000 r-xp 00000000 103:05 398297                    /lib/x86_64-linux-gnu/libc-2.27.so
7feae39c7000-7feae3bc7000 ---p 001e7000 103:05 398297                    /lib/x86_64-linux-gnu/libc-2.27.so
7feae3bc7000-7feae3bcb000 r--p 001e7000 103:05 398297                    /lib/x86_64-linux-gnu/libc-2.27.so
7feae3bcb000-7feae3bcd000 rw-p 001eb000 103:05 398297                    /lib/x86_64-linux-gnu/libc-2.27.so
7feae3bcd000-7feae3bd1000 rw-p 00000000 00:00 0 
7feae3bd1000-7feae3bd4000 r-xp 00000000 103:05 398320                    /lib/x86_64-linux-gnu/libdl-2.27.so
7feae3bd4000-7feae3dd3000 ---p 00003000 103:05 398320                    /lib/x86_64-linux-gnu/libdl-2.27.so
7feae3dd3000-7feae3dd4000 r--p 00002000 103:05 398320                    /lib/x86_64-linux-gnu/libdl-2.27.so
7feae3dd4000-7feae3dd5000 rw-p 00003000 103:05 398320                    /lib/x86_64-linux-gnu/libdl-2.27.so
7feae3dd5000-7feae3dec000 r-xp 00000000 103:05 553800                    /usr/lib/jvm/java-8-openjdk-amd64/jre/lib/amd64/jli/libjli.so
7feae3dec000-7feae3feb000 ---p 00017000 103:05 553800                    /usr/lib/jvm/java-8-openjdk-amd64/jre/lib/amd64/jli/libjli.so
7feae3feb000-7feae3fec000 r--p 00016000 103:05 553800                    /usr/lib/jvm/java-8-openjdk-amd64/jre/lib/amd64/jli/libjli.so
7feae3fec000-7feae3fed000 rw-p 00017000 103:05 553800                    /usr/lib/jvm/java-8-openjdk-amd64/jre/lib/amd64/jli/libjli.so
7feae3fed000-7feae4007000 r-xp 00000000 103:05 398430                    /lib/x86_64-linux-gnu/libpthread-2.27.so
7feae4007000-7feae4206000 ---p 0001a000 103:05 398430                    /lib/x86_64-linux-gnu/libpthread-2.27.so
7feae4206000-7feae4207000 r--p 00019000 103:05 398430                    /lib/x86_64-linux-gnu/libpthread-2.27.so
7feae4207000-7feae4208000 rw-p 0001a000 103:05 398430                    /lib/x86_64-linux-gnu/libpthread-2.27.so
7feae4208000-7feae420c000 rw-p 00000000 00:00 0 
7feae420c000-7feae4233000 r-xp 00000000 103:05 398269                    /lib/x86_64-linux-gnu/ld-2.27.so
7feae4234000-7feae4243000 r--s 00081000 103:05 6960730                   /home/loubard/.m2/repository/joda-time/joda-time/2.7/joda-time-2.7.jar
7feae4243000-7feae4246000 r--s 0000e000 103:05 6960723                   /home/loubard/.m2/repository/com/fasterxml/jackson/datatype/jackson-datatype-joda/2.8.0/jackson-datatype-joda-2.8.0.jar
7feae4246000-7feae424a000 r--s 00041000 103:05 6960726                   /home/loubard/.m2/repository/com/fasterxml/jackson/core/jackson-core/2.8.0/jackson-core-2.8.0.jar
7feae424a000-7feae424d000 r--s 0000b000 103:05 6960724                   /home/loubard/.m2/repository/com/fasterxml/jackson/core/jackson-annotations/2.8.0/jackson-annotations-2.8.0.jar
7feae424d000-7feae430b000 rw-p 00000000 00:00 0 
7feae430b000-7feae430c000 ---p 00000000 00:00 0 
7feae430c000-7feae430f000 ---p 00000000 00:00 0 
7feae430f000-7feae4410000 rw-p 00000000 00:00 0 
7feae4410000-7feae4422000 r--s 0011b000 103:05 6960727                   /home/loubard/.m2/repository/com/fasterxml/jackson/core/jackson-databind/2.8.0/jackson-databind-2.8.0.jar
7feae4422000-7feae4424000 r--s 00009000 103:05 6960721                   /home/loubard/.m2/repository/org/slf4j/slf4j-api/1.7.21/slf4j-api-1.7.21.jar
7feae4424000-7feae4427000 r--s 0000f000 103:05 557164                    /usr/lib/jvm/java-8-openjdk-amd64/jre/lib/ext/icedtea-sound.jar
7feae4427000-7feae4429000 r--s 00007000 103:05 6953966                   /usr/share/java/java-atk-wrapper.jar
7feae4429000-7feae4431000 rw-s 00000000 103:05 4587927                   /tmp/hsperfdata_loubard/8281
7feae4431000-7feae4432000 rw-p 00000000 00:00 0 
7feae4432000-7feae4433000 ---p 00000000 00:00 0 
7feae4433000-7feae4434000 r--p 00027000 103:05 398269                    /lib/x86_64-linux-gnu/ld-2.27.so
7feae4434000-7feae4435000 rw-p 00028000 103:05 398269                    /lib/x86_64-linux-gnu/ld-2.27.so
7feae4435000-7feae4436000 rw-p 00000000 00:00 0 
7ffec8f9f000-7ffec8fc1000 rw-p 00000000 00:00 0                          [stack]
7ffec8fe1000-7ffec8fe4000 r--p 00000000 00:00 0                          [vvar]
7ffec8fe4000-7ffec8fe6000 r-xp 00000000 00:00 0                          [vdso]
ffffffffff600000-ffffffffff601000 r-xp 00000000 00:00 0                  [vsyscall]

VM Arguments:
jvm_args: -Dfile.encoding=UTF-8 
java_command: src.main.java.setup.TasteOfRiak
java_class_path (initial): /home/loubard/eclipse-workspace/BigTable/target/classes:/home/loubard/.m2/repository/com/basho/riak/riak-client/2.1.1/riak-client-2.1.1.jar:/home/loubard/.m2/repository/org/slf4j/slf4j-api/1.7.21/slf4j-api-1.7.21.jar:/home/loubard/.m2/repository/com/fasterxml/jackson/core/jackson-databind/2.8.0/jackson-databind-2.8.0.jar:/home/loubard/.m2/repository/com/fasterxml/jackson/core/jackson-annotations/2.8.0/jackson-annotations-2.8.0.jar:/home/loubard/.m2/repository/com/fasterxml/jackson/core/jackson-core/2.8.0/jackson-core-2.8.0.jar:/home/loubard/.m2/repository/com/fasterxml/jackson/datatype/jackson-datatype-joda/2.8.0/jackson-datatype-joda-2.8.0.jar:/home/loubard/.m2/repository/joda-time/joda-time/2.7/joda-time-2.7.jar:/home/loubard/.m2/repository/io/netty/netty-all/4.1.5.Final/netty-all-4.1.5.Final.jar:/home/loubard/.m2/repository/org/erlang/otp/jinterface/1.6.1/jinterface-1.6.1.jar
Launcher Type: SUN_STANDARD

Environment Variables:
JAVA_HOME=/usr/lib/jvm/java-8-openjdk-amd64
JRE_HOME=/usr/lib/jvm/java-8-openjdk-amd64/jre
PATH=/home/loubard/anaconda3/bin:/home/loubard/.local/bin:/usr/local/sbin:/usr/local/bin:/usr/sbin:/usr/bin:/sbin:/bin:/usr/games:/usr/local/games:/media/loubard/5C24C3855A6481A3/linux_games/retro:/home/loubard/eclipse/java-2020-037/eclipse
SHELL=/bin/bash
DISPLAY=:0

Signal Handlers:
SIGSEGV: [libjvm.so+0xad9960], sa_mask[0]=11111111011111111101111111111110, sa_flags=SA_RESTART|SA_SIGINFO
SIGBUS: [libjvm.so+0xad9960], sa_mask[0]=11111111011111111101111111111110, sa_flags=SA_RESTART|SA_SIGINFO
SIGFPE: [libjvm.so+0x90d4a0], sa_mask[0]=11111111011111111101111111111110, sa_flags=SA_RESTART|SA_SIGINFO
SIGPIPE: [libjvm.so+0x90d4a0], sa_mask[0]=11111111011111111101111111111110, sa_flags=SA_RESTART|SA_SIGINFO
SIGXFSZ: [libjvm.so+0x90d4a0], sa_mask[0]=11111111011111111101111111111110, sa_flags=SA_RESTART|SA_SIGINFO
SIGILL: [libjvm.so+0x90d4a0], sa_mask[0]=11111111011111111101111111111110, sa_flags=SA_RESTART|SA_SIGINFO
SIGUSR1: SIG_DFL, sa_mask[0]=00000000000000000000000000000000, sa_flags=none
SIGUSR2: [libjvm.so+0x90d370], sa_mask[0]=00100000000000000000000000000000, sa_flags=SA_RESTART|SA_SIGINFO
SIGHUP: [libjvm.so+0x90d990], sa_mask[0]=11111111011111111101111111111110, sa_flags=SA_RESTART|SA_SIGINFO
SIGINT: [libjvm.so+0x90d990], sa_mask[0]=11111111011111111101111111111110, sa_flags=SA_RESTART|SA_SIGINFO
SIGTERM: [libjvm.so+0x90d990], sa_mask[0]=11111111011111111101111111111110, sa_flags=SA_RESTART|SA_SIGINFO
SIGQUIT: [libjvm.so+0x90d990], sa_mask[0]=11111111011111111101111111111110, sa_flags=SA_RESTART|SA_SIGINFO


---------------  S Y S T E M  ---------------

OS:DISTRIB_ID=LinuxMint
DISTRIB_RELEASE=19.2
DISTRIB_CODENAME=tina
DISTRIB_DESCRIPTION="Linux Mint 19.2 Tina"

uname:Linux 4.15.0-54-generic #58-Ubuntu SMP Mon Jun 24 10:55:24 UTC 2019 x86_64
libc:glibc 2.27 NPTL 2.27 
rlimit: STACK 8192k, CORE 0k, NPROC 47328, NOFILE 4096, AS infinity
load average:0,49 0,80 0,79

/proc/meminfo:
MemTotal:       12300544 kB
MemFree:          131488 kB
MemAvailable:      27976 kB
Buffers:            1792 kB
Cached:           124656 kB
SwapCached:        43044 kB
Active:         10717828 kB
Inactive:        1094084 kB
Active(anon):   10696600 kB
Inactive(anon):  1068184 kB
Active(file):      21228 kB
Inactive(file):    25900 kB
Unevictable:          96 kB
Mlocked:              96 kB
SwapTotal:       2097148 kB
SwapFree:         340220 kB
Dirty:               248 kB
Writeback:             0 kB
AnonPages:      11645596 kB
Mapped:           171088 kB
Shmem:             79024 kB
Slab:             111044 kB
SReclaimable:      47840 kB
SUnreclaim:        63204 kB
KernelStack:       16448 kB
PageTables:        74360 kB
NFS_Unstable:          0 kB
Bounce:                0 kB
WritebackTmp:          0 kB
CommitLimit:     8247420 kB
Committed_AS:   21053872 kB
VmallocTotal:   34359738367 kB
VmallocUsed:           0 kB
VmallocChunk:          0 kB
HardwareCorrupted:     0 kB
AnonHugePages:         0 kB
ShmemHugePages:        0 kB
ShmemPmdMapped:        0 kB
CmaTotal:              0 kB
CmaFree:               0 kB
HugePages_Total:       0
HugePages_Free:        0
HugePages_Rsvd:        0
HugePages_Surp:        0
Hugepagesize:       2048 kB
DirectMap4k:      308644 kB
DirectMap2M:     9070592 kB
DirectMap1G:     4194304 kB

container (cgroup) information:
container_type: cgroupv1
cpu_cpuset_cpus: 0-3
cpu_memory_nodes: 0
active_processor_count: 4
cpu_quota: -1
cpu_period: 100000
cpu_shares: -1
memory_limit_in_bytes: -1
memory_and_swap_limit_in_bytes: -2
memory_soft_limit_in_bytes: -1
memory_usage_in_bytes: 12058578944
memory_max_usage_in_bytes: 0


CPU:total 4 (initial active 4) (4 cores per cpu, 1 threads per core) family 23 model 17 stepping 0, cmov, cx8, fxsr, mmx, sse, sse2, sse3, ssse3, sse4.1, sse4.2, popcnt, avx, avx2, aes, clmul, mmxext, 3dnowpref, lzcnt, sse4a, tsc, tscinvbit, tscinv, bmi1

/proc/cpuinfo:
processor	: 0
vendor_id	: AuthenticAMD
cpu family	: 23
model		: 17
model name	: AMD Ryzen 3 2200G with Radeon Vega Graphics
stepping	: 0
microcode	: 0x810100b
cpu MHz		: 2018.910
cache size	: 512 KB
physical id	: 0
siblings	: 4
core id		: 0
cpu cores	: 4
apicid		: 0
initial apicid	: 0
fpu		: yes
fpu_exception	: yes
cpuid level	: 13
wp		: yes
flags		: fpu vme de pse tsc msr pae mce cx8 apic sep mtrr pge mca cmov pat pse36 clflush mmx fxsr sse sse2 ht syscall nx mmxext fxsr_opt pdpe1gb rdtscp lm constant_tsc rep_good nopl nonstop_tsc cpuid extd_apicid aperfmperf pni pclmulqdq monitor ssse3 fma cx16 sse4_1 sse4_2 movbe popcnt aes xsave avx f16c rdrand lahf_lm cmp_legacy svm extapic cr8_legacy abm sse4a misalignsse 3dnowprefetch osvw skinit wdt tce topoext perfctr_core perfctr_nb bpext perfctr_llc mwaitx hw_pstate sme ssbd ibpb vmmcall fsgsbase bmi1 avx2 smep bmi2 rdseed adx smap clflushopt sha_ni xsaveopt xsavec xgetbv1 xsaves clzero irperf xsaveerptr arat npt lbrv svm_lock nrip_save tsc_scale vmcb_clean flushbyasid decodeassists pausefilter pfthreshold avic v_vmsave_vmload vgif overflow_recov succor smca
bugs		: sysret_ss_attrs null_seg spectre_v1 spectre_v2 spec_store_bypass
bogomips	: 7000.29
TLB size	: 2560 4K pages
clflush size	: 64
cache_alignment	: 64
address sizes	: 43 bits physical, 48 bits virtual
power management: ts ttp tm hwpstate eff_freq_ro [13] [14]

processor	: 1
vendor_id	: AuthenticAMD
cpu family	: 23
model		: 17
model name	: AMD Ryzen 3 2200G with Radeon Vega Graphics
stepping	: 0
microcode	: 0x810100b
cpu MHz		: 1627.347
cache size	: 512 KB
physical id	: 0
siblings	: 4
core id		: 1
cpu cores	: 4
apicid		: 1
initial apicid	: 1
fpu		: yes
fpu_exception	: yes
cpuid level	: 13
wp		: yes
flags		: fpu vme de pse tsc msr pae mce cx8 apic sep mtrr pge mca cmov pat pse36 clflush mmx fxsr sse sse2 ht syscall nx mmxext fxsr_opt pdpe1gb rdtscp lm constant_tsc rep_good nopl nonstop_tsc cpuid extd_apicid aperfmperf pni pclmulqdq monitor ssse3 fma cx16 sse4_1 sse4_2 movbe popcnt aes xsave avx f16c rdrand lahf_lm cmp_legacy svm extapic cr8_legacy abm sse4a misalignsse 3dnowprefetch osvw skinit wdt tce topoext perfctr_core perfctr_nb bpext perfctr_llc mwaitx hw_pstate sme ssbd ibpb vmmcall fsgsbase bmi1 avx2 smep bmi2 rdseed adx smap clflushopt sha_ni xsaveopt xsavec xgetbv1 xsaves clzero irperf xsaveerptr arat npt lbrv svm_lock nrip_save tsc_scale vmcb_clean flushbyasid decodeassists pausefilter pfthreshold avic v_vmsave_vmload vgif overflow_recov succor smca
bugs		: sysret_ss_attrs null_seg spectre_v1 spectre_v2 spec_store_bypass
bogomips	: 7000.29
TLB size	: 2560 4K pages
clflush size	: 64
cache_alignment	: 64
address sizes	: 43 bits physical, 48 bits virtual
power management: ts ttp tm hwpstate eff_freq_ro [13] [14]

processor	: 2
vendor_id	: AuthenticAMD
cpu family	: 23
model		: 17
model name	: AMD Ryzen 3 2200G with Radeon Vega Graphics
stepping	: 0
microcode	: 0x810100b
cpu MHz		: 1430.015
cache size	: 512 KB
physical id	: 0
siblings	: 4
core id		: 2
cpu cores	: 4
apicid		: 2
initial apicid	: 2
fpu		: yes
fpu_exception	: yes
cpuid level	: 13
wp		: yes
flags		: fpu vme de pse tsc msr pae mce cx8 apic sep mtrr pge mca cmov pat pse36 clflush mmx fxsr sse sse2 ht syscall nx mmxext fxsr_opt pdpe1gb rdtscp lm constant_tsc rep_good nopl nonstop_tsc cpuid extd_apicid aperfmperf pni pclmulqdq monitor ssse3 fma cx16 sse4_1 sse4_2 movbe popcnt aes xsave avx f16c rdrand lahf_lm cmp_legacy svm extapic cr8_legacy abm sse4a misalignsse 3dnowprefetch osvw skinit wdt tce topoext perfctr_core perfctr_nb bpext perfctr_llc mwaitx hw_pstate sme ssbd ibpb vmmcall fsgsbase bmi1 avx2 smep bmi2 rdseed adx smap clflushopt sha_ni xsaveopt xsavec xgetbv1 xsaves clzero irperf xsaveerptr arat npt lbrv svm_lock nrip_save tsc_scale vmcb_clean flushbyasid decodeassists pausefilter pfthreshold avic v_vmsave_vmload vgif overflow_recov succor smca
bugs		: sysret_ss_attrs null_seg spectre_v1 spectre_v2 spec_store_bypass
bogomips	: 7000.29
TLB size	: 2560 4K pages
clflush size	: 64
cache_alignment	: 64
address sizes	: 43 bits physical, 48 bits virtual
power management: ts ttp tm hwpstate eff_freq_ro [13] [14]

processor	: 3
vendor_id	: AuthenticAMD
cpu family	: 23
model		: 17
model name	: AMD Ryzen 3 2200G with Radeon Vega Graphics
stepping	: 0
microcode	: 0x810100b
cpu MHz		: 2859.455
cache size	: 512 KB
physical id	: 0
siblings	: 4
core id		: 3
cpu cores	: 4
apicid		: 3
initial apicid	: 3
fpu		: yes
fpu_exception	: yes
cpuid level	: 13
wp		: yes
flags		: fpu vme de pse tsc msr pae mce cx8 apic sep mtrr pge mca cmov pat pse36 clflush mmx fxsr sse sse2 ht syscall nx mmxext fxsr_opt pdpe1gb rdtscp lm constant_tsc rep_good nopl nonstop_tsc cpuid extd_apicid aperfmperf pni pclmulqdq monitor ssse3 fma cx16 sse4_1 sse4_2 movbe popcnt aes xsave avx f16c rdrand lahf_lm cmp_legacy svm extapic cr8_legacy abm sse4a misalignsse 3dnowprefetch osvw skinit wdt tce topoext perfctr_core perfctr_nb bpext perfctr_llc mwaitx hw_pstate sme ssbd ibpb vmmcall fsgsbase bmi1 avx2 smep bmi2 rdseed adx smap clflushopt sha_ni xsaveopt xsavec xgetbv1 xsaves clzero irperf xsaveerptr arat npt lbrv svm_lock nrip_save tsc_scale vmcb_clean flushbyasid decodeassists pausefilter pfthreshold avic v_vmsave_vmload vgif overflow_recov succor smca
bugs		: sysret_ss_attrs null_seg spectre_v1 spectre_v2 spec_store_bypass
bogomips	: 7000.29
TLB size	: 2560 4K pages
clflush size	: 64
cache_alignment	: 64
address sizes	: 43 bits physical, 48 bits virtual
power management: ts ttp tm hwpstate eff_freq_ro [13] [14]



Memory: 4k page, physical 12300544k(131116k free), swap 2097148k(340220k free)

vm_info: Java HotSpot(TM) 64-Bit Server VM (25.241-b07) for linux-amd64 JRE (1.8.0_241-b07), built on Dec 11 2019 02:22:16 by "java_re" with gcc 7.3.0

time: Mon Apr  6 12:28:49 2020
timezone: CEST
elapsed time: 5 seconds (0d 0h 0m 5s)

