#
# There is insufficient memory for the Java Runtime Environment to continue.
# Native memory allocation (mmap) failed to map 139984896 bytes for committing reserved memory.
# Possible reasons:
#   The system is out of physical RAM or swap space
#   The process is running with CompressedOops enabled, and the Java Heap may be blocking the growth of the native heap
# Possible solutions:
#   Reduce memory load on the system
#   Increase physical memory or swap space
#   Check if swap backing store is full
#   Decrease Java heap size (-Xmx/-Xms)
#   Decrease number of Java threads
#   Decrease Java thread stack sizes (-Xss)
#   Set larger code cache with -XX:ReservedCodeCacheSize=
#   JVM is running with Zero Based Compressed Oops mode in which the Java heap is
#     placed in the first 32GB address space. The Java Heap base address is the
#     maximum limit for the native heap growth. Please use -XX:HeapBaseMinAddress
#     to set the Java Heap base and to place the Java Heap above 32GB virtual address.
# This output file may be truncated or incomplete.
#
#  Out of Memory Error (os_linux.cpp:2749), pid=9076, tid=0x00007f659e716700
#
# JRE version: Java(TM) SE Runtime Environment (8.0_241-b07) (build 1.8.0_241-b07)
# Java VM: Java HotSpot(TM) 64-Bit Server VM (25.241-b07 mixed mode linux-amd64 compressed oops)
# Failed to write core dump. Core dumps have been disabled. To enable core dumping, try "ulimit -c unlimited" before starting Java again
#

---------------  T H R E A D  ---------------

Current thread (0x00007f65bc07a000):  VMThread [stack: 0x00007f659e617000,0x00007f659e717000] [id=9087]

Stack: [0x00007f659e617000,0x00007f659e717000],  sp=0x00007f659e7153f0,  free space=1016k
Native frames: (J=compiled Java code, j=interpreted, Vv=VM code, C=native code)
V  [libjvm.so+0xad9025]  VMError::report_and_die()+0x2e5
V  [libjvm.so+0x4e1457]  report_vm_out_of_memory(char const*, int, unsigned long, VMErrorType, char const*)+0x67
V  [libjvm.so+0x911f10]  os::pd_commit_memory(char*, unsigned long, unsigned long, bool)+0x100
V  [libjvm.so+0x90953f]  os::commit_memory(char*, unsigned long, unsigned long, bool)+0x1f
V  [libjvm.so+0x98e346]  PSVirtualSpace::expand_by(unsigned long)+0x56
V  [libjvm.so+0x98f5d8]  PSYoungGen::resize(unsigned long, unsigned long)+0xd8
V  [libjvm.so+0x98bd76]  PSScavenge::invoke_no_policy()+0x1376
V  [libjvm.so+0x98c10c]  PSScavenge::invoke()+0x4c
V  [libjvm.so+0x93be58]  ParallelScavengeHeap::failed_mem_allocate(unsigned long)+0x68
V  [libjvm.so+0xadab73]  VM_ParallelGCFailedAllocation::doit()+0x93
V  [libjvm.so+0xadfdc6]  VM_Operation::evaluate()+0x46
V  [libjvm.so+0xade0fd]  VMThread::evaluate_operation(VM_Operation*) [clone .constprop.44]+0xcd
V  [libjvm.so+0xade6e3]  VMThread::loop()+0x3a3
V  [libjvm.so+0xadeab8]  VMThread::run()+0x78
V  [libjvm.so+0x90f542]  java_start(Thread*)+0x102

VM_Operation (0x00007f65c39cb340): ParallelGCFailedAllocation, mode: safepoint, requested by thread 0x00007f65bc00b800


---------------  P R O C E S S  ---------------

Java Threads: ( => current thread )
  0x00007f65bc3b3800 JavaThread "pool-1-thread-2" [_thread_blocked, id=9098, stack(0x00007f659d1f9000,0x00007f659d2fa000)]
  0x00007f65bc3b1800 JavaThread "pool-1-thread-1" [_thread_blocked, id=9097, stack(0x00007f659d2fa000,0x00007f659d3fb000)]
  0x00007f65bc3af000 JavaThread "nioEventLoopGroup-2-1" [_thread_blocked, id=9096, stack(0x00007f659d3fb000,0x00007f659d4fc000)]
  0x00007f65bc0cd800 JavaThread "Service Thread" daemon [_thread_blocked, id=9094, stack(0x00007f659dc30000,0x00007f659dd31000)]
  0x00007f65bc0c0800 JavaThread "C1 CompilerThread2" daemon [_thread_blocked, id=9093, stack(0x00007f659dd32000,0x00007f659de32000)]
  0x00007f65bc0be800 JavaThread "C2 CompilerThread1" daemon [_thread_blocked, id=9092, stack(0x00007f659de33000,0x00007f659df33000)]
  0x00007f65bc0bc000 JavaThread "C2 CompilerThread0" daemon [_thread_blocked, id=9091, stack(0x00007f659df34000,0x00007f659e034000)]
  0x00007f65bc0ba800 JavaThread "Signal Dispatcher" daemon [_thread_blocked, id=9090, stack(0x00007f659e034000,0x00007f659e135000)]
  0x00007f65bc088000 JavaThread "Finalizer" daemon [_thread_blocked, id=9089, stack(0x00007f659e414000,0x00007f659e515000)]
  0x00007f65bc083800 JavaThread "Reference Handler" daemon [_thread_blocked, id=9088, stack(0x00007f659e515000,0x00007f659e616000)]
  0x00007f65bc00b800 JavaThread "main" [_thread_blocked, id=9077, stack(0x00007f65c38cd000,0x00007f65c39cd000)]

Other Threads:
=>0x00007f65bc07a000 VMThread [stack: 0x00007f659e617000,0x00007f659e717000] [id=9087]
  0x00007f65bc0d0800 WatcherThread [stack: 0x00007f659db30000,0x00007f659dc30000] [id=9095]

VM state:at safepoint (normal execution)

VM Mutex/Monitor currently owned by a thread:  ([mutex/lock_event])
[0x00007f65bc0081d0] Threads_lock - owner thread: 0x00007f65bc07a000
[0x00007f65bc0086d0] Heap_lock - owner thread: 0x00007f65bc00b800

heap address: 0x0000000704400000, size: 3004 MB, Compressed Oops mode: Zero based, Oop shift amount: 3
Narrow klass base: 0x0000000000000000, Narrow klass shift: 3
Compressed class space size: 1073741824 Address: 0x00000007c0000000

Heap:
 PSYoungGen      total 439808K, used 281568K [0x0000000781700000, 0x00000007b1a00000, 0x00000007c0000000)
  eden space 158208K, 0% used [0x0000000781700000,0x0000000781700000,0x000000078b180000)
  from space 281600K, 99% used [0x00000007a0700000,0x00000007b19f8080,0x00000007b1a00000)
  to   space 187904K, 0% used [0x000000078b180000,0x000000078b180000,0x0000000796900000)
 ParOldGen       total 731648K, used 592599K [0x0000000704400000, 0x0000000730e80000, 0x0000000781700000)
  object space 731648K, 80% used [0x0000000704400000,0x00000007286b5d30,0x0000000730e80000)
 Metaspace       used 9165K, capacity 9302K, committed 9344K, reserved 1056768K
  class space    used 1087K, capacity 1145K, committed 1152K, reserved 1048576K

Card table byte_map: [0x00007f65aca21000,0x00007f65ad000000] byte_map_base: 0x00007f65a91ff000

Marking Bits: (ParMarkBitMap*) 0x00007f65c2d83e60
 Begin Bits: [0x00007f6592220000, 0x00007f6595110000)
 End Bits:   [0x00007f6595110000, 0x00007f6598000000)

Polling page: 0x00007f65c39f3000

CodeCache: size=245760Kb used=3104Kb max_used=3117Kb free=242655Kb
 bounds [0x00007f65ad000000, 0x00007f65ad310000, 0x00007f65bc000000]
 total_blobs=962 nmethods=652 adapters=225
 compilation: enabled

Compilation events (10 events):
Event: 1,559 Thread 0x00007f65bc0be800 nmethod 648 0x00007f65ad304710 code [0x00007f65ad304880, 0x00007f65ad304c98]
Event: 1,561 Thread 0x00007f65bc0bc000 nmethod 645 0x00007f65ad303e90 code [0x00007f65ad304000, 0x00007f65ad3043f8]
Event: 1,612 Thread 0x00007f65bc0be800  649  s    4       java.io.BufferedInputStream::read (113 bytes)
Event: 1,613 Thread 0x00007f65bc0bc000  650       4       java.io.FileInputStream::available (5 bytes)
Event: 1,614 Thread 0x00007f65bc0bc000 nmethod 650 0x00007f65ad2cd6d0 code [0x00007f65ad2cd820, 0x00007f65ad2cd8a8]
Event: 1,614 Thread 0x00007f65bc0bc000  651       4       com.sun.org.apache.xerces.internal.impl.XMLEntityManager$RewindableInputStream::read (168 bytes)
Event: 1,624 Thread 0x00007f65bc0be800 nmethod 649 0x00007f65ad3063d0 code [0x00007f65ad3065c0, 0x00007f65ad306fe8]
Event: 1,629 Thread 0x00007f65bc0bc000 nmethod 651 0x00007f65ad309c90 code [0x00007f65ad309ea0, 0x00007f65ad30a968]
Event: 2,851 Thread 0x00007f65bc0be800  652       4       com.sun.org.apache.xerces.internal.impl.XMLEntityScanner::load (200 bytes)
Event: 2,864 Thread 0x00007f65bc0be800 nmethod 652 0x00007f65ad30dad0 code [0x00007f65ad30dca0, 0x00007f65ad30e448]

GC Heap History (10 events):
Event: 1,553 GC heap after
Heap after GC invocations=6 (full 2):
 PSYoungGen      total 138752K, used 7680K [0x0000000781700000, 0x000000078b700000, 0x00000007c0000000)
  eden space 131072K, 0% used [0x0000000781700000,0x0000000781700000,0x0000000789700000)
  from space 7680K, 100% used [0x000000078af80000,0x000000078b700000,0x000000078b700000)
  to   space 7680K, 0% used [0x000000078a800000,0x000000078a800000,0x000000078af80000)
 ParOldGen       total 398848K, used 270339K [0x0000000704400000, 0x000000071c980000, 0x0000000781700000)
  object space 398848K, 67% used [0x0000000704400000,0x0000000714c00c30,0x000000071c980000)
 Metaspace       used 9164K, capacity 9302K, committed 9344K, reserved 1056768K
  class space    used 1087K, capacity 1145K, committed 1152K, reserved 1048576K
}
Event: 1,791 GC heap before
{Heap before GC invocations=7 (full 2):
 PSYoungGen      total 138752K, used 138752K [0x0000000781700000, 0x000000078b700000, 0x00000007c0000000)
  eden space 131072K, 100% used [0x0000000781700000,0x0000000789700000,0x0000000789700000)
  from space 7680K, 100% used [0x000000078af80000,0x000000078b700000,0x000000078b700000)
  to   space 7680K, 0% used [0x000000078a800000,0x000000078a800000,0x000000078af80000)
 ParOldGen       total 398848K, used 270339K [0x0000000704400000, 0x000000071c980000, 0x0000000781700000)
  object space 398848K, 67% used [0x0000000704400000,0x0000000714c00c30,0x000000071c980000)
 Metaspace       used 9165K, capacity 9302K, committed 9344K, reserved 1056768K
  class space    used 1087K, capacity 1145K, committed 1152K, reserved 1048576K
Event: 1,855 GC heap after
Heap after GC invocations=7 (full 2):
 PSYoungGen      total 156160K, used 7680K [0x0000000781700000, 0x00000007a0b00000, 0x00000007c0000000)
  eden space 148480K, 0% used [0x0000000781700000,0x0000000781700000,0x000000078a800000)
  from space 7680K, 100% used [0x000000078a800000,0x000000078af80000,0x000000078af80000)
  to   space 165888K, 0% used [0x0000000796900000,0x0000000796900000,0x00000007a0b00000)
 ParOldGen       total 409600K, used 407635K [0x0000000704400000, 0x000000071d400000, 0x0000000781700000)
  object space 409600K, 99% used [0x0000000704400000,0x000000071d214cb0,0x000000071d400000)
 Metaspace       used 9165K, capacity 9302K, committed 9344K, reserved 1056768K
  class space    used 1087K, capacity 1145K, committed 1152K, reserved 1048576K
}
Event: 1,855 GC heap before
{Heap before GC invocations=8 (full 3):
 PSYoungGen      total 156160K, used 7680K [0x0000000781700000, 0x00000007a0b00000, 0x00000007c0000000)
  eden space 148480K, 0% used [0x0000000781700000,0x0000000781700000,0x000000078a800000)
  from space 7680K, 100% used [0x000000078a800000,0x000000078af80000,0x000000078af80000)
  to   space 165888K, 0% used [0x0000000796900000,0x0000000796900000,0x00000007a0b00000)
 ParOldGen       total 409600K, used 407635K [0x0000000704400000, 0x000000071d400000, 0x0000000781700000)
  object space 409600K, 99% used [0x0000000704400000,0x000000071d214cb0,0x000000071d400000)
 Metaspace       used 9165K, capacity 9302K, committed 9344K, reserved 1056768K
  class space    used 1087K, capacity 1145K, committed 1152K, reserved 1048576K
Event: 2,274 GC heap after
Heap after GC invocations=8 (full 3):
 PSYoungGen      total 156160K, used 0K [0x0000000781700000, 0x00000007a0b00000, 0x00000007c0000000)
  eden space 148480K, 0% used [0x0000000781700000,0x0000000781700000,0x000000078a800000)
  from space 7680K, 0% used [0x000000078a800000,0x000000078a800000,0x000000078af80000)
  to   space 165888K, 0% used [0x0000000796900000,0x0000000796900000,0x00000007a0b00000)
 ParOldGen       total 731648K, used 404535K [0x0000000704400000, 0x0000000730e80000, 0x0000000781700000)
  object space 731648K, 55% used [0x0000000704400000,0x000000071cf0dd30,0x0000000730e80000)
 Metaspace       used 9165K, capacity 9302K, committed 9344K, reserved 1056768K
  class space    used 1087K, capacity 1145K, committed 1152K, reserved 1048576K
}
Event: 2,529 GC heap before
{Heap before GC invocations=9 (full 3):
 PSYoungGen      total 156160K, used 148480K [0x0000000781700000, 0x00000007a0b00000, 0x00000007c0000000)
  eden space 148480K, 100% used [0x0000000781700000,0x000000078a800000,0x000000078a800000)
  from space 7680K, 0% used [0x000000078a800000,0x000000078a800000,0x000000078af80000)
  to   space 165888K, 0% used [0x0000000796900000,0x0000000796900000,0x00000007a0b00000)
 ParOldGen       total 731648K, used 404535K [0x0000000704400000, 0x0000000730e80000, 0x0000000781700000)
  object space 731648K, 55% used [0x0000000704400000,0x000000071cf0dd30,0x0000000730e80000)
 Metaspace       used 9165K, capacity 9302K, committed 9344K, reserved 1056768K
  class space    used 1087K, capacity 1145K, committed 1152K, reserved 1048576K
Event: 2,638 GC heap after
Heap after GC invocations=9 (full 3):
 PSYoungGen      total 324096K, used 149440K [0x0000000781700000, 0x00000007a4580000, 0x00000007c0000000)
  eden space 158208K, 0% used [0x0000000781700000,0x0000000781700000,0x000000078b180000)
  from space 165888K, 90% used [0x0000000796900000,0x000000079faf0000,0x00000007a0b00000)
  to   space 187904K, 0% used [0x000000078b180000,0x000000078b180000,0x0000000796900000)
 ParOldGen       total 731648K, used 404535K [0x0000000704400000, 0x0000000730e80000, 0x0000000781700000)
  object space 731648K, 55% used [0x0000000704400000,0x000000071cf0dd30,0x0000000730e80000)
 Metaspace       used 9165K, capacity 9302K, committed 9344K, reserved 1056768K
  class space    used 1087K, capacity 1145K, committed 1152K, reserved 1048576K
}
Event: 2,908 GC heap before
{Heap before GC invocations=10 (full 3):
 PSYoungGen      total 324096K, used 307648K [0x0000000781700000, 0x00000007a4580000, 0x00000007c0000000)
  eden space 158208K, 100% used [0x0000000781700000,0x000000078b180000,0x000000078b180000)
  from space 165888K, 90% used [0x0000000796900000,0x000000079faf0000,0x00000007a0b00000)
  to   space 187904K, 0% used [0x000000078b180000,0x000000078b180000,0x0000000796900000)
 ParOldGen       total 731648K, used 404535K [0x0000000704400000, 0x0000000730e80000, 0x0000000781700000)
  object space 731648K, 55% used [0x0000000704400000,0x000000071cf0dd30,0x0000000730e80000)
 Metaspace       used 9165K, capacity 9302K, committed 9344K, reserved 1056768K
  class space    used 1087K, capacity 1145K, committed 1152K, reserved 1048576K
Event: 3,193 GC heap after
Heap after GC invocations=10 (full 3):
 PSYoungGen      total 346112K, used 187872K [0x0000000781700000, 0x00000007b1a00000, 0x00000007c0000000)
  eden space 158208K, 0% used [0x0000000781700000,0x0000000781700000,0x000000078b180000)
  from space 187904K, 99% used [0x000000078b180000,0x00000007968f8080,0x0000000796900000)
  to   space 281600K, 0% used [0x00000007a0700000,0x00000007a0700000,0x00000007b1a00000)
 ParOldGen       total 731648K, used 526431K [0x0000000704400000, 0x0000000730e80000, 0x0000000781700000)
  object space 731648K, 71% used [0x0000000704400000,0x0000000724617d30,0x0000000730e80000)
 Metaspace       used 9165K, capacity 9302K, committed 9344K, reserved 1056768K
  class space    used 1087K, capacity 1145K, committed 1152K, reserved 1048576K
}
Event: 3,467 GC heap before
{Heap before GC invocations=11 (full 3):
 PSYoungGen      total 346112K, used 346080K [0x0000000781700000, 0x00000007b1a00000, 0x00000007c0000000)
  eden space 158208K, 100% used [0x0000000781700000,0x000000078b180000,0x000000078b180000)
  from space 187904K, 99% used [0x000000078b180000,0x00000007968f8080,0x0000000796900000)
  to   space 281600K, 0% used [0x00000007a0700000,0x00000007a0700000,0x00000007b1a00000)
 ParOldGen       total 731648K, used 526431K [0x0000000704400000, 0x0000000730e80000, 0x0000000781700000)
  object space 731648K, 71% used [0x0000000704400000,0x0000000724617d30,0x0000000730e80000)
 Metaspace       used 9165K, capacity 9302K, committed 9344K, reserved 1056768K
  class space    used 1087K, capacity 1145K, committed 1152K, reserved 1048576K

Deoptimization events (4 events):
Event: 0,328 Thread 0x00007f65bc00b800 Uncommon trap: reason=unstable_if action=reinterpret pc=0x00007f65ad140bd4 method=java.lang.String.indexOf(II)I @ 49
Event: 0,604 Thread 0x00007f65bc00b800 Uncommon trap: reason=unstable_if action=reinterpret pc=0x00007f65ad280bfc method=com.sun.org.apache.xerces.internal.impl.XMLEntityScanner.scanContent(Lcom/sun/org/apache/xerces/internal/xni/XMLString;)I @ 418
Event: 0,689 Thread 0x00007f65bc00b800 Uncommon trap: reason=unstable_if action=reinterpret pc=0x00007f65ad294ff8 method=com.sun.org.apache.xerces.internal.impl.XMLDocumentFragmentScannerImpl$FragmentContentDriver.next()I @ 76
Event: 0,821 Thread 0x00007f65bc00b800 Uncommon trap: reason=unstable_if action=reinterpret pc=0x00007f65ad2c36dc method=com.sun.org.apache.xerces.internal.impl.XMLDocumentFragmentScannerImpl$FragmentContentDriver.next()I @ 971

Classes redefined (0 events):
No events

Internal exceptions (10 events):
Event: 0,330 Thread 0x00007f65bc00b800 Exception <a 'java/lang/NoClassDefFoundError': javassist/ClassPath> (0x0000000781cc16a0) thrown at [/scratch/jenkins/workspace/8-2-build-linux-amd64/jdk8u241/331/hotspot/src/share/vm/classfile/systemDictionary.cpp, line 199]
Event: 0,472 Thread 0x00007f65bc00b800 Exception <a 'java/lang/NoSuchFieldError': method resolution failed> (0x00000007822b4c50) thrown at [/scratch/jenkins/workspace/8-2-build-linux-amd64/jdk8u241/331/hotspot/src/share/vm/prims/methodHandles.cpp, line 1167]
Event: 0,474 Thread 0x00007f65bc00b800 Exception <a 'java/lang/NoSuchFieldError': method resolution failed> (0x00000007822c2370) thrown at [/scratch/jenkins/workspace/8-2-build-linux-amd64/jdk8u241/331/hotspot/src/share/vm/prims/methodHandles.cpp, line 1167]
Event: 0,510 Thread 0x00007f65bc3af000 Exception <a 'java/lang/ArrayIndexOutOfBoundsException'> (0x0000000782486ad0) thrown at [/scratch/jenkins/workspace/8-2-build-linux-amd64/jdk8u241/331/hotspot/src/share/vm/runtime/sharedRuntime.cpp, line 605]
Event: 0,510 Thread 0x00007f65bc3af000 Exception <a 'java/lang/ArrayIndexOutOfBoundsException'> (0x0000000782487ad0) thrown at [/scratch/jenkins/workspace/8-2-build-linux-amd64/jdk8u241/331/hotspot/src/share/vm/runtime/sharedRuntime.cpp, line 605]
Event: 0,511 Thread 0x00007f65bc3af000 Exception <a 'java/lang/ArrayIndexOutOfBoundsException'> (0x0000000782489048) thrown at [/scratch/jenkins/workspace/8-2-build-linux-amd64/jdk8u241/331/hotspot/src/share/vm/runtime/sharedRuntime.cpp, line 605]
Event: 0,512 Thread 0x00007f65bc3af000 Exception <a 'java/lang/ArrayIndexOutOfBoundsException'> (0x00000007824942d8) thrown at [/scratch/jenkins/workspace/8-2-build-linux-amd64/jdk8u241/331/hotspot/src/share/vm/runtime/sharedRuntime.cpp, line 605]
Event: 0,512 Thread 0x00007f65bc3af000 Exception <a 'java/lang/ArrayIndexOutOfBoundsException'> (0x0000000782495008) thrown at [/scratch/jenkins/workspace/8-2-build-linux-amd64/jdk8u241/331/hotspot/src/share/vm/runtime/sharedRuntime.cpp, line 605]
Event: 0,513 Thread 0x00007f65bc3af000 Exception <a 'java/lang/ArrayIndexOutOfBoundsException'> (0x00000007824a12e8) thrown at [/scratch/jenkins/workspace/8-2-build-linux-amd64/jdk8u241/331/hotspot/src/share/vm/runtime/sharedRuntime.cpp, line 605]
Event: 0,513 Thread 0x00007f65bc3af000 Exception <a 'java/lang/ArrayIndexOutOfBoundsException'> (0x00000007824a2530) thrown at [/scratch/jenkins/workspace/8-2-build-linux-amd64/jdk8u241/331/hotspot/src/share/vm/runtime/sharedRuntime.cpp, line 605]

Events (10 events):
Event: 1,349 Executing VM operation: ParallelGCFailedAllocation done
Event: 1,506 Executing VM operation: ParallelGCFailedAllocation
Event: 1,553 Executing VM operation: ParallelGCFailedAllocation done
Event: 1,791 Executing VM operation: ParallelGCFailedAllocation
Event: 2,274 Executing VM operation: ParallelGCFailedAllocation done
Event: 2,529 Executing VM operation: ParallelGCFailedAllocation
Event: 2,638 Executing VM operation: ParallelGCFailedAllocation done
Event: 2,908 Executing VM operation: ParallelGCFailedAllocation
Event: 3,193 Executing VM operation: ParallelGCFailedAllocation done
Event: 3,467 Executing VM operation: ParallelGCFailedAllocation


Dynamic libraries:
00400000-00401000 r-xp 00000000 103:05 546730                            /usr/lib/jvm/java-8-openjdk-amd64/jre/bin/java
00600000-00601000 r--p 00000000 103:05 546730                            /usr/lib/jvm/java-8-openjdk-amd64/jre/bin/java
00601000-00602000 rw-p 00001000 103:05 546730                            /usr/lib/jvm/java-8-openjdk-amd64/jre/bin/java
01eac000-01ecd000 rw-p 00000000 00:00 0                                  [heap]
704400000-730e80000 rw-p 00000000 00:00 0 
730e80000-781700000 ---p 00000000 00:00 0 
781700000-7b1a00000 rw-p 00000000 00:00 0 
7b9f80000-7c0000000 ---p 00000000 00:00 0 
7c0000000-7c0120000 rw-p 00000000 00:00 0 
7c0120000-800000000 ---p 00000000 00:00 0 
7f655c000000-7f655c021000 rw-p 00000000 00:00 0 
7f655c021000-7f6560000000 ---p 00000000 00:00 0 
7f6564000000-7f6564021000 rw-p 00000000 00:00 0 
7f6564021000-7f6568000000 ---p 00000000 00:00 0 
7f6568000000-7f6568021000 rw-p 00000000 00:00 0 
7f6568021000-7f656c000000 ---p 00000000 00:00 0 
7f656c000000-7f656c021000 rw-p 00000000 00:00 0 
7f656c021000-7f6570000000 ---p 00000000 00:00 0 
7f6570000000-7f6570021000 rw-p 00000000 00:00 0 
7f6570021000-7f6574000000 ---p 00000000 00:00 0 
7f6574000000-7f65743aa000 rw-p 00000000 00:00 0 
7f65743aa000-7f6578000000 ---p 00000000 00:00 0 
7f6578000000-7f657833f000 rw-p 00000000 00:00 0 
7f657833f000-7f657c000000 ---p 00000000 00:00 0 
7f657c000000-7f657c021000 rw-p 00000000 00:00 0 
7f657c021000-7f6580000000 ---p 00000000 00:00 0 
7f6580000000-7f6580584000 rw-p 00000000 00:00 0 
7f6580584000-7f6584000000 ---p 00000000 00:00 0 
7f6584000000-7f6584021000 rw-p 00000000 00:00 0 
7f6584021000-7f6588000000 ---p 00000000 00:00 0 
7f6588000000-7f6588021000 rw-p 00000000 00:00 0 
7f6588021000-7f658c000000 ---p 00000000 00:00 0 
7f658c000000-7f658c29e000 rw-p 00000000 00:00 0 
7f658c29e000-7f6590000000 ---p 00000000 00:00 0 
7f6592220000-7f6598000000 rw-p 00000000 00:00 0 
7f6598000000-7f6598021000 rw-p 00000000 00:00 0 
7f6598021000-7f659c000000 ---p 00000000 00:00 0 
7f659d1f9000-7f659d1fc000 ---p 00000000 00:00 0 
7f659d1fc000-7f659d2fa000 rw-p 00000000 00:00 0 
7f659d2fa000-7f659d2fd000 ---p 00000000 00:00 0 
7f659d2fd000-7f659d3fb000 rw-p 00000000 00:00 0 
7f659d3fb000-7f659d3fe000 ---p 00000000 00:00 0 
7f659d3fe000-7f659d4fc000 rw-p 00000000 00:00 0 
7f659d4fc000-7f659d505000 r-xp 00000000 103:05 555124                    /usr/lib/jvm/java-8-openjdk-amd64/jre/lib/amd64/libmanagement.so
7f659d505000-7f659d704000 ---p 00009000 103:05 555124                    /usr/lib/jvm/java-8-openjdk-amd64/jre/lib/amd64/libmanagement.so
7f659d704000-7f659d705000 r--p 00008000 103:05 555124                    /usr/lib/jvm/java-8-openjdk-amd64/jre/lib/amd64/libmanagement.so
7f659d705000-7f659d706000 rw-p 00009000 103:05 555124                    /usr/lib/jvm/java-8-openjdk-amd64/jre/lib/amd64/libmanagement.so
7f659d706000-7f659d717000 r-xp 00000000 103:05 555129                    /usr/lib/jvm/java-8-openjdk-amd64/jre/lib/amd64/libnio.so
7f659d717000-7f659d916000 ---p 00011000 103:05 555129                    /usr/lib/jvm/java-8-openjdk-amd64/jre/lib/amd64/libnio.so
7f659d916000-7f659d917000 r--p 00010000 103:05 555129                    /usr/lib/jvm/java-8-openjdk-amd64/jre/lib/amd64/libnio.so
7f659d917000-7f659d918000 rw-p 00011000 103:05 555129                    /usr/lib/jvm/java-8-openjdk-amd64/jre/lib/amd64/libnio.so
7f659d918000-7f659d92e000 r-xp 00000000 103:05 555128                    /usr/lib/jvm/java-8-openjdk-amd64/jre/lib/amd64/libnet.so
7f659d92e000-7f659db2d000 ---p 00016000 103:05 555128                    /usr/lib/jvm/java-8-openjdk-amd64/jre/lib/amd64/libnet.so
7f659db2d000-7f659db2e000 r--p 00015000 103:05 555128                    /usr/lib/jvm/java-8-openjdk-amd64/jre/lib/amd64/libnet.so
7f659db2e000-7f659db2f000 rw-p 00016000 103:05 555128                    /usr/lib/jvm/java-8-openjdk-amd64/jre/lib/amd64/libnet.so
7f659db2f000-7f659db30000 ---p 00000000 00:00 0 
7f659db30000-7f659dc30000 rw-p 00000000 00:00 0 
7f659dc30000-7f659dc33000 ---p 00000000 00:00 0 
7f659dc33000-7f659dd31000 rw-p 00000000 00:00 0 
7f659dd31000-7f659dd32000 ---p 00000000 00:00 0 
7f659dd32000-7f659dd35000 ---p 00000000 00:00 0 
7f659dd35000-7f659de32000 rw-p 00000000 00:00 0 
7f659de32000-7f659de33000 ---p 00000000 00:00 0 
7f659de33000-7f659de36000 ---p 00000000 00:00 0 
7f659de36000-7f659df33000 rw-p 00000000 00:00 0 
7f659df33000-7f659df34000 ---p 00000000 00:00 0 
7f659df34000-7f659df37000 ---p 00000000 00:00 0 
7f659df37000-7f659e034000 rw-p 00000000 00:00 0 
7f659e034000-7f659e037000 ---p 00000000 00:00 0 
7f659e037000-7f659e135000 rw-p 00000000 00:00 0 
7f659e135000-7f659e414000 r--p 00000000 103:05 6429000                   /usr/lib/locale/locale-archive
7f659e414000-7f659e417000 ---p 00000000 00:00 0 
7f659e417000-7f659e515000 rw-p 00000000 00:00 0 
7f659e515000-7f659e518000 ---p 00000000 00:00 0 
7f659e518000-7f659e616000 rw-p 00000000 00:00 0 
7f659e616000-7f659e617000 ---p 00000000 00:00 0 
7f659e617000-7f659f626000 rw-p 00000000 00:00 0 
7f659f626000-7f659f800000 r--s 03d8c000 103:05 558117                    /usr/lib/jvm/java-8-openjdk-amd64/jre/lib/rt.jar
7f659f800000-7f65a0000000 rw-p 00000000 00:00 0 
7f65a0000000-7f65a0021000 rw-p 00000000 00:00 0 
7f65a0021000-7f65a4000000 ---p 00000000 00:00 0 
7f65a4000000-7f65a4021000 rw-p 00000000 00:00 0 
7f65a4021000-7f65a8000000 ---p 00000000 00:00 0 
7f65a8000000-7f65a8021000 rw-p 00000000 00:00 0 
7f65a8021000-7f65ac000000 ---p 00000000 00:00 0 
7f65ac02d000-7f65ac069000 r--s 0031b000 103:05 6960731                   /home/loubard/.m2/repository/io/netty/netty-all/4.1.5.Final/netty-all-4.1.5.Final.jar
7f65ac069000-7f65ac08d000 r--s 0020e000 103:05 6960725                   /home/loubard/.m2/repository/com/basho/riak/riak-client/2.1.1/riak-client-2.1.1.jar
7f65ac08d000-7f65ac71e000 rw-p 00000000 00:00 0 
7f65ac71e000-7f65ac71f000 ---p 00000000 00:00 0 
7f65ac71f000-7f65ac81f000 rw-p 00000000 00:00 0 
7f65ac81f000-7f65ac820000 ---p 00000000 00:00 0 
7f65ac820000-7f65ac920000 rw-p 00000000 00:00 0 
7f65ac920000-7f65ac921000 ---p 00000000 00:00 0 
7f65ac921000-7f65acb87000 rw-p 00000000 00:00 0 
7f65acb87000-7f65ace0a000 ---p 00000000 00:00 0 
7f65ace0a000-7f65acf8c000 rw-p 00000000 00:00 0 
7f65acf8c000-7f65acfff000 ---p 00000000 00:00 0 
7f65acfff000-7f65ad000000 rw-p 00000000 00:00 0 
7f65ad000000-7f65ad310000 rwxp 00000000 00:00 0 
7f65ad310000-7f65bc000000 ---p 00000000 00:00 0 
7f65bc000000-7f65bc444000 rw-p 00000000 00:00 0 
7f65bc444000-7f65c0000000 ---p 00000000 00:00 0 
7f65c0009000-7f65c000c000 r--s 0001a000 103:05 6960733                   /home/loubard/.m2/repository/org/erlang/otp/jinterface/1.6.1/jinterface-1.6.1.jar
7f65c000c000-7f65c00c4000 rw-p 00000000 00:00 0 
7f65c00c4000-7f65c00c5000 ---p 00000000 00:00 0 
7f65c00c5000-7f65c032b000 rw-p 00000000 00:00 0 
7f65c032b000-7f65c05af000 ---p 00000000 00:00 0 
7f65c05af000-7f65c05bc000 rw-p 00000000 00:00 0 
7f65c05bc000-7f65c096f000 ---p 00000000 00:00 0 
7f65c096f000-7f65c098a000 r-xp 00000000 103:05 555175                    /usr/lib/jvm/java-8-openjdk-amd64/jre/lib/amd64/libzip.so
7f65c098a000-7f65c0b89000 ---p 0001b000 103:05 555175                    /usr/lib/jvm/java-8-openjdk-amd64/jre/lib/amd64/libzip.so
7f65c0b89000-7f65c0b8a000 r--p 0001a000 103:05 555175                    /usr/lib/jvm/java-8-openjdk-amd64/jre/lib/amd64/libzip.so
7f65c0b8a000-7f65c0b8b000 rw-p 0001b000 103:05 555175                    /usr/lib/jvm/java-8-openjdk-amd64/jre/lib/amd64/libzip.so
7f65c0b8b000-7f65c0b96000 r-xp 00000000 103:05 398387                    /lib/x86_64-linux-gnu/libnss_files-2.27.so
7f65c0b96000-7f65c0d95000 ---p 0000b000 103:05 398387                    /lib/x86_64-linux-gnu/libnss_files-2.27.so
7f65c0d95000-7f65c0d96000 r--p 0000a000 103:05 398387                    /lib/x86_64-linux-gnu/libnss_files-2.27.so
7f65c0d96000-7f65c0d97000 rw-p 0000b000 103:05 398387                    /lib/x86_64-linux-gnu/libnss_files-2.27.so
7f65c0d97000-7f65c0d9d000 rw-p 00000000 00:00 0 
7f65c0d9d000-7f65c0db4000 r-xp 00000000 103:05 398381                    /lib/x86_64-linux-gnu/libnsl-2.27.so
7f65c0db4000-7f65c0fb3000 ---p 00017000 103:05 398381                    /lib/x86_64-linux-gnu/libnsl-2.27.so
7f65c0fb3000-7f65c0fb4000 r--p 00016000 103:05 398381                    /lib/x86_64-linux-gnu/libnsl-2.27.so
7f65c0fb4000-7f65c0fb5000 rw-p 00017000 103:05 398381                    /lib/x86_64-linux-gnu/libnsl-2.27.so
7f65c0fb5000-7f65c0fb7000 rw-p 00000000 00:00 0 
7f65c0fb7000-7f65c0fc2000 r-xp 00000000 103:05 398398                    /lib/x86_64-linux-gnu/libnss_nis-2.27.so
7f65c0fc2000-7f65c11c1000 ---p 0000b000 103:05 398398                    /lib/x86_64-linux-gnu/libnss_nis-2.27.so
7f65c11c1000-7f65c11c2000 r--p 0000a000 103:05 398398                    /lib/x86_64-linux-gnu/libnss_nis-2.27.so
7f65c11c2000-7f65c11c3000 rw-p 0000b000 103:05 398398                    /lib/x86_64-linux-gnu/libnss_nis-2.27.so
7f65c11c3000-7f65c11cb000 r-xp 00000000 103:05 398383                    /lib/x86_64-linux-gnu/libnss_compat-2.27.so
7f65c11cb000-7f65c13cb000 ---p 00008000 103:05 398383                    /lib/x86_64-linux-gnu/libnss_compat-2.27.so
7f65c13cb000-7f65c13cc000 r--p 00008000 103:05 398383                    /lib/x86_64-linux-gnu/libnss_compat-2.27.so
7f65c13cc000-7f65c13cd000 rw-p 00009000 103:05 398383                    /lib/x86_64-linux-gnu/libnss_compat-2.27.so
7f65c13cd000-7f65c13f9000 r-xp 00000000 103:05 555065                    /usr/lib/jvm/java-8-openjdk-amd64/jre/lib/amd64/libjava.so
7f65c13f9000-7f65c15f9000 ---p 0002c000 103:05 555065                    /usr/lib/jvm/java-8-openjdk-amd64/jre/lib/amd64/libjava.so
7f65c15f9000-7f65c15fa000 r--p 0002c000 103:05 555065                    /usr/lib/jvm/java-8-openjdk-amd64/jre/lib/amd64/libjava.so
7f65c15fa000-7f65c15fc000 rw-p 0002d000 103:05 555065                    /usr/lib/jvm/java-8-openjdk-amd64/jre/lib/amd64/libjava.so
7f65c15fc000-7f65c1609000 r-xp 00000000 103:05 555174                    /usr/lib/jvm/java-8-openjdk-amd64/jre/lib/amd64/libverify.so
7f65c1609000-7f65c1808000 ---p 0000d000 103:05 555174                    /usr/lib/jvm/java-8-openjdk-amd64/jre/lib/amd64/libverify.so
7f65c1808000-7f65c180a000 r--p 0000c000 103:05 555174                    /usr/lib/jvm/java-8-openjdk-amd64/jre/lib/amd64/libverify.so
7f65c180a000-7f65c180b000 rw-p 0000e000 103:05 555174                    /usr/lib/jvm/java-8-openjdk-amd64/jre/lib/amd64/libverify.so
7f65c180b000-7f65c1812000 r-xp 00000000 103:05 398438                    /lib/x86_64-linux-gnu/librt-2.27.so
7f65c1812000-7f65c1a11000 ---p 00007000 103:05 398438                    /lib/x86_64-linux-gnu/librt-2.27.so
7f65c1a11000-7f65c1a12000 r--p 00006000 103:05 398438                    /lib/x86_64-linux-gnu/librt-2.27.so
7f65c1a12000-7f65c1a13000 rw-p 00007000 103:05 398438                    /lib/x86_64-linux-gnu/librt-2.27.so
7f65c1a13000-7f65c1bb0000 r-xp 00000000 103:05 398360                    /lib/x86_64-linux-gnu/libm-2.27.so
7f65c1bb0000-7f65c1daf000 ---p 0019d000 103:05 398360                    /lib/x86_64-linux-gnu/libm-2.27.so
7f65c1daf000-7f65c1db0000 r--p 0019c000 103:05 398360                    /lib/x86_64-linux-gnu/libm-2.27.so
7f65c1db0000-7f65c1db1000 rw-p 0019d000 103:05 398360                    /lib/x86_64-linux-gnu/libm-2.27.so
7f65c1db1000-7f65c2aa0000 r-xp 00000000 103:05 555178                    /usr/lib/jvm/java-8-openjdk-amd64/jre/lib/amd64/server/libjvm.so
7f65c2aa0000-7f65c2c9f000 ---p 00cef000 103:05 555178                    /usr/lib/jvm/java-8-openjdk-amd64/jre/lib/amd64/server/libjvm.so
7f65c2c9f000-7f65c2d35000 r--p 00cee000 103:05 555178                    /usr/lib/jvm/java-8-openjdk-amd64/jre/lib/amd64/server/libjvm.so
7f65c2d35000-7f65c2d66000 rw-p 00d84000 103:05 555178                    /usr/lib/jvm/java-8-openjdk-amd64/jre/lib/amd64/server/libjvm.so
7f65c2d66000-7f65c2da1000 rw-p 00000000 00:00 0 
7f65c2da1000-7f65c2f88000 r-xp 00000000 103:05 398297                    /lib/x86_64-linux-gnu/libc-2.27.so
7f65c2f88000-7f65c3188000 ---p 001e7000 103:05 398297                    /lib/x86_64-linux-gnu/libc-2.27.so
7f65c3188000-7f65c318c000 r--p 001e7000 103:05 398297                    /lib/x86_64-linux-gnu/libc-2.27.so
7f65c318c000-7f65c318e000 rw-p 001eb000 103:05 398297                    /lib/x86_64-linux-gnu/libc-2.27.so
7f65c318e000-7f65c3192000 rw-p 00000000 00:00 0 
7f65c3192000-7f65c3195000 r-xp 00000000 103:05 398320                    /lib/x86_64-linux-gnu/libdl-2.27.so
7f65c3195000-7f65c3394000 ---p 00003000 103:05 398320                    /lib/x86_64-linux-gnu/libdl-2.27.so
7f65c3394000-7f65c3395000 r--p 00002000 103:05 398320                    /lib/x86_64-linux-gnu/libdl-2.27.so
7f65c3395000-7f65c3396000 rw-p 00003000 103:05 398320                    /lib/x86_64-linux-gnu/libdl-2.27.so
7f65c3396000-7f65c33ad000 r-xp 00000000 103:05 553800                    /usr/lib/jvm/java-8-openjdk-amd64/jre/lib/amd64/jli/libjli.so
7f65c33ad000-7f65c35ac000 ---p 00017000 103:05 553800                    /usr/lib/jvm/java-8-openjdk-amd64/jre/lib/amd64/jli/libjli.so
7f65c35ac000-7f65c35ad000 r--p 00016000 103:05 553800                    /usr/lib/jvm/java-8-openjdk-amd64/jre/lib/amd64/jli/libjli.so
7f65c35ad000-7f65c35ae000 rw-p 00017000 103:05 553800                    /usr/lib/jvm/java-8-openjdk-amd64/jre/lib/amd64/jli/libjli.so
7f65c35ae000-7f65c35c8000 r-xp 00000000 103:05 398430                    /lib/x86_64-linux-gnu/libpthread-2.27.so
7f65c35c8000-7f65c37c7000 ---p 0001a000 103:05 398430                    /lib/x86_64-linux-gnu/libpthread-2.27.so
7f65c37c7000-7f65c37c8000 r--p 00019000 103:05 398430                    /lib/x86_64-linux-gnu/libpthread-2.27.so
7f65c37c8000-7f65c37c9000 rw-p 0001a000 103:05 398430                    /lib/x86_64-linux-gnu/libpthread-2.27.so
7f65c37c9000-7f65c37cd000 rw-p 00000000 00:00 0 
7f65c37cd000-7f65c37f4000 r-xp 00000000 103:05 398269                    /lib/x86_64-linux-gnu/ld-2.27.so
7f65c37f5000-7f65c3804000 r--s 00081000 103:05 6960730                   /home/loubard/.m2/repository/joda-time/joda-time/2.7/joda-time-2.7.jar
7f65c3804000-7f65c3807000 r--s 0000e000 103:05 6960723                   /home/loubard/.m2/repository/com/fasterxml/jackson/datatype/jackson-datatype-joda/2.8.0/jackson-datatype-joda-2.8.0.jar
7f65c3807000-7f65c380b000 r--s 00041000 103:05 6960726                   /home/loubard/.m2/repository/com/fasterxml/jackson/core/jackson-core/2.8.0/jackson-core-2.8.0.jar
7f65c380b000-7f65c380e000 r--s 0000b000 103:05 6960724                   /home/loubard/.m2/repository/com/fasterxml/jackson/core/jackson-annotations/2.8.0/jackson-annotations-2.8.0.jar
7f65c380e000-7f65c38cc000 rw-p 00000000 00:00 0 
7f65c38cc000-7f65c38cd000 ---p 00000000 00:00 0 
7f65c38cd000-7f65c38d0000 ---p 00000000 00:00 0 
7f65c38d0000-7f65c39d1000 rw-p 00000000 00:00 0 
7f65c39d1000-7f65c39e3000 r--s 0011b000 103:05 6960727                   /home/loubard/.m2/repository/com/fasterxml/jackson/core/jackson-databind/2.8.0/jackson-databind-2.8.0.jar
7f65c39e3000-7f65c39e5000 r--s 00009000 103:05 6960721                   /home/loubard/.m2/repository/org/slf4j/slf4j-api/1.7.21/slf4j-api-1.7.21.jar
7f65c39e5000-7f65c39e8000 r--s 0000f000 103:05 557164                    /usr/lib/jvm/java-8-openjdk-amd64/jre/lib/ext/icedtea-sound.jar
7f65c39e8000-7f65c39ea000 r--s 00007000 103:05 6953966                   /usr/share/java/java-atk-wrapper.jar
7f65c39ea000-7f65c39f2000 rw-s 00000000 103:05 4587937                   /tmp/hsperfdata_loubard/9076
7f65c39f2000-7f65c39f3000 rw-p 00000000 00:00 0 
7f65c39f3000-7f65c39f4000 ---p 00000000 00:00 0 
7f65c39f4000-7f65c39f5000 r--p 00027000 103:05 398269                    /lib/x86_64-linux-gnu/ld-2.27.so
7f65c39f5000-7f65c39f6000 rw-p 00028000 103:05 398269                    /lib/x86_64-linux-gnu/ld-2.27.so
7f65c39f6000-7f65c39f7000 rw-p 00000000 00:00 0 
7fff8c2ad000-7fff8c2cf000 rw-p 00000000 00:00 0                          [stack]
7fff8c367000-7fff8c36a000 r--p 00000000 00:00 0                          [vvar]
7fff8c36a000-7fff8c36c000 r-xp 00000000 00:00 0                          [vdso]
ffffffffff600000-ffffffffff601000 r-xp 00000000 00:00 0                  [vsyscall]

VM Arguments:
jvm_args: -Dfile.encoding=UTF-8 
java_command: src.main.java.setup.TasteOfRiak
java_class_path (initial): /home/loubard/eclipse-workspace/BigTable/target/classes:/home/loubard/.m2/repository/com/basho/riak/riak-client/2.1.1/riak-client-2.1.1.jar:/home/loubard/.m2/repository/org/slf4j/slf4j-api/1.7.21/slf4j-api-1.7.21.jar:/home/loubard/.m2/repository/com/fasterxml/jackson/core/jackson-databind/2.8.0/jackson-databind-2.8.0.jar:/home/loubard/.m2/repository/com/fasterxml/jackson/core/jackson-annotations/2.8.0/jackson-annotations-2.8.0.jar:/home/loubard/.m2/repository/com/fasterxml/jackson/core/jackson-core/2.8.0/jackson-core-2.8.0.jar:/home/loubard/.m2/repository/com/fasterxml/jackson/datatype/jackson-datatype-joda/2.8.0/jackson-datatype-joda-2.8.0.jar:/home/loubard/.m2/repository/joda-time/joda-time/2.7/joda-time-2.7.jar:/home/loubard/.m2/repository/io/netty/netty-all/4.1.5.Final/netty-all-4.1.5.Final.jar:/home/loubard/.m2/repository/org/erlang/otp/jinterface/1.6.1/jinterface-1.6.1.jar
Launcher Type: SUN_STANDARD

Environment Variables:
JAVA_HOME=/usr/lib/jvm/java-8-openjdk-amd64
JRE_HOME=/usr/lib/jvm/java-8-openjdk-amd64/jre
PATH=/home/loubard/anaconda3/bin:/home/loubard/.local/bin:/usr/local/sbin:/usr/local/bin:/usr/sbin:/usr/bin:/sbin:/bin:/usr/games:/usr/local/games:/media/loubard/5C24C3855A6481A3/linux_games/retro:/home/loubard/eclipse/java-2020-037/eclipse
SHELL=/bin/bash
DISPLAY=:0

Signal Handlers:
SIGSEGV: [libjvm.so+0xad9960], sa_mask[0]=11111111011111111101111111111110, sa_flags=SA_RESTART|SA_SIGINFO
SIGBUS: [libjvm.so+0xad9960], sa_mask[0]=11111111011111111101111111111110, sa_flags=SA_RESTART|SA_SIGINFO
SIGFPE: [libjvm.so+0x90d4a0], sa_mask[0]=11111111011111111101111111111110, sa_flags=SA_RESTART|SA_SIGINFO
SIGPIPE: [libjvm.so+0x90d4a0], sa_mask[0]=11111111011111111101111111111110, sa_flags=SA_RESTART|SA_SIGINFO
SIGXFSZ: [libjvm.so+0x90d4a0], sa_mask[0]=11111111011111111101111111111110, sa_flags=SA_RESTART|SA_SIGINFO
SIGILL: [libjvm.so+0x90d4a0], sa_mask[0]=11111111011111111101111111111110, sa_flags=SA_RESTART|SA_SIGINFO
SIGUSR1: SIG_DFL, sa_mask[0]=00000000000000000000000000000000, sa_flags=none
SIGUSR2: [libjvm.so+0x90d370], sa_mask[0]=00100000000000000000000000000000, sa_flags=SA_RESTART|SA_SIGINFO
SIGHUP: [libjvm.so+0x90d990], sa_mask[0]=11111111011111111101111111111110, sa_flags=SA_RESTART|SA_SIGINFO
SIGINT: [libjvm.so+0x90d990], sa_mask[0]=11111111011111111101111111111110, sa_flags=SA_RESTART|SA_SIGINFO
SIGTERM: [libjvm.so+0x90d990], sa_mask[0]=11111111011111111101111111111110, sa_flags=SA_RESTART|SA_SIGINFO
SIGQUIT: [libjvm.so+0x90d990], sa_mask[0]=11111111011111111101111111111110, sa_flags=SA_RESTART|SA_SIGINFO


---------------  S Y S T E M  ---------------

OS:DISTRIB_ID=LinuxMint
DISTRIB_RELEASE=19.2
DISTRIB_CODENAME=tina
DISTRIB_DESCRIPTION="Linux Mint 19.2 Tina"

uname:Linux 4.15.0-54-generic #58-Ubuntu SMP Mon Jun 24 10:55:24 UTC 2019 x86_64
libc:glibc 2.27 NPTL 2.27 
rlimit: STACK 8192k, CORE 0k, NPROC 47328, NOFILE 4096, AS infinity
load average:2,27 1,19 1,08

/proc/meminfo:
MemTotal:       12300544 kB
MemFree:          134680 kB
MemAvailable:      53388 kB
Buffers:            1388 kB
Cached:           109312 kB
SwapCached:         7052 kB
Active:         10666896 kB
Inactive:        1139496 kB
Active(anon):   10649164 kB
Inactive(anon):  1064736 kB
Active(file):      17732 kB
Inactive(file):    74760 kB
Unevictable:          96 kB
Mlocked:              96 kB
SwapTotal:       2097148 kB
SwapFree:             16 kB
Dirty:              2060 kB
Writeback:           184 kB
AnonPages:      11694040 kB
Mapped:           134520 kB
Shmem:             17588 kB
Slab:             112604 kB
SReclaimable:      46908 kB
SUnreclaim:        65696 kB
KernelStack:       18144 kB
PageTables:        76180 kB
NFS_Unstable:          0 kB
Bounce:                0 kB
WritebackTmp:          0 kB
CommitLimit:     8247420 kB
Committed_AS:   23335048 kB
VmallocTotal:   34359738367 kB
VmallocUsed:           0 kB
VmallocChunk:          0 kB
HardwareCorrupted:     0 kB
AnonHugePages:         0 kB
ShmemHugePages:        0 kB
ShmemPmdMapped:        0 kB
CmaTotal:              0 kB
CmaFree:               0 kB
HugePages_Total:       0
HugePages_Free:        0
HugePages_Rsvd:        0
HugePages_Surp:        0
Hugepagesize:       2048 kB
DirectMap4k:      320932 kB
DirectMap2M:    10106880 kB
DirectMap1G:     3145728 kB

container (cgroup) information:
container_type: cgroupv1
cpu_cpuset_cpus: 0-3
cpu_memory_nodes: 0
active_processor_count: 4
cpu_quota: -1
cpu_period: 100000
cpu_shares: -1
memory_limit_in_bytes: -1
memory_and_swap_limit_in_bytes: -2
memory_soft_limit_in_bytes: -1
memory_usage_in_bytes: 12091129856
memory_max_usage_in_bytes: 0


CPU:total 4 (initial active 4) (4 cores per cpu, 1 threads per core) family 23 model 17 stepping 0, cmov, cx8, fxsr, mmx, sse, sse2, sse3, ssse3, sse4.1, sse4.2, popcnt, avx, avx2, aes, clmul, mmxext, 3dnowpref, lzcnt, sse4a, tsc, tscinvbit, tscinv, bmi1

/proc/cpuinfo:
processor	: 0
vendor_id	: AuthenticAMD
cpu family	: 23
model		: 17
model name	: AMD Ryzen 3 2200G with Radeon Vega Graphics
stepping	: 0
microcode	: 0x810100b
cpu MHz		: 3698.788
cache size	: 512 KB
physical id	: 0
siblings	: 4
core id		: 0
cpu cores	: 4
apicid		: 0
initial apicid	: 0
fpu		: yes
fpu_exception	: yes
cpuid level	: 13
wp		: yes
flags		: fpu vme de pse tsc msr pae mce cx8 apic sep mtrr pge mca cmov pat pse36 clflush mmx fxsr sse sse2 ht syscall nx mmxext fxsr_opt pdpe1gb rdtscp lm constant_tsc rep_good nopl nonstop_tsc cpuid extd_apicid aperfmperf pni pclmulqdq monitor ssse3 fma cx16 sse4_1 sse4_2 movbe popcnt aes xsave avx f16c rdrand lahf_lm cmp_legacy svm extapic cr8_legacy abm sse4a misalignsse 3dnowprefetch osvw skinit wdt tce topoext perfctr_core perfctr_nb bpext perfctr_llc mwaitx hw_pstate sme ssbd ibpb vmmcall fsgsbase bmi1 avx2 smep bmi2 rdseed adx smap clflushopt sha_ni xsaveopt xsavec xgetbv1 xsaves clzero irperf xsaveerptr arat npt lbrv svm_lock nrip_save tsc_scale vmcb_clean flushbyasid decodeassists pausefilter pfthreshold avic v_vmsave_vmload vgif overflow_recov succor smca
bugs		: sysret_ss_attrs null_seg spectre_v1 spectre_v2 spec_store_bypass
bogomips	: 7000.29
TLB size	: 2560 4K pages
clflush size	: 64
cache_alignment	: 64
address sizes	: 43 bits physical, 48 bits virtual
power management: ts ttp tm hwpstate eff_freq_ro [13] [14]

processor	: 1
vendor_id	: AuthenticAMD
cpu family	: 23
model		: 17
model name	: AMD Ryzen 3 2200G with Radeon Vega Graphics
stepping	: 0
microcode	: 0x810100b
cpu MHz		: 3700.085
cache size	: 512 KB
physical id	: 0
siblings	: 4
core id		: 1
cpu cores	: 4
apicid		: 1
initial apicid	: 1
fpu		: yes
fpu_exception	: yes
cpuid level	: 13
wp		: yes
flags		: fpu vme de pse tsc msr pae mce cx8 apic sep mtrr pge mca cmov pat pse36 clflush mmx fxsr sse sse2 ht syscall nx mmxext fxsr_opt pdpe1gb rdtscp lm constant_tsc rep_good nopl nonstop_tsc cpuid extd_apicid aperfmperf pni pclmulqdq monitor ssse3 fma cx16 sse4_1 sse4_2 movbe popcnt aes xsave avx f16c rdrand lahf_lm cmp_legacy svm extapic cr8_legacy abm sse4a misalignsse 3dnowprefetch osvw skinit wdt tce topoext perfctr_core perfctr_nb bpext perfctr_llc mwaitx hw_pstate sme ssbd ibpb vmmcall fsgsbase bmi1 avx2 smep bmi2 rdseed adx smap clflushopt sha_ni xsaveopt xsavec xgetbv1 xsaves clzero irperf xsaveerptr arat npt lbrv svm_lock nrip_save tsc_scale vmcb_clean flushbyasid decodeassists pausefilter pfthreshold avic v_vmsave_vmload vgif overflow_recov succor smca
bugs		: sysret_ss_attrs null_seg spectre_v1 spectre_v2 spec_store_bypass
bogomips	: 7000.29
TLB size	: 2560 4K pages
clflush size	: 64
cache_alignment	: 64
address sizes	: 43 bits physical, 48 bits virtual
power management: ts ttp tm hwpstate eff_freq_ro [13] [14]

processor	: 2
vendor_id	: AuthenticAMD
cpu family	: 23
model		: 17
model name	: AMD Ryzen 3 2200G with Radeon Vega Graphics
stepping	: 0
microcode	: 0x810100b
cpu MHz		: 3117.453
cache size	: 512 KB
physical id	: 0
siblings	: 4
core id		: 2
cpu cores	: 4
apicid		: 2
initial apicid	: 2
fpu		: yes
fpu_exception	: yes
cpuid level	: 13
wp		: yes
flags		: fpu vme de pse tsc msr pae mce cx8 apic sep mtrr pge mca cmov pat pse36 clflush mmx fxsr sse sse2 ht syscall nx mmxext fxsr_opt pdpe1gb rdtscp lm constant_tsc rep_good nopl nonstop_tsc cpuid extd_apicid aperfmperf pni pclmulqdq monitor ssse3 fma cx16 sse4_1 sse4_2 movbe popcnt aes xsave avx f16c rdrand lahf_lm cmp_legacy svm extapic cr8_legacy abm sse4a misalignsse 3dnowprefetch osvw skinit wdt tce topoext perfctr_core perfctr_nb bpext perfctr_llc mwaitx hw_pstate sme ssbd ibpb vmmcall fsgsbase bmi1 avx2 smep bmi2 rdseed adx smap clflushopt sha_ni xsaveopt xsavec xgetbv1 xsaves clzero irperf xsaveerptr arat npt lbrv svm_lock nrip_save tsc_scale vmcb_clean flushbyasid decodeassists pausefilter pfthreshold avic v_vmsave_vmload vgif overflow_recov succor smca
bugs		: sysret_ss_attrs null_seg spectre_v1 spectre_v2 spec_store_bypass
bogomips	: 7000.29
TLB size	: 2560 4K pages
clflush size	: 64
cache_alignment	: 64
address sizes	: 43 bits physical, 48 bits virtual
power management: ts ttp tm hwpstate eff_freq_ro [13] [14]

processor	: 3
vendor_id	: AuthenticAMD
cpu family	: 23
model		: 17
model name	: AMD Ryzen 3 2200G with Radeon Vega Graphics
stepping	: 0
microcode	: 0x810100b
cpu MHz		: 2553.178
cache size	: 512 KB
physical id	: 0
siblings	: 4
core id		: 3
cpu cores	: 4
apicid		: 3
initial apicid	: 3
fpu		: yes
fpu_exception	: yes
cpuid level	: 13
wp		: yes
flags		: fpu vme de pse tsc msr pae mce cx8 apic sep mtrr pge mca cmov pat pse36 clflush mmx fxsr sse sse2 ht syscall nx mmxext fxsr_opt pdpe1gb rdtscp lm constant_tsc rep_good nopl nonstop_tsc cpuid extd_apicid aperfmperf pni pclmulqdq monitor ssse3 fma cx16 sse4_1 sse4_2 movbe popcnt aes xsave avx f16c rdrand lahf_lm cmp_legacy svm extapic cr8_legacy abm sse4a misalignsse 3dnowprefetch osvw skinit wdt tce topoext perfctr_core perfctr_nb bpext perfctr_llc mwaitx hw_pstate sme ssbd ibpb vmmcall fsgsbase bmi1 avx2 smep bmi2 rdseed adx smap clflushopt sha_ni xsaveopt xsavec xgetbv1 xsaves clzero irperf xsaveerptr arat npt lbrv svm_lock nrip_save tsc_scale vmcb_clean flushbyasid decodeassists pausefilter pfthreshold avic v_vmsave_vmload vgif overflow_recov succor smca
bugs		: sysret_ss_attrs null_seg spectre_v1 spectre_v2 spec_store_bypass
bogomips	: 7000.29
TLB size	: 2560 4K pages
clflush size	: 64
cache_alignment	: 64
address sizes	: 43 bits physical, 48 bits virtual
power management: ts ttp tm hwpstate eff_freq_ro [13] [14]



Memory: 4k page, physical 12300544k(134744k free), swap 2097148k(0k free)

vm_info: Java HotSpot(TM) 64-Bit Server VM (25.241-b07) for linux-amd64 JRE (1.8.0_241-b07), built on Dec 11 2019 02:22:16 by "java_re" with gcc 7.3.0

time: Mon Apr  6 12:52:44 2020
timezone: CEST
elapsed time: 4 seconds (0d 0h 0m 4s)

